[0.169s] DEBUG:colcon:Command line arguments: ['/usr/bin/colcon', 'build', '--symlink-install']
[0.170s] DEBUG:colcon:Parsed command line arguments: Namespace(log_base=None, log_level=None, verb_name='build', build_base='build', install_base='install', merge_install=False, symlink_install=True, test_result_base=None, continue_on_error=False, executor='parallel', parallel_workers=8, event_handlers=None, ignore_user_meta=False, metas=['./colcon.meta'], base_paths=['.'], packages_ignore=None, packages_ignore_regex=None, paths=None, packages_up_to=None, packages_up_to_regex=None, packages_above=None, packages_above_and_dependencies=None, packages_above_depth=None, packages_select_by_dep=None, packages_skip_by_dep=None, packages_skip_up_to=None, packages_select_build_failed=False, packages_skip_build_finished=False, packages_select_test_failures=False, packages_skip_test_passed=False, packages_select=None, packages_skip=None, packages_select_regex=None, packages_skip_regex=None, packages_start=None, packages_end=None, allow_overriding=[], cmake_args=None, cmake_target=None, cmake_target_skip_unavailable=False, cmake_clean_cache=False, cmake_clean_first=False, cmake_force_configure=False, ament_cmake_args=None, catkin_cmake_args=None, catkin_skip_building_tests=False, verb_parser=<colcon_defaults.argument_parser.defaults.DefaultArgumentsDecorator object at 0xffff98eef8b0>, verb_extension=<colcon_core.verb.build.BuildVerb object at 0xffff99048c70>, main=<bound method BuildVerb.main of <colcon_core.verb.build.BuildVerb object at 0xffff99048c70>>)
[0.434s] Level 1:colcon.colcon_core.package_discovery:discover_packages(colcon_meta) check parameters
[0.435s] Level 1:colcon.colcon_core.package_discovery:discover_packages(recursive) check parameters
[0.435s] Level 1:colcon.colcon_core.package_discovery:discover_packages(ignore) check parameters
[0.435s] Level 1:colcon.colcon_core.package_discovery:discover_packages(path) check parameters
[0.435s] Level 1:colcon.colcon_core.package_discovery:discover_packages(colcon_meta) discover
[0.435s] Level 1:colcon.colcon_core.package_discovery:discover_packages(recursive) discover
[0.435s] INFO:colcon.colcon_core.package_discovery:Crawling recursively for packages in '/external'
[0.435s] Level 1:colcon.colcon_core.package_identification:_identify(.) by extensions ['ignore', 'ignore_ament_install']
[0.436s] Level 1:colcon.colcon_core.package_identification:_identify(.) by extension 'ignore'
[0.436s] Level 1:colcon.colcon_core.package_identification:_identify(.) by extension 'ignore_ament_install'
[0.436s] Level 1:colcon.colcon_core.package_identification:_identify(.) by extensions ['colcon_pkg']
[0.436s] Level 1:colcon.colcon_core.package_identification:_identify(.) by extension 'colcon_pkg'
[0.436s] Level 1:colcon.colcon_core.package_identification:_identify(.) by extensions ['colcon_meta']
[0.436s] Level 1:colcon.colcon_core.package_identification:_identify(.) by extension 'colcon_meta'
[0.436s] Level 1:colcon.colcon_core.package_identification:_identify(.) by extensions ['ros']
[0.436s] Level 1:colcon.colcon_core.package_identification:_identify(.) by extension 'ros'
[0.455s] Level 1:colcon.colcon_core.package_identification:_identify(.) by extensions ['cmake', 'python']
[0.455s] Level 1:colcon.colcon_core.package_identification:_identify(.) by extension 'cmake'
[0.455s] Level 1:colcon.colcon_core.package_identification:_identify(.) by extension 'python'
[0.455s] Level 1:colcon.colcon_core.package_identification:_identify(.) by extensions ['python_setup_py']
[0.455s] Level 1:colcon.colcon_core.package_identification:_identify(.) by extension 'python_setup_py'
[0.455s] Level 1:colcon.colcon_core.package_identification:_identify(build) by extensions ['ignore', 'ignore_ament_install']
[0.455s] Level 1:colcon.colcon_core.package_identification:_identify(build) by extension 'ignore'
[0.456s] Level 1:colcon.colcon_core.package_identification:_identify(build) ignored
[0.456s] Level 1:colcon.colcon_core.package_identification:_identify(install) by extensions ['ignore', 'ignore_ament_install']
[0.456s] Level 1:colcon.colcon_core.package_identification:_identify(install) by extension 'ignore'
[0.456s] Level 1:colcon.colcon_core.package_identification:_identify(install) ignored
[0.456s] Level 1:colcon.colcon_core.package_identification:_identify(log) by extensions ['ignore', 'ignore_ament_install']
[0.456s] Level 1:colcon.colcon_core.package_identification:_identify(log) by extension 'ignore'
[0.456s] Level 1:colcon.colcon_core.package_identification:_identify(log) ignored
[0.457s] Level 1:colcon.colcon_core.package_identification:_identify(src) by extensions ['ignore', 'ignore_ament_install']
[0.457s] Level 1:colcon.colcon_core.package_identification:_identify(src) by extension 'ignore'
[0.457s] Level 1:colcon.colcon_core.package_identification:_identify(src) by extension 'ignore_ament_install'
[0.457s] Level 1:colcon.colcon_core.package_identification:_identify(src) by extensions ['colcon_pkg']
[0.457s] Level 1:colcon.colcon_core.package_identification:_identify(src) by extension 'colcon_pkg'
[0.457s] Level 1:colcon.colcon_core.package_identification:_identify(src) by extensions ['colcon_meta']
[0.457s] Level 1:colcon.colcon_core.package_identification:_identify(src) by extension 'colcon_meta'
[0.457s] Level 1:colcon.colcon_core.package_identification:_identify(src) by extensions ['ros']
[0.457s] Level 1:colcon.colcon_core.package_identification:_identify(src) by extension 'ros'
[0.457s] Level 1:colcon.colcon_core.package_identification:_identify(src) by extensions ['cmake', 'python']
[0.457s] Level 1:colcon.colcon_core.package_identification:_identify(src) by extension 'cmake'
[0.457s] Level 1:colcon.colcon_core.package_identification:_identify(src) by extension 'python'
[0.457s] Level 1:colcon.colcon_core.package_identification:_identify(src) by extensions ['python_setup_py']
[0.458s] Level 1:colcon.colcon_core.package_identification:_identify(src) by extension 'python_setup_py'
[0.458s] Level 1:colcon.colcon_core.package_identification:_identify(src/HesaiLidar_ROS2_techshare) by extensions ['ignore', 'ignore_ament_install']
[0.458s] Level 1:colcon.colcon_core.package_identification:_identify(src/HesaiLidar_ROS2_techshare) by extension 'ignore'
[0.458s] Level 1:colcon.colcon_core.package_identification:_identify(src/HesaiLidar_ROS2_techshare) by extension 'ignore_ament_install'
[0.458s] Level 1:colcon.colcon_core.package_identification:_identify(src/HesaiLidar_ROS2_techshare) by extensions ['colcon_pkg']
[0.458s] Level 1:colcon.colcon_core.package_identification:_identify(src/HesaiLidar_ROS2_techshare) by extension 'colcon_pkg'
[0.458s] Level 1:colcon.colcon_core.package_identification:_identify(src/HesaiLidar_ROS2_techshare) by extensions ['colcon_meta']
[0.458s] Level 1:colcon.colcon_core.package_identification:_identify(src/HesaiLidar_ROS2_techshare) by extension 'colcon_meta'
[0.458s] Level 1:colcon.colcon_core.package_identification:_identify(src/HesaiLidar_ROS2_techshare) by extensions ['ros']
[0.458s] Level 1:colcon.colcon_core.package_identification:_identify(src/HesaiLidar_ROS2_techshare) by extension 'ros'
[0.464s] DEBUG:colcon.colcon_core.package_identification:Package 'src/HesaiLidar_ROS2_techshare' with type 'ros.ament_cmake' and name 'hesai_lidar'
[0.464s] Level 1:colcon.colcon_core.package_identification:_identify(src/direct_lidar_inertial_odometry) by extensions ['ignore', 'ignore_ament_install']
[0.464s] Level 1:colcon.colcon_core.package_identification:_identify(src/direct_lidar_inertial_odometry) by extension 'ignore'
[0.464s] Level 1:colcon.colcon_core.package_identification:_identify(src/direct_lidar_inertial_odometry) by extension 'ignore_ament_install'
[0.464s] Level 1:colcon.colcon_core.package_identification:_identify(src/direct_lidar_inertial_odometry) by extensions ['colcon_pkg']
[0.464s] Level 1:colcon.colcon_core.package_identification:_identify(src/direct_lidar_inertial_odometry) by extension 'colcon_pkg'
[0.464s] Level 1:colcon.colcon_core.package_identification:_identify(src/direct_lidar_inertial_odometry) by extensions ['colcon_meta']
[0.464s] Level 1:colcon.colcon_core.package_identification:_identify(src/direct_lidar_inertial_odometry) by extension 'colcon_meta'
[0.464s] Level 1:colcon.colcon_core.package_identification:_identify(src/direct_lidar_inertial_odometry) by extensions ['ros']
[0.465s] Level 1:colcon.colcon_core.package_identification:_identify(src/direct_lidar_inertial_odometry) by extension 'ros'
[0.466s] DEBUG:colcon.colcon_core.package_identification:Package 'src/direct_lidar_inertial_odometry' with type 'ros.ament_cmake' and name 'direct_lidar_inertial_odometry'
[0.466s] Level 1:colcon.colcon_core.package_identification:_identify(src/go2_unitree_ros2) by extensions ['ignore', 'ignore_ament_install']
[0.466s] Level 1:colcon.colcon_core.package_identification:_identify(src/go2_unitree_ros2) by extension 'ignore'
[0.466s] Level 1:colcon.colcon_core.package_identification:_identify(src/go2_unitree_ros2) by extension 'ignore_ament_install'
[0.466s] Level 1:colcon.colcon_core.package_identification:_identify(src/go2_unitree_ros2) by extensions ['colcon_pkg']
[0.467s] Level 1:colcon.colcon_core.package_identification:_identify(src/go2_unitree_ros2) by extension 'colcon_pkg'
[0.467s] Level 1:colcon.colcon_core.package_identification:_identify(src/go2_unitree_ros2) by extensions ['colcon_meta']
[0.467s] Level 1:colcon.colcon_core.package_identification:_identify(src/go2_unitree_ros2) by extension 'colcon_meta'
[0.467s] Level 1:colcon.colcon_core.package_identification:_identify(src/go2_unitree_ros2) by extensions ['ros']
[0.467s] Level 1:colcon.colcon_core.package_identification:_identify(src/go2_unitree_ros2) by extension 'ros'
[0.468s] DEBUG:colcon.colcon_core.package_identification:Package 'src/go2_unitree_ros2' with type 'ros.ament_cmake' and name 'go2_demo'
[0.468s] Level 1:colcon.colcon_core.package_identification:_identify(src/unitree_ros2) by extensions ['ignore', 'ignore_ament_install']
[0.468s] Level 1:colcon.colcon_core.package_identification:_identify(src/unitree_ros2) by extension 'ignore'
[0.469s] Level 1:colcon.colcon_core.package_identification:_identify(src/unitree_ros2) by extension 'ignore_ament_install'
[0.469s] Level 1:colcon.colcon_core.package_identification:_identify(src/unitree_ros2) by extensions ['colcon_pkg']
[0.469s] Level 1:colcon.colcon_core.package_identification:_identify(src/unitree_ros2) by extension 'colcon_pkg'
[0.469s] Level 1:colcon.colcon_core.package_identification:_identify(src/unitree_ros2) by extensions ['colcon_meta']
[0.469s] Level 1:colcon.colcon_core.package_identification:_identify(src/unitree_ros2) by extension 'colcon_meta'
[0.469s] Level 1:colcon.colcon_core.package_identification:_identify(src/unitree_ros2) by extensions ['ros']
[0.469s] Level 1:colcon.colcon_core.package_identification:_identify(src/unitree_ros2) by extension 'ros'
[0.469s] Level 1:colcon.colcon_core.package_identification:_identify(src/unitree_ros2) by extensions ['cmake', 'python']
[0.469s] Level 1:colcon.colcon_core.package_identification:_identify(src/unitree_ros2) by extension 'cmake'
[0.469s] Level 1:colcon.colcon_core.package_identification:_identify(src/unitree_ros2) by extension 'python'
[0.469s] Level 1:colcon.colcon_core.package_identification:_identify(src/unitree_ros2) by extensions ['python_setup_py']
[0.469s] Level 1:colcon.colcon_core.package_identification:_identify(src/unitree_ros2) by extension 'python_setup_py'
[0.470s] Level 1:colcon.colcon_core.package_identification:_identify(src/unitree_ros2/cyclonedds_ws) by extensions ['ignore', 'ignore_ament_install']
[0.470s] Level 1:colcon.colcon_core.package_identification:_identify(src/unitree_ros2/cyclonedds_ws) by extension 'ignore'
[0.470s] Level 1:colcon.colcon_core.package_identification:_identify(src/unitree_ros2/cyclonedds_ws) by extension 'ignore_ament_install'
[0.470s] Level 1:colcon.colcon_core.package_identification:_identify(src/unitree_ros2/cyclonedds_ws) by extensions ['colcon_pkg']
[0.470s] Level 1:colcon.colcon_core.package_identification:_identify(src/unitree_ros2/cyclonedds_ws) by extension 'colcon_pkg'
[0.470s] Level 1:colcon.colcon_core.package_identification:_identify(src/unitree_ros2/cyclonedds_ws) by extensions ['colcon_meta']
[0.470s] Level 1:colcon.colcon_core.package_identification:_identify(src/unitree_ros2/cyclonedds_ws) by extension 'colcon_meta'
[0.470s] Level 1:colcon.colcon_core.package_identification:_identify(src/unitree_ros2/cyclonedds_ws) by extensions ['ros']
[0.470s] Level 1:colcon.colcon_core.package_identification:_identify(src/unitree_ros2/cyclonedds_ws) by extension 'ros'
[0.470s] Level 1:colcon.colcon_core.package_identification:_identify(src/unitree_ros2/cyclonedds_ws) by extensions ['cmake', 'python']
[0.470s] Level 1:colcon.colcon_core.package_identification:_identify(src/unitree_ros2/cyclonedds_ws) by extension 'cmake'
[0.470s] Level 1:colcon.colcon_core.package_identification:_identify(src/unitree_ros2/cyclonedds_ws) by extension 'python'
[0.470s] Level 1:colcon.colcon_core.package_identification:_identify(src/unitree_ros2/cyclonedds_ws) by extensions ['python_setup_py']
[0.470s] Level 1:colcon.colcon_core.package_identification:_identify(src/unitree_ros2/cyclonedds_ws) by extension 'python_setup_py'
[0.471s] Level 1:colcon.colcon_core.package_identification:_identify(src/unitree_ros2/cyclonedds_ws/src) by extensions ['ignore', 'ignore_ament_install']
[0.471s] Level 1:colcon.colcon_core.package_identification:_identify(src/unitree_ros2/cyclonedds_ws/src) by extension 'ignore'
[0.471s] Level 1:colcon.colcon_core.package_identification:_identify(src/unitree_ros2/cyclonedds_ws/src) by extension 'ignore_ament_install'
[0.471s] Level 1:colcon.colcon_core.package_identification:_identify(src/unitree_ros2/cyclonedds_ws/src) by extensions ['colcon_pkg']
[0.471s] Level 1:colcon.colcon_core.package_identification:_identify(src/unitree_ros2/cyclonedds_ws/src) by extension 'colcon_pkg'
[0.471s] Level 1:colcon.colcon_core.package_identification:_identify(src/unitree_ros2/cyclonedds_ws/src) by extensions ['colcon_meta']
[0.471s] Level 1:colcon.colcon_core.package_identification:_identify(src/unitree_ros2/cyclonedds_ws/src) by extension 'colcon_meta'
[0.471s] Level 1:colcon.colcon_core.package_identification:_identify(src/unitree_ros2/cyclonedds_ws/src) by extensions ['ros']
[0.471s] Level 1:colcon.colcon_core.package_identification:_identify(src/unitree_ros2/cyclonedds_ws/src) by extension 'ros'
[0.471s] Level 1:colcon.colcon_core.package_identification:_identify(src/unitree_ros2/cyclonedds_ws/src) by extensions ['cmake', 'python']
[0.471s] Level 1:colcon.colcon_core.package_identification:_identify(src/unitree_ros2/cyclonedds_ws/src) by extension 'cmake'
[0.471s] Level 1:colcon.colcon_core.package_identification:_identify(src/unitree_ros2/cyclonedds_ws/src) by extension 'python'
[0.471s] Level 1:colcon.colcon_core.package_identification:_identify(src/unitree_ros2/cyclonedds_ws/src) by extensions ['python_setup_py']
[0.472s] Level 1:colcon.colcon_core.package_identification:_identify(src/unitree_ros2/cyclonedds_ws/src) by extension 'python_setup_py'
[0.472s] Level 1:colcon.colcon_core.package_identification:_identify(src/unitree_ros2/cyclonedds_ws/src/unitree) by extensions ['ignore', 'ignore_ament_install']
[0.472s] Level 1:colcon.colcon_core.package_identification:_identify(src/unitree_ros2/cyclonedds_ws/src/unitree) by extension 'ignore'
[0.472s] Level 1:colcon.colcon_core.package_identification:_identify(src/unitree_ros2/cyclonedds_ws/src/unitree) by extension 'ignore_ament_install'
[0.472s] Level 1:colcon.colcon_core.package_identification:_identify(src/unitree_ros2/cyclonedds_ws/src/unitree) by extensions ['colcon_pkg']
[0.472s] Level 1:colcon.colcon_core.package_identification:_identify(src/unitree_ros2/cyclonedds_ws/src/unitree) by extension 'colcon_pkg'
[0.472s] Level 1:colcon.colcon_core.package_identification:_identify(src/unitree_ros2/cyclonedds_ws/src/unitree) by extensions ['colcon_meta']
[0.472s] Level 1:colcon.colcon_core.package_identification:_identify(src/unitree_ros2/cyclonedds_ws/src/unitree) by extension 'colcon_meta'
[0.472s] Level 1:colcon.colcon_core.package_identification:_identify(src/unitree_ros2/cyclonedds_ws/src/unitree) by extensions ['ros']
[0.472s] Level 1:colcon.colcon_core.package_identification:_identify(src/unitree_ros2/cyclonedds_ws/src/unitree) by extension 'ros'
[0.472s] Level 1:colcon.colcon_core.package_identification:_identify(src/unitree_ros2/cyclonedds_ws/src/unitree) by extensions ['cmake', 'python']
[0.472s] Level 1:colcon.colcon_core.package_identification:_identify(src/unitree_ros2/cyclonedds_ws/src/unitree) by extension 'cmake'
[0.473s] Level 1:colcon.colcon_core.package_identification:_identify(src/unitree_ros2/cyclonedds_ws/src/unitree) by extension 'python'
[0.473s] Level 1:colcon.colcon_core.package_identification:_identify(src/unitree_ros2/cyclonedds_ws/src/unitree) by extensions ['python_setup_py']
[0.473s] Level 1:colcon.colcon_core.package_identification:_identify(src/unitree_ros2/cyclonedds_ws/src/unitree) by extension 'python_setup_py'
[0.473s] Level 1:colcon.colcon_core.package_identification:_identify(src/unitree_ros2/cyclonedds_ws/src/unitree/unitree_api) by extensions ['ignore', 'ignore_ament_install']
[0.473s] Level 1:colcon.colcon_core.package_identification:_identify(src/unitree_ros2/cyclonedds_ws/src/unitree/unitree_api) by extension 'ignore'
[0.473s] Level 1:colcon.colcon_core.package_identification:_identify(src/unitree_ros2/cyclonedds_ws/src/unitree/unitree_api) by extension 'ignore_ament_install'
[0.473s] Level 1:colcon.colcon_core.package_identification:_identify(src/unitree_ros2/cyclonedds_ws/src/unitree/unitree_api) by extensions ['colcon_pkg']
[0.473s] Level 1:colcon.colcon_core.package_identification:_identify(src/unitree_ros2/cyclonedds_ws/src/unitree/unitree_api) by extension 'colcon_pkg'
[0.473s] Level 1:colcon.colcon_core.package_identification:_identify(src/unitree_ros2/cyclonedds_ws/src/unitree/unitree_api) by extensions ['colcon_meta']
[0.473s] Level 1:colcon.colcon_core.package_identification:_identify(src/unitree_ros2/cyclonedds_ws/src/unitree/unitree_api) by extension 'colcon_meta'
[0.473s] Level 1:colcon.colcon_core.package_identification:_identify(src/unitree_ros2/cyclonedds_ws/src/unitree/unitree_api) by extensions ['ros']
[0.473s] Level 1:colcon.colcon_core.package_identification:_identify(src/unitree_ros2/cyclonedds_ws/src/unitree/unitree_api) by extension 'ros'
[0.474s] DEBUG:colcon.colcon_core.package_identification:Package 'src/unitree_ros2/cyclonedds_ws/src/unitree/unitree_api' with type 'ros.ament_cmake' and name 'unitree_api'
[0.474s] Level 1:colcon.colcon_core.package_identification:_identify(src/unitree_ros2/cyclonedds_ws/src/unitree/unitree_go) by extensions ['ignore', 'ignore_ament_install']
[0.475s] Level 1:colcon.colcon_core.package_identification:_identify(src/unitree_ros2/cyclonedds_ws/src/unitree/unitree_go) by extension 'ignore'
[0.475s] Level 1:colcon.colcon_core.package_identification:_identify(src/unitree_ros2/cyclonedds_ws/src/unitree/unitree_go) by extension 'ignore_ament_install'
[0.475s] Level 1:colcon.colcon_core.package_identification:_identify(src/unitree_ros2/cyclonedds_ws/src/unitree/unitree_go) by extensions ['colcon_pkg']
[0.475s] Level 1:colcon.colcon_core.package_identification:_identify(src/unitree_ros2/cyclonedds_ws/src/unitree/unitree_go) by extension 'colcon_pkg'
[0.475s] Level 1:colcon.colcon_core.package_identification:_identify(src/unitree_ros2/cyclonedds_ws/src/unitree/unitree_go) by extensions ['colcon_meta']
[0.475s] Level 1:colcon.colcon_core.package_identification:_identify(src/unitree_ros2/cyclonedds_ws/src/unitree/unitree_go) by extension 'colcon_meta'
[0.475s] Level 1:colcon.colcon_core.package_identification:_identify(src/unitree_ros2/cyclonedds_ws/src/unitree/unitree_go) by extensions ['ros']
[0.475s] Level 1:colcon.colcon_core.package_identification:_identify(src/unitree_ros2/cyclonedds_ws/src/unitree/unitree_go) by extension 'ros'
[0.476s] DEBUG:colcon.colcon_core.package_identification:Package 'src/unitree_ros2/cyclonedds_ws/src/unitree/unitree_go' with type 'ros.ament_cmake' and name 'unitree_go'
[0.476s] Level 1:colcon.colcon_core.package_identification:_identify(src/unitree_ros2/cyclonedds_ws/src/unitree/unitree_hg) by extensions ['ignore', 'ignore_ament_install']
[0.476s] Level 1:colcon.colcon_core.package_identification:_identify(src/unitree_ros2/cyclonedds_ws/src/unitree/unitree_hg) by extension 'ignore'
[0.476s] Level 1:colcon.colcon_core.package_identification:_identify(src/unitree_ros2/cyclonedds_ws/src/unitree/unitree_hg) by extension 'ignore_ament_install'
[0.476s] Level 1:colcon.colcon_core.package_identification:_identify(src/unitree_ros2/cyclonedds_ws/src/unitree/unitree_hg) by extensions ['colcon_pkg']
[0.477s] Level 1:colcon.colcon_core.package_identification:_identify(src/unitree_ros2/cyclonedds_ws/src/unitree/unitree_hg) by extension 'colcon_pkg'
[0.477s] Level 1:colcon.colcon_core.package_identification:_identify(src/unitree_ros2/cyclonedds_ws/src/unitree/unitree_hg) by extensions ['colcon_meta']
[0.477s] Level 1:colcon.colcon_core.package_identification:_identify(src/unitree_ros2/cyclonedds_ws/src/unitree/unitree_hg) by extension 'colcon_meta'
[0.477s] Level 1:colcon.colcon_core.package_identification:_identify(src/unitree_ros2/cyclonedds_ws/src/unitree/unitree_hg) by extensions ['ros']
[0.477s] Level 1:colcon.colcon_core.package_identification:_identify(src/unitree_ros2/cyclonedds_ws/src/unitree/unitree_hg) by extension 'ros'
[0.478s] DEBUG:colcon.colcon_core.package_identification:Package 'src/unitree_ros2/cyclonedds_ws/src/unitree/unitree_hg' with type 'ros.ament_cmake' and name 'unitree_hg'
[0.478s] Level 1:colcon.colcon_core.package_identification:_identify(src/unitree_ros2/example) by extensions ['ignore', 'ignore_ament_install']
[0.478s] Level 1:colcon.colcon_core.package_identification:_identify(src/unitree_ros2/example) by extension 'ignore'
[0.478s] Level 1:colcon.colcon_core.package_identification:_identify(src/unitree_ros2/example) by extension 'ignore_ament_install'
[0.478s] Level 1:colcon.colcon_core.package_identification:_identify(src/unitree_ros2/example) by extensions ['colcon_pkg']
[0.478s] Level 1:colcon.colcon_core.package_identification:_identify(src/unitree_ros2/example) by extension 'colcon_pkg'
[0.478s] Level 1:colcon.colcon_core.package_identification:_identify(src/unitree_ros2/example) by extensions ['colcon_meta']
[0.478s] Level 1:colcon.colcon_core.package_identification:_identify(src/unitree_ros2/example) by extension 'colcon_meta'
[0.478s] Level 1:colcon.colcon_core.package_identification:_identify(src/unitree_ros2/example) by extensions ['ros']
[0.478s] Level 1:colcon.colcon_core.package_identification:_identify(src/unitree_ros2/example) by extension 'ros'
[0.479s] Level 1:colcon.colcon_core.package_identification:_identify(src/unitree_ros2/example) by extensions ['cmake', 'python']
[0.479s] Level 1:colcon.colcon_core.package_identification:_identify(src/unitree_ros2/example) by extension 'cmake'
[0.479s] Level 1:colcon.colcon_core.package_identification:_identify(src/unitree_ros2/example) by extension 'python'
[0.479s] Level 1:colcon.colcon_core.package_identification:_identify(src/unitree_ros2/example) by extensions ['python_setup_py']
[0.479s] Level 1:colcon.colcon_core.package_identification:_identify(src/unitree_ros2/example) by extension 'python_setup_py'
[0.479s] Level 1:colcon.colcon_core.package_identification:_identify(src/unitree_ros2/example/src) by extensions ['ignore', 'ignore_ament_install']
[0.479s] Level 1:colcon.colcon_core.package_identification:_identify(src/unitree_ros2/example/src) by extension 'ignore'
[0.479s] Level 1:colcon.colcon_core.package_identification:_identify(src/unitree_ros2/example/src) by extension 'ignore_ament_install'
[0.479s] Level 1:colcon.colcon_core.package_identification:_identify(src/unitree_ros2/example/src) by extensions ['colcon_pkg']
[0.479s] Level 1:colcon.colcon_core.package_identification:_identify(src/unitree_ros2/example/src) by extension 'colcon_pkg'
[0.479s] Level 1:colcon.colcon_core.package_identification:_identify(src/unitree_ros2/example/src) by extensions ['colcon_meta']
[0.479s] Level 1:colcon.colcon_core.package_identification:_identify(src/unitree_ros2/example/src) by extension 'colcon_meta'
[0.479s] Level 1:colcon.colcon_core.package_identification:_identify(src/unitree_ros2/example/src) by extensions ['ros']
[0.480s] Level 1:colcon.colcon_core.package_identification:_identify(src/unitree_ros2/example/src) by extension 'ros'
[0.481s] DEBUG:colcon.colcon_core.package_identification:Package 'src/unitree_ros2/example/src' with type 'ros.ament_cmake' and name 'unitree_ros2_example'
[0.481s] Level 1:colcon.colcon_core.package_discovery:discover_packages(recursive) using defaults
[0.481s] Level 1:colcon.colcon_core.package_discovery:discover_packages(ignore) discover
[0.481s] Level 1:colcon.colcon_core.package_discovery:discover_packages(ignore) using defaults
[0.481s] Level 1:colcon.colcon_core.package_discovery:discover_packages(path) discover
[0.481s] Level 1:colcon.colcon_core.package_discovery:discover_packages(path) using defaults
[0.519s] Level 1:colcon.colcon_core.package_discovery:discover_packages(prefix_path) check parameters
[0.519s] Level 1:colcon.colcon_core.package_discovery:discover_packages(prefix_path) discover
[0.524s] DEBUG:colcon.colcon_installed_package_information.package_discovery:Found 402 installed packages in /opt/ros/humble
[0.554s] Level 1:colcon.colcon_core.package_discovery:discover_packages(prefix_path) using defaults
[0.637s] Level 5:colcon.colcon_core.verb:set package 'direct_lidar_inertial_odometry' build argument 'cmake_args' from command line to 'None'
[0.637s] Level 5:colcon.colcon_core.verb:set package 'direct_lidar_inertial_odometry' build argument 'cmake_target' from command line to 'None'
[0.637s] Level 5:colcon.colcon_core.verb:set package 'direct_lidar_inertial_odometry' build argument 'cmake_target_skip_unavailable' from command line to 'False'
[0.638s] Level 5:colcon.colcon_core.verb:set package 'direct_lidar_inertial_odometry' build argument 'cmake_clean_cache' from command line to 'False'
[0.638s] Level 5:colcon.colcon_core.verb:set package 'direct_lidar_inertial_odometry' build argument 'cmake_clean_first' from command line to 'False'
[0.638s] Level 5:colcon.colcon_core.verb:set package 'direct_lidar_inertial_odometry' build argument 'cmake_force_configure' from command line to 'False'
[0.638s] Level 5:colcon.colcon_core.verb:set package 'direct_lidar_inertial_odometry' build argument 'ament_cmake_args' from command line to 'None'
[0.638s] Level 5:colcon.colcon_core.verb:set package 'direct_lidar_inertial_odometry' build argument 'catkin_cmake_args' from command line to 'None'
[0.638s] Level 5:colcon.colcon_core.verb:set package 'direct_lidar_inertial_odometry' build argument 'catkin_skip_building_tests' from command line to 'False'
[0.638s] DEBUG:colcon.colcon_core.verb:Building package 'direct_lidar_inertial_odometry' with the following arguments: {'ament_cmake_args': None, 'build_base': '/external/build/direct_lidar_inertial_odometry', 'catkin_cmake_args': None, 'catkin_skip_building_tests': False, 'cmake_args': None, 'cmake_clean_cache': False, 'cmake_clean_first': False, 'cmake_force_configure': False, 'cmake_target': None, 'cmake_target_skip_unavailable': False, 'install_base': '/external/install/direct_lidar_inertial_odometry', 'merge_install': False, 'path': '/external/src/direct_lidar_inertial_odometry', 'symlink_install': True, 'test_result_base': None}
[0.638s] Level 5:colcon.colcon_core.verb:set package 'hesai_lidar' build argument 'cmake_args' from command line to 'None'
[0.638s] Level 5:colcon.colcon_core.verb:set package 'hesai_lidar' build argument 'cmake_target' from command line to 'None'
[0.638s] Level 5:colcon.colcon_core.verb:set package 'hesai_lidar' build argument 'cmake_target_skip_unavailable' from command line to 'False'
[0.638s] Level 5:colcon.colcon_core.verb:set package 'hesai_lidar' build argument 'cmake_clean_cache' from command line to 'False'
[0.639s] Level 5:colcon.colcon_core.verb:set package 'hesai_lidar' build argument 'cmake_clean_first' from command line to 'False'
[0.639s] Level 5:colcon.colcon_core.verb:set package 'hesai_lidar' build argument 'cmake_force_configure' from command line to 'False'
[0.639s] Level 5:colcon.colcon_core.verb:set package 'hesai_lidar' build argument 'ament_cmake_args' from command line to 'None'
[0.639s] Level 5:colcon.colcon_core.verb:set package 'hesai_lidar' build argument 'catkin_cmake_args' from command line to 'None'
[0.639s] Level 5:colcon.colcon_core.verb:set package 'hesai_lidar' build argument 'catkin_skip_building_tests' from command line to 'False'
[0.639s] DEBUG:colcon.colcon_core.verb:Building package 'hesai_lidar' with the following arguments: {'ament_cmake_args': None, 'build_base': '/external/build/hesai_lidar', 'catkin_cmake_args': None, 'catkin_skip_building_tests': False, 'cmake_args': None, 'cmake_clean_cache': False, 'cmake_clean_first': False, 'cmake_force_configure': False, 'cmake_target': None, 'cmake_target_skip_unavailable': False, 'install_base': '/external/install/hesai_lidar', 'merge_install': False, 'path': '/external/src/HesaiLidar_ROS2_techshare', 'symlink_install': True, 'test_result_base': None}
[0.639s] Level 5:colcon.colcon_core.verb:set package 'unitree_api' build argument 'cmake_args' from command line to 'None'
[0.639s] Level 5:colcon.colcon_core.verb:set package 'unitree_api' build argument 'cmake_target' from command line to 'None'
[0.639s] Level 5:colcon.colcon_core.verb:set package 'unitree_api' build argument 'cmake_target_skip_unavailable' from command line to 'False'
[0.639s] Level 5:colcon.colcon_core.verb:set package 'unitree_api' build argument 'cmake_clean_cache' from command line to 'False'
[0.639s] Level 5:colcon.colcon_core.verb:set package 'unitree_api' build argument 'cmake_clean_first' from command line to 'False'
[0.639s] Level 5:colcon.colcon_core.verb:set package 'unitree_api' build argument 'cmake_force_configure' from command line to 'False'
[0.639s] Level 5:colcon.colcon_core.verb:set package 'unitree_api' build argument 'ament_cmake_args' from command line to 'None'
[0.640s] Level 5:colcon.colcon_core.verb:set package 'unitree_api' build argument 'catkin_cmake_args' from command line to 'None'
[0.640s] Level 5:colcon.colcon_core.verb:set package 'unitree_api' build argument 'catkin_skip_building_tests' from command line to 'False'
[0.640s] DEBUG:colcon.colcon_core.verb:Building package 'unitree_api' with the following arguments: {'ament_cmake_args': None, 'build_base': '/external/build/unitree_api', 'catkin_cmake_args': None, 'catkin_skip_building_tests': False, 'cmake_args': None, 'cmake_clean_cache': False, 'cmake_clean_first': False, 'cmake_force_configure': False, 'cmake_target': None, 'cmake_target_skip_unavailable': False, 'install_base': '/external/install/unitree_api', 'merge_install': False, 'path': '/external/src/unitree_ros2/cyclonedds_ws/src/unitree/unitree_api', 'symlink_install': True, 'test_result_base': None}
[0.640s] Level 5:colcon.colcon_core.verb:set package 'unitree_go' build argument 'cmake_args' from command line to 'None'
[0.640s] Level 5:colcon.colcon_core.verb:set package 'unitree_go' build argument 'cmake_target' from command line to 'None'
[0.640s] Level 5:colcon.colcon_core.verb:set package 'unitree_go' build argument 'cmake_target_skip_unavailable' from command line to 'False'
[0.640s] Level 5:colcon.colcon_core.verb:set package 'unitree_go' build argument 'cmake_clean_cache' from command line to 'False'
[0.640s] Level 5:colcon.colcon_core.verb:set package 'unitree_go' build argument 'cmake_clean_first' from command line to 'False'
[0.640s] Level 5:colcon.colcon_core.verb:set package 'unitree_go' build argument 'cmake_force_configure' from command line to 'False'
[0.640s] Level 5:colcon.colcon_core.verb:set package 'unitree_go' build argument 'ament_cmake_args' from command line to 'None'
[0.640s] Level 5:colcon.colcon_core.verb:set package 'unitree_go' build argument 'catkin_cmake_args' from command line to 'None'
[0.640s] Level 5:colcon.colcon_core.verb:set package 'unitree_go' build argument 'catkin_skip_building_tests' from command line to 'False'
[0.640s] DEBUG:colcon.colcon_core.verb:Building package 'unitree_go' with the following arguments: {'ament_cmake_args': None, 'build_base': '/external/build/unitree_go', 'catkin_cmake_args': None, 'catkin_skip_building_tests': False, 'cmake_args': None, 'cmake_clean_cache': False, 'cmake_clean_first': False, 'cmake_force_configure': False, 'cmake_target': None, 'cmake_target_skip_unavailable': False, 'install_base': '/external/install/unitree_go', 'merge_install': False, 'path': '/external/src/unitree_ros2/cyclonedds_ws/src/unitree/unitree_go', 'symlink_install': True, 'test_result_base': None}
[0.641s] Level 5:colcon.colcon_core.verb:set package 'unitree_hg' build argument 'cmake_args' from command line to 'None'
[0.641s] Level 5:colcon.colcon_core.verb:set package 'unitree_hg' build argument 'cmake_target' from command line to 'None'
[0.641s] Level 5:colcon.colcon_core.verb:set package 'unitree_hg' build argument 'cmake_target_skip_unavailable' from command line to 'False'
[0.641s] Level 5:colcon.colcon_core.verb:set package 'unitree_hg' build argument 'cmake_clean_cache' from command line to 'False'
[0.641s] Level 5:colcon.colcon_core.verb:set package 'unitree_hg' build argument 'cmake_clean_first' from command line to 'False'
[0.641s] Level 5:colcon.colcon_core.verb:set package 'unitree_hg' build argument 'cmake_force_configure' from command line to 'False'
[0.641s] Level 5:colcon.colcon_core.verb:set package 'unitree_hg' build argument 'ament_cmake_args' from command line to 'None'
[0.641s] Level 5:colcon.colcon_core.verb:set package 'unitree_hg' build argument 'catkin_cmake_args' from command line to 'None'
[0.641s] Level 5:colcon.colcon_core.verb:set package 'unitree_hg' build argument 'catkin_skip_building_tests' from command line to 'False'
[0.641s] DEBUG:colcon.colcon_core.verb:Building package 'unitree_hg' with the following arguments: {'ament_cmake_args': None, 'build_base': '/external/build/unitree_hg', 'catkin_cmake_args': None, 'catkin_skip_building_tests': False, 'cmake_args': None, 'cmake_clean_cache': False, 'cmake_clean_first': False, 'cmake_force_configure': False, 'cmake_target': None, 'cmake_target_skip_unavailable': False, 'install_base': '/external/install/unitree_hg', 'merge_install': False, 'path': '/external/src/unitree_ros2/cyclonedds_ws/src/unitree/unitree_hg', 'symlink_install': True, 'test_result_base': None}
[0.642s] Level 5:colcon.colcon_core.verb:set package 'go2_demo' build argument 'cmake_args' from command line to 'None'
[0.642s] Level 5:colcon.colcon_core.verb:set package 'go2_demo' build argument 'cmake_target' from command line to 'None'
[0.642s] Level 5:colcon.colcon_core.verb:set package 'go2_demo' build argument 'cmake_target_skip_unavailable' from command line to 'False'
[0.642s] Level 5:colcon.colcon_core.verb:set package 'go2_demo' build argument 'cmake_clean_cache' from command line to 'False'
[0.642s] Level 5:colcon.colcon_core.verb:set package 'go2_demo' build argument 'cmake_clean_first' from command line to 'False'
[0.642s] Level 5:colcon.colcon_core.verb:set package 'go2_demo' build argument 'cmake_force_configure' from command line to 'False'
[0.642s] Level 5:colcon.colcon_core.verb:set package 'go2_demo' build argument 'ament_cmake_args' from command line to 'None'
[0.642s] Level 5:colcon.colcon_core.verb:set package 'go2_demo' build argument 'catkin_cmake_args' from command line to 'None'
[0.642s] Level 5:colcon.colcon_core.verb:set package 'go2_demo' build argument 'catkin_skip_building_tests' from command line to 'False'
[0.642s] DEBUG:colcon.colcon_core.verb:Building package 'go2_demo' with the following arguments: {'ament_cmake_args': None, 'build_base': '/external/build/go2_demo', 'catkin_cmake_args': None, 'catkin_skip_building_tests': False, 'cmake_args': None, 'cmake_clean_cache': False, 'cmake_clean_first': False, 'cmake_force_configure': False, 'cmake_target': None, 'cmake_target_skip_unavailable': False, 'install_base': '/external/install/go2_demo', 'merge_install': False, 'path': '/external/src/go2_unitree_ros2', 'symlink_install': True, 'test_result_base': None}
[0.643s] Level 5:colcon.colcon_core.verb:set package 'unitree_ros2_example' build argument 'cmake_args' from command line to 'None'
[0.643s] Level 5:colcon.colcon_core.verb:set package 'unitree_ros2_example' build argument 'cmake_target' from command line to 'None'
[0.643s] Level 5:colcon.colcon_core.verb:set package 'unitree_ros2_example' build argument 'cmake_target_skip_unavailable' from command line to 'False'
[0.643s] Level 5:colcon.colcon_core.verb:set package 'unitree_ros2_example' build argument 'cmake_clean_cache' from command line to 'False'
[0.643s] Level 5:colcon.colcon_core.verb:set package 'unitree_ros2_example' build argument 'cmake_clean_first' from command line to 'False'
[0.643s] Level 5:colcon.colcon_core.verb:set package 'unitree_ros2_example' build argument 'cmake_force_configure' from command line to 'False'
[0.643s] Level 5:colcon.colcon_core.verb:set package 'unitree_ros2_example' build argument 'ament_cmake_args' from command line to 'None'
[0.643s] Level 5:colcon.colcon_core.verb:set package 'unitree_ros2_example' build argument 'catkin_cmake_args' from command line to 'None'
[0.643s] Level 5:colcon.colcon_core.verb:set package 'unitree_ros2_example' build argument 'catkin_skip_building_tests' from command line to 'False'
[0.643s] DEBUG:colcon.colcon_core.verb:Building package 'unitree_ros2_example' with the following arguments: {'ament_cmake_args': None, 'build_base': '/external/build/unitree_ros2_example', 'catkin_cmake_args': None, 'catkin_skip_building_tests': False, 'cmake_args': None, 'cmake_clean_cache': False, 'cmake_clean_first': False, 'cmake_force_configure': False, 'cmake_target': None, 'cmake_target_skip_unavailable': False, 'install_base': '/external/install/unitree_ros2_example', 'merge_install': False, 'path': '/external/src/unitree_ros2/example/src', 'symlink_install': True, 'test_result_base': None}
[0.643s] INFO:colcon.colcon_core.executor:Executing jobs using 'parallel' executor
[0.645s] DEBUG:colcon.colcon_parallel_executor.executor.parallel:run_until_complete
[0.646s] INFO:colcon.colcon_ros.task.ament_cmake.build:Building ROS package in '/external/src/unitree_ros2/cyclonedds_ws/src/unitree/unitree_api' with build type 'ament_cmake'
[0.646s] INFO:colcon.colcon_cmake.task.cmake.build:Building CMake package in '/external/src/unitree_ros2/cyclonedds_ws/src/unitree/unitree_api'
[0.650s] INFO:colcon.colcon_core.plugin_system:Skipping extension 'colcon_core.shell.bat': Not used on non-Windows systems
[0.651s] INFO:colcon.colcon_core.shell:Skip shell extension 'powershell' for command environment: Not usable outside of PowerShell
[0.651s] DEBUG:colcon.colcon_core.shell:Skip shell extension 'dsv' for command environment
[0.656s] INFO:colcon.colcon_ros.task.ament_cmake.build:Building ROS package in '/external/src/unitree_ros2/cyclonedds_ws/src/unitree/unitree_go' with build type 'ament_cmake'
[0.657s] INFO:colcon.colcon_cmake.task.cmake.build:Building CMake package in '/external/src/unitree_ros2/cyclonedds_ws/src/unitree/unitree_go'
[0.657s] INFO:colcon.colcon_core.shell:Skip shell extension 'powershell' for command environment: Not usable outside of PowerShell
[0.657s] DEBUG:colcon.colcon_core.shell:Skip shell extension 'dsv' for command environment
[0.663s] INFO:colcon.colcon_ros.task.ament_cmake.build:Building ROS package in '/external/src/unitree_ros2/cyclonedds_ws/src/unitree/unitree_hg' with build type 'ament_cmake'
[0.663s] INFO:colcon.colcon_cmake.task.cmake.build:Building CMake package in '/external/src/unitree_ros2/cyclonedds_ws/src/unitree/unitree_hg'
[0.664s] INFO:colcon.colcon_core.shell:Skip shell extension 'powershell' for command environment: Not usable outside of PowerShell
[0.664s] DEBUG:colcon.colcon_core.shell:Skip shell extension 'dsv' for command environment
[0.669s] INFO:colcon.colcon_ros.task.ament_cmake.build:Building ROS package in '/external/src/direct_lidar_inertial_odometry' with build type 'ament_cmake'
[0.670s] INFO:colcon.colcon_cmake.task.cmake.build:Building CMake package in '/external/src/direct_lidar_inertial_odometry'
[0.670s] INFO:colcon.colcon_core.shell:Skip shell extension 'powershell' for command environment: Not usable outside of PowerShell
[0.670s] DEBUG:colcon.colcon_core.shell:Skip shell extension 'dsv' for command environment
[0.675s] INFO:colcon.colcon_ros.task.ament_cmake.build:Building ROS package in '/external/src/HesaiLidar_ROS2_techshare' with build type 'ament_cmake'
[0.676s] INFO:colcon.colcon_cmake.task.cmake.build:Building CMake package in '/external/src/HesaiLidar_ROS2_techshare'
[0.676s] INFO:colcon.colcon_core.shell:Skip shell extension 'powershell' for command environment: Not usable outside of PowerShell
[0.676s] DEBUG:colcon.colcon_core.shell:Skip shell extension 'dsv' for command environment
[0.688s] DEBUG:colcon.colcon_core.event_handler.log_command:Invoking command in '/external/build/unitree_api': CMAKE_PREFIX_PATH=/opt/ros/humble /usr/bin/cmake --build /external/build/unitree_api -- -j8 -l8
[0.695s] DEBUG:colcon.colcon_core.event_handler.log_command:Invoking command in '/external/build/unitree_go': CMAKE_PREFIX_PATH=/opt/ros/humble /usr/bin/cmake --build /external/build/unitree_go -- -j8 -l8
[0.698s] DEBUG:colcon.colcon_core.event_handler.log_command:Invoking command in '/external/build/unitree_hg': CMAKE_PREFIX_PATH=/opt/ros/humble /usr/bin/cmake --build /external/build/unitree_hg -- -j8 -l8
[0.704s] DEBUG:colcon.colcon_core.event_handler.log_command:Invoking command in '/external/build/direct_lidar_inertial_odometry': CMAKE_PREFIX_PATH=/opt/ros/humble /usr/bin/cmake --build /external/build/direct_lidar_inertial_odometry -- -j8 -l8
[0.735s] DEBUG:colcon.colcon_core.event_handler.log_command:Invoking command in '/external/build/hesai_lidar': CMAKE_PREFIX_PATH=/opt/ros/humble /usr/bin/cmake --build /external/build/hesai_lidar -- -j8 -l8
[1.783s] DEBUG:colcon.colcon_core.event_handler.log_command:Invoked command in '/external/build/direct_lidar_inertial_odometry' returned '0': CMAKE_PREFIX_PATH=/opt/ros/humble /usr/bin/cmake --build /external/build/direct_lidar_inertial_odometry -- -j8 -l8
[1.802s] DEBUG:colcon.colcon_core.event_handler.log_command:Invoking command in '/external/build/direct_lidar_inertial_odometry': CMAKE_PREFIX_PATH=/opt/ros/humble /usr/bin/cmake --install /external/build/direct_lidar_inertial_odometry
[1.828s] DEBUG:colcon.colcon_core.event_handler.log_command:Invoked command in '/external/build/unitree_api' returned '0': CMAKE_PREFIX_PATH=/opt/ros/humble /usr/bin/cmake --build /external/build/unitree_api -- -j8 -l8
[1.830s] DEBUG:colcon.colcon_core.event_handler.log_command:Invoking command in '/external/build/unitree_api': CMAKE_PREFIX_PATH=/opt/ros/humble /usr/bin/cmake --install /external/build/unitree_api
[1.842s] DEBUG:colcon.colcon_core.event_handler.log_command:Invoked command in '/external/build/unitree_hg' returned '0': CMAKE_PREFIX_PATH=/opt/ros/humble /usr/bin/cmake --build /external/build/unitree_hg -- -j8 -l8
[1.844s] DEBUG:colcon.colcon_core.event_handler.log_command:Invoking command in '/external/build/unitree_hg': CMAKE_PREFIX_PATH=/opt/ros/humble /usr/bin/cmake --install /external/build/unitree_hg
[1.882s] DEBUG:colcon.colcon_core.event_handler.log_command:Invoked command in '/external/build/unitree_go' returned '0': CMAKE_PREFIX_PATH=/opt/ros/humble /usr/bin/cmake --build /external/build/unitree_go -- -j8 -l8
[1.894s] DEBUG:colcon.colcon_core.event_handler.log_command:Invoking command in '/external/build/unitree_go': CMAKE_PREFIX_PATH=/opt/ros/humble /usr/bin/cmake --install /external/build/unitree_go
[1.937s] Level 1:colcon.colcon_core.environment:create_environment_scripts_only(direct_lidar_inertial_odometry)
[1.943s] Level 1:colcon.colcon_core.environment:checking '/external/install/direct_lidar_inertial_odometry' for CMake module files
[1.945s] Level 1:colcon.colcon_core.environment:checking '/external/install/direct_lidar_inertial_odometry' for CMake config files
[1.947s] Level 1:colcon.colcon_core.shell:create_environment_hook('direct_lidar_inertial_odometry', 'cmake_prefix_path')
[1.947s] INFO:colcon.colcon_core.shell:Creating environment hook '/external/install/direct_lidar_inertial_odometry/share/direct_lidar_inertial_odometry/hook/cmake_prefix_path.ps1'
[1.949s] INFO:colcon.colcon_core.shell:Creating environment descriptor '/external/install/direct_lidar_inertial_odometry/share/direct_lidar_inertial_odometry/hook/cmake_prefix_path.dsv'
[1.954s] INFO:colcon.colcon_core.shell:Creating environment hook '/external/install/direct_lidar_inertial_odometry/share/direct_lidar_inertial_odometry/hook/cmake_prefix_path.sh'
[1.960s] Level 1:colcon.colcon_core.environment:checking '/external/install/direct_lidar_inertial_odometry/lib'
[1.970s] Level 1:colcon.colcon_core.shell:create_environment_hook('direct_lidar_inertial_odometry', 'ld_library_path_lib')
[1.971s] INFO:colcon.colcon_core.shell:Creating environment hook '/external/install/direct_lidar_inertial_odometry/share/direct_lidar_inertial_odometry/hook/ld_library_path_lib.ps1'
[1.975s] INFO:colcon.colcon_core.shell:Creating environment descriptor '/external/install/direct_lidar_inertial_odometry/share/direct_lidar_inertial_odometry/hook/ld_library_path_lib.dsv'
[1.977s] INFO:colcon.colcon_core.shell:Creating environment hook '/external/install/direct_lidar_inertial_odometry/share/direct_lidar_inertial_odometry/hook/ld_library_path_lib.sh'
[1.979s] Level 1:colcon.colcon_core.environment:checking '/external/install/direct_lidar_inertial_odometry/bin'
[1.981s] Level 1:colcon.colcon_core.environment:checking '/external/install/direct_lidar_inertial_odometry/lib/pkgconfig/direct_lidar_inertial_odometry.pc'
[1.981s] Level 1:colcon.colcon_core.environment:checking '/external/install/direct_lidar_inertial_odometry/lib/python3.10/site-packages'
[1.982s] Level 1:colcon.colcon_core.environment:checking '/external/install/direct_lidar_inertial_odometry/bin'
[1.984s] INFO:colcon.colcon_core.shell:Creating package script '/external/install/direct_lidar_inertial_odometry/share/direct_lidar_inertial_odometry/package.ps1'
[1.988s] INFO:colcon.colcon_core.shell:Creating package descriptor '/external/install/direct_lidar_inertial_odometry/share/direct_lidar_inertial_odometry/package.dsv'
[1.990s] INFO:colcon.colcon_core.shell:Creating package script '/external/install/direct_lidar_inertial_odometry/share/direct_lidar_inertial_odometry/package.sh'
[1.992s] INFO:colcon.colcon_core.shell:Creating package script '/external/install/direct_lidar_inertial_odometry/share/direct_lidar_inertial_odometry/package.bash'
[1.994s] INFO:colcon.colcon_core.shell:Creating package script '/external/install/direct_lidar_inertial_odometry/share/direct_lidar_inertial_odometry/package.zsh'
[1.995s] Level 1:colcon.colcon_core.environment:create_file_with_runtime_dependencies(/external/install/direct_lidar_inertial_odometry/share/colcon-core/packages/direct_lidar_inertial_odometry)
[1.997s] Level 1:colcon.colcon_core.environment:create_environment_scripts_only(direct_lidar_inertial_odometry)
[1.997s] Level 1:colcon.colcon_core.environment:checking '/external/install/direct_lidar_inertial_odometry' for CMake module files
[1.999s] Level 1:colcon.colcon_core.environment:checking '/external/install/direct_lidar_inertial_odometry' for CMake config files
[2.001s] Level 1:colcon.colcon_core.shell:create_environment_hook('direct_lidar_inertial_odometry', 'cmake_prefix_path')
[2.001s] INFO:colcon.colcon_core.shell:Creating environment hook '/external/install/direct_lidar_inertial_odometry/share/direct_lidar_inertial_odometry/hook/cmake_prefix_path.ps1'
[2.002s] INFO:colcon.colcon_core.shell:Creating environment descriptor '/external/install/direct_lidar_inertial_odometry/share/direct_lidar_inertial_odometry/hook/cmake_prefix_path.dsv'
[2.003s] INFO:colcon.colcon_core.shell:Creating environment hook '/external/install/direct_lidar_inertial_odometry/share/direct_lidar_inertial_odometry/hook/cmake_prefix_path.sh'
[2.004s] Level 1:colcon.colcon_core.environment:checking '/external/install/direct_lidar_inertial_odometry/lib'
[2.004s] Level 1:colcon.colcon_core.shell:create_environment_hook('direct_lidar_inertial_odometry', 'ld_library_path_lib')
[2.004s] INFO:colcon.colcon_core.shell:Creating environment hook '/external/install/direct_lidar_inertial_odometry/share/direct_lidar_inertial_odometry/hook/ld_library_path_lib.ps1'
[2.005s] INFO:colcon.colcon_core.shell:Creating environment descriptor '/external/install/direct_lidar_inertial_odometry/share/direct_lidar_inertial_odometry/hook/ld_library_path_lib.dsv'
[2.007s] INFO:colcon.colcon_core.shell:Creating environment hook '/external/install/direct_lidar_inertial_odometry/share/direct_lidar_inertial_odometry/hook/ld_library_path_lib.sh'
[2.008s] Level 1:colcon.colcon_core.environment:checking '/external/install/direct_lidar_inertial_odometry/bin'
[2.009s] Level 1:colcon.colcon_core.environment:checking '/external/install/direct_lidar_inertial_odometry/lib/pkgconfig/direct_lidar_inertial_odometry.pc'
[2.009s] Level 1:colcon.colcon_core.environment:checking '/external/install/direct_lidar_inertial_odometry/lib/python3.10/site-packages'
[2.010s] Level 1:colcon.colcon_core.environment:checking '/external/install/direct_lidar_inertial_odometry/bin'
[2.010s] INFO:colcon.colcon_core.shell:Creating package script '/external/install/direct_lidar_inertial_odometry/share/direct_lidar_inertial_odometry/package.ps1'
[2.012s] INFO:colcon.colcon_core.shell:Creating package descriptor '/external/install/direct_lidar_inertial_odometry/share/direct_lidar_inertial_odometry/package.dsv'
[2.012s] INFO:colcon.colcon_core.shell:Creating package script '/external/install/direct_lidar_inertial_odometry/share/direct_lidar_inertial_odometry/package.sh'
[2.014s] INFO:colcon.colcon_core.shell:Creating package script '/external/install/direct_lidar_inertial_odometry/share/direct_lidar_inertial_odometry/package.bash'
[2.015s] INFO:colcon.colcon_core.shell:Creating package script '/external/install/direct_lidar_inertial_odometry/share/direct_lidar_inertial_odometry/package.zsh'
[2.016s] Level 1:colcon.colcon_core.environment:create_file_with_runtime_dependencies(/external/install/direct_lidar_inertial_odometry/share/colcon-core/packages/direct_lidar_inertial_odometry)
[2.019s] Level 1:colcon.colcon_core.environment:create_environment_scripts_only(unitree_api)
[2.019s] Level 1:colcon.colcon_core.environment:checking '/external/install/unitree_api' for CMake module files
[2.027s] Level 1:colcon.colcon_core.environment:checking '/external/install/unitree_api' for CMake config files
[2.037s] Level 1:colcon.colcon_core.shell:create_environment_hook('unitree_api', 'cmake_prefix_path')
[2.037s] INFO:colcon.colcon_core.shell:Creating environment hook '/external/install/unitree_api/share/unitree_api/hook/cmake_prefix_path.ps1'
[2.039s] INFO:colcon.colcon_core.shell:Creating environment descriptor '/external/install/unitree_api/share/unitree_api/hook/cmake_prefix_path.dsv'
[2.040s] INFO:colcon.colcon_core.shell:Creating environment hook '/external/install/unitree_api/share/unitree_api/hook/cmake_prefix_path.sh'
[2.042s] Level 1:colcon.colcon_core.environment:checking '/external/install/unitree_api/lib'
[2.043s] Level 1:colcon.colcon_core.shell:create_environment_hook('unitree_api', 'ld_library_path_lib')
[2.043s] INFO:colcon.colcon_core.shell:Creating environment hook '/external/install/unitree_api/share/unitree_api/hook/ld_library_path_lib.ps1'
[2.045s] INFO:colcon.colcon_core.shell:Creating environment descriptor '/external/install/unitree_api/share/unitree_api/hook/ld_library_path_lib.dsv'
[2.046s] INFO:colcon.colcon_core.shell:Creating environment hook '/external/install/unitree_api/share/unitree_api/hook/ld_library_path_lib.sh'
[2.048s] Level 1:colcon.colcon_core.environment:checking '/external/install/unitree_api/bin'
[2.048s] Level 1:colcon.colcon_core.environment:checking '/external/install/unitree_api/lib/pkgconfig/unitree_api.pc'
[2.049s] Level 1:colcon.colcon_core.environment:checking '/external/install/unitree_api/lib/python3.10/site-packages'
[2.049s] Level 1:colcon.colcon_core.environment:checking '/external/install/unitree_api/bin'
[2.050s] INFO:colcon.colcon_core.shell:Creating package script '/external/install/unitree_api/share/unitree_api/package.ps1'
[2.052s] INFO:colcon.colcon_core.shell:Creating package descriptor '/external/install/unitree_api/share/unitree_api/package.dsv'
[2.054s] INFO:colcon.colcon_core.shell:Creating package script '/external/install/unitree_api/share/unitree_api/package.sh'
[2.056s] INFO:colcon.colcon_core.shell:Creating package script '/external/install/unitree_api/share/unitree_api/package.bash'
[2.057s] INFO:colcon.colcon_core.shell:Creating package script '/external/install/unitree_api/share/unitree_api/package.zsh'
[2.058s] Level 1:colcon.colcon_core.environment:create_file_with_runtime_dependencies(/external/install/unitree_api/share/colcon-core/packages/unitree_api)
[2.061s] Level 1:colcon.colcon_core.environment:create_environment_scripts_only(unitree_api)
[2.061s] Level 1:colcon.colcon_core.environment:checking '/external/install/unitree_api' for CMake module files
[2.062s] Level 1:colcon.colcon_core.environment:checking '/external/install/unitree_api' for CMake config files
[2.064s] Level 1:colcon.colcon_core.shell:create_environment_hook('unitree_api', 'cmake_prefix_path')
[2.064s] INFO:colcon.colcon_core.shell:Creating environment hook '/external/install/unitree_api/share/unitree_api/hook/cmake_prefix_path.ps1'
[2.066s] INFO:colcon.colcon_core.shell:Creating environment descriptor '/external/install/unitree_api/share/unitree_api/hook/cmake_prefix_path.dsv'
[2.067s] INFO:colcon.colcon_core.shell:Creating environment hook '/external/install/unitree_api/share/unitree_api/hook/cmake_prefix_path.sh'
[2.069s] Level 1:colcon.colcon_core.environment:checking '/external/install/unitree_api/lib'
[2.069s] Level 1:colcon.colcon_core.shell:create_environment_hook('unitree_api', 'ld_library_path_lib')
[2.070s] INFO:colcon.colcon_core.shell:Creating environment hook '/external/install/unitree_api/share/unitree_api/hook/ld_library_path_lib.ps1'
[2.071s] INFO:colcon.colcon_core.shell:Creating environment descriptor '/external/install/unitree_api/share/unitree_api/hook/ld_library_path_lib.dsv'
[2.072s] INFO:colcon.colcon_core.shell:Creating environment hook '/external/install/unitree_api/share/unitree_api/hook/ld_library_path_lib.sh'
[2.073s] Level 1:colcon.colcon_core.environment:checking '/external/install/unitree_api/bin'
[2.073s] Level 1:colcon.colcon_core.environment:checking '/external/install/unitree_api/lib/pkgconfig/unitree_api.pc'
[2.074s] Level 1:colcon.colcon_core.environment:checking '/external/install/unitree_api/lib/python3.10/site-packages'
[2.074s] Level 1:colcon.colcon_core.environment:checking '/external/install/unitree_api/bin'
[2.075s] INFO:colcon.colcon_core.shell:Creating package script '/external/install/unitree_api/share/unitree_api/package.ps1'
[2.077s] INFO:colcon.colcon_core.shell:Creating package descriptor '/external/install/unitree_api/share/unitree_api/package.dsv'
[2.078s] INFO:colcon.colcon_core.shell:Creating package script '/external/install/unitree_api/share/unitree_api/package.sh'
[2.079s] INFO:colcon.colcon_core.shell:Creating package script '/external/install/unitree_api/share/unitree_api/package.bash'
[2.080s] INFO:colcon.colcon_core.shell:Creating package script '/external/install/unitree_api/share/unitree_api/package.zsh'
[2.082s] Level 1:colcon.colcon_core.environment:create_file_with_runtime_dependencies(/external/install/unitree_api/share/colcon-core/packages/unitree_api)
[2.085s] Level 1:colcon.colcon_core.environment:create_environment_scripts_only(unitree_hg)
[2.085s] Level 1:colcon.colcon_core.environment:checking '/external/install/unitree_hg' for CMake module files
[2.086s] Level 1:colcon.colcon_core.environment:checking '/external/install/unitree_hg' for CMake config files
[2.090s] Level 1:colcon.colcon_core.shell:create_environment_hook('unitree_hg', 'cmake_prefix_path')
[2.090s] INFO:colcon.colcon_core.shell:Creating environment hook '/external/install/unitree_hg/share/unitree_hg/hook/cmake_prefix_path.ps1'
[2.093s] INFO:colcon.colcon_core.shell:Creating environment descriptor '/external/install/unitree_hg/share/unitree_hg/hook/cmake_prefix_path.dsv'
[2.094s] INFO:colcon.colcon_core.shell:Creating environment hook '/external/install/unitree_hg/share/unitree_hg/hook/cmake_prefix_path.sh'
[2.095s] Level 1:colcon.colcon_core.environment:checking '/external/install/unitree_hg/lib'
[2.095s] Level 1:colcon.colcon_core.shell:create_environment_hook('unitree_hg', 'ld_library_path_lib')
[2.096s] INFO:colcon.colcon_core.shell:Creating environment hook '/external/install/unitree_hg/share/unitree_hg/hook/ld_library_path_lib.ps1'
[2.097s] INFO:colcon.colcon_core.shell:Creating environment descriptor '/external/install/unitree_hg/share/unitree_hg/hook/ld_library_path_lib.dsv'
[2.097s] INFO:colcon.colcon_core.shell:Creating environment hook '/external/install/unitree_hg/share/unitree_hg/hook/ld_library_path_lib.sh'
[2.098s] Level 1:colcon.colcon_core.environment:checking '/external/install/unitree_hg/bin'
[2.098s] Level 1:colcon.colcon_core.environment:checking '/external/install/unitree_hg/lib/pkgconfig/unitree_hg.pc'
[2.099s] Level 1:colcon.colcon_core.environment:checking '/external/install/unitree_hg/lib/python3.10/site-packages'
[2.099s] Level 1:colcon.colcon_core.environment:checking '/external/install/unitree_hg/bin'
[2.100s] INFO:colcon.colcon_core.shell:Creating package script '/external/install/unitree_hg/share/unitree_hg/package.ps1'
[2.103s] DEBUG:colcon.colcon_core.event_handler.log_command:Invoked command in '/external/build/direct_lidar_inertial_odometry' returned '0': CMAKE_PREFIX_PATH=/opt/ros/humble /usr/bin/cmake --install /external/build/direct_lidar_inertial_odometry
[2.105s] INFO:colcon.colcon_core.shell:Creating package descriptor '/external/install/unitree_hg/share/unitree_hg/package.dsv'
[2.111s] INFO:colcon.colcon_core.shell:Creating package script '/external/install/unitree_hg/share/unitree_hg/package.sh'
[2.112s] INFO:colcon.colcon_core.shell:Creating package script '/external/install/unitree_hg/share/unitree_hg/package.bash'
[2.113s] INFO:colcon.colcon_core.shell:Creating package script '/external/install/unitree_hg/share/unitree_hg/package.zsh'
[2.115s] Level 1:colcon.colcon_core.environment:create_file_with_runtime_dependencies(/external/install/unitree_hg/share/colcon-core/packages/unitree_hg)
[2.117s] Level 1:colcon.colcon_core.environment:create_environment_scripts_only(unitree_hg)
[2.117s] Level 1:colcon.colcon_core.environment:checking '/external/install/unitree_hg' for CMake module files
[2.121s] Level 1:colcon.colcon_core.environment:checking '/external/install/unitree_hg' for CMake config files
[2.126s] Level 1:colcon.colcon_core.shell:create_environment_hook('unitree_hg', 'cmake_prefix_path')
[2.127s] INFO:colcon.colcon_core.shell:Creating environment hook '/external/install/unitree_hg/share/unitree_hg/hook/cmake_prefix_path.ps1'
[2.128s] INFO:colcon.colcon_core.shell:Creating environment descriptor '/external/install/unitree_hg/share/unitree_hg/hook/cmake_prefix_path.dsv'
[2.130s] INFO:colcon.colcon_core.shell:Creating environment hook '/external/install/unitree_hg/share/unitree_hg/hook/cmake_prefix_path.sh'
[2.132s] Level 1:colcon.colcon_core.environment:checking '/external/install/unitree_hg/lib'
[2.132s] Level 1:colcon.colcon_core.shell:create_environment_hook('unitree_hg', 'ld_library_path_lib')
[2.133s] INFO:colcon.colcon_core.shell:Creating environment hook '/external/install/unitree_hg/share/unitree_hg/hook/ld_library_path_lib.ps1'
[2.134s] INFO:colcon.colcon_core.shell:Creating environment descriptor '/external/install/unitree_hg/share/unitree_hg/hook/ld_library_path_lib.dsv'
[2.135s] INFO:colcon.colcon_core.shell:Creating environment hook '/external/install/unitree_hg/share/unitree_hg/hook/ld_library_path_lib.sh'
[2.137s] Level 1:colcon.colcon_core.environment:checking '/external/install/unitree_hg/bin'
[2.137s] Level 1:colcon.colcon_core.environment:checking '/external/install/unitree_hg/lib/pkgconfig/unitree_hg.pc'
[2.138s] Level 1:colcon.colcon_core.environment:checking '/external/install/unitree_hg/lib/python3.10/site-packages'
[2.138s] Level 1:colcon.colcon_core.environment:checking '/external/install/unitree_hg/bin'
[2.139s] INFO:colcon.colcon_core.shell:Creating package script '/external/install/unitree_hg/share/unitree_hg/package.ps1'
[2.141s] INFO:colcon.colcon_core.shell:Creating package descriptor '/external/install/unitree_hg/share/unitree_hg/package.dsv'
[2.142s] INFO:colcon.colcon_core.shell:Creating package script '/external/install/unitree_hg/share/unitree_hg/package.sh'
[2.144s] INFO:colcon.colcon_core.shell:Creating package script '/external/install/unitree_hg/share/unitree_hg/package.bash'
[2.145s] INFO:colcon.colcon_core.shell:Creating package script '/external/install/unitree_hg/share/unitree_hg/package.zsh'
[2.146s] Level 1:colcon.colcon_core.environment:create_file_with_runtime_dependencies(/external/install/unitree_hg/share/colcon-core/packages/unitree_hg)
[2.148s] Level 1:colcon.colcon_core.environment:create_environment_scripts_only(unitree_go)
[2.148s] Level 1:colcon.colcon_core.environment:checking '/external/install/unitree_go' for CMake module files
[2.152s] Level 1:colcon.colcon_core.environment:checking '/external/install/unitree_go' for CMake config files
[2.164s] Level 1:colcon.colcon_core.shell:create_environment_hook('unitree_go', 'cmake_prefix_path')
[2.165s] INFO:colcon.colcon_core.shell:Creating environment hook '/external/install/unitree_go/share/unitree_go/hook/cmake_prefix_path.ps1'
[2.166s] INFO:colcon.colcon_core.shell:Creating environment descriptor '/external/install/unitree_go/share/unitree_go/hook/cmake_prefix_path.dsv'
[2.168s] INFO:colcon.colcon_core.shell:Creating environment hook '/external/install/unitree_go/share/unitree_go/hook/cmake_prefix_path.sh'
[2.170s] Level 1:colcon.colcon_core.environment:checking '/external/install/unitree_go/lib'
[2.170s] Level 1:colcon.colcon_core.shell:create_environment_hook('unitree_go', 'ld_library_path_lib')
[2.170s] INFO:colcon.colcon_core.shell:Creating environment hook '/external/install/unitree_go/share/unitree_go/hook/ld_library_path_lib.ps1'
[2.171s] DEBUG:colcon.colcon_core.event_handler.log_command:Invoked command in '/external/build/unitree_api' returned '0': CMAKE_PREFIX_PATH=/opt/ros/humble /usr/bin/cmake --install /external/build/unitree_api
[2.172s] INFO:colcon.colcon_core.shell:Creating environment descriptor '/external/install/unitree_go/share/unitree_go/hook/ld_library_path_lib.dsv'
[2.175s] INFO:colcon.colcon_core.shell:Creating environment hook '/external/install/unitree_go/share/unitree_go/hook/ld_library_path_lib.sh'
[2.177s] Level 1:colcon.colcon_core.environment:checking '/external/install/unitree_go/bin'
[2.178s] Level 1:colcon.colcon_core.environment:checking '/external/install/unitree_go/lib/pkgconfig/unitree_go.pc'
[2.178s] Level 1:colcon.colcon_core.environment:checking '/external/install/unitree_go/lib/python3.10/site-packages'
[2.179s] Level 1:colcon.colcon_core.environment:checking '/external/install/unitree_go/bin'
[2.179s] INFO:colcon.colcon_core.shell:Creating package script '/external/install/unitree_go/share/unitree_go/package.ps1'
[2.182s] DEBUG:colcon.colcon_core.event_handler.log_command:Invoked command in '/external/build/unitree_hg' returned '0': CMAKE_PREFIX_PATH=/opt/ros/humble /usr/bin/cmake --install /external/build/unitree_hg
[2.183s] INFO:colcon.colcon_core.shell:Creating package descriptor '/external/install/unitree_go/share/unitree_go/package.dsv'
[2.185s] INFO:colcon.colcon_core.shell:Creating package script '/external/install/unitree_go/share/unitree_go/package.sh'
[2.187s] INFO:colcon.colcon_core.shell:Creating package script '/external/install/unitree_go/share/unitree_go/package.bash'
[2.189s] INFO:colcon.colcon_core.shell:Creating package script '/external/install/unitree_go/share/unitree_go/package.zsh'
[2.191s] Level 1:colcon.colcon_core.environment:create_file_with_runtime_dependencies(/external/install/unitree_go/share/colcon-core/packages/unitree_go)
[2.192s] DEBUG:colcon.colcon_core.event_handler.log_command:Invoked command in '/external/build/unitree_go' returned '0': CMAKE_PREFIX_PATH=/opt/ros/humble /usr/bin/cmake --install /external/build/unitree_go
[2.194s] Level 1:colcon.colcon_core.environment:create_environment_scripts_only(unitree_go)
[2.195s] Level 1:colcon.colcon_core.environment:checking '/external/install/unitree_go' for CMake module files
[2.197s] Level 1:colcon.colcon_core.environment:checking '/external/install/unitree_go' for CMake config files
[2.204s] Level 1:colcon.colcon_core.shell:create_environment_hook('unitree_go', 'cmake_prefix_path')
[2.204s] INFO:colcon.colcon_core.shell:Creating environment hook '/external/install/unitree_go/share/unitree_go/hook/cmake_prefix_path.ps1'
[2.206s] INFO:colcon.colcon_core.shell:Creating environment descriptor '/external/install/unitree_go/share/unitree_go/hook/cmake_prefix_path.dsv'
[2.207s] INFO:colcon.colcon_core.shell:Creating environment hook '/external/install/unitree_go/share/unitree_go/hook/cmake_prefix_path.sh'
[2.209s] Level 1:colcon.colcon_core.environment:checking '/external/install/unitree_go/lib'
[2.209s] Level 1:colcon.colcon_core.shell:create_environment_hook('unitree_go', 'ld_library_path_lib')
[2.210s] INFO:colcon.colcon_core.shell:Creating environment hook '/external/install/unitree_go/share/unitree_go/hook/ld_library_path_lib.ps1'
[2.211s] INFO:colcon.colcon_core.shell:Creating environment descriptor '/external/install/unitree_go/share/unitree_go/hook/ld_library_path_lib.dsv'
[2.211s] INFO:colcon.colcon_core.shell:Creating environment hook '/external/install/unitree_go/share/unitree_go/hook/ld_library_path_lib.sh'
[2.212s] Level 1:colcon.colcon_core.environment:checking '/external/install/unitree_go/bin'
[2.212s] Level 1:colcon.colcon_core.environment:checking '/external/install/unitree_go/lib/pkgconfig/unitree_go.pc'
[2.213s] Level 1:colcon.colcon_core.environment:checking '/external/install/unitree_go/lib/python3.10/site-packages'
[2.217s] Level 1:colcon.colcon_core.environment:checking '/external/install/unitree_go/bin'
[2.218s] INFO:colcon.colcon_core.shell:Creating package script '/external/install/unitree_go/share/unitree_go/package.ps1'
[2.220s] INFO:colcon.colcon_core.shell:Creating package descriptor '/external/install/unitree_go/share/unitree_go/package.dsv'
[2.221s] INFO:colcon.colcon_core.shell:Creating package script '/external/install/unitree_go/share/unitree_go/package.sh'
[2.222s] INFO:colcon.colcon_core.shell:Creating package script '/external/install/unitree_go/share/unitree_go/package.bash'
[2.223s] INFO:colcon.colcon_core.shell:Creating package script '/external/install/unitree_go/share/unitree_go/package.zsh'
[2.224s] Level 1:colcon.colcon_core.environment:create_file_with_runtime_dependencies(/external/install/unitree_go/share/colcon-core/packages/unitree_go)
[2.226s] INFO:colcon.colcon_ros.task.ament_cmake.build:Building ROS package in '/external/src/go2_unitree_ros2' with build type 'ament_cmake'
[2.229s] INFO:colcon.colcon_cmake.task.cmake.build:Building CMake package in '/external/src/go2_unitree_ros2'
[2.230s] INFO:colcon.colcon_core.shell:Skip shell extension 'powershell' for command environment: Not usable outside of PowerShell
[2.231s] DEBUG:colcon.colcon_core.shell:Skip shell extension 'dsv' for command environment
[2.241s] INFO:colcon.colcon_ros.task.ament_cmake.build:Building ROS package in '/external/src/unitree_ros2/example/src' with build type 'ament_cmake'
[2.242s] INFO:colcon.colcon_cmake.task.cmake.build:Building CMake package in '/external/src/unitree_ros2/example/src'
[2.243s] INFO:colcon.colcon_core.shell:Skip shell extension 'powershell' for command environment: Not usable outside of PowerShell
[2.243s] DEBUG:colcon.colcon_core.shell:Skip shell extension 'dsv' for command environment
[2.269s] DEBUG:colcon.colcon_core.event_handler.log_command:Invoking command in '/external/build/go2_demo': AMENT_PREFIX_PATH=/external/install/unitree_go:/external/install/unitree_api:${AMENT_PREFIX_PATH} CMAKE_PREFIX_PATH=/external/install/unitree_go:/external/install/unitree_api:/opt/ros/humble LD_LIBRARY_PATH=/external/install/unitree_go/lib:/external/install/unitree_api/lib:${LD_LIBRARY_PATH} PYTHONPATH=/external/install/unitree_go/local/lib/python3.10/dist-packages:/external/install/unitree_api/local/lib/python3.10/dist-packages:${PYTHONPATH} /usr/bin/cmake --build /external/build/go2_demo -- -j8 -l8
[2.282s] DEBUG:colcon.colcon_core.event_handler.log_command:Invoking command in '/external/build/unitree_ros2_example': AMENT_PREFIX_PATH=/external/install/unitree_hg:/external/install/unitree_go:/external/install/unitree_api:${AMENT_PREFIX_PATH} CMAKE_PREFIX_PATH=/external/install/unitree_hg:/external/install/unitree_go:/external/install/unitree_api:/opt/ros/humble LD_LIBRARY_PATH=/external/install/unitree_hg/lib:/external/install/unitree_go/lib:/external/install/unitree_api/lib:${LD_LIBRARY_PATH} PYTHONPATH=/external/install/unitree_hg/local/lib/python3.10/dist-packages:/external/install/unitree_go/local/lib/python3.10/dist-packages:/external/install/unitree_api/local/lib/python3.10/dist-packages:${PYTHONPATH} /usr/bin/cmake --build /external/build/unitree_ros2_example -- -j8 -l8
[2.416s] DEBUG:colcon.colcon_core.event_handler.log_command:Invoked command in '/external/build/go2_demo' returned '0': AMENT_PREFIX_PATH=/external/install/unitree_go:/external/install/unitree_api:${AMENT_PREFIX_PATH} CMAKE_PREFIX_PATH=/external/install/unitree_go:/external/install/unitree_api:/opt/ros/humble LD_LIBRARY_PATH=/external/install/unitree_go/lib:/external/install/unitree_api/lib:${LD_LIBRARY_PATH} PYTHONPATH=/external/install/unitree_go/local/lib/python3.10/dist-packages:/external/install/unitree_api/local/lib/python3.10/dist-packages:${PYTHONPATH} /usr/bin/cmake --build /external/build/go2_demo -- -j8 -l8
[2.419s] DEBUG:colcon.colcon_core.event_handler.log_command:Invoking command in '/external/build/go2_demo': AMENT_PREFIX_PATH=/external/install/unitree_go:/external/install/unitree_api:${AMENT_PREFIX_PATH} CMAKE_PREFIX_PATH=/external/install/unitree_go:/external/install/unitree_api:/opt/ros/humble LD_LIBRARY_PATH=/external/install/unitree_go/lib:/external/install/unitree_api/lib:${LD_LIBRARY_PATH} PYTHONPATH=/external/install/unitree_go/local/lib/python3.10/dist-packages:/external/install/unitree_api/local/lib/python3.10/dist-packages:${PYTHONPATH} /usr/bin/cmake --install /external/build/go2_demo
[2.455s] Level 1:colcon.colcon_core.environment:create_environment_scripts_only(go2_demo)
[2.456s] Level 1:colcon.colcon_core.environment:checking '/external/install/go2_demo' for CMake module files
[2.458s] DEBUG:colcon.colcon_core.event_handler.log_command:Invoked command in '/external/build/go2_demo' returned '0': AMENT_PREFIX_PATH=/external/install/unitree_go:/external/install/unitree_api:${AMENT_PREFIX_PATH} CMAKE_PREFIX_PATH=/external/install/unitree_go:/external/install/unitree_api:/opt/ros/humble LD_LIBRARY_PATH=/external/install/unitree_go/lib:/external/install/unitree_api/lib:${LD_LIBRARY_PATH} PYTHONPATH=/external/install/unitree_go/local/lib/python3.10/dist-packages:/external/install/unitree_api/local/lib/python3.10/dist-packages:${PYTHONPATH} /usr/bin/cmake --install /external/build/go2_demo
[2.459s] Level 1:colcon.colcon_core.environment:checking '/external/install/go2_demo' for CMake config files
[2.459s] Level 1:colcon.colcon_core.shell:create_environment_hook('go2_demo', 'cmake_prefix_path')
[2.460s] INFO:colcon.colcon_core.shell:Creating environment hook '/external/install/go2_demo/share/go2_demo/hook/cmake_prefix_path.ps1'
[2.462s] INFO:colcon.colcon_core.shell:Creating environment descriptor '/external/install/go2_demo/share/go2_demo/hook/cmake_prefix_path.dsv'
[2.463s] INFO:colcon.colcon_core.shell:Creating environment hook '/external/install/go2_demo/share/go2_demo/hook/cmake_prefix_path.sh'
[2.464s] Level 1:colcon.colcon_core.environment:checking '/external/install/go2_demo/lib'
[2.464s] Level 1:colcon.colcon_core.environment:checking '/external/install/go2_demo/bin'
[2.464s] Level 1:colcon.colcon_core.environment:checking '/external/install/go2_demo/lib/pkgconfig/go2_demo.pc'
[2.465s] Level 1:colcon.colcon_core.environment:checking '/external/install/go2_demo/lib/python3.10/site-packages'
[2.465s] Level 1:colcon.colcon_core.environment:checking '/external/install/go2_demo/bin'
[2.465s] INFO:colcon.colcon_core.shell:Creating package script '/external/install/go2_demo/share/go2_demo/package.ps1'
[2.466s] INFO:colcon.colcon_core.shell:Creating package descriptor '/external/install/go2_demo/share/go2_demo/package.dsv'
[2.467s] INFO:colcon.colcon_core.shell:Creating package script '/external/install/go2_demo/share/go2_demo/package.sh'
[2.468s] INFO:colcon.colcon_core.shell:Creating package script '/external/install/go2_demo/share/go2_demo/package.bash'
[2.468s] INFO:colcon.colcon_core.shell:Creating package script '/external/install/go2_demo/share/go2_demo/package.zsh'
[2.469s] Level 1:colcon.colcon_core.environment:create_file_with_runtime_dependencies(/external/install/go2_demo/share/colcon-core/packages/go2_demo)
[2.470s] Level 1:colcon.colcon_core.environment:create_environment_scripts_only(go2_demo)
[2.470s] Level 1:colcon.colcon_core.environment:checking '/external/install/go2_demo' for CMake module files
[2.471s] Level 1:colcon.colcon_core.environment:checking '/external/install/go2_demo' for CMake config files
[2.471s] Level 1:colcon.colcon_core.shell:create_environment_hook('go2_demo', 'cmake_prefix_path')
[2.471s] INFO:colcon.colcon_core.shell:Creating environment hook '/external/install/go2_demo/share/go2_demo/hook/cmake_prefix_path.ps1'
[2.472s] INFO:colcon.colcon_core.shell:Creating environment descriptor '/external/install/go2_demo/share/go2_demo/hook/cmake_prefix_path.dsv'
[2.473s] INFO:colcon.colcon_core.shell:Creating environment hook '/external/install/go2_demo/share/go2_demo/hook/cmake_prefix_path.sh'
[2.473s] Level 1:colcon.colcon_core.environment:checking '/external/install/go2_demo/lib'
[2.474s] Level 1:colcon.colcon_core.environment:checking '/external/install/go2_demo/bin'
[2.474s] Level 1:colcon.colcon_core.environment:checking '/external/install/go2_demo/lib/pkgconfig/go2_demo.pc'
[2.474s] Level 1:colcon.colcon_core.environment:checking '/external/install/go2_demo/lib/python3.10/site-packages'
[2.474s] Level 1:colcon.colcon_core.environment:checking '/external/install/go2_demo/bin'
[2.475s] INFO:colcon.colcon_core.shell:Creating package script '/external/install/go2_demo/share/go2_demo/package.ps1'
[2.476s] INFO:colcon.colcon_core.shell:Creating package descriptor '/external/install/go2_demo/share/go2_demo/package.dsv'
[2.476s] INFO:colcon.colcon_core.shell:Creating package script '/external/install/go2_demo/share/go2_demo/package.sh'
[2.477s] INFO:colcon.colcon_core.shell:Creating package script '/external/install/go2_demo/share/go2_demo/package.bash'
[2.478s] INFO:colcon.colcon_core.shell:Creating package script '/external/install/go2_demo/share/go2_demo/package.zsh'
[2.479s] Level 1:colcon.colcon_core.environment:create_file_with_runtime_dependencies(/external/install/go2_demo/share/colcon-core/packages/go2_demo)
[2.482s] DEBUG:colcon.colcon_core.event_handler.log_command:Invoked command in '/external/build/unitree_ros2_example' returned '0': AMENT_PREFIX_PATH=/external/install/unitree_hg:/external/install/unitree_go:/external/install/unitree_api:${AMENT_PREFIX_PATH} CMAKE_PREFIX_PATH=/external/install/unitree_hg:/external/install/unitree_go:/external/install/unitree_api:/opt/ros/humble LD_LIBRARY_PATH=/external/install/unitree_hg/lib:/external/install/unitree_go/lib:/external/install/unitree_api/lib:${LD_LIBRARY_PATH} PYTHONPATH=/external/install/unitree_hg/local/lib/python3.10/dist-packages:/external/install/unitree_go/local/lib/python3.10/dist-packages:/external/install/unitree_api/local/lib/python3.10/dist-packages:${PYTHONPATH} /usr/bin/cmake --build /external/build/unitree_ros2_example -- -j8 -l8
[2.485s] DEBUG:colcon.colcon_core.event_handler.log_command:Invoking command in '/external/build/unitree_ros2_example': AMENT_PREFIX_PATH=/external/install/unitree_hg:/external/install/unitree_go:/external/install/unitree_api:${AMENT_PREFIX_PATH} CMAKE_PREFIX_PATH=/external/install/unitree_hg:/external/install/unitree_go:/external/install/unitree_api:/opt/ros/humble LD_LIBRARY_PATH=/external/install/unitree_hg/lib:/external/install/unitree_go/lib:/external/install/unitree_api/lib:${LD_LIBRARY_PATH} PYTHONPATH=/external/install/unitree_hg/local/lib/python3.10/dist-packages:/external/install/unitree_go/local/lib/python3.10/dist-packages:/external/install/unitree_api/local/lib/python3.10/dist-packages:${PYTHONPATH} /usr/bin/cmake --install /external/build/unitree_ros2_example
[2.851s] Level 1:colcon.colcon_core.environment:create_environment_scripts_only(unitree_ros2_example)
[2.852s] Level 1:colcon.colcon_core.environment:checking '/external/install/unitree_ros2_example' for CMake module files
[2.853s] DEBUG:colcon.colcon_core.event_handler.log_command:Invoked command in '/external/build/unitree_ros2_example' returned '0': AMENT_PREFIX_PATH=/external/install/unitree_hg:/external/install/unitree_go:/external/install/unitree_api:${AMENT_PREFIX_PATH} CMAKE_PREFIX_PATH=/external/install/unitree_hg:/external/install/unitree_go:/external/install/unitree_api:/opt/ros/humble LD_LIBRARY_PATH=/external/install/unitree_hg/lib:/external/install/unitree_go/lib:/external/install/unitree_api/lib:${LD_LIBRARY_PATH} PYTHONPATH=/external/install/unitree_hg/local/lib/python3.10/dist-packages:/external/install/unitree_go/local/lib/python3.10/dist-packages:/external/install/unitree_api/local/lib/python3.10/dist-packages:${PYTHONPATH} /usr/bin/cmake --install /external/build/unitree_ros2_example
[2.855s] Level 1:colcon.colcon_core.environment:checking '/external/install/unitree_ros2_example' for CMake config files
[2.856s] Level 1:colcon.colcon_core.shell:create_environment_hook('unitree_ros2_example', 'cmake_prefix_path')
[2.857s] INFO:colcon.colcon_core.shell:Creating environment hook '/external/install/unitree_ros2_example/share/unitree_ros2_example/hook/cmake_prefix_path.ps1'
[2.859s] INFO:colcon.colcon_core.shell:Creating environment descriptor '/external/install/unitree_ros2_example/share/unitree_ros2_example/hook/cmake_prefix_path.dsv'
[2.860s] INFO:colcon.colcon_core.shell:Creating environment hook '/external/install/unitree_ros2_example/share/unitree_ros2_example/hook/cmake_prefix_path.sh'
[2.862s] Level 1:colcon.colcon_core.environment:checking '/external/install/unitree_ros2_example/bin'
[2.862s] Level 1:colcon.colcon_core.environment:checking '/external/install/unitree_ros2_example/lib/pkgconfig/unitree_ros2_example.pc'
[2.863s] Level 1:colcon.colcon_core.environment:checking '/external/install/unitree_ros2_example/lib/python3.10/site-packages'
[2.863s] Level 1:colcon.colcon_core.environment:checking '/external/install/unitree_ros2_example/bin'
[2.864s] INFO:colcon.colcon_core.shell:Creating package script '/external/install/unitree_ros2_example/share/unitree_ros2_example/package.ps1'
[2.866s] INFO:colcon.colcon_core.shell:Creating package descriptor '/external/install/unitree_ros2_example/share/unitree_ros2_example/package.dsv'
[2.867s] INFO:colcon.colcon_core.shell:Creating package script '/external/install/unitree_ros2_example/share/unitree_ros2_example/package.sh'
[2.869s] INFO:colcon.colcon_core.shell:Creating package script '/external/install/unitree_ros2_example/share/unitree_ros2_example/package.bash'
[2.870s] INFO:colcon.colcon_core.shell:Creating package script '/external/install/unitree_ros2_example/share/unitree_ros2_example/package.zsh'
[2.871s] Level 1:colcon.colcon_core.environment:create_file_with_runtime_dependencies(/external/install/unitree_ros2_example/share/colcon-core/packages/unitree_ros2_example)
[2.873s] Level 1:colcon.colcon_core.environment:create_environment_scripts_only(unitree_ros2_example)
[2.874s] Level 1:colcon.colcon_core.environment:checking '/external/install/unitree_ros2_example' for CMake module files
[2.875s] Level 1:colcon.colcon_core.environment:checking '/external/install/unitree_ros2_example' for CMake config files
[2.876s] Level 1:colcon.colcon_core.shell:create_environment_hook('unitree_ros2_example', 'cmake_prefix_path')
[2.877s] INFO:colcon.colcon_core.shell:Creating environment hook '/external/install/unitree_ros2_example/share/unitree_ros2_example/hook/cmake_prefix_path.ps1'
[2.878s] INFO:colcon.colcon_core.shell:Creating environment descriptor '/external/install/unitree_ros2_example/share/unitree_ros2_example/hook/cmake_prefix_path.dsv'
[2.879s] INFO:colcon.colcon_core.shell:Creating environment hook '/external/install/unitree_ros2_example/share/unitree_ros2_example/hook/cmake_prefix_path.sh'
[2.881s] Level 1:colcon.colcon_core.environment:checking '/external/install/unitree_ros2_example/bin'
[2.881s] Level 1:colcon.colcon_core.environment:checking '/external/install/unitree_ros2_example/lib/pkgconfig/unitree_ros2_example.pc'
[2.882s] Level 1:colcon.colcon_core.environment:checking '/external/install/unitree_ros2_example/lib/python3.10/site-packages'
[2.882s] Level 1:colcon.colcon_core.environment:checking '/external/install/unitree_ros2_example/bin'
[2.883s] INFO:colcon.colcon_core.shell:Creating package script '/external/install/unitree_ros2_example/share/unitree_ros2_example/package.ps1'
[2.885s] INFO:colcon.colcon_core.shell:Creating package descriptor '/external/install/unitree_ros2_example/share/unitree_ros2_example/package.dsv'
[2.886s] INFO:colcon.colcon_core.shell:Creating package script '/external/install/unitree_ros2_example/share/unitree_ros2_example/package.sh'
[2.887s] INFO:colcon.colcon_core.shell:Creating package script '/external/install/unitree_ros2_example/share/unitree_ros2_example/package.bash'
[2.888s] INFO:colcon.colcon_core.shell:Creating package script '/external/install/unitree_ros2_example/share/unitree_ros2_example/package.zsh'
[2.889s] Level 1:colcon.colcon_core.environment:create_file_with_runtime_dependencies(/external/install/unitree_ros2_example/share/colcon-core/packages/unitree_ros2_example)
[21.529s] DEBUG:colcon.colcon_core.event_handler.log_command:Invoked command in '/external/build/hesai_lidar' returned '2': CMAKE_PREFIX_PATH=/opt/ros/humble /usr/bin/cmake --build /external/build/hesai_lidar -- -j8 -l8
[21.531s] Level 1:colcon.colcon_core.environment:create_environment_scripts_only(hesai_lidar)
[21.532s] Level 1:colcon.colcon_core.environment:checking '/external/install/hesai_lidar' for CMake module files
[21.533s] Level 1:colcon.colcon_core.environment:checking '/external/install/hesai_lidar' for CMake config files
[21.534s] Level 1:colcon.colcon_core.environment:checking '/external/install/hesai_lidar/bin'
[21.535s] Level 1:colcon.colcon_core.environment:checking '/external/install/hesai_lidar/lib/pkgconfig/hesai_lidar.pc'
[21.535s] Level 1:colcon.colcon_core.environment:checking '/external/install/hesai_lidar/lib/python3.10/site-packages'
[21.536s] Level 1:colcon.colcon_core.environment:checking '/external/install/hesai_lidar/bin'
[21.537s] INFO:colcon.colcon_core.shell:Creating package script '/external/install/hesai_lidar/share/hesai_lidar/package.ps1'
[21.539s] INFO:colcon.colcon_core.shell:Creating package descriptor '/external/install/hesai_lidar/share/hesai_lidar/package.dsv'
[21.541s] INFO:colcon.colcon_core.shell:Creating package script '/external/install/hesai_lidar/share/hesai_lidar/package.sh'
[21.542s] INFO:colcon.colcon_core.shell:Creating package script '/external/install/hesai_lidar/share/hesai_lidar/package.bash'
[21.544s] INFO:colcon.colcon_core.shell:Creating package script '/external/install/hesai_lidar/share/hesai_lidar/package.zsh'
[21.545s] Level 1:colcon.colcon_core.environment:create_file_with_runtime_dependencies(/external/install/hesai_lidar/share/colcon-core/packages/hesai_lidar)
[21.557s] DEBUG:colcon.colcon_parallel_executor.executor.parallel:closing loop
[21.557s] DEBUG:colcon.colcon_parallel_executor.executor.parallel:loop closed
[21.558s] DEBUG:colcon.colcon_parallel_executor.executor.parallel:run_until_complete finished with '2'
[21.558s] DEBUG:colcon.colcon_core.event_reactor:joining thread
[21.578s] INFO:colcon.colcon_core.plugin_system:Skipping extension 'colcon_notification.desktop_notification.notify_send': Could not find 'notify-send'
[21.578s] INFO:colcon.colcon_core.plugin_system:Skipping extension 'colcon_notification.desktop_notification.terminal_notifier': Not used on non-Darwin systems
[21.579s] INFO:colcon.colcon_core.plugin_system:Skipping extension 'colcon_notification.desktop_notification.win32': Not used on non-Windows systems
[21.579s] INFO:colcon.colcon_notification.desktop_notification:Sending desktop notification using 'notify2'
[21.585s] DEBUG:colcon.colcon_notification.desktop_notification.notify2:Failed to initialize notify2: org.freedesktop.DBus.Error.Spawn.ExecFailed: /usr/bin/dbus-launch terminated abnormally without any error message
[21.586s] DEBUG:colcon.colcon_core.event_reactor:joined thread
[21.588s] INFO:colcon.colcon_core.shell:Creating prefix script '/external/install/local_setup.ps1'
[21.593s] INFO:colcon.colcon_core.shell:Creating prefix util module '/external/install/_local_setup_util_ps1.py'
[21.598s] INFO:colcon.colcon_core.shell:Creating prefix chain script '/external/install/setup.ps1'
[21.601s] INFO:colcon.colcon_core.shell:Creating prefix script '/external/install/local_setup.sh'
[21.603s] INFO:colcon.colcon_core.shell:Creating prefix util module '/external/install/_local_setup_util_sh.py'
[21.605s] INFO:colcon.colcon_core.shell:Creating prefix chain script '/external/install/setup.sh'
[21.607s] INFO:colcon.colcon_core.shell:Creating prefix script '/external/install/local_setup.bash'
[21.609s] INFO:colcon.colcon_core.shell:Creating prefix chain script '/external/install/setup.bash'
[21.611s] INFO:colcon.colcon_core.shell:Creating prefix script '/external/install/local_setup.zsh'
[21.612s] INFO:colcon.colcon_core.shell:Creating prefix chain script '/external/install/setup.zsh'
