[0.013s] Invoking command in '/external/build/rmw_cyclonedds_cpp': CMAKE_PREFIX_PATH=/external/install/cyclonedds:/opt/ros/humble LD_LIBRARY_PATH=/external/install/cyclonedds/lib:${LD_LIBRARY_PATH} PATH=/external/install/cyclonedds/bin:${PATH} PKG_CONFIG_PATH=/external/install/cyclonedds/lib/aarch64-linux-gnu/pkgconfig:/external/install/cyclonedds/lib/pkgconfig /usr/bin/cmake /external/src/unitree_ros2/cyclonedds_ws/src/ros2/rmw_cyclonedds/rmw_cyclonedds_cpp -DAMENT_CMAKE_SYMLINK_INSTALL=1 -DCMAKE_INSTALL_PREFIX=/external/install/rmw_cyclonedds_cpp
[0.095s] -- The C compiler identification is GNU 11.4.0
[0.177s] -- The CXX compiler identification is GNU 11.4.0
[0.188s] -- Detecting C compiler ABI info
[0.292s] -- Detecting C compiler ABI info - done
[0.309s] -- Check for working C compiler: /usr/bin/cc - skipped
[0.309s] -- Detecting C compile features
[0.310s] -- Detecting C compile features - done
[0.316s] -- Detecting CXX compiler ABI info
[0.435s] -- Detecting CXX compiler ABI info - done
[0.458s] -- Check for working CXX compiler: /usr/bin/c++ - skipped
[0.458s] -- Detecting CXX compile features
[0.460s] -- Detecting CXX compile features - done
[0.467s] -- Found ament_cmake_ros: 0.10.0 (/opt/ros/humble/share/ament_cmake_ros/cmake)
[0.731s] -- Found Python3: /usr/bin/python3 (found version "3.10.12") found components: Interpreter 
[0.857s] -- Override CMake install command with custom implementation using symlinks instead of copying resources
[0.943s] -- Found rcutils: 5.1.6 (/opt/ros/humble/share/rcutils/cmake)
[0.960s] -- Found rcpputils: 2.4.5 (/opt/ros/humble/share/rcpputils/cmake)
[0.970s] -- Found rmw: 6.1.2 (/opt/ros/humble/share/rmw/cmake)
[0.988s] -- Found rmw_dds_common: 1.6.0 (/opt/ros/humble/share/rmw_dds_common/cmake)
[1.009s] -- Found rosidl_generator_c: 3.1.6 (/opt/ros/humble/share/rosidl_generator_c/cmake)
[1.018s] -- Found rosidl_adapter: 3.1.6 (/opt/ros/humble/share/rosidl_adapter/cmake)
[1.033s] -- Found rosidl_generator_cpp: 3.1.6 (/opt/ros/humble/share/rosidl_generator_cpp/cmake)
[1.046s] -- Using all available rosidl_typesupport_c: rosidl_typesupport_fastrtps_c;rosidl_typesupport_introspection_c
[1.069s] -- Using all available rosidl_typesupport_cpp: rosidl_typesupport_fastrtps_cpp;rosidl_typesupport_introspection_cpp
[1.104s] -- Found ament_lint_auto: 0.12.12 (/opt/ros/humble/share/ament_lint_auto/cmake)
[1.252s] -- Added test 'copyright' to check source files copyright and LICENSE
[1.254s] -- Added test 'cppcheck' to perform static code analysis on C / C++ code
[1.255s] -- Configured cppcheck include dirs: $<BUILD_INTERFACE:/external/src/unitree_ros2/cyclonedds_ws/src/ros2/rmw_cyclonedds/rmw_cyclonedds_cpp/include>
[1.255s] -- Configured cppcheck exclude dirs and/or files: 
[1.258s] -- Added test 'cpplint' to check C / C++ code against the Google style
[1.258s] -- Configured cpplint exclude dirs and/or files: 
[1.259s] -- Added test 'lint_cmake' to check CMake code style
[1.263s] -- Added test 'uncrustify' to check C / C++ code style
[1.263s] -- Configured uncrustify additional arguments: 
[1.264s] -- Added test 'xmllint' to check XML markup files
[1.269s] -- Configuring done
[1.283s] -- Generating done
[1.287s] -- Build files have been written to: /external/build/rmw_cyclonedds_cpp
[1.299s] Invoked command in '/external/build/rmw_cyclonedds_cpp' returned '0': CMAKE_PREFIX_PATH=/external/install/cyclonedds:/opt/ros/humble LD_LIBRARY_PATH=/external/install/cyclonedds/lib:${LD_LIBRARY_PATH} PATH=/external/install/cyclonedds/bin:${PATH} PKG_CONFIG_PATH=/external/install/cyclonedds/lib/aarch64-linux-gnu/pkgconfig:/external/install/cyclonedds/lib/pkgconfig /usr/bin/cmake /external/src/unitree_ros2/cyclonedds_ws/src/ros2/rmw_cyclonedds/rmw_cyclonedds_cpp -DAMENT_CMAKE_SYMLINK_INSTALL=1 -DCMAKE_INSTALL_PREFIX=/external/install/rmw_cyclonedds_cpp
[1.302s] Invoking command in '/external/build/rmw_cyclonedds_cpp': CMAKE_PREFIX_PATH=/external/install/cyclonedds:/opt/ros/humble LD_LIBRARY_PATH=/external/install/cyclonedds/lib:${LD_LIBRARY_PATH} PATH=/external/install/cyclonedds/bin:${PATH} PKG_CONFIG_PATH=/external/install/cyclonedds/lib/aarch64-linux-gnu/pkgconfig:/external/install/cyclonedds/lib/pkgconfig /usr/bin/cmake --build /external/build/rmw_cyclonedds_cpp -- -j8 -l8
[1.379s] [ 40%] [32mBuilding CXX object CMakeFiles/rmw_cyclonedds_cpp.dir/src/demangle.cpp.o[0m
[1.379s] [ 40%] [32mBuilding CXX object CMakeFiles/rmw_cyclonedds_cpp.dir/src/serdata.cpp.o[0m
[1.379s] [ 50%] [32mBuilding CXX object CMakeFiles/rmw_cyclonedds_cpp.dir/src/serdes.cpp.o[0m
[1.379s] [ 40%] [32mBuilding CXX object CMakeFiles/rmw_cyclonedds_cpp.dir/src/deserialization_exception.cpp.o[0m
[1.379s] [ 80%] [32mBuilding CXX object CMakeFiles/rmw_cyclonedds_cpp.dir/src/rmw_node.cpp.o[0m
[1.380s] [ 40%] [32mBuilding CXX object CMakeFiles/rmw_cyclonedds_cpp.dir/src/u16string.cpp.o[0m
[1.382s] [ 80%] [32mBuilding CXX object CMakeFiles/rmw_cyclonedds_cpp.dir/src/exception.cpp.o[0m
[1.382s] [ 80%] [32mBuilding CXX object CMakeFiles/rmw_cyclonedds_cpp.dir/src/Serialization.cpp.o[0m
[1.650s] In file included from [01m[K/external/src/unitree_ros2/cyclonedds_ws/src/ros2/rmw_cyclonedds/rmw_cyclonedds_cpp/src/rmw_node.cpp:37[m[K:
[1.650s] [01m[K/opt/ros/humble/include/rcutils/rcutils/get_env.h:25:2:[m[K [01;35m[Kwarning: [m[K#warning rcutils/get_env.h has been deprecated, please include rcutils/env.h instead [[01;35m[K-Wcpp[m[K]
[1.650s]    25 | #[01;35m[Kwarning[m[K rcutils/get_env.h has been deprecated, please include rcutils/env.h instead
[1.650s]       |  [01;35m[K^~~~~~~[m[K
[1.802s] [ 90%] [32mBuilding CXX object CMakeFiles/rmw_cyclonedds_cpp.dir/src/TypeSupport2.cpp.o[0m
[2.558s] [01m[K/external/src/unitree_ros2/cyclonedds_ws/src/ros2/rmw_cyclonedds/rmw_cyclonedds_cpp/src/serdata.cpp:[m[K In function ‘[01m[Kddsi_serdata* serdata_rmw_to_topicless(const ddsi_serdata*)[m[K’:
[2.558s] [01m[K/external/src/unitree_ros2/cyclonedds_ws/src/ros2/rmw_cyclonedds/rmw_cyclonedds_cpp/src/serdata.cpp:239:32:[m[K [01;31m[Kerror: [m[K‘[01m[Kconst class serdata_rmw[m[K’ has no member named ‘[01m[Ktopic[m[K’
[2.558s]   239 |   auto d1 = new serdata_rmw(d->[01;31m[Ktopic[m[K, SDK_KEY);
[2.558s]       |                                [01;31m[K^~~~~[m[K
[2.559s] [01m[K/external/src/unitree_ros2/cyclonedds_ws/src/ros2/rmw_cyclonedds/rmw_cyclonedds_cpp/src/serdata.cpp:[m[K In function ‘[01m[Kbool serdata_rmw_to_sample(const ddsi_serdata*, void*, void**, void*)[m[K’:
[2.559s] [01m[K/external/src/unitree_ros2/cyclonedds_ws/src/ros2/rmw_cyclonedds/rmw_cyclonedds_cpp/src/serdata.cpp:274:85:[m[K [01;31m[Kerror: [m[K‘[01m[Kconst class serdata_rmw[m[K’ has no member named ‘[01m[Ktopic[m[K’
[2.559s]   274 |     const struct sertopic_rmw * topic = static_cast<const struct sertopic_rmw *>(d->[01;31m[Ktopic[m[K);
[2.559s]       |                                                                                     [01;31m[K^~~~~[m[K
[2.576s] [01m[K/external/src/unitree_ros2/cyclonedds_ws/src/ros2/rmw_cyclonedds/rmw_cyclonedds_cpp/src/serdata.cpp:[m[K At global scope:
[2.577s] [01m[K/external/src/unitree_ros2/cyclonedds_ws/src/ros2/rmw_cyclonedds/rmw_cyclonedds_cpp/src/serdata.cpp:408:3:[m[K [01;31m[Kerror: [m[Kinvalid conversion from ‘[01m[Kddsi_serdata* (*)(const ddsi_sertopic*, ddsi_serdata_kind, const nn_rdata*, std::size_t)[m[K’ {aka ‘[01m[Kddsi_serdata* (*)(const ddsi_sertopic*, ddsi_serdata_kind, const nn_rdata*, long unsigned int)[m[K’} to ‘[01m[Kddsi_serdata_from_ser_t[m[K’ {aka ‘[01m[Kddsi_serdata* (*)(const ddsi_sertype*, ddsi_serdata_kind, const nn_rdata*, long unsigned int)[m[K’} [[01;31m[K-fpermissive[m[K]
[2.577s]   408 |   [01;31m[Kserdata_rmw_from_ser[m[K,
[2.577s]       |   [01;31m[K^~~~~~~~~~~~~~~~~~~~[m[K
[2.577s]       |   [01;31m[K|[m[K
[2.577s]       |   [01;31m[Kddsi_serdata* (*)(const ddsi_sertopic*, ddsi_serdata_kind, const nn_rdata*, std::size_t) {aka ddsi_serdata* (*)(const ddsi_sertopic*, ddsi_serdata_kind, const nn_rdata*, long unsigned int)}[m[K
[2.577s] [01m[K/external/src/unitree_ros2/cyclonedds_ws/src/ros2/rmw_cyclonedds/rmw_cyclonedds_cpp/src/serdata.cpp:410:3:[m[K [01;31m[Kerror: [m[Kinvalid conversion from ‘[01m[Kddsi_serdata* (*)(const ddsi_sertopic*, ddsi_serdata_kind, ddsrt_msg_iovlen_t, const ddsrt_iovec_t*, std::size_t)[m[K’ {aka ‘[01m[Kddsi_serdata* (*)(const ddsi_sertopic*, ddsi_serdata_kind, long unsigned int, const iovec*, long unsigned int)[m[K’} to ‘[01m[Kddsi_serdata_from_ser_iov_t[m[K’ {aka ‘[01m[Kddsi_serdata* (*)(const ddsi_sertype*, ddsi_serdata_kind, long unsigned int, const iovec*, long unsigned int)[m[K’} [[01;31m[K-fpermissive[m[K]
[2.578s]   410 |   [01;31m[Kserdata_rmw_from_ser_iov[m[K,
[2.578s]       |   [01;31m[K^~~~~~~~~~~~~~~~~~~~~~~~[m[K
[2.578s]       |   [01;31m[K|[m[K
[2.578s]       |   [01;31m[Kddsi_serdata* (*)(const ddsi_sertopic*, ddsi_serdata_kind, ddsrt_msg_iovlen_t, const ddsrt_iovec_t*, std::size_t) {aka ddsi_serdata* (*)(const ddsi_sertopic*, ddsi_serdata_kind, long unsigned int, const iovec*, long unsigned int)}[m[K
[2.578s] [01m[K/external/src/unitree_ros2/cyclonedds_ws/src/ros2/rmw_cyclonedds/rmw_cyclonedds_cpp/src/serdata.cpp:412:3:[m[K [01;31m[Kerror: [m[Kinvalid conversion from ‘[01m[Kddsi_serdata* (*)(const ddsi_sertopic*, const ddsi_keyhash*)[m[K’ to ‘[01m[Kddsi_serdata_from_keyhash_t[m[K’ {aka ‘[01m[Kddsi_serdata* (*)(const ddsi_sertype*, const ddsi_keyhash*)[m[K’} [[01;31m[K-fpermissive[m[K]
[2.578s]   412 |   [01;31m[Kserdata_rmw_from_keyhash[m[K,
[2.579s]       |   [01;31m[K^~~~~~~~~~~~~~~~~~~~~~~~[m[K
[2.579s]       |   [01;31m[K|[m[K
[2.579s]       |   [01;31m[Kddsi_serdata* (*)(const ddsi_sertopic*, const ddsi_keyhash*)[m[K
[2.579s] [01m[K/external/src/unitree_ros2/cyclonedds_ws/src/ros2/rmw_cyclonedds/rmw_cyclonedds_cpp/src/serdata.cpp:413:3:[m[K [01;31m[Kerror: [m[Kinvalid conversion from ‘[01m[Kddsi_serdata* (*)(const ddsi_sertopic*, ddsi_serdata_kind, const void*)[m[K’ to ‘[01m[Kddsi_serdata_from_sample_t[m[K’ {aka ‘[01m[Kddsi_serdata* (*)(const ddsi_sertype*, ddsi_serdata_kind, const void*)[m[K’} [[01;31m[K-fpermissive[m[K]
[2.579s]   413 |   [01;31m[Kserdata_rmw_from_sample[m[K,
[2.579s]       |   [01;31m[K^~~~~~~~~~~~~~~~~~~~~~~[m[K
[2.579s]       |   [01;31m[K|[m[K
[2.579s]       |   [01;31m[Kddsi_serdata* (*)(const ddsi_sertopic*, ddsi_serdata_kind, const void*)[m[K
[2.579s] [01m[K/external/src/unitree_ros2/cyclonedds_ws/src/ros2/rmw_cyclonedds/rmw_cyclonedds_cpp/src/serdata.cpp:419:3:[m[K [01;31m[Kerror: [m[Kinvalid conversion from ‘[01m[Kbool (*)(const ddsi_sertopic*, const ddsi_serdata*, void*, void**, void*)[m[K’ to ‘[01m[Kddsi_serdata_untyped_to_sample_t[m[K’ {aka ‘[01m[Kbool (*)(const ddsi_sertype*, const ddsi_serdata*, void*, void**, void*)[m[K’} [[01;31m[K-fpermissive[m[K]
[2.579s]   419 |   [01;31m[Kserdata_rmw_topicless_to_sample[m[K,
[2.579s]       |   [01;31m[K^~~~~~~~~~~~~~~~~~~~~~~~~~~~~~~[m[K
[2.580s]       |   [01;31m[K|[m[K
[2.580s]       |   [01;31m[Kbool (*)(const ddsi_sertopic*, const ddsi_serdata*, void*, void**, void*)[m[K
[2.580s] [01m[K/external/src/unitree_ros2/cyclonedds_ws/src/ros2/rmw_cyclonedds/rmw_cyclonedds_cpp/src/serdata.cpp:422:5:[m[K [01;31m[Kerror: [m[Kinvalid conversion from ‘[01m[Kstd::size_t (*)(const ddsi_sertopic*, const ddsi_serdata*, char*, std::size_t)[m[K’ {aka ‘[01m[Klong unsigned int (*)(const ddsi_sertopic*, const ddsi_serdata*, char*, long unsigned int)[m[K’} to ‘[01m[Kddsi_serdata_print_t[m[K’ {aka ‘[01m[Klong unsigned int (*)(const ddsi_sertype*, const ddsi_serdata*, char*, long unsigned int)[m[K’} [[01;31m[K-fpermissive[m[K]
[2.580s]   422 |   , [01;31m[Kserdata_rmw_print[m[K
[2.580s]       |     [01;31m[K^~~~~~~~~~~~~~~~~[m[K
[2.580s]       |     [01;31m[K|[m[K
[2.580s]       |     [01;31m[Kstd::size_t (*)(const ddsi_sertopic*, const ddsi_serdata*, char*, std::size_t) {aka long unsigned int (*)(const ddsi_sertopic*, const ddsi_serdata*, char*, long unsigned int)}[m[K
[2.580s] [01m[K/external/src/unitree_ros2/cyclonedds_ws/src/ros2/rmw_cyclonedds/rmw_cyclonedds_cpp/src/serdata.cpp:427:1:[m[K [01;35m[Kwarning: [m[Kmissing initializer for member ‘[01m[Kddsi_serdata_ops::get_sample_size[m[K’ [[01;35m[K-Wmissing-field-initializers[m[K]
[2.580s]   427 | [01;35m[K}[m[K;
[2.580s]       | [01;35m[K^[m[K
[2.581s] [01m[K/external/src/unitree_ros2/cyclonedds_ws/src/ros2/rmw_cyclonedds/rmw_cyclonedds_cpp/src/serdata.cpp:427:1:[m[K [01;35m[Kwarning: [m[Kmissing initializer for member ‘[01m[Kddsi_serdata_ops::from_iox_buffer[m[K’ [[01;35m[K-Wmissing-field-initializers[m[K]
[2.591s] [01m[K/external/src/unitree_ros2/cyclonedds_ws/src/ros2/rmw_cyclonedds/rmw_cyclonedds_cpp/src/serdata.cpp:[m[K In function ‘[01m[Ksertopic_rmw* create_sertopic(const char*, const char*, void*, bool, std::unique_ptr<rmw_cyclonedds_cpp::StructValueType>)[m[K’:
[2.591s] [01m[K/external/src/unitree_ros2/cyclonedds_ws/src/ros2/rmw_cyclonedds/rmw_cyclonedds_cpp/src/serdata.cpp:560:43:[m[K [01;31m[Kerror: [m[Kcannot convert ‘[01m[Kconst ddsi_serdata_ops*[m[K’ to ‘[01m[Kconst ddsi_sertopic_serdata_ops*[m[K’
[2.591s]   560 |     type_name.c_str(), &sertopic_rmw_ops, [01;31m[K&serdata_rmw_ops[m[K, true);
[2.591s]       |                                           [01;31m[K^~~~~~~~~~~~~~~~[m[K
[2.591s]       |                                           [01;31m[K|[m[K
[2.591s]       |                                           [01;31m[Kconst ddsi_serdata_ops*[m[K
[2.591s] In file included from [01m[K/external/src/unitree_ros2/cyclonedds_ws/src/ros2/rmw_cyclonedds/rmw_cyclonedds_cpp/src/serdata.hpp:23[m[K,
[2.591s]                  from [01m[K/external/src/unitree_ros2/cyclonedds_ws/src/ros2/rmw_cyclonedds/rmw_cyclonedds_cpp/src/serdata.cpp:14[m[K:
[2.592s] [01m[K/external/install/cyclonedds/include/dds/ddsi/ddsi_sertopic.h:76:190:[m[K [01;36m[Knote: [m[K  initializing argument 5 of ‘[01m[Kvoid ddsi_sertopic_init(ddsi_sertopic*, const char*, const char*, const ddsi_sertopic_ops*, const ddsi_sertopic_serdata_ops*, bool)[m[K’
[2.592s]    76 | DDS_EXPORT void ddsi_sertopic_init (struct ddsi_sertopic *tp, const char *name, const char *type_name, const struct ddsi_sertopic_ops *sertopic_ops, [01;36m[Kconst struct ddsi_sertopic_serdata_ops *serdata_ops[m[K, bool topickind_no_key);
[2.592s]       |                                                                                                                                                      [01;36m[K~~~~~~~~~~~~~~~~~~~~~~~~~~~~~~~~~~~~~~~~^~~~~~~~~~~[m[K
[2.605s] [01m[K/external/src/unitree_ros2/cyclonedds_ws/src/ros2/rmw_cyclonedds/rmw_cyclonedds_cpp/src/serdata.cpp:[m[K In constructor ‘[01m[Kserdata_rmw::serdata_rmw(const ddsi_sertopic*, ddsi_serdata_kind)[m[K’:
[2.605s] [01m[K/external/src/unitree_ros2/cyclonedds_ws/src/ros2/rmw_cyclonedds/rmw_cyclonedds_cpp/src/serdata.cpp:603:27:[m[K [01;31m[Kerror: [m[Kcannot convert ‘[01m[Kconst ddsi_sertopic*[m[K’ to ‘[01m[Kconst ddsi_sertype*[m[K’
[2.605s]   603 |   ddsi_serdata_init(this, [01;31m[Ktopic[m[K, kind);
[2.605s]       |                           [01;31m[K^~~~~[m[K
[2.605s]       |                           [01;31m[K|[m[K
[2.605s]       |                           [01;31m[Kconst ddsi_sertopic*[m[K
[2.605s] In file included from [01m[K/external/src/unitree_ros2/cyclonedds_ws/src/ros2/rmw_cyclonedds/rmw_cyclonedds_cpp/src/serdata.hpp:22[m[K,
[2.605s]                  from [01m[K/external/src/unitree_ros2/cyclonedds_ws/src/ros2/rmw_cyclonedds/rmw_cyclonedds_cpp/src/serdata.cpp:14[m[K:
[2.606s] [01m[K/external/install/cyclonedds/include/dds/ddsi/ddsi_serdata.h:206:87:[m[K [01;36m[Knote: [m[K  initializing argument 2 of ‘[01m[Kvoid ddsi_serdata_init(ddsi_serdata*, const ddsi_sertype*, ddsi_serdata_kind)[m[K’
[2.606s]   206 | DDS_EXPORT void ddsi_serdata_init (struct ddsi_serdata *d, [01;36m[Kconst struct ddsi_sertype *type[m[K, enum ddsi_serdata_kind kind);
[2.606s]       |                                                            [01;36m[K~~~~~~~~~~~~~~~~~~~~~~~~~~~^~~~[m[K
[2.871s] [01m[K/external/src/unitree_ros2/cyclonedds_ws/src/ros2/rmw_cyclonedds/rmw_cyclonedds_cpp/src/rmw_node.cpp:250:8:[m[K [01;31m[Kerror: [m[Kusing typedef-name ‘[01m[Krmw_context_impl_t[m[K’ after ‘[01m[Kstruct[m[K’
[2.871s]   250 | struct [01;31m[Krmw_context_impl_t[m[K
[2.871s]       |        [01;31m[K^~~~~~~~~~~~~~~~~~[m[K
[2.871s] In file included from [01m[K/opt/ros/humble/include/rmw/rmw/types.h:31[m[K,
[2.872s]                  from [01m[K/opt/ros/humble/include/rmw/rmw/allocators.h:23[m[K,
[2.872s]                  from [01m[K/external/src/unitree_ros2/cyclonedds_ws/src/ros2/rmw_cyclonedds/rmw_cyclonedds_cpp/src/rmw_node.cpp:42[m[K:
[2.872s] [01m[K/opt/ros/humble/include/rmw/rmw/init.h:34:35:[m[K [01;36m[Knote: [m[K‘[01m[Krmw_context_impl_t[m[K’ has a previous declaration here
[2.872s]    34 | typedef struct rmw_context_impl_s [01;36m[Krmw_context_impl_t[m[K;
[2.872s]       |                                   [01;36m[K^~~~~~~~~~~~~~~~~~[m[K
[2.899s] [01m[K/external/src/unitree_ros2/cyclonedds_ws/src/ros2/rmw_cyclonedds/rmw_cyclonedds_cpp/src/rmw_node.cpp:[m[K In function ‘[01m[Kvoid handle_ParticipantEntitiesInfo(dds_entity_t, void*)[m[K’:
[2.900s] [01m[K/external/src/unitree_ros2/cyclonedds_ws/src/ros2/rmw_cyclonedds/rmw_cyclonedds_cpp/src/rmw_node.cpp:556:23:[m[K [01;31m[Kerror: [m[Kinvalid use of incomplete type ‘[01m[Krmw_context_impl_t[m[K’ {aka ‘[01m[Kstruct rmw_context_impl_s[m[K’}
[2.900s]   556 |   while (rmw_take(impl[01;31m[K->[m[Kcommon.sub, &msg, &taken, nullptr) == RMW_RET_OK && taken) {
[2.900s]       |                       [01;31m[K^~[m[K
[2.900s] In file included from [01m[K/opt/ros/humble/include/rmw/rmw/types.h:31[m[K,
[2.900s]                  from [01m[K/opt/ros/humble/include/rmw/rmw/allocators.h:23[m[K,
[2.900s]                  from [01m[K/external/src/unitree_ros2/cyclonedds_ws/src/ros2/rmw_cyclonedds/rmw_cyclonedds_cpp/src/rmw_node.cpp:42[m[K:
[2.901s] [01m[K/opt/ros/humble/include/rmw/rmw/init.h:34:16:[m[K [01;36m[Knote: [m[Kforward declaration of ‘[01m[Krmw_context_impl_t[m[K’ {aka ‘[01m[Kstruct rmw_context_impl_s[m[K’}
[2.901s]    34 | typedef struct [01;36m[Krmw_context_impl_s[m[K rmw_context_impl_t;
[2.901s]       |                [01;36m[K^~~~~~~~~~~~~~~~~~[m[K
[2.901s] [01m[K/external/src/unitree_ros2/cyclonedds_ws/src/ros2/rmw_cyclonedds/rmw_cyclonedds_cpp/src/rmw_node.cpp:558:9:[m[K [01;31m[Kerror: [m[Kinvalid use of incomplete type ‘[01m[Krmw_context_impl_t[m[K’ {aka ‘[01m[Kstruct rmw_context_impl_s[m[K’}
[2.901s]   558 |     impl[01;31m[K->[m[Kcommon.graph_cache.update_participant_entities(msg);
[2.901s]       |         [01;31m[K^~[m[K
[2.901s] In file included from [01m[K/opt/ros/humble/include/rmw/rmw/types.h:31[m[K,
[2.901s]                  from [01m[K/opt/ros/humble/include/rmw/rmw/allocators.h:23[m[K,
[2.901s]                  from [01m[K/external/src/unitree_ros2/cyclonedds_ws/src/ros2/rmw_cyclonedds/rmw_cyclonedds_cpp/src/rmw_node.cpp:42[m[K:
[2.901s] [01m[K/opt/ros/humble/include/rmw/rmw/init.h:34:16:[m[K [01;36m[Knote: [m[Kforward declaration of ‘[01m[Krmw_context_impl_t[m[K’ {aka ‘[01m[Kstruct rmw_context_impl_s[m[K’}
[2.902s]    34 | typedef struct [01;36m[Krmw_context_impl_s[m[K rmw_context_impl_t;
[2.902s]       |                [01;36m[K^~~~~~~~~~~~~~~~~~[m[K
[2.902s] [01m[K/external/src/unitree_ros2/cyclonedds_ws/src/ros2/rmw_cyclonedds/rmw_cyclonedds_cpp/src/rmw_node.cpp:[m[K In function ‘[01m[Kvoid handle_DCPSParticipant(dds_entity_t, void*)[m[K’:
[2.902s] [01m[K/external/src/unitree_ros2/cyclonedds_ws/src/ros2/rmw_cyclonedds/rmw_cyclonedds_cpp/src/rmw_node.cpp:571:27:[m[K [01;31m[Kerror: [m[Kinvalid use of incomplete type ‘[01m[Krmw_context_impl_t[m[K’ {aka ‘[01m[Kstruct rmw_context_impl_s[m[K’}
[2.902s]   571 |     if (memcmp(&gid, &impl[01;31m[K->[m[Kcommon.gid, sizeof(gid)) == 0) {
[2.902s]       |                           [01;31m[K^~[m[K
[2.902s] In file included from [01m[K/opt/ros/humble/include/rmw/rmw/types.h:31[m[K,
[2.902s]                  from [01m[K/opt/ros/humble/include/rmw/rmw/allocators.h:23[m[K,
[2.902s]                  from [01m[K/external/src/unitree_ros2/cyclonedds_ws/src/ros2/rmw_cyclonedds/rmw_cyclonedds_cpp/src/rmw_node.cpp:42[m[K:
[2.902s] [01m[K/opt/ros/humble/include/rmw/rmw/init.h:34:16:[m[K [01;36m[Knote: [m[Kforward declaration of ‘[01m[Krmw_context_impl_t[m[K’ {aka ‘[01m[Kstruct rmw_context_impl_s[m[K’}
[2.902s]    34 | typedef struct [01;36m[Krmw_context_impl_s[m[K rmw_context_impl_t;
[2.902s]       |                [01;36m[K^~~~~~~~~~~~~~~~~~[m[K
[2.903s] [01m[K/external/src/unitree_ros2/cyclonedds_ws/src/ros2/rmw_cyclonedds/rmw_cyclonedds_cpp/src/rmw_node.cpp:574:11:[m[K [01;31m[Kerror: [m[Kinvalid use of incomplete type ‘[01m[Krmw_context_impl_t[m[K’ {aka ‘[01m[Kstruct rmw_context_impl_s[m[K’}
[2.903s]   574 |       impl[01;31m[K->[m[Kcommon.graph_cache.remove_participant(gid);
[2.903s]       |           [01;31m[K^~[m[K
[2.903s] In file included from [01m[K/opt/ros/humble/include/rmw/rmw/types.h:31[m[K,
[2.903s]                  from [01m[K/opt/ros/humble/include/rmw/rmw/allocators.h:23[m[K,
[2.903s]                  from [01m[K/external/src/unitree_ros2/cyclonedds_ws/src/ros2/rmw_cyclonedds/rmw_cyclonedds_cpp/src/rmw_node.cpp:42[m[K:
[2.903s] [01m[K/opt/ros/humble/include/rmw/rmw/init.h:34:16:[m[K [01;36m[Knote: [m[Kforward declaration of ‘[01m[Krmw_context_impl_t[m[K’ {aka ‘[01m[Kstruct rmw_context_impl_s[m[K’}
[2.903s]    34 | typedef struct [01;36m[Krmw_context_impl_s[m[K rmw_context_impl_t;
[2.903s]       |                [01;36m[K^~~~~~~~~~~~~~~~~~[m[K
[2.903s] [01m[K/external/src/unitree_ros2/cyclonedds_ws/src/ros2/rmw_cyclonedds/rmw_cyclonedds_cpp/src/rmw_node.cpp:578:13:[m[K [01;31m[Kerror: [m[Kinvalid use of incomplete type ‘[01m[Krmw_context_impl_t[m[K’ {aka ‘[01m[Kstruct rmw_context_impl_s[m[K’}
[2.903s]   578 |         impl[01;31m[K->[m[Kcommon.graph_cache.add_participant(gid, enclave);
[2.903s]       |             [01;31m[K^~[m[K
[2.904s] In file included from [01m[K/opt/ros/humble/include/rmw/rmw/types.h:31[m[K,
[2.904s]                  from [01m[K/opt/ros/humble/include/rmw/rmw/allocators.h:23[m[K,
[2.904s]                  from [01m[K/external/src/unitree_ros2/cyclonedds_ws/src/ros2/rmw_cyclonedds/rmw_cyclonedds_cpp/src/rmw_node.cpp:42[m[K:
[2.904s] [01m[K/opt/ros/humble/include/rmw/rmw/init.h:34:16:[m[K [01;36m[Knote: [m[Kforward declaration of ‘[01m[Krmw_context_impl_t[m[K’ {aka ‘[01m[Kstruct rmw_context_impl_s[m[K’}
[2.904s]    34 | typedef struct [01;36m[Krmw_context_impl_s[m[K rmw_context_impl_t;
[2.904s]       |                [01;36m[K^~~~~~~~~~~~~~~~~~[m[K
[2.904s] [01m[K/external/src/unitree_ros2/cyclonedds_ws/src/ros2/rmw_cyclonedds/rmw_cyclonedds_cpp/src/rmw_node.cpp:[m[K In function ‘[01m[Kvoid handle_builtintopic_endpoint(dds_entity_t, rmw_context_impl_t*, bool)[m[K’:
[2.904s] [01m[K/external/src/unitree_ros2/cyclonedds_ws/src/ros2/rmw_cyclonedds/rmw_cyclonedds_cpp/src/rmw_node.cpp:596:11:[m[K [01;31m[Kerror: [m[Kinvalid use of incomplete type ‘[01m[Krmw_context_impl_t[m[K’ {aka ‘[01m[Kstruct rmw_context_impl_s[m[K’}
[2.904s]   596 |       impl[01;31m[K->[m[Kcommon.graph_cache.remove_entity(gid, is_reader);
[2.905s]       |           [01;31m[K^~[m[K
[2.905s] In file included from [01m[K/opt/ros/humble/include/rmw/rmw/types.h:31[m[K,
[2.905s]                  from [01m[K/opt/ros/humble/include/rmw/rmw/allocators.h:23[m[K,
[2.905s]                  from [01m[K/external/src/unitree_ros2/cyclonedds_ws/src/ros2/rmw_cyclonedds/rmw_cyclonedds_cpp/src/rmw_node.cpp:42[m[K:
[2.905s] [01m[K/opt/ros/humble/include/rmw/rmw/init.h:34:16:[m[K [01;36m[Knote: [m[Kforward declaration of ‘[01m[Krmw_context_impl_t[m[K’ {aka ‘[01m[Kstruct rmw_context_impl_s[m[K’}
[2.905s]    34 | typedef struct [01;36m[Krmw_context_impl_s[m[K rmw_context_impl_t;
[2.905s]       |                [01;36m[K^~~~~~~~~~~~~~~~~~[m[K
[2.905s] [01m[K/external/src/unitree_ros2/cyclonedds_ws/src/ros2/rmw_cyclonedds/rmw_cyclonedds_cpp/src/rmw_node.cpp:602:11:[m[K [01;31m[Kerror: [m[Kinvalid use of incomplete type ‘[01m[Krmw_context_impl_t[m[K’ {aka ‘[01m[Kstruct rmw_context_impl_s[m[K’}
[2.905s]   602 |       impl[01;31m[K->[m[Kcommon.graph_cache.add_entity(
[2.905s]       |           [01;31m[K^~[m[K
[2.905s] In file included from [01m[K/opt/ros/humble/include/rmw/rmw/types.h:31[m[K,
[2.906s]                  from [01m[K/opt/ros/humble/include/rmw/rmw/allocators.h:23[m[K,
[2.906s]                  from [01m[K/external/src/unitree_ros2/cyclonedds_ws/src/ros2/rmw_cyclonedds/rmw_cyclonedds_cpp/src/rmw_node.cpp:42[m[K:
[2.906s] [01m[K/opt/ros/humble/include/rmw/rmw/init.h:34:16:[m[K [01;36m[Knote: [m[Kforward declaration of ‘[01m[Krmw_context_impl_t[m[K’ {aka ‘[01m[Kstruct rmw_context_impl_s[m[K’}
[2.906s]    34 | typedef struct [01;36m[Krmw_context_impl_s[m[K rmw_context_impl_t;
[2.906s]       |                [01;36m[K^~~~~~~~~~~~~~~~~~[m[K
[2.906s] [01m[K/external/src/unitree_ros2/cyclonedds_ws/src/ros2/rmw_cyclonedds/rmw_cyclonedds_cpp/src/rmw_node.cpp:[m[K In function ‘[01m[Kvoid discovery_thread(rmw_context_impl_t*)[m[K’:
[2.906s] [01m[K/external/src/unitree_ros2/cyclonedds_ws/src/ros2/rmw_cyclonedds/rmw_cyclonedds_cpp/src/rmw_node.cpp:628:76:[m[K [01;31m[Kerror: [m[Kinvalid use of incomplete type ‘[01m[Krmw_context_impl_t[m[K’ {aka ‘[01m[Kstruct rmw_context_impl_s[m[K’}
[2.906s]   628 |   const CddsSubscription * sub = static_cast<const CddsSubscription *>(impl[01;31m[K->[m[Kcommon.sub->data);
[2.906s]       |                                                                            [01;31m[K^~[m[K
[2.906s] In file included from [01m[K/opt/ros/humble/include/rmw/rmw/types.h:31[m[K,
[2.906s]                  from [01m[K/opt/ros/humble/include/rmw/rmw/allocators.h:23[m[K,
[2.906s]                  from [01m[K/external/src/unitree_ros2/cyclonedds_ws/src/ros2/rmw_cyclonedds/rmw_cyclonedds_cpp/src/rmw_node.cpp:42[m[K:
[2.907s] [01m[K/opt/ros/humble/include/rmw/rmw/init.h:34:16:[m[K [01;36m[Knote: [m[Kforward declaration of ‘[01m[Krmw_context_impl_t[m[K’ {aka ‘[01m[Kstruct rmw_context_impl_s[m[K’}
[2.907s]    34 | typedef struct [01;36m[Krmw_context_impl_s[m[K rmw_context_impl_t;
[2.907s]       |                [01;36m[K^~~~~~~~~~~~~~~~~~[m[K
[2.907s] [01m[K/external/src/unitree_ros2/cyclonedds_ws/src/ros2/rmw_cyclonedds/rmw_cyclonedds_cpp/src/rmw_node.cpp:630:49:[m[K [01;31m[Kerror: [m[Kinvalid use of incomplete type ‘[01m[Krmw_context_impl_t[m[K’ {aka ‘[01m[Kstruct rmw_context_impl_s[m[K’}
[2.907s]   630 |     static_cast<const CddsGuardCondition *>(impl[01;31m[K->[m[Kcommon.listener_thread_gc->data);
[2.907s]       |                                                 [01;31m[K^~[m[K
[2.907s] In file included from [01m[K/opt/ros/humble/include/rmw/rmw/types.h:31[m[K,
[2.907s]                  from [01m[K/opt/ros/humble/include/rmw/rmw/allocators.h:23[m[K,
[2.907s]                  from [01m[K/external/src/unitree_ros2/cyclonedds_ws/src/ros2/rmw_cyclonedds/rmw_cyclonedds_cpp/src/rmw_node.cpp:42[m[K:
[2.907s] [01m[K/opt/ros/humble/include/rmw/rmw/init.h:34:16:[m[K [01;36m[Knote: [m[Kforward declaration of ‘[01m[Krmw_context_impl_t[m[K’ {aka ‘[01m[Kstruct rmw_context_impl_s[m[K’}
[2.907s]    34 | typedef struct [01;36m[Krmw_context_impl_s[m[K rmw_context_impl_t;
[2.907s]       |                [01;36m[K^~~~~~~~~~~~~~~~~~[m[K
[2.908s] [01m[K/external/src/unitree_ros2/cyclonedds_ws/src/ros2/rmw_cyclonedds/rmw_cyclonedds_cpp/src/rmw_node.cpp:646:10:[m[K [01;31m[Kerror: [m[Kinvalid use of incomplete type ‘[01m[Krmw_context_impl_t[m[K’ {aka ‘[01m[Kstruct rmw_context_impl_s[m[K’}
[2.908s]   646 |     {impl[01;31m[K->[m[Krd_participant, handle_DCPSParticipant},
[2.908s]       |          [01;31m[K^~[m[K
[2.908s] In file included from [01m[K/opt/ros/humble/include/rmw/rmw/types.h:31[m[K,
[2.908s]                  from [01m[K/opt/ros/humble/include/rmw/rmw/allocators.h:23[m[K,
[2.908s]                  from [01m[K/external/src/unitree_ros2/cyclonedds_ws/src/ros2/rmw_cyclonedds/rmw_cyclonedds_cpp/src/rmw_node.cpp:42[m[K:
[2.908s] [01m[K/opt/ros/humble/include/rmw/rmw/init.h:34:16:[m[K [01;36m[Knote: [m[Kforward declaration of ‘[01m[Krmw_context_impl_t[m[K’ {aka ‘[01m[Kstruct rmw_context_impl_s[m[K’}
[2.908s]    34 | typedef struct [01;36m[Krmw_context_impl_s[m[K rmw_context_impl_t;
[2.908s]       |                [01;36m[K^~~~~~~~~~~~~~~~~~[m[K
[2.908s] [01m[K/external/src/unitree_ros2/cyclonedds_ws/src/ros2/rmw_cyclonedds/rmw_cyclonedds_cpp/src/rmw_node.cpp:647:10:[m[K [01;31m[Kerror: [m[Kinvalid use of incomplete type ‘[01m[Krmw_context_impl_t[m[K’ {aka ‘[01m[Kstruct rmw_context_impl_s[m[K’}
[2.908s]   647 |     {impl[01;31m[K->[m[Krd_subscription, handle_DCPSSubscription},
[2.908s]       |          [01;31m[K^~[m[K
[2.908s] In file included from [01m[K/opt/ros/humble/include/rmw/rmw/types.h:31[m[K,
[2.909s]                  from [01m[K/opt/ros/humble/include/rmw/rmw/allocators.h:23[m[K,
[2.909s]                  from [01m[K/external/src/unitree_ros2/cyclonedds_ws/src/ros2/rmw_cyclonedds/rmw_cyclonedds_cpp/src/rmw_node.cpp:42[m[K:
[2.909s] [01m[K/opt/ros/humble/include/rmw/rmw/init.h:34:16:[m[K [01;36m[Knote: [m[Kforward declaration of ‘[01m[Krmw_context_impl_t[m[K’ {aka ‘[01m[Kstruct rmw_context_impl_s[m[K’}
[2.909s]    34 | typedef struct [01;36m[Krmw_context_impl_s[m[K rmw_context_impl_t;
[2.909s]       |                [01;36m[K^~~~~~~~~~~~~~~~~~[m[K
[2.909s] [01m[K/external/src/unitree_ros2/cyclonedds_ws/src/ros2/rmw_cyclonedds/rmw_cyclonedds_cpp/src/rmw_node.cpp:648:10:[m[K [01;31m[Kerror: [m[Kinvalid use of incomplete type ‘[01m[Krmw_context_impl_t[m[K’ {aka ‘[01m[Kstruct rmw_context_impl_s[m[K’}
[2.909s]   648 |     {impl[01;31m[K->[m[Krd_publication, handle_DCPSPublication},
[2.909s]       |          [01;31m[K^~[m[K
[2.909s] In file included from [01m[K/opt/ros/humble/include/rmw/rmw/types.h:31[m[K,
[2.909s]                  from [01m[K/opt/ros/humble/include/rmw/rmw/allocators.h:23[m[K,
[2.909s]                  from [01m[K/external/src/unitree_ros2/cyclonedds_ws/src/ros2/rmw_cyclonedds/rmw_cyclonedds_cpp/src/rmw_node.cpp:42[m[K:
[2.909s] [01m[K/opt/ros/humble/include/rmw/rmw/init.h:34:16:[m[K [01;36m[Knote: [m[Kforward declaration of ‘[01m[Krmw_context_impl_t[m[K’ {aka ‘[01m[Kstruct rmw_context_impl_s[m[K’}
[2.910s]    34 | typedef struct [01;36m[Krmw_context_impl_s[m[K rmw_context_impl_t;
[2.910s]       |                [01;36m[K^~~~~~~~~~~~~~~~~~[m[K
[2.918s] [01m[K/external/src/unitree_ros2/cyclonedds_ws/src/ros2/rmw_cyclonedds/rmw_cyclonedds_cpp/src/rmw_node.cpp:649:3:[m[K [01;31m[Kerror: [m[Kcould not convert ‘[01m[K{{gc->CddsGuardCondition::gcondh, nullptr}, {sub->CddsSubscription::<anonymous>.CddsEntity::enth, handle_ParticipantEntitiesInfo}, {<expression error>, handle_DCPSParticipant}, {<expression error>, handle_DCPSSubscription}, {<expression error>, handle_DCPSPublication}}[m[K’ from ‘[01m[K<brace-enclosed initializer list>[m[K’ to ‘[01m[Kstd::vector<std::pair<int, std::function<void(int, rmw_context_impl_s*)> > >[m[K’
[2.918s]   649 |   [01;31m[K}[m[K;
[2.918s]       |   [01;31m[K^[m[K
[2.918s]       |   [01;31m[K|[m[K
[2.918s]       |   [01;31m[K<brace-enclosed initializer list>[m[K
[2.919s] [01m[K/external/src/unitree_ros2/cyclonedds_ws/src/ros2/rmw_cyclonedds/rmw_cyclonedds_cpp/src/rmw_node.cpp:668:14:[m[K [01;31m[Kerror: [m[Kinvalid use of incomplete type ‘[01m[Krmw_context_impl_t[m[K’ {aka ‘[01m[Kstruct rmw_context_impl_s[m[K’}
[2.919s]   668 |   while (impl[01;31m[K->[m[Kcommon.thread_is_running.load()) {
[2.919s]       |              [01;31m[K^~[m[K
[2.919s] In file included from [01m[K/opt/ros/humble/include/rmw/rmw/types.h:31[m[K,
[2.919s]                  from [01m[K/opt/ros/humble/include/rmw/rmw/allocators.h:23[m[K,
[2.919s]                  from [01m[K/external/src/unitree_ros2/cyclonedds_ws/src/ros2/rmw_cyclonedds/rmw_cyclonedds_cpp/src/rmw_node.cpp:42[m[K:
[2.919s] [01m[K/opt/ros/humble/include/rmw/rmw/init.h:34:16:[m[K [01;36m[Knote: [m[Kforward declaration of ‘[01m[Krmw_context_impl_t[m[K’ {aka ‘[01m[Kstruct rmw_context_impl_s[m[K’}
[2.920s]    34 | typedef struct [01;36m[Krmw_context_impl_s[m[K rmw_context_impl_t;
[2.920s]       |                [01;36m[K^~~~~~~~~~~~~~~~~~[m[K
[2.920s] [01m[K/external/src/unitree_ros2/cyclonedds_ws/src/ros2/rmw_cyclonedds/rmw_cyclonedds_cpp/src/rmw_node.cpp:[m[K In function ‘[01m[Krmw_ret_t discovery_thread_start(rmw_context_impl_t*)[m[K’:
[2.920s] [01m[K/external/src/unitree_ros2/cyclonedds_ws/src/ros2/rmw_cyclonedds/rmw_cyclonedds_cpp/src/rmw_node.cpp:686:30:[m[K [01;31m[Kerror: [m[Kinvalid use of incomplete type ‘[01m[Krmw_context_impl_t[m[K’ {aka ‘[01m[Kstruct rmw_context_impl_s[m[K’}
[2.920s]   686 |   auto common_context = &impl[01;31m[K->[m[Kcommon;
[2.920s]       |                              [01;31m[K^~[m[K
[2.920s] In file included from [01m[K/opt/ros/humble/include/rmw/rmw/types.h:31[m[K,
[2.920s]                  from [01m[K/opt/ros/humble/include/rmw/rmw/allocators.h:23[m[K,
[2.920s]                  from [01m[K/external/src/unitree_ros2/cyclonedds_ws/src/ros2/rmw_cyclonedds/rmw_cyclonedds_cpp/src/rmw_node.cpp:42[m[K:
[2.920s] [01m[K/opt/ros/humble/include/rmw/rmw/init.h:34:16:[m[K [01;36m[Knote: [m[Kforward declaration of ‘[01m[Krmw_context_impl_t[m[K’ {aka ‘[01m[Kstruct rmw_context_impl_s[m[K’}
[2.920s]    34 | typedef struct [01;36m[Krmw_context_impl_s[m[K rmw_context_impl_t;
[2.920s]       |                [01;36m[K^~~~~~~~~~~~~~~~~~[m[K
[2.927s] [01m[K/external/src/unitree_ros2/cyclonedds_ws/src/ros2/rmw_cyclonedds/rmw_cyclonedds_cpp/src/rmw_node.cpp:[m[K At global scope:
[2.927s] [01m[K/external/src/unitree_ros2/cyclonedds_ws/src/ros2/rmw_cyclonedds/rmw_cyclonedds_cpp/src/rmw_node.cpp:929:54:[m[K [01;31m[Kerror: [m[Kinvalid use of incomplete type ‘[01m[Kstruct rmw_context_impl_s[m[K’
[2.927s]   929 | rmw_context_impl_t::init(rmw_init_options_t * options[01;31m[K)[m[K
[2.927s]       |                                                      [01;31m[K^[m[K
[2.927s] In file included from [01m[K/opt/ros/humble/include/rmw/rmw/types.h:31[m[K,
[2.927s]                  from [01m[K/opt/ros/humble/include/rmw/rmw/allocators.h:23[m[K,
[2.927s]                  from [01m[K/external/src/unitree_ros2/cyclonedds_ws/src/ros2/rmw_cyclonedds/rmw_cyclonedds_cpp/src/rmw_node.cpp:42[m[K:
[2.927s] [01m[K/opt/ros/humble/include/rmw/rmw/init.h:34:16:[m[K [01;36m[Knote: [m[Kforward declaration of ‘[01m[Kstruct rmw_context_impl_s[m[K’
[2.927s]    34 | typedef struct [01;36m[Krmw_context_impl_s[m[K rmw_context_impl_t;
[2.928s]       |                [01;36m[K^~~~~~~~~~~~~~~~~~[m[K
[2.928s] [01m[K/external/src/unitree_ros2/cyclonedds_ws/src/ros2/rmw_cyclonedds/rmw_cyclonedds_cpp/src/rmw_node.cpp:1088:30:[m[K [01;31m[Kerror: [m[Kinvalid use of incomplete type ‘[01m[Kstruct rmw_context_impl_s[m[K’
[2.928s]  1088 | rmw_context_impl_t::clean_up([01;31m[K)[m[K
[2.928s]       |                              [01;31m[K^[m[K
[2.928s] In file included from [01m[K/opt/ros/humble/include/rmw/rmw/types.h:31[m[K,
[2.928s]                  from [01m[K/opt/ros/humble/include/rmw/rmw/allocators.h:23[m[K,
[2.928s]                  from [01m[K/external/src/unitree_ros2/cyclonedds_ws/src/ros2/rmw_cyclonedds/rmw_cyclonedds_cpp/src/rmw_node.cpp:42[m[K:
[2.928s] [01m[K/opt/ros/humble/include/rmw/rmw/init.h:34:16:[m[K [01;36m[Knote: [m[Kforward declaration of ‘[01m[Kstruct rmw_context_impl_s[m[K’
[2.928s]    34 | typedef struct [01;36m[Krmw_context_impl_s[m[K rmw_context_impl_t;
[2.929s]       |                [01;36m[K^~~~~~~~~~~~~~~~~~[m[K
[2.929s] [01m[K/external/src/unitree_ros2/cyclonedds_ws/src/ros2/rmw_cyclonedds/rmw_cyclonedds_cpp/src/rmw_node.cpp:1114:26:[m[K [01;31m[Kerror: [m[Kinvalid use of incomplete type ‘[01m[Kstruct rmw_context_impl_s[m[K’
[2.929s]  1114 | rmw_context_impl_t::fini([01;31m[K)[m[K
[2.929s]       |                          [01;31m[K^[m[K
[2.929s] In file included from [01m[K/opt/ros/humble/include/rmw/rmw/types.h:31[m[K,
[2.929s]                  from [01m[K/opt/ros/humble/include/rmw/rmw/allocators.h:23[m[K,
[2.929s]                  from [01m[K/external/src/unitree_ros2/cyclonedds_ws/src/ros2/rmw_cyclonedds/rmw_cyclonedds_cpp/src/rmw_node.cpp:42[m[K:
[2.929s] [01m[K/opt/ros/humble/include/rmw/rmw/init.h:34:16:[m[K [01;36m[Knote: [m[Kforward declaration of ‘[01m[Kstruct rmw_context_impl_s[m[K’
[2.930s]    34 | typedef struct [01;36m[Krmw_context_impl_s[m[K rmw_context_impl_t;
[2.930s]       |                [01;36m[K^~~~~~~~~~~~~~~~~~[m[K
[2.930s] [01m[K/external/src/unitree_ros2/cyclonedds_ws/src/ros2/rmw_cyclonedds/rmw_cyclonedds_cpp/src/rmw_node.cpp:[m[K In function ‘[01m[Krmw_ret_t rmw_init(const rmw_init_options_t*, rmw_context_t*)[m[K’:
[2.930s] [01m[K/external/src/unitree_ros2/cyclonedds_ws/src/ros2/rmw_cyclonedds/rmw_cyclonedds_cpp/src/rmw_node.cpp:1162:57:[m[K [01;31m[Kerror: [m[Kinvalid use of incomplete type ‘[01m[Krmw_context_impl_t[m[K’ {aka ‘[01m[Kstruct rmw_context_impl_s[m[K’}
[2.930s]  1162 |   context->impl = new (std::nothrow) rmw_context_impl_t([01;31m[K)[m[K;
[2.930s]       |                                                         [01;31m[K^[m[K
[2.930s] In file included from [01m[K/opt/ros/humble/include/rmw/rmw/types.h:31[m[K,
[2.930s]                  from [01m[K/opt/ros/humble/include/rmw/rmw/allocators.h:23[m[K,
[2.931s]                  from [01m[K/external/src/unitree_ros2/cyclonedds_ws/src/ros2/rmw_cyclonedds/rmw_cyclonedds_cpp/src/rmw_node.cpp:42[m[K:
[2.931s] [01m[K/opt/ros/humble/include/rmw/rmw/init.h:34:16:[m[K [01;36m[Knote: [m[Kforward declaration of ‘[01m[Krmw_context_impl_t[m[K’ {aka ‘[01m[Kstruct rmw_context_impl_s[m[K’}
[2.931s]    34 | typedef struct [01;36m[Krmw_context_impl_s[m[K rmw_context_impl_t;
[2.931s]       |                [01;36m[K^~~~~~~~~~~~~~~~~~[m[K
[2.931s] [01m[K/external/src/unitree_ros2/cyclonedds_ws/src/ros2/rmw_cyclonedds/rmw_cyclonedds_cpp/src/rmw_node.cpp:[m[K In lambda function:
[2.931s] [01m[K/external/src/unitree_ros2/cyclonedds_ws/src/ros2/rmw_cyclonedds/rmw_cyclonedds_cpp/src/rmw_node.cpp:1168:18:[m[K [01;35m[Kwarning: [m[Kpossible problem detected in invocation of ‘[01m[Koperator delete[m[K’ [[01;35m[K-Wdelete-incomplete[m[K]
[2.931s]  1168 |     [context]() {[01;35m[Kdelete context->impl[m[K;});
[2.932s]       |                  [01;35m[K^~~~~~~~~~~~~~~~~~~~[m[K
[2.932s] [01m[K/external/src/unitree_ros2/cyclonedds_ws/src/ros2/rmw_cyclonedds/rmw_cyclonedds_cpp/src/rmw_node.cpp:1168:34:[m[K [01;35m[Kwarning: [m[Kinvalid use of incomplete type ‘[01m[Kstruct rmw_context_impl_s[m[K’
[2.932s]  1168 |     [context]() {delete [01;35m[Kcontext->impl[m[K;});
[2.932s]       |                         [01;35m[K~~~~~~~~~^~~~[m[K
[2.932s] In file included from [01m[K/opt/ros/humble/include/rmw/rmw/types.h:31[m[K,
[2.932s]                  from [01m[K/opt/ros/humble/include/rmw/rmw/allocators.h:23[m[K,
[2.932s]                  from [01m[K/external/src/unitree_ros2/cyclonedds_ws/src/ros2/rmw_cyclonedds/rmw_cyclonedds_cpp/src/rmw_node.cpp:42[m[K:
[2.932s] [01m[K/opt/ros/humble/include/rmw/rmw/init.h:34:16:[m[K [01;36m[Knote: [m[Kforward declaration of ‘[01m[Kstruct rmw_context_impl_s[m[K’
[2.932s]    34 | typedef struct [01;36m[Krmw_context_impl_s[m[K rmw_context_impl_t;
[2.933s]       |                [01;36m[K^~~~~~~~~~~~~~~~~~[m[K
[2.933s] [01m[K/external/src/unitree_ros2/cyclonedds_ws/src/ros2/rmw_cyclonedds/rmw_cyclonedds_cpp/src/rmw_node.cpp:1168:18:[m[K [01;36m[Knote: [m[Kneither the destructor nor the class-specific ‘[01m[Koperator delete[m[K’ will be called, even if they are declared when the class is defined
[2.933s]  1168 |     [context]() {[01;36m[Kdelete context->impl[m[K;});
[2.933s]       |                  [01;36m[K^~~~~~~~~~~~~~~~~~~~[m[K
[2.933s] [01m[K/external/src/unitree_ros2/cyclonedds_ws/src/ros2/rmw_cyclonedds/rmw_cyclonedds_cpp/src/rmw_node.cpp:[m[K In function ‘[01m[Krmw_ret_t rmw_shutdown(rmw_context_t*)[m[K’:
[2.934s] [01m[K/external/src/unitree_ros2/cyclonedds_ws/src/ros2/rmw_cyclonedds/rmw_cyclonedds_cpp/src/rmw_node.cpp:1191:16:[m[K [01;31m[Kerror: [m[Kinvalid use of incomplete type ‘[01m[Krmw_context_impl_t[m[K’ {aka ‘[01m[Kstruct rmw_context_impl_s[m[K’}
[2.934s]  1191 |   context->impl[01;31m[K->[m[Kis_shutdown = true;
[2.934s]       |                [01;31m[K^~[m[K
[2.934s] In file included from [01m[K/opt/ros/humble/include/rmw/rmw/types.h:31[m[K,
[2.934s]                  from [01m[K/opt/ros/humble/include/rmw/rmw/allocators.h:23[m[K,
[2.934s]                  from [01m[K/external/src/unitree_ros2/cyclonedds_ws/src/ros2/rmw_cyclonedds/rmw_cyclonedds_cpp/src/rmw_node.cpp:42[m[K:
[2.934s] [01m[K/opt/ros/humble/include/rmw/rmw/init.h:34:16:[m[K [01;36m[Knote: [m[Kforward declaration of ‘[01m[Krmw_context_impl_t[m[K’ {aka ‘[01m[Kstruct rmw_context_impl_s[m[K’}
[2.934s]    34 | typedef struct [01;36m[Krmw_context_impl_s[m[K rmw_context_impl_t;
[2.935s]       |                [01;36m[K^~~~~~~~~~~~~~~~~~[m[K
[2.935s] [01m[K/external/src/unitree_ros2/cyclonedds_ws/src/ros2/rmw_cyclonedds/rmw_cyclonedds_cpp/src/rmw_node.cpp:[m[K In function ‘[01m[Krmw_ret_t rmw_context_fini(rmw_context_t*)[m[K’:
[2.935s] [01m[K/external/src/unitree_ros2/cyclonedds_ws/src/ros2/rmw_cyclonedds/rmw_cyclonedds_cpp/src/rmw_node.cpp:1207:21:[m[K [01;31m[Kerror: [m[Kinvalid use of incomplete type ‘[01m[Krmw_context_impl_t[m[K’ {aka ‘[01m[Kstruct rmw_context_impl_s[m[K’}
[2.935s]  1207 |   if (!context->impl[01;31m[K->[m[Kis_shutdown) {
[2.935s]       |                     [01;31m[K^~[m[K
[2.935s] In file included from [01m[K/opt/ros/humble/include/rmw/rmw/types.h:31[m[K,
[2.935s]                  from [01m[K/opt/ros/humble/include/rmw/rmw/allocators.h:23[m[K,
[2.935s]                  from [01m[K/external/src/unitree_ros2/cyclonedds_ws/src/ros2/rmw_cyclonedds/rmw_cyclonedds_cpp/src/rmw_node.cpp:42[m[K:
[2.935s] [01m[K/opt/ros/humble/include/rmw/rmw/init.h:34:16:[m[K [01;36m[Knote: [m[Kforward declaration of ‘[01m[Krmw_context_impl_t[m[K’ {aka ‘[01m[Kstruct rmw_context_impl_s[m[K’}
[2.935s]    34 | typedef struct [01;36m[Krmw_context_impl_s[m[K rmw_context_impl_t;
[2.935s]       |                [01;36m[K^~~~~~~~~~~~~~~~~~[m[K
[2.936s] [01m[K/external/src/unitree_ros2/cyclonedds_ws/src/ros2/rmw_cyclonedds/rmw_cyclonedds_cpp/src/rmw_node.cpp:1212:3:[m[K [01;35m[Kwarning: [m[Kpossible problem detected in invocation of ‘[01m[Koperator delete[m[K’ [[01;35m[K-Wdelete-incomplete[m[K]
[2.936s]  1212 |   [01;35m[Kdelete context->impl[m[K;
[2.936s]       |   [01;35m[K^~~~~~~~~~~~~~~~~~~~[m[K
[2.936s] [01m[K/external/src/unitree_ros2/cyclonedds_ws/src/ros2/rmw_cyclonedds/rmw_cyclonedds_cpp/src/rmw_node.cpp:1212:19:[m[K [01;35m[Kwarning: [m[Kinvalid use of incomplete type ‘[01m[Kstruct rmw_context_impl_s[m[K’
[2.936s]  1212 |   delete [01;35m[Kcontext->impl[m[K;
[2.936s]       |          [01;35m[K~~~~~~~~~^~~~[m[K
[2.936s] In file included from [01m[K/opt/ros/humble/include/rmw/rmw/types.h:31[m[K,
[2.936s]                  from [01m[K/opt/ros/humble/include/rmw/rmw/allocators.h:23[m[K,
[2.936s]                  from [01m[K/external/src/unitree_ros2/cyclonedds_ws/src/ros2/rmw_cyclonedds/rmw_cyclonedds_cpp/src/rmw_node.cpp:42[m[K:
[2.936s] [01m[K/opt/ros/humble/include/rmw/rmw/init.h:34:16:[m[K [01;36m[Knote: [m[Kforward declaration of ‘[01m[Kstruct rmw_context_impl_s[m[K’
[2.936s]    34 | typedef struct [01;36m[Krmw_context_impl_s[m[K rmw_context_impl_t;
[2.937s]       |                [01;36m[K^~~~~~~~~~~~~~~~~~[m[K
[2.937s] [01m[K/external/src/unitree_ros2/cyclonedds_ws/src/ros2/rmw_cyclonedds/rmw_cyclonedds_cpp/src/rmw_node.cpp:1212:3:[m[K [01;36m[Knote: [m[Kneither the destructor nor the class-specific ‘[01m[Koperator delete[m[K’ will be called, even if they are declared when the class is defined
[2.937s]  1212 |   [01;36m[Kdelete context->impl[m[K;
[2.937s]       |   [01;36m[K^~~~~~~~~~~~~~~~~~~~[m[K
[2.937s] [01m[K/external/src/unitree_ros2/cyclonedds_ws/src/ros2/rmw_cyclonedds/rmw_cyclonedds_cpp/src/rmw_node.cpp:[m[K At global scope:
[2.937s] [01m[K/external/src/unitree_ros2/cyclonedds_ws/src/ros2/rmw_cyclonedds/rmw_cyclonedds_cpp/src/rmw_node.cpp:1223:25:[m[K [01;31m[Kerror: [m[Kconflicting declaration of C function ‘[01m[Krmw_node_t* rmw_create_node(rmw_context_t*, const char*, const char*, std::size_t, bool)[m[K’
[2.937s]  1223 | extern "C" rmw_node_t * [01;31m[Krmw_create_node[m[K(
[2.937s]       |                         [01;31m[K^~~~~~~~~~~~~~~[m[K
[2.937s] In file included from [01m[K/external/src/unitree_ros2/cyclonedds_ws/src/ros2/rmw_cyclonedds/rmw_cyclonedds_cpp/src/rmw_node.cpp:50[m[K:
[2.937s] [01m[K/opt/ros/humble/include/rmw/rmw/rmw.h:171:1:[m[K [01;36m[Knote: [m[Kprevious declaration ‘[01m[Krmw_node_t* rmw_create_node(rmw_context_t*, const char*, const char*)[m[K’
[2.937s]   171 | [01;36m[Krmw_create_node[m[K(
[2.937s]       | [01;36m[K^~~~~~~~~~~~~~~[m[K
[2.938s] [01m[K/external/src/unitree_ros2/cyclonedds_ws/src/ros2/rmw_cyclonedds/rmw_cyclonedds_cpp/src/rmw_node.cpp:[m[K In function ‘[01m[Krmw_node_t* rmw_create_node(rmw_context_t*, const char*, const char*, std::size_t, bool)[m[K’:
[2.938s] [01m[K/external/src/unitree_ros2/cyclonedds_ws/src/ros2/rmw_cyclonedds/rmw_cyclonedds_cpp/src/rmw_node.cpp:1240:20:[m[K [01;31m[Kerror: [m[Kinvalid use of incomplete type ‘[01m[Krmw_context_impl_t[m[K’ {aka ‘[01m[Kstruct rmw_context_impl_s[m[K’}
[2.938s]  1240 |   if (context->impl[01;31m[K->[m[Kis_shutdown) {
[2.938s]       |                    [01;31m[K^~[m[K
[2.938s] In file included from [01m[K/opt/ros/humble/include/rmw/rmw/types.h:31[m[K,
[2.938s]                  from [01m[K/opt/ros/humble/include/rmw/rmw/allocators.h:23[m[K,
[2.938s]                  from [01m[K/external/src/unitree_ros2/cyclonedds_ws/src/ros2/rmw_cyclonedds/rmw_cyclonedds_cpp/src/rmw_node.cpp:42[m[K:
[2.938s] [01m[K/opt/ros/humble/include/rmw/rmw/init.h:34:16:[m[K [01;36m[Knote: [m[Kforward declaration of ‘[01m[Krmw_context_impl_t[m[K’ {aka ‘[01m[Kstruct rmw_context_impl_s[m[K’}
[2.938s]    34 | typedef struct [01;36m[Krmw_context_impl_s[m[K rmw_context_impl_t;
[2.938s]       |                [01;36m[K^~~~~~~~~~~~~~~~~~[m[K
[2.938s] [01m[K/external/src/unitree_ros2/cyclonedds_ws/src/ros2/rmw_cyclonedds/rmw_cyclonedds_cpp/src/rmw_node.cpp:1266:22:[m[K [01;31m[Kerror: [m[Kinvalid use of incomplete type ‘[01m[Krmw_context_impl_t[m[K’ {aka ‘[01m[Kstruct rmw_context_impl_s[m[K’}
[2.939s]  1266 |   ret = context->impl[01;31m[K->[m[Kinit(&context->options);
[2.939s]       |                      [01;31m[K^~[m[K
[2.939s] In file included from [01m[K/opt/ros/humble/include/rmw/rmw/types.h:31[m[K,
[2.939s]                  from [01m[K/opt/ros/humble/include/rmw/rmw/allocators.h:23[m[K,
[2.939s]                  from [01m[K/external/src/unitree_ros2/cyclonedds_ws/src/ros2/rmw_cyclonedds/rmw_cyclonedds_cpp/src/rmw_node.cpp:42[m[K:
[2.939s] [01m[K/opt/ros/humble/include/rmw/rmw/init.h:34:16:[m[K [01;36m[Knote: [m[Kforward declaration of ‘[01m[Krmw_context_impl_t[m[K’ {aka ‘[01m[Kstruct rmw_context_impl_s[m[K’}
[2.939s]    34 | typedef struct [01;36m[Krmw_context_impl_s[m[K rmw_context_impl_t;
[2.939s]       |                [01;36m[K^~~~~~~~~~~~~~~~~~[m[K
[2.939s] [01m[K/external/src/unitree_ros2/cyclonedds_ws/src/ros2/rmw_cyclonedds/rmw_cyclonedds_cpp/src/rmw_node.cpp:[m[K In lambda function:
[2.939s] [01m[K/external/src/unitree_ros2/cyclonedds_ws/src/ros2/rmw_cyclonedds/rmw_cyclonedds_cpp/src/rmw_node.cpp:1271:31:[m[K [01;31m[Kerror: [m[Kinvalid use of incomplete type ‘[01m[Krmw_context_impl_t[m[K’ {aka ‘[01m[Kstruct rmw_context_impl_s[m[K’}
[2.939s]  1271 |     [context]() {context->impl[01;31m[K->[m[Kfini();});
[2.940s]       |                               [01;31m[K^~[m[K
[2.940s] In file included from [01m[K/opt/ros/humble/include/rmw/rmw/types.h:31[m[K,
[2.940s]                  from [01m[K/opt/ros/humble/include/rmw/rmw/allocators.h:23[m[K,
[2.940s]                  from [01m[K/external/src/unitree_ros2/cyclonedds_ws/src/ros2/rmw_cyclonedds/rmw_cyclonedds_cpp/src/rmw_node.cpp:42[m[K:
[2.940s] [01m[K/opt/ros/humble/include/rmw/rmw/init.h:34:16:[m[K [01;36m[Knote: [m[Kforward declaration of ‘[01m[Krmw_context_impl_t[m[K’ {aka ‘[01m[Kstruct rmw_context_impl_s[m[K’}
[2.940s]    34 | typedef struct [01;36m[Krmw_context_impl_s[m[K rmw_context_impl_t;
[2.940s]       |                [01;36m[K^~~~~~~~~~~~~~~~~~[m[K
[2.946s] [01m[K/external/src/unitree_ros2/cyclonedds_ws/src/ros2/rmw_cyclonedds/rmw_cyclonedds_cpp/src/rmw_node.cpp:[m[K In function ‘[01m[Krmw_node_t* rmw_create_node(rmw_context_t*, const char*, const char*, std::size_t, bool)[m[K’:
[2.946s] [01m[K/external/src/unitree_ros2/cyclonedds_ws/src/ros2/rmw_cyclonedds/rmw_cyclonedds_cpp/src/rmw_node.cpp:1300:33:[m[K [01;31m[Kerror: [m[Kinvalid use of incomplete type ‘[01m[Krmw_context_impl_t[m[K’ {aka ‘[01m[Kstruct rmw_context_impl_s[m[K’}
[2.946s]  1300 |     auto common = &context->impl[01;31m[K->[m[Kcommon;
[2.946s]       |                                 [01;31m[K^~[m[K
[2.946s] In file included from [01m[K/opt/ros/humble/include/rmw/rmw/types.h:31[m[K,
[2.946s]                  from [01m[K/opt/ros/humble/include/rmw/rmw/allocators.h:23[m[K,
[2.946s]                  from [01m[K/external/src/unitree_ros2/cyclonedds_ws/src/ros2/rmw_cyclonedds/rmw_cyclonedds_cpp/src/rmw_node.cpp:42[m[K:
[2.946s] [01m[K/opt/ros/humble/include/rmw/rmw/init.h:34:16:[m[K [01;36m[Knote: [m[Kforward declaration of ‘[01m[Krmw_context_impl_t[m[K’ {aka ‘[01m[Kstruct rmw_context_impl_s[m[K’}
[2.946s]    34 | typedef struct [01;36m[Krmw_context_impl_s[m[K rmw_context_impl_t;
[2.946s]       |                [01;36m[K^~~~~~~~~~~~~~~~~~[m[K
[2.947s] [01m[K/external/src/unitree_ros2/cyclonedds_ws/src/ros2/rmw_cyclonedds/rmw_cyclonedds_cpp/src/rmw_node.cpp:[m[K In function ‘[01m[Krmw_ret_t rmw_destroy_node(rmw_node_t*)[m[K’:
[2.947s] [01m[K/external/src/unitree_ros2/cyclonedds_ws/src/ros2/rmw_cyclonedds/rmw_cyclonedds_cpp/src/rmw_node.cpp:1341:39:[m[K [01;31m[Kerror: [m[Kinvalid use of incomplete type ‘[01m[Krmw_context_impl_t[m[K’ {aka ‘[01m[Kstruct rmw_context_impl_s[m[K’}
[2.947s]  1341 |     auto common = &node->context->impl[01;31m[K->[m[Kcommon;
[2.947s]       |                                       [01;31m[K^~[m[K
[2.947s] In file included from [01m[K/opt/ros/humble/include/rmw/rmw/types.h:31[m[K,
[2.947s]                  from [01m[K/opt/ros/humble/include/rmw/rmw/allocators.h:23[m[K,
[2.948s]                  from [01m[K/external/src/unitree_ros2/cyclonedds_ws/src/ros2/rmw_cyclonedds/rmw_cyclonedds_cpp/src/rmw_node.cpp:42[m[K:
[2.948s] [01m[K/opt/ros/humble/include/rmw/rmw/init.h:34:16:[m[K [01;36m[Knote: [m[Kforward declaration of ‘[01m[Krmw_context_impl_t[m[K’ {aka ‘[01m[Kstruct rmw_context_impl_s[m[K’}
[2.948s]    34 | typedef struct [01;36m[Krmw_context_impl_s[m[K rmw_context_impl_t;
[2.948s]       |                [01;36m[K^~~~~~~~~~~~~~~~~~[m[K
[2.948s] [01m[K/external/src/unitree_ros2/cyclonedds_ws/src/ros2/rmw_cyclonedds/rmw_cyclonedds_cpp/src/rmw_node.cpp:1354:16:[m[K [01;31m[Kerror: [m[Kinvalid use of incomplete type ‘[01m[Krmw_context_impl_t[m[K’ {aka ‘[01m[Kstruct rmw_context_impl_s[m[K’}
[2.948s]  1354 |   context->impl[01;31m[K->[m[Kfini();
[2.948s]       |                [01;31m[K^~[m[K
[2.948s] In file included from [01m[K/opt/ros/humble/include/rmw/rmw/types.h:31[m[K,
[2.948s]                  from [01m[K/opt/ros/humble/include/rmw/rmw/allocators.h:23[m[K,
[2.948s]                  from [01m[K/external/src/unitree_ros2/cyclonedds_ws/src/ros2/rmw_cyclonedds/rmw_cyclonedds_cpp/src/rmw_node.cpp:42[m[K:
[2.948s] [01m[K/opt/ros/humble/include/rmw/rmw/init.h:34:16:[m[K [01;36m[Knote: [m[Kforward declaration of ‘[01m[Krmw_context_impl_t[m[K’ {aka ‘[01m[Kstruct rmw_context_impl_s[m[K’}
[2.948s]    34 | typedef struct [01;36m[Krmw_context_impl_s[m[K rmw_context_impl_t;
[2.949s]       |                [01;36m[K^~~~~~~~~~~~~~~~~~[m[K
[2.949s] [01m[K/external/src/unitree_ros2/cyclonedds_ws/src/ros2/rmw_cyclonedds/rmw_cyclonedds_cpp/src/rmw_node.cpp:[m[K In function ‘[01m[Kconst rmw_guard_condition_t* rmw_node_get_graph_guard_condition(const rmw_node_t*)[m[K’:
[2.949s] [01m[K/external/src/unitree_ros2/cyclonedds_ws/src/ros2/rmw_cyclonedds/rmw_cyclonedds_cpp/src/rmw_node.cpp:1364:29:[m[K [01;31m[Kerror: [m[Kinvalid use of incomplete type ‘[01m[Krmw_context_impl_t[m[K’ {aka ‘[01m[Kstruct rmw_context_impl_s[m[K’}
[2.949s]  1364 |   return node->context->impl[01;31m[K->[m[Kcommon.graph_guard_condition;
[2.949s]       |                             [01;31m[K^~[m[K
[2.949s] In file included from [01m[K/opt/ros/humble/include/rmw/rmw/types.h:31[m[K,
[2.949s]                  from [01m[K/opt/ros/humble/include/rmw/rmw/allocators.h:23[m[K,
[2.949s]                  from [01m[K/external/src/unitree_ros2/cyclonedds_ws/src/ros2/rmw_cyclonedds/rmw_cyclonedds_cpp/src/rmw_node.cpp:42[m[K:
[2.949s] [01m[K/opt/ros/humble/include/rmw/rmw/init.h:34:16:[m[K [01;36m[Knote: [m[Kforward declaration of ‘[01m[Krmw_context_impl_t[m[K’ {aka ‘[01m[Kstruct rmw_context_impl_s[m[K’}
[2.949s]    34 | typedef struct [01;36m[Krmw_context_impl_s[m[K rmw_context_impl_t;
[2.949s]       |                [01;36m[K^~~~~~~~~~~~~~~~~~[m[K
[2.985s] [01m[K/external/src/unitree_ros2/cyclonedds_ws/src/ros2/rmw_cyclonedds/rmw_cyclonedds_cpp/src/rmw_node.cpp:[m[K In function ‘[01m[Krmw_publisher_t* rmw_create_publisher(const rmw_node_t*, const rosidl_message_type_support_t*, const char*, const rmw_qos_profile_t*, const rmw_publisher_options_t*)[m[K’:
[2.986s] [01m[K/external/src/unitree_ros2/cyclonedds_ws/src/ros2/rmw_cyclonedds/rmw_cyclonedds_cpp/src/rmw_node.cpp:2032:24:[m[K [01;31m[Kerror: [m[Kinvalid use of incomplete type ‘[01m[Krmw_context_impl_t[m[K’ {aka ‘[01m[Kstruct rmw_context_impl_s[m[K’}
[2.986s]  2032 |     node->context->impl[01;31m[K->[m[Kppant, node->context->impl->dds_pub,
[2.986s]       |                        [01;31m[K^~[m[K
[2.986s] In file included from [01m[K/opt/ros/humble/include/rmw/rmw/types.h:31[m[K,
[2.986s]                  from [01m[K/opt/ros/humble/include/rmw/rmw/allocators.h:23[m[K,
[2.986s]                  from [01m[K/external/src/unitree_ros2/cyclonedds_ws/src/ros2/rmw_cyclonedds/rmw_cyclonedds_cpp/src/rmw_node.cpp:42[m[K:
[2.986s] [01m[K/opt/ros/humble/include/rmw/rmw/init.h:34:16:[m[K [01;36m[Knote: [m[Kforward declaration of ‘[01m[Krmw_context_impl_t[m[K’ {aka ‘[01m[Kstruct rmw_context_impl_s[m[K’}
[2.987s]    34 | typedef struct [01;36m[Krmw_context_impl_s[m[K rmw_context_impl_t;
[2.987s]       |                [01;36m[K^~~~~~~~~~~~~~~~~~[m[K
[2.987s] [01m[K/external/src/unitree_ros2/cyclonedds_ws/src/ros2/rmw_cyclonedds/rmw_cyclonedds_cpp/src/rmw_node.cpp:2032:52:[m[K [01;31m[Kerror: [m[Kinvalid use of incomplete type ‘[01m[Krmw_context_impl_t[m[K’ {aka ‘[01m[Kstruct rmw_context_impl_s[m[K’}
[2.987s]  2032 |     node->context->impl->ppant, node->context->impl[01;31m[K->[m[Kdds_pub,
[2.987s]       |                                                    [01;31m[K^~[m[K
[2.987s] In file included from [01m[K/opt/ros/humble/include/rmw/rmw/types.h:31[m[K,
[2.987s]                  from [01m[K/opt/ros/humble/include/rmw/rmw/allocators.h:23[m[K,
[2.987s]                  from [01m[K/external/src/unitree_ros2/cyclonedds_ws/src/ros2/rmw_cyclonedds/rmw_cyclonedds_cpp/src/rmw_node.cpp:42[m[K:
[2.987s] [01m[K/opt/ros/humble/include/rmw/rmw/init.h:34:16:[m[K [01;36m[Knote: [m[Kforward declaration of ‘[01m[Krmw_context_impl_t[m[K’ {aka ‘[01m[Kstruct rmw_context_impl_s[m[K’}
[2.987s]    34 | typedef struct [01;36m[Krmw_context_impl_s[m[K rmw_context_impl_t;
[2.987s]       |                [01;36m[K^~~~~~~~~~~~~~~~~~[m[K
[2.988s] [01m[K/external/src/unitree_ros2/cyclonedds_ws/src/ros2/rmw_cyclonedds/rmw_cyclonedds_cpp/src/rmw_node.cpp:2051:37:[m[K [01;31m[Kerror: [m[Kinvalid use of incomplete type ‘[01m[Krmw_context_impl_t[m[K’ {aka ‘[01m[Kstruct rmw_context_impl_s[m[K’}
[2.988s]  2051 |   auto common = &node->context->impl[01;31m[K->[m[Kcommon;
[2.988s]       |                                     [01;31m[K^~[m[K
[2.988s] In file included from [01m[K/opt/ros/humble/include/rmw/rmw/types.h:31[m[K,
[2.988s]                  from [01m[K/opt/ros/humble/include/rmw/rmw/allocators.h:23[m[K,
[2.988s]                  from [01m[K/external/src/unitree_ros2/cyclonedds_ws/src/ros2/rmw_cyclonedds/rmw_cyclonedds_cpp/src/rmw_node.cpp:42[m[K:
[2.988s] [01m[K/opt/ros/humble/include/rmw/rmw/init.h:34:16:[m[K [01;36m[Knote: [m[Kforward declaration of ‘[01m[Krmw_context_impl_t[m[K’ {aka ‘[01m[Kstruct rmw_context_impl_s[m[K’}
[2.988s]    34 | typedef struct [01;36m[Krmw_context_impl_s[m[K rmw_context_impl_t;
[2.988s]       |                [01;36m[K^~~~~~~~~~~~~~~~~~[m[K
[2.992s] [01m[K/external/src/unitree_ros2/cyclonedds_ws/src/ros2/rmw_cyclonedds/rmw_cyclonedds_cpp/src/rmw_node.cpp:[m[K In function ‘[01m[Krmw_ret_t rmw_destroy_publisher(rmw_node_t*, rmw_publisher_t*)[m[K’:
[2.992s] [01m[K/external/src/unitree_ros2/cyclonedds_ws/src/ros2/rmw_cyclonedds/rmw_cyclonedds_cpp/src/rmw_node.cpp:2214:39:[m[K [01;31m[Kerror: [m[Kinvalid use of incomplete type ‘[01m[Krmw_context_impl_t[m[K’ {aka ‘[01m[Kstruct rmw_context_impl_s[m[K’}
[2.992s]  2214 |     auto common = &node->context->impl[01;31m[K->[m[Kcommon;
[2.992s]       |                                       [01;31m[K^~[m[K
[2.992s] In file included from [01m[K/opt/ros/humble/include/rmw/rmw/types.h:31[m[K,
[2.992s]                  from [01m[K/opt/ros/humble/include/rmw/rmw/allocators.h:23[m[K,
[2.992s]                  from [01m[K/external/src/unitree_ros2/cyclonedds_ws/src/ros2/rmw_cyclonedds/rmw_cyclonedds_cpp/src/rmw_node.cpp:42[m[K:
[2.992s] [01m[K/opt/ros/humble/include/rmw/rmw/init.h:34:16:[m[K [01;36m[Knote: [m[Kforward declaration of ‘[01m[Krmw_context_impl_t[m[K’ {aka ‘[01m[Kstruct rmw_context_impl_s[m[K’}
[2.992s]    34 | typedef struct [01;36m[Krmw_context_impl_s[m[K rmw_context_impl_t;
[2.992s]       |                [01;36m[K^~~~~~~~~~~~~~~~~~[m[K
[2.997s] [01m[K/external/src/unitree_ros2/cyclonedds_ws/src/ros2/rmw_cyclonedds/rmw_cyclonedds_cpp/src/rmw_node.cpp:[m[K In function ‘[01m[Krmw_subscription_t* rmw_create_subscription(const rmw_node_t*, const rosidl_message_type_support_t*, const char*, const rmw_qos_profile_t*, const rmw_subscription_options_t*)[m[K’:
[2.997s] [01m[K/external/src/unitree_ros2/cyclonedds_ws/src/ros2/rmw_cyclonedds/rmw_cyclonedds_cpp/src/rmw_node.cpp:2410:24:[m[K [01;31m[Kerror: [m[Kinvalid use of incomplete type ‘[01m[Krmw_context_impl_t[m[K’ {aka ‘[01m[Kstruct rmw_context_impl_s[m[K’}
[2.998s]  2410 |     node->context->impl[01;31m[K->[m[Kppant, node->context->impl->dds_sub,
[2.998s]       |                        [01;31m[K^~[m[K
[2.998s] In file included from [01m[K/opt/ros/humble/include/rmw/rmw/types.h:31[m[K,
[2.998s]                  from [01m[K/opt/ros/humble/include/rmw/rmw/allocators.h:23[m[K,
[2.998s]                  from [01m[K/external/src/unitree_ros2/cyclonedds_ws/src/ros2/rmw_cyclonedds/rmw_cyclonedds_cpp/src/rmw_node.cpp:42[m[K:
[2.998s] [01m[K/opt/ros/humble/include/rmw/rmw/init.h:34:16:[m[K [01;36m[Knote: [m[Kforward declaration of ‘[01m[Krmw_context_impl_t[m[K’ {aka ‘[01m[Kstruct rmw_context_impl_s[m[K’}
[2.999s]    34 | typedef struct [01;36m[Krmw_context_impl_s[m[K rmw_context_impl_t;
[2.999s]       |                [01;36m[K^~~~~~~~~~~~~~~~~~[m[K
[2.999s] [01m[K/external/src/unitree_ros2/cyclonedds_ws/src/ros2/rmw_cyclonedds/rmw_cyclonedds_cpp/src/rmw_node.cpp:2410:52:[m[K [01;31m[Kerror: [m[Kinvalid use of incomplete type ‘[01m[Krmw_context_impl_t[m[K’ {aka ‘[01m[Kstruct rmw_context_impl_s[m[K’}
[2.999s]  2410 |     node->context->impl->ppant, node->context->impl[01;31m[K->[m[Kdds_sub,
[2.999s]       |                                                    [01;31m[K^~[m[K
[2.999s] In file included from [01m[K/opt/ros/humble/include/rmw/rmw/types.h:31[m[K,
[2.999s]                  from [01m[K/opt/ros/humble/include/rmw/rmw/allocators.h:23[m[K,
[2.999s]                  from [01m[K/external/src/unitree_ros2/cyclonedds_ws/src/ros2/rmw_cyclonedds/rmw_cyclonedds_cpp/src/rmw_node.cpp:42[m[K:
[2.999s] [01m[K/opt/ros/humble/include/rmw/rmw/init.h:34:16:[m[K [01;36m[Knote: [m[Kforward declaration of ‘[01m[Krmw_context_impl_t[m[K’ {aka ‘[01m[Kstruct rmw_context_impl_s[m[K’}
[2.999s]    34 | typedef struct [01;36m[Krmw_context_impl_s[m[K rmw_context_impl_t;
[2.999s]       |                [01;36m[K^~~~~~~~~~~~~~~~~~[m[K
[2.999s] [01m[K/external/src/unitree_ros2/cyclonedds_ws/src/ros2/rmw_cyclonedds/rmw_cyclonedds_cpp/src/rmw_node.cpp:2429:37:[m[K [01;31m[Kerror: [m[Kinvalid use of incomplete type ‘[01m[Krmw_context_impl_t[m[K’ {aka ‘[01m[Kstruct rmw_context_impl_s[m[K’}
[3.000s]  2429 |   auto common = &node->context->impl[01;31m[K->[m[Kcommon;
[3.000s]       |                                     [01;31m[K^~[m[K
[3.000s] In file included from [01m[K/opt/ros/humble/include/rmw/rmw/types.h:31[m[K,
[3.000s]                  from [01m[K/opt/ros/humble/include/rmw/rmw/allocators.h:23[m[K,
[3.000s]                  from [01m[K/external/src/unitree_ros2/cyclonedds_ws/src/ros2/rmw_cyclonedds/rmw_cyclonedds_cpp/src/rmw_node.cpp:42[m[K:
[3.000s] [01m[K/opt/ros/humble/include/rmw/rmw/init.h:34:16:[m[K [01;36m[Knote: [m[Kforward declaration of ‘[01m[Krmw_context_impl_t[m[K’ {aka ‘[01m[Kstruct rmw_context_impl_s[m[K’}
[3.000s]    34 | typedef struct [01;36m[Krmw_context_impl_s[m[K rmw_context_impl_t;
[3.000s]       |                [01;36m[K^~~~~~~~~~~~~~~~~~[m[K
[3.001s] [01m[K/external/src/unitree_ros2/cyclonedds_ws/src/ros2/rmw_cyclonedds/rmw_cyclonedds_cpp/src/rmw_node.cpp:[m[K In function ‘[01m[Krmw_ret_t rmw_destroy_subscription(rmw_node_t*, rmw_subscription_t*)[m[K’:
[3.001s] [01m[K/external/src/unitree_ros2/cyclonedds_ws/src/ros2/rmw_cyclonedds/rmw_cyclonedds_cpp/src/rmw_node.cpp:2530:39:[m[K [01;31m[Kerror: [m[Kinvalid use of incomplete type ‘[01m[Krmw_context_impl_t[m[K’ {aka ‘[01m[Kstruct rmw_context_impl_s[m[K’}
[3.001s]  2530 |     auto common = &node->context->impl[01;31m[K->[m[Kcommon;
[3.002s]       |                                       [01;31m[K^~[m[K
[3.002s] In file included from [01m[K/opt/ros/humble/include/rmw/rmw/types.h:31[m[K,
[3.002s]                  from [01m[K/opt/ros/humble/include/rmw/rmw/allocators.h:23[m[K,
[3.002s]                  from [01m[K/external/src/unitree_ros2/cyclonedds_ws/src/ros2/rmw_cyclonedds/rmw_cyclonedds_cpp/src/rmw_node.cpp:42[m[K:
[3.002s] [01m[K/opt/ros/humble/include/rmw/rmw/init.h:34:16:[m[K [01;36m[Knote: [m[Kforward declaration of ‘[01m[Krmw_context_impl_t[m[K’ {aka ‘[01m[Kstruct rmw_context_impl_s[m[K’}
[3.002s]    34 | typedef struct [01;36m[Krmw_context_impl_s[m[K rmw_context_impl_t;
[3.002s]       |                [01;36m[K^~~~~~~~~~~~~~~~~~[m[K
[3.159s] [01m[K/external/src/unitree_ros2/cyclonedds_ws/src/ros2/rmw_cyclonedds/rmw_cyclonedds_cpp/src/rmw_node.cpp:[m[K In function ‘[01m[Kvoid get_unique_csid(const rmw_node_t*, client_service_id_t&)[m[K’:
[3.159s] [01m[K/external/src/unitree_ros2/cyclonedds_ws/src/ros2/rmw_cyclonedds/rmw_cyclonedds_cpp/src/rmw_node.cpp:3774:43:[m[K [01;31m[Kerror: [m[Kinvalid use of incomplete type ‘[01m[Kstruct rmw_context_impl_s[m[K’
[3.160s]  3774 |     std::lock_guard<std::mutex> guard(impl[01;31m[K->[m[Kinitialization_mutex);
[3.160s]       |                                           [01;31m[K^~[m[K
[3.160s] In file included from [01m[K/opt/ros/humble/include/rmw/rmw/types.h:31[m[K,
[3.160s]                  from [01m[K/opt/ros/humble/include/rmw/rmw/allocators.h:23[m[K,
[3.160s]                  from [01m[K/external/src/unitree_ros2/cyclonedds_ws/src/ros2/rmw_cyclonedds/rmw_cyclonedds_cpp/src/rmw_node.cpp:42[m[K:
[3.160s] [01m[K/opt/ros/humble/include/rmw/rmw/init.h:34:16:[m[K [01;36m[Knote: [m[Kforward declaration of ‘[01m[Kstruct rmw_context_impl_s[m[K’
[3.160s]    34 | typedef struct [01;36m[Krmw_context_impl_s[m[K rmw_context_impl_t;
[3.160s]       |                [01;36m[K^~~~~~~~~~~~~~~~~~[m[K
[3.160s] [01m[K/external/src/unitree_ros2/cyclonedds_ws/src/ros2/rmw_cyclonedds/rmw_cyclonedds_cpp/src/rmw_node.cpp:3775:15:[m[K [01;31m[Kerror: [m[Kinvalid use of incomplete type ‘[01m[Kstruct rmw_context_impl_s[m[K’
[3.161s]  3775 |     x = ++impl[01;31m[K->[m[Kclient_service_id;
[3.161s]       |               [01;31m[K^~[m[K
[3.161s] In file included from [01m[K/opt/ros/humble/include/rmw/rmw/types.h:31[m[K,
[3.161s]                  from [01m[K/opt/ros/humble/include/rmw/rmw/allocators.h:23[m[K,
[3.161s]                  from [01m[K/external/src/unitree_ros2/cyclonedds_ws/src/ros2/rmw_cyclonedds/rmw_cyclonedds_cpp/src/rmw_node.cpp:42[m[K:
[3.161s] [01m[K/opt/ros/humble/include/rmw/rmw/init.h:34:16:[m[K [01;36m[Knote: [m[Kforward declaration of ‘[01m[Kstruct rmw_context_impl_s[m[K’
[3.161s]    34 | typedef struct [01;36m[Krmw_context_impl_s[m[K rmw_context_impl_t;
[3.161s]       |                [01;36m[K^~~~~~~~~~~~~~~~~~[m[K
[3.161s] [01m[K/external/src/unitree_ros2/cyclonedds_ws/src/ros2/rmw_cyclonedds/rmw_cyclonedds_cpp/src/rmw_node.cpp:3781:23:[m[K [01;31m[Kerror: [m[Kinvalid use of incomplete type ‘[01m[Kstruct rmw_context_impl_s[m[K’
[3.161s]  3781 |   memcpy(id.data, impl[01;31m[K->[m[Kppant_gid.data, 12);
[3.162s]       |                       [01;31m[K^~[m[K
[3.162s] In file included from [01m[K/opt/ros/humble/include/rmw/rmw/types.h:31[m[K,
[3.162s]                  from [01m[K/opt/ros/humble/include/rmw/rmw/allocators.h:23[m[K,
[3.162s]                  from [01m[K/external/src/unitree_ros2/cyclonedds_ws/src/ros2/rmw_cyclonedds/rmw_cyclonedds_cpp/src/rmw_node.cpp:42[m[K:
[3.162s] [01m[K/opt/ros/humble/include/rmw/rmw/init.h:34:16:[m[K [01;36m[Knote: [m[Kforward declaration of ‘[01m[Kstruct rmw_context_impl_s[m[K’
[3.162s]    34 | typedef struct [01;36m[Krmw_context_impl_s[m[K rmw_context_impl_t;
[3.162s]       |                [01;36m[K^~~~~~~~~~~~~~~~~~[m[K
[3.177s] [01m[K/external/src/unitree_ros2/cyclonedds_ws/src/ros2/rmw_cyclonedds/rmw_cyclonedds_cpp/src/rmw_node.cpp:[m[K In function ‘[01m[Krmw_ret_t rmw_init_cs(CddsCS*, const rmw_node_t*, const rosidl_service_type_support_t*, const char*, const rmw_qos_profile_t*, bool)[m[K’:
[3.178s] [01m[K/external/src/unitree_ros2/cyclonedds_ws/src/ros2/rmw_cyclonedds/rmw_cyclonedds_cpp/src/rmw_node.cpp:3867:46:[m[K [01;31m[Kerror: [m[Kinvalid use of incomplete type ‘[01m[Krmw_context_impl_t[m[K’ {aka ‘[01m[Kstruct rmw_context_impl_s[m[K’}
[3.178s]  3867 |   pubtopic = create_topic(node->context->impl[01;31m[K->[m[Kppant, pub_st, &pub_stact);
[3.178s]       |                                              [01;31m[K^~[m[K
[3.178s] In file included from [01m[K/opt/ros/humble/include/rmw/rmw/types.h:31[m[K,
[3.178s]                  from [01m[K/opt/ros/humble/include/rmw/rmw/allocators.h:23[m[K,
[3.178s]                  from [01m[K/external/src/unitree_ros2/cyclonedds_ws/src/ros2/rmw_cyclonedds/rmw_cyclonedds_cpp/src/rmw_node.cpp:42[m[K:
[3.178s] [01m[K/opt/ros/humble/include/rmw/rmw/init.h:34:16:[m[K [01;36m[Knote: [m[Kforward declaration of ‘[01m[Krmw_context_impl_t[m[K’ {aka ‘[01m[Kstruct rmw_context_impl_s[m[K’}
[3.178s]    34 | typedef struct [01;36m[Krmw_context_impl_s[m[K rmw_context_impl_t;
[3.179s]       |                [01;36m[K^~~~~~~~~~~~~~~~~~[m[K
[3.179s] [01m[K/external/src/unitree_ros2/cyclonedds_ws/src/ros2/rmw_cyclonedds/rmw_cyclonedds_cpp/src/rmw_node.cpp:3876:46:[m[K [01;31m[Kerror: [m[Kinvalid use of incomplete type ‘[01m[Krmw_context_impl_t[m[K’ {aka ‘[01m[Kstruct rmw_context_impl_s[m[K’}
[3.179s]  3876 |   subtopic = create_topic(node->context->impl[01;31m[K->[m[Kppant, sub_st);
[3.179s]       |                                              [01;31m[K^~[m[K
[3.179s] In file included from [01m[K/opt/ros/humble/include/rmw/rmw/types.h:31[m[K,
[3.179s]                  from [01m[K/opt/ros/humble/include/rmw/rmw/allocators.h:23[m[K,
[3.179s]                  from [01m[K/external/src/unitree_ros2/cyclonedds_ws/src/ros2/rmw_cyclonedds/rmw_cyclonedds_cpp/src/rmw_node.cpp:42[m[K:
[3.179s] [01m[K/opt/ros/humble/include/rmw/rmw/init.h:34:16:[m[K [01;36m[Knote: [m[Kforward declaration of ‘[01m[Krmw_context_impl_t[m[K’ {aka ‘[01m[Kstruct rmw_context_impl_s[m[K’}
[3.179s]    34 | typedef struct [01;36m[Krmw_context_impl_s[m[K rmw_context_impl_t;
[3.179s]       |                [01;36m[K^~~~~~~~~~~~~~~~~~[m[K
[3.179s] [01m[K/external/src/unitree_ros2/cyclonedds_ws/src/ros2/rmw_cyclonedds/rmw_cyclonedds_cpp/src/rmw_node.cpp:3900:57:[m[K [01;31m[Kerror: [m[Kinvalid use of incomplete type ‘[01m[Krmw_context_impl_t[m[K’ {aka ‘[01m[Kstruct rmw_context_impl_s[m[K’}
[3.179s]  3900 |   if ((pub->enth = dds_create_writer(node->context->impl[01;31m[K->[m[Kdds_pub, pubtopic, qos, nullptr)) < 0) {
[3.180s]       |                                                         [01;31m[K^~[m[K
[3.180s] In file included from [01m[K/opt/ros/humble/include/rmw/rmw/types.h:31[m[K,
[3.180s]                  from [01m[K/opt/ros/humble/include/rmw/rmw/allocators.h:23[m[K,
[3.180s]                  from [01m[K/external/src/unitree_ros2/cyclonedds_ws/src/ros2/rmw_cyclonedds/rmw_cyclonedds_cpp/src/rmw_node.cpp:42[m[K:
[3.180s] [01m[K/opt/ros/humble/include/rmw/rmw/init.h:34:16:[m[K [01;36m[Knote: [m[Kforward declaration of ‘[01m[Krmw_context_impl_t[m[K’ {aka ‘[01m[Kstruct rmw_context_impl_s[m[K’}
[3.180s]    34 | typedef struct [01;36m[Krmw_context_impl_s[m[K rmw_context_impl_t;
[3.180s]       |                [01;36m[K^~~~~~~~~~~~~~~~~~[m[K
[3.180s] [01m[K/external/src/unitree_ros2/cyclonedds_ws/src/ros2/rmw_cyclonedds/rmw_cyclonedds_cpp/src/rmw_node.cpp:3906:57:[m[K [01;31m[Kerror: [m[Kinvalid use of incomplete type ‘[01m[Krmw_context_impl_t[m[K’ {aka ‘[01m[Kstruct rmw_context_impl_s[m[K’}
[3.180s]  3906 |   if ((sub->enth = dds_create_reader(node->context->impl[01;31m[K->[m[Kdds_sub, subtopic, qos, nullptr)) < 0) {
[3.180s]       |                                                         [01;31m[K^~[m[K
[3.180s] In file included from [01m[K/opt/ros/humble/include/rmw/rmw/types.h:31[m[K,
[3.180s]                  from [01m[K/opt/ros/humble/include/rmw/rmw/allocators.h:23[m[K,
[3.181s]                  from [01m[K/external/src/unitree_ros2/cyclonedds_ws/src/ros2/rmw_cyclonedds/rmw_cyclonedds_cpp/src/rmw_node.cpp:42[m[K:
[3.181s] [01m[K/opt/ros/humble/include/rmw/rmw/init.h:34:16:[m[K [01;36m[Knote: [m[Kforward declaration of ‘[01m[Krmw_context_impl_t[m[K’ {aka ‘[01m[Kstruct rmw_context_impl_s[m[K’}
[3.181s]    34 | typedef struct [01;36m[Krmw_context_impl_s[m[K rmw_context_impl_t;
[3.181s]       |                [01;36m[K^~~~~~~~~~~~~~~~~~[m[K
[3.181s] [01m[K/external/src/unitree_ros2/cyclonedds_ws/src/ros2/rmw_cyclonedds/rmw_cyclonedds_cpp/src/rmw_node.cpp:[m[K In function ‘[01m[Krmw_ret_t destroy_client(const rmw_node_t*, rmw_client_t*)[m[K’:
[3.181s] [01m[K/external/src/unitree_ros2/cyclonedds_ws/src/ros2/rmw_cyclonedds/rmw_cyclonedds_cpp/src/rmw_node.cpp:3969:39:[m[K [01;31m[Kerror: [m[Kinvalid use of incomplete type ‘[01m[Krmw_context_impl_t[m[K’ {aka ‘[01m[Kstruct rmw_context_impl_s[m[K’}
[3.181s]  3969 |     auto common = &node->context->impl[01;31m[K->[m[Kcommon;
[3.181s]       |                                       [01;31m[K^~[m[K
[3.182s] In file included from [01m[K/opt/ros/humble/include/rmw/rmw/types.h:31[m[K,
[3.182s]                  from [01m[K/opt/ros/humble/include/rmw/rmw/allocators.h:23[m[K,
[3.182s]                  from [01m[K/external/src/unitree_ros2/cyclonedds_ws/src/ros2/rmw_cyclonedds/rmw_cyclonedds_cpp/src/rmw_node.cpp:42[m[K:
[3.182s] [01m[K/opt/ros/humble/include/rmw/rmw/init.h:34:16:[m[K [01;36m[Knote: [m[Kforward declaration of ‘[01m[Krmw_context_impl_t[m[K’ {aka ‘[01m[Kstruct rmw_context_impl_s[m[K’}
[3.182s]    34 | typedef struct [01;36m[Krmw_context_impl_s[m[K rmw_context_impl_t;
[3.182s]       |                [01;36m[K^~~~~~~~~~~~~~~~~~[m[K
[3.182s] [01m[K/external/src/unitree_ros2/cyclonedds_ws/src/ros2/rmw_cyclonedds/rmw_cyclonedds_cpp/src/rmw_node.cpp:[m[K In function ‘[01m[Krmw_client_t* rmw_create_client(const rmw_node_t*, const rosidl_service_type_support_t*, const char*, const rmw_qos_profile_t*)[m[K’:
[3.182s] [01m[K/external/src/unitree_ros2/cyclonedds_ws/src/ros2/rmw_cyclonedds/rmw_cyclonedds_cpp/src/rmw_node.cpp:4020:39:[m[K [01;31m[Kerror: [m[Kinvalid use of incomplete type ‘[01m[Krmw_context_impl_t[m[K’ {aka ‘[01m[Kstruct rmw_context_impl_s[m[K’}
[3.182s]  4020 |     auto common = &node->context->impl[01;31m[K->[m[Kcommon;
[3.183s]       |                                       [01;31m[K^~[m[K
[3.183s] In file included from [01m[K/opt/ros/humble/include/rmw/rmw/types.h:31[m[K,
[3.183s]                  from [01m[K/opt/ros/humble/include/rmw/rmw/allocators.h:23[m[K,
[3.183s]                  from [01m[K/external/src/unitree_ros2/cyclonedds_ws/src/ros2/rmw_cyclonedds/rmw_cyclonedds_cpp/src/rmw_node.cpp:42[m[K:
[3.183s] [01m[K/opt/ros/humble/include/rmw/rmw/init.h:34:16:[m[K [01;36m[Knote: [m[Kforward declaration of ‘[01m[Krmw_context_impl_t[m[K’ {aka ‘[01m[Kstruct rmw_context_impl_s[m[K’}
[3.183s]    34 | typedef struct [01;36m[Krmw_context_impl_s[m[K rmw_context_impl_t;
[3.183s]       |                [01;36m[K^~~~~~~~~~~~~~~~~~[m[K
[3.184s] [01m[K/external/src/unitree_ros2/cyclonedds_ws/src/ros2/rmw_cyclonedds/rmw_cyclonedds_cpp/src/rmw_node.cpp:[m[K In function ‘[01m[Krmw_ret_t destroy_service(const rmw_node_t*, rmw_service_t*)[m[K’:
[3.184s] [01m[K/external/src/unitree_ros2/cyclonedds_ws/src/ros2/rmw_cyclonedds/rmw_cyclonedds_cpp/src/rmw_node.cpp:4071:39:[m[K [01;31m[Kerror: [m[Kinvalid use of incomplete type ‘[01m[Krmw_context_impl_t[m[K’ {aka ‘[01m[Kstruct rmw_context_impl_s[m[K’}
[3.184s]  4071 |     auto common = &node->context->impl[01;31m[K->[m[Kcommon;
[3.184s]       |                                       [01;31m[K^~[m[K
[3.184s] In file included from [01m[K/opt/ros/humble/include/rmw/rmw/types.h:31[m[K,
[3.184s]                  from [01m[K/opt/ros/humble/include/rmw/rmw/allocators.h:23[m[K,
[3.184s]                  from [01m[K/external/src/unitree_ros2/cyclonedds_ws/src/ros2/rmw_cyclonedds/rmw_cyclonedds_cpp/src/rmw_node.cpp:42[m[K:
[3.184s] [01m[K/opt/ros/humble/include/rmw/rmw/init.h:34:16:[m[K [01;36m[Knote: [m[Kforward declaration of ‘[01m[Krmw_context_impl_t[m[K’ {aka ‘[01m[Kstruct rmw_context_impl_s[m[K’}
[3.184s]    34 | typedef struct [01;36m[Krmw_context_impl_s[m[K rmw_context_impl_t;
[3.184s]       |                [01;36m[K^~~~~~~~~~~~~~~~~~[m[K
[3.185s] [01m[K/external/src/unitree_ros2/cyclonedds_ws/src/ros2/rmw_cyclonedds/rmw_cyclonedds_cpp/src/rmw_node.cpp:[m[K In function ‘[01m[Krmw_service_t* rmw_create_service(const rmw_node_t*, const rosidl_service_type_support_t*, const char*, const rmw_qos_profile_t*)[m[K’:
[3.185s] [01m[K/external/src/unitree_ros2/cyclonedds_ws/src/ros2/rmw_cyclonedds/rmw_cyclonedds_cpp/src/rmw_node.cpp:4120:39:[m[K [01;31m[Kerror: [m[Kinvalid use of incomplete type ‘[01m[Krmw_context_impl_t[m[K’ {aka ‘[01m[Kstruct rmw_context_impl_s[m[K’}
[3.185s]  4120 |     auto common = &node->context->impl[01;31m[K->[m[Kcommon;
[3.185s]       |                                       [01;31m[K^~[m[K
[3.185s] In file included from [01m[K/opt/ros/humble/include/rmw/rmw/types.h:31[m[K,
[3.185s]                  from [01m[K/opt/ros/humble/include/rmw/rmw/allocators.h:23[m[K,
[3.185s]                  from [01m[K/external/src/unitree_ros2/cyclonedds_ws/src/ros2/rmw_cyclonedds/rmw_cyclonedds_cpp/src/rmw_node.cpp:42[m[K:
[3.185s] [01m[K/opt/ros/humble/include/rmw/rmw/init.h:34:16:[m[K [01;36m[Knote: [m[Kforward declaration of ‘[01m[Krmw_context_impl_t[m[K’ {aka ‘[01m[Kstruct rmw_context_impl_s[m[K’}
[3.186s]    34 | typedef struct [01;36m[Krmw_context_impl_s[m[K rmw_context_impl_t;
[3.186s]       |                [01;36m[K^~~~~~~~~~~~~~~~~~[m[K
[3.186s] [01m[K/external/src/unitree_ros2/cyclonedds_ws/src/ros2/rmw_cyclonedds/rmw_cyclonedds_cpp/src/rmw_node.cpp:[m[K In function ‘[01m[Krmw_ret_t rmw_get_node_names(const rmw_node_t*, rcutils_string_array_t*, rcutils_string_array_t*)[m[K’:
[3.186s] [01m[K/external/src/unitree_ros2/cyclonedds_ws/src/ros2/rmw_cyclonedds/rmw_cyclonedds_cpp/src/rmw_node.cpp:4176:45:[m[K [01;31m[Kerror: [m[Kinvalid use of incomplete type ‘[01m[Krmw_context_impl_t[m[K’ {aka ‘[01m[Kstruct rmw_context_impl_s[m[K’}
[3.186s]  4176 |   auto common_context = &node->context->impl[01;31m[K->[m[Kcommon;
[3.186s]       |                                             [01;31m[K^~[m[K
[3.186s] In file included from [01m[K/opt/ros/humble/include/rmw/rmw/types.h:31[m[K,
[3.186s]                  from [01m[K/opt/ros/humble/include/rmw/rmw/allocators.h:23[m[K,
[3.187s]                  from [01m[K/external/src/unitree_ros2/cyclonedds_ws/src/ros2/rmw_cyclonedds/rmw_cyclonedds_cpp/src/rmw_node.cpp:42[m[K:
[3.187s] [01m[K/opt/ros/humble/include/rmw/rmw/init.h:34:16:[m[K [01;36m[Knote: [m[Kforward declaration of ‘[01m[Krmw_context_impl_t[m[K’ {aka ‘[01m[Kstruct rmw_context_impl_s[m[K’}
[3.187s]    34 | typedef struct [01;36m[Krmw_context_impl_s[m[K rmw_context_impl_t;
[3.187s]       |                [01;36m[K^~~~~~~~~~~~~~~~~~[m[K
[3.187s] [01m[K/external/src/unitree_ros2/cyclonedds_ws/src/ros2/rmw_cyclonedds/rmw_cyclonedds_cpp/src/rmw_node.cpp:[m[K In function ‘[01m[Krmw_ret_t rmw_get_node_names_with_enclaves(const rmw_node_t*, rcutils_string_array_t*, rcutils_string_array_t*, rcutils_string_array_t*)[m[K’:
[3.187s] [01m[K/external/src/unitree_ros2/cyclonedds_ws/src/ros2/rmw_cyclonedds/rmw_cyclonedds_cpp/src/rmw_node.cpp:4207:45:[m[K [01;31m[Kerror: [m[Kinvalid use of incomplete type ‘[01m[Krmw_context_impl_t[m[K’ {aka ‘[01m[Kstruct rmw_context_impl_s[m[K’}
[3.187s]  4207 |   auto common_context = &node->context->impl[01;31m[K->[m[Kcommon;
[3.187s]       |                                             [01;31m[K^~[m[K
[3.187s] In file included from [01m[K/opt/ros/humble/include/rmw/rmw/types.h:31[m[K,
[3.187s]                  from [01m[K/opt/ros/humble/include/rmw/rmw/allocators.h:23[m[K,
[3.187s]                  from [01m[K/external/src/unitree_ros2/cyclonedds_ws/src/ros2/rmw_cyclonedds/rmw_cyclonedds_cpp/src/rmw_node.cpp:42[m[K:
[3.188s] [01m[K/opt/ros/humble/include/rmw/rmw/init.h:34:16:[m[K [01;36m[Knote: [m[Kforward declaration of ‘[01m[Krmw_context_impl_t[m[K’ {aka ‘[01m[Kstruct rmw_context_impl_s[m[K’}
[3.188s]    34 | typedef struct [01;36m[Krmw_context_impl_s[m[K rmw_context_impl_t;
[3.188s]       |                [01;36m[K^~~~~~~~~~~~~~~~~~[m[K
[3.188s] [01m[K/external/src/unitree_ros2/cyclonedds_ws/src/ros2/rmw_cyclonedds/rmw_cyclonedds_cpp/src/rmw_node.cpp:[m[K In function ‘[01m[Krmw_ret_t rmw_get_topic_names_and_types(const rmw_node_t*, rcutils_allocator_t*, bool, rmw_names_and_types_t*)[m[K’:
[3.188s] [01m[K/external/src/unitree_ros2/cyclonedds_ws/src/ros2/rmw_cyclonedds/rmw_cyclonedds_cpp/src/rmw_node.cpp:4239:45:[m[K [01;31m[Kerror: [m[Kinvalid use of incomplete type ‘[01m[Krmw_context_impl_t[m[K’ {aka ‘[01m[Kstruct rmw_context_impl_s[m[K’}
[3.188s]  4239 |   auto common_context = &node->context->impl[01;31m[K->[m[Kcommon;
[3.188s]       |                                             [01;31m[K^~[m[K
[3.188s] In file included from [01m[K/opt/ros/humble/include/rmw/rmw/types.h:31[m[K,
[3.188s]                  from [01m[K/opt/ros/humble/include/rmw/rmw/allocators.h:23[m[K,
[3.189s]                  from [01m[K/external/src/unitree_ros2/cyclonedds_ws/src/ros2/rmw_cyclonedds/rmw_cyclonedds_cpp/src/rmw_node.cpp:42[m[K:
[3.189s] [01m[K/opt/ros/humble/include/rmw/rmw/init.h:34:16:[m[K [01;36m[Knote: [m[Kforward declaration of ‘[01m[Krmw_context_impl_t[m[K’ {aka ‘[01m[Kstruct rmw_context_impl_s[m[K’}
[3.189s]    34 | typedef struct [01;36m[Krmw_context_impl_s[m[K rmw_context_impl_t;
[3.189s]       |                [01;36m[K^~~~~~~~~~~~~~~~~~[m[K
[3.189s] [01m[K/external/src/unitree_ros2/cyclonedds_ws/src/ros2/rmw_cyclonedds/rmw_cyclonedds_cpp/src/rmw_node.cpp:[m[K In function ‘[01m[Krmw_ret_t rmw_get_service_names_and_types(const rmw_node_t*, rcutils_allocator_t*, rmw_names_and_types_t*)[m[K’:
[3.189s] [01m[K/external/src/unitree_ros2/cyclonedds_ws/src/ros2/rmw_cyclonedds/rmw_cyclonedds_cpp/src/rmw_node.cpp:4264:45:[m[K [01;31m[Kerror: [m[Kinvalid use of incomplete type ‘[01m[Krmw_context_impl_t[m[K’ {aka ‘[01m[Kstruct rmw_context_impl_s[m[K’}
[3.189s]  4264 |   auto common_context = &node->context->impl[01;31m[K->[m[Kcommon;
[3.189s]       |                                             [01;31m[K^~[m[K
[3.189s] In file included from [01m[K/opt/ros/humble/include/rmw/rmw/types.h:31[m[K,
[3.189s]                  from [01m[K/opt/ros/humble/include/rmw/rmw/allocators.h:23[m[K,
[3.189s]                  from [01m[K/external/src/unitree_ros2/cyclonedds_ws/src/ros2/rmw_cyclonedds/rmw_cyclonedds_cpp/src/rmw_node.cpp:42[m[K:
[3.190s] [01m[K/opt/ros/humble/include/rmw/rmw/init.h:34:16:[m[K [01;36m[Knote: [m[Kforward declaration of ‘[01m[Krmw_context_impl_t[m[K’ {aka ‘[01m[Kstruct rmw_context_impl_s[m[K’}
[3.190s]    34 | typedef struct [01;36m[Krmw_context_impl_s[m[K rmw_context_impl_t;
[3.190s]       |                [01;36m[K^~~~~~~~~~~~~~~~~~[m[K
[3.208s] [01m[K/external/src/unitree_ros2/cyclonedds_ws/src/ros2/rmw_cyclonedds/rmw_cyclonedds_cpp/src/rmw_node.cpp:[m[K In function ‘[01m[Krmw_ret_t rmw_service_server_is_available(const rmw_node_t*, const rmw_client_t*, bool*)[m[K’:
[3.208s] [01m[K/external/src/unitree_ros2/cyclonedds_ws/src/ros2/rmw_cyclonedds/rmw_cyclonedds_cpp/src/rmw_node.cpp:4345:45:[m[K [01;31m[Kerror: [m[Kinvalid use of incomplete type ‘[01m[Krmw_context_impl_t[m[K’ {aka ‘[01m[Kstruct rmw_context_impl_s[m[K’}
[3.208s]  4345 |   auto common_context = &node->context->impl[01;31m[K->[m[Kcommon;
[3.208s]       |                                             [01;31m[K^~[m[K
[3.208s] In file included from [01m[K/opt/ros/humble/include/rmw/rmw/types.h:31[m[K,
[3.208s]                  from [01m[K/opt/ros/humble/include/rmw/rmw/allocators.h:23[m[K,
[3.208s]                  from [01m[K/external/src/unitree_ros2/cyclonedds_ws/src/ros2/rmw_cyclonedds/rmw_cyclonedds_cpp/src/rmw_node.cpp:42[m[K:
[3.209s] [01m[K/opt/ros/humble/include/rmw/rmw/init.h:34:16:[m[K [01;36m[Knote: [m[Kforward declaration of ‘[01m[Krmw_context_impl_t[m[K’ {aka ‘[01m[Kstruct rmw_context_impl_s[m[K’}
[3.209s]    34 | typedef struct [01;36m[Krmw_context_impl_s[m[K rmw_context_impl_t;
[3.209s]       |                [01;36m[K^~~~~~~~~~~~~~~~~~[m[K
[3.209s] [01m[K/external/src/unitree_ros2/cyclonedds_ws/src/ros2/rmw_cyclonedds/rmw_cyclonedds_cpp/src/rmw_node.cpp:[m[K In function ‘[01m[Krmw_ret_t rmw_count_publishers(const rmw_node_t*, const char*, std::size_t*)[m[K’:
[3.209s] [01m[K/external/src/unitree_ros2/cyclonedds_ws/src/ros2/rmw_cyclonedds/rmw_cyclonedds_cpp/src/rmw_node.cpp:4393:45:[m[K [01;31m[Kerror: [m[Kinvalid use of incomplete type ‘[01m[Krmw_context_impl_t[m[K’ {aka ‘[01m[Kstruct rmw_context_impl_s[m[K’}
[3.209s]  4393 |   auto common_context = &node->context->impl[01;31m[K->[m[Kcommon;
[3.210s]       |                                             [01;31m[K^~[m[K
[3.210s] In file included from [01m[K/opt/ros/humble/include/rmw/rmw/types.h:31[m[K,
[3.210s]                  from [01m[K/opt/ros/humble/include/rmw/rmw/allocators.h:23[m[K,
[3.210s]                  from [01m[K/external/src/unitree_ros2/cyclonedds_ws/src/ros2/rmw_cyclonedds/rmw_cyclonedds_cpp/src/rmw_node.cpp:42[m[K:
[3.210s] [01m[K/opt/ros/humble/include/rmw/rmw/init.h:34:16:[m[K [01;36m[Knote: [m[Kforward declaration of ‘[01m[Krmw_context_impl_t[m[K’ {aka ‘[01m[Kstruct rmw_context_impl_s[m[K’}
[3.210s]    34 | typedef struct [01;36m[Krmw_context_impl_s[m[K rmw_context_impl_t;
[3.210s]       |                [01;36m[K^~~~~~~~~~~~~~~~~~[m[K
[3.211s] [01m[K/external/src/unitree_ros2/cyclonedds_ws/src/ros2/rmw_cyclonedds/rmw_cyclonedds_cpp/src/rmw_node.cpp:[m[K In function ‘[01m[Krmw_ret_t rmw_count_subscribers(const rmw_node_t*, const char*, std::size_t*)[m[K’:
[3.211s] [01m[K/external/src/unitree_ros2/cyclonedds_ws/src/ros2/rmw_cyclonedds/rmw_cyclonedds_cpp/src/rmw_node.cpp:4421:45:[m[K [01;31m[Kerror: [m[Kinvalid use of incomplete type ‘[01m[Krmw_context_impl_t[m[K’ {aka ‘[01m[Kstruct rmw_context_impl_s[m[K’}
[3.211s]  4421 |   auto common_context = &node->context->impl[01;31m[K->[m[Kcommon;
[3.211s]       |                                             [01;31m[K^~[m[K
[3.211s] In file included from [01m[K/opt/ros/humble/include/rmw/rmw/types.h:31[m[K,
[3.211s]                  from [01m[K/opt/ros/humble/include/rmw/rmw/allocators.h:23[m[K,
[3.211s]                  from [01m[K/external/src/unitree_ros2/cyclonedds_ws/src/ros2/rmw_cyclonedds/rmw_cyclonedds_cpp/src/rmw_node.cpp:42[m[K:
[3.211s] [01m[K/opt/ros/humble/include/rmw/rmw/init.h:34:16:[m[K [01;36m[Knote: [m[Kforward declaration of ‘[01m[Krmw_context_impl_t[m[K’ {aka ‘[01m[Kstruct rmw_context_impl_s[m[K’}
[3.211s]    34 | typedef struct [01;36m[Krmw_context_impl_s[m[K rmw_context_impl_t;
[3.212s]       |                [01;36m[K^~~~~~~~~~~~~~~~~~[m[K
[3.213s] [01m[K/external/src/unitree_ros2/cyclonedds_ws/src/ros2/rmw_cyclonedds/rmw_cyclonedds_cpp/src/rmw_node.cpp:[m[K In function ‘[01m[Krmw_ret_t get_topic_names_and_types_by_node(const rmw_node_t*, rcutils_allocator_t*, const char*, const char*, DemangleFunction, DemangleFunction, bool, GetNamesAndTypesByNodeFunction, rmw_names_and_types_t*)[m[K’:
[3.213s] [01m[K/external/src/unitree_ros2/cyclonedds_ws/src/ros2/rmw_cyclonedds/rmw_cyclonedds_cpp/src/rmw_node.cpp:4479:45:[m[K [01;31m[Kerror: [m[Kinvalid use of incomplete type ‘[01m[Krmw_context_impl_t[m[K’ {aka ‘[01m[Kstruct rmw_context_impl_s[m[K’}
[3.213s]  4479 |   auto common_context = &node->context->impl[01;31m[K->[m[Kcommon;
[3.213s]       |                                             [01;31m[K^~[m[K
[3.213s] In file included from [01m[K/opt/ros/humble/include/rmw/rmw/types.h:31[m[K,
[3.213s]                  from [01m[K/opt/ros/humble/include/rmw/rmw/allocators.h:23[m[K,
[3.213s]                  from [01m[K/external/src/unitree_ros2/cyclonedds_ws/src/ros2/rmw_cyclonedds/rmw_cyclonedds_cpp/src/rmw_node.cpp:42[m[K:
[3.213s] [01m[K/opt/ros/humble/include/rmw/rmw/init.h:34:16:[m[K [01;36m[Knote: [m[Kforward declaration of ‘[01m[Krmw_context_impl_t[m[K’ {aka ‘[01m[Kstruct rmw_context_impl_s[m[K’}
[3.213s]    34 | typedef struct [01;36m[Krmw_context_impl_s[m[K rmw_context_impl_t;
[3.213s]       |                [01;36m[K^~~~~~~~~~~~~~~~~~[m[K
[3.220s] [01m[K/external/src/unitree_ros2/cyclonedds_ws/src/ros2/rmw_cyclonedds/rmw_cyclonedds_cpp/src/rmw_node.cpp:[m[K In function ‘[01m[Krmw_ret_t rmw_get_publishers_info_by_topic(const rmw_node_t*, rcutils_allocator_t*, const char*, bool, rmw_topic_endpoint_info_array_t*)[m[K’:
[3.220s] [01m[K/external/src/unitree_ros2/cyclonedds_ws/src/ros2/rmw_cyclonedds/rmw_cyclonedds_cpp/src/rmw_node.cpp:4616:45:[m[K [01;31m[Kerror: [m[Kinvalid use of incomplete type ‘[01m[Krmw_context_impl_t[m[K’ {aka ‘[01m[Kstruct rmw_context_impl_s[m[K’}
[3.221s]  4616 |   auto common_context = &node->context->impl[01;31m[K->[m[Kcommon;
[3.221s]       |                                             [01;31m[K^~[m[K
[3.221s] In file included from [01m[K/opt/ros/humble/include/rmw/rmw/types.h:31[m[K,
[3.221s]                  from [01m[K/opt/ros/humble/include/rmw/rmw/allocators.h:23[m[K,
[3.221s]                  from [01m[K/external/src/unitree_ros2/cyclonedds_ws/src/ros2/rmw_cyclonedds/rmw_cyclonedds_cpp/src/rmw_node.cpp:42[m[K:
[3.221s] [01m[K/opt/ros/humble/include/rmw/rmw/init.h:34:16:[m[K [01;36m[Knote: [m[Kforward declaration of ‘[01m[Krmw_context_impl_t[m[K’ {aka ‘[01m[Kstruct rmw_context_impl_s[m[K’}
[3.221s]    34 | typedef struct [01;36m[Krmw_context_impl_s[m[K rmw_context_impl_t;
[3.221s]       |                [01;36m[K^~~~~~~~~~~~~~~~~~[m[K
[3.222s] [01m[K/external/src/unitree_ros2/cyclonedds_ws/src/ros2/rmw_cyclonedds/rmw_cyclonedds_cpp/src/rmw_node.cpp:[m[K In function ‘[01m[Krmw_ret_t rmw_get_subscriptions_info_by_topic(const rmw_node_t*, rcutils_allocator_t*, const char*, bool, rmw_topic_endpoint_info_array_t*)[m[K’:
[3.222s] [01m[K/external/src/unitree_ros2/cyclonedds_ws/src/ros2/rmw_cyclonedds/rmw_cyclonedds_cpp/src/rmw_node.cpp:4650:45:[m[K [01;31m[Kerror: [m[Kinvalid use of incomplete type ‘[01m[Krmw_context_impl_t[m[K’ {aka ‘[01m[Kstruct rmw_context_impl_s[m[K’}
[3.222s]  4650 |   auto common_context = &node->context->impl[01;31m[K->[m[Kcommon;
[3.222s]       |                                             [01;31m[K^~[m[K
[3.222s] In file included from [01m[K/opt/ros/humble/include/rmw/rmw/types.h:31[m[K,
[3.222s]                  from [01m[K/opt/ros/humble/include/rmw/rmw/allocators.h:23[m[K,
[3.222s]                  from [01m[K/external/src/unitree_ros2/cyclonedds_ws/src/ros2/rmw_cyclonedds/rmw_cyclonedds_cpp/src/rmw_node.cpp:42[m[K:
[3.222s] [01m[K/opt/ros/humble/include/rmw/rmw/init.h:34:16:[m[K [01;36m[Knote: [m[Kforward declaration of ‘[01m[Krmw_context_impl_t[m[K’ {aka ‘[01m[Kstruct rmw_context_impl_s[m[K’}
[3.222s]    34 | typedef struct [01;36m[Krmw_context_impl_s[m[K rmw_context_impl_t;
[3.222s]       |                [01;36m[K^~~~~~~~~~~~~~~~~~[m[K
[3.806s] gmake[2]: *** [CMakeFiles/rmw_cyclonedds_cpp.dir/build.make:90: CMakeFiles/rmw_cyclonedds_cpp.dir/src/serdata.cpp.o] Error 1
[3.806s] gmake[2]: *** Waiting for unfinished jobs....
[5.268s] [01m[K/external/src/unitree_ros2/cyclonedds_ws/src/ros2/rmw_cyclonedds/rmw_cyclonedds_cpp/src/rmw_node.cpp:[m[K At global scope:
[5.269s] [01m[K/external/src/unitree_ros2/cyclonedds_ws/src/ros2/rmw_cyclonedds/rmw_cyclonedds_cpp/src/rmw_node.cpp:2327:29:[m[K [01;35m[Kwarning: [m[K‘[01m[Krmw_subscription_t* create_subscription(dds_entity_t, dds_entity_t, const rosidl_message_type_support_t*, const char*, const rmw_qos_profile_t*, const rmw_subscription_options_t*)[m[K’ defined but not used [[01;35m[K-Wunused-function[m[K]
[5.269s]  2327 | static rmw_subscription_t * [01;35m[Kcreate_subscription[m[K(
[5.269s]       |                             [01;35m[K^~~~~~~~~~~~~~~~~~~[m[K
[5.269s] [01m[K/external/src/unitree_ros2/cyclonedds_ws/src/ros2/rmw_cyclonedds/rmw_cyclonedds_cpp/src/rmw_node.cpp:1954:26:[m[K [01;35m[Kwarning: [m[K‘[01m[Krmw_publisher_t* create_publisher(dds_entity_t, dds_entity_t, const rosidl_message_type_support_t*, const char*, const rmw_qos_profile_t*, const rmw_publisher_options_t*)[m[K’ defined but not used [[01;35m[K-Wunused-function[m[K]
[5.270s]  1954 | static rmw_publisher_t * [01;35m[Kcreate_publisher[m[K(
[5.270s]       |                          [01;35m[K^~~~~~~~~~~~~~~~[m[K
[5.270s] [01m[K/external/src/unitree_ros2/cyclonedds_ws/src/ros2/rmw_cyclonedds/rmw_cyclonedds_cpp/src/rmw_node.cpp:883:11:[m[K [01;35m[Kwarning: [m[K‘[01m[Krmw_ret_t configure_qos_for_security(dds_qos_t*, const rmw_security_options_t*)[m[K’ defined but not used [[01;35m[K-Wunused-function[m[K]
[5.270s]   883 | rmw_ret_t [01;35m[Kconfigure_qos_for_security[m[K(
[5.271s]       |           [01;35m[K^~~~~~~~~~~~~~~~~~~~~~~~~~[m[K
[5.271s] [01m[K/external/src/unitree_ros2/cyclonedds_ws/src/ros2/rmw_cyclonedds/rmw_cyclonedds_cpp/src/rmw_node.cpp:798:1:[m[K [01;35m[Kwarning: [m[K‘[01m[Kvoid check_destroy_domain(dds_domainid_t)[m[K’ defined but not used [[01;35m[K-Wunused-function[m[K]
[5.271s]   798 | [01;35m[Kcheck_destroy_domain[m[K(dds_domainid_t domain_id)
[5.271s]       | [01;35m[K^~~~~~~~~~~~~~~~~~~~[m[K
[5.271s] [01m[K/external/src/unitree_ros2/cyclonedds_ws/src/ros2/rmw_cyclonedds/rmw_cyclonedds_cpp/src/rmw_node.cpp:736:13:[m[K [01;35m[Kwarning: [m[K‘[01m[Kbool check_create_domain(dds_domainid_t, rmw_localhost_only_t)[m[K’ defined but not used [[01;35m[K-Wunused-function[m[K]
[5.272s]   736 | static bool [01;35m[Kcheck_create_domain[m[K(dds_domainid_t did, rmw_localhost_only_t localhost_only_option)
[5.272s]       |             [01;35m[K^~~~~~~~~~~~~~~~~~~[m[K
[5.272s] [01m[K/external/src/unitree_ros2/cyclonedds_ws/src/ros2/rmw_cyclonedds/rmw_cyclonedds_cpp/src/rmw_node.cpp:712:18:[m[K [01;35m[Kwarning: [m[K‘[01m[Krmw_ret_t discovery_thread_stop(rmw_dds_common::Context&)[m[K’ defined but not used [[01;35m[K-Wunused-function[m[K]
[5.272s]   712 | static rmw_ret_t [01;35m[Kdiscovery_thread_stop[m[K(rmw_dds_common::Context & common_context)
[5.272s]       |                  [01;35m[K^~~~~~~~~~~~~~~~~~~~~[m[K
[5.273s] [01m[K/external/src/unitree_ros2/cyclonedds_ws/src/ros2/rmw_cyclonedds/rmw_cyclonedds_cpp/src/rmw_node.cpp:684:18:[m[K [01;35m[Kwarning: [m[K‘[01m[Krmw_ret_t discovery_thread_start(rmw_context_impl_t*)[m[K’ defined but not used [[01;35m[K-Wunused-function[m[K]
[5.273s]   684 | static rmw_ret_t [01;35m[Kdiscovery_thread_start[m[K(rmw_context_impl_t * impl)
[5.273s]       |                  [01;35m[K^~~~~~~~~~~~~~~~~~~~~~[m[K
[5.307s] gmake[2]: *** [CMakeFiles/rmw_cyclonedds_cpp.dir/build.make:76: CMakeFiles/rmw_cyclonedds_cpp.dir/src/rmw_node.cpp.o] Error 1
[5.308s] gmake[1]: *** [CMakeFiles/Makefile2:137: CMakeFiles/rmw_cyclonedds_cpp.dir/all] Error 2
[5.308s] gmake: *** [Makefile:146: all] Error 2
[5.312s] Invoked command in '/external/build/rmw_cyclonedds_cpp' returned '2': CMAKE_PREFIX_PATH=/external/install/cyclonedds:/opt/ros/humble LD_LIBRARY_PATH=/external/install/cyclonedds/lib:${LD_LIBRARY_PATH} PATH=/external/install/cyclonedds/bin:${PATH} PKG_CONFIG_PATH=/external/install/cyclonedds/lib/aarch64-linux-gnu/pkgconfig:/external/install/cyclonedds/lib/pkgconfig /usr/bin/cmake --build /external/build/rmw_cyclonedds_cpp -- -j8 -l8
