-- Found ament_cmake: 1.3.11 (/opt/ros/humble/share/ament_cmake/cmake)
-- Override CMake install command with custom implementation using symlinks instead of copying resources
-- Found unitree_go: 0.0.0 (/external/install/unitree_go/share/unitree_go/cmake)
-- Found rosidl_generator_c: 3.1.6 (/opt/ros/humble/share/rosidl_generator_c/cmake)
-- Found rosidl_adapter: 3.1.6 (/opt/ros/humble/share/rosidl_adapter/cmake)
-- Found rosidl_generator_cpp: 3.1.6 (/opt/ros/humble/share/rosidl_generator_cpp/cmake)
-- Using all available rosidl_typesupport_c: rosidl_typesupport_fastrtps_c;rosidl_typesupport_introspection_c
-- Using all available rosidl_typesupport_cpp: rosidl_typesupport_fastrtps_cpp;rosidl_typesupport_introspection_cpp
-- Found unitree_hg: 0.0.0 (/external/install/unitree_hg/share/unitree_hg/cmake)
-- Found unitree_api: 0.0.0 (/external/install/unitree_api/share/unitree_api/cmake)
-- Found rclcpp: 16.0.12 (/opt/ros/humble/share/rclcpp/cmake)
-- Found rmw_implementation_cmake: 6.1.2 (/opt/ros/humble/share/rmw_implementation_cmake/cmake)
-- Found rmw_fastrtps_cpp: 6.2.7 (/opt/ros/humble/share/rmw_fastrtps_cpp/cmake)
-- Using RMW implementation 'rmw_fastrtps_cpp' as default
-- Found rosbag2_cpp: 0.15.14 (/opt/ros/humble/share/rosbag2_cpp/cmake)
-- Found ament_lint_auto: 0.12.12 (/opt/ros/humble/share/ament_lint_auto/cmake)
-- Added test 'copyright' to check source files copyright and LICENSE
-- Added test 'cppcheck' to perform static code analysis on C / C++ code
-- Configured cppcheck include dirs: /external/src/unitree_ros2/example/src/include;/external/src/unitree_ros2/example/src/include/common;/external/src/unitree_ros2/example/src/include/nlohmann
-- Configured cppcheck exclude dirs and/or files: 
-- Added test 'cpplint' to check C / C++ code against the Google style
-- Configured cpplint exclude dirs and/or files: 
-- Added test 'lint_cmake' to check CMake code style
-- Added test 'uncrustify' to check C / C++ code style
-- Configured uncrustify additional arguments: 
-- Added test 'xmllint' to check XML markup files
-- Configuring done
-- Generating done
-- Build files have been written to: /external/build/unitree_ros2_example
[35m[1mConsolidate compiler generated dependencies of target low_level_ctrl[0m
[35m[1mConsolidate compiler generated dependencies of target low_level_ctrl_hg[0m
[35m[1mConsolidate compiler generated dependencies of target g1_low_level_example[0m
[35m[1mConsolidate compiler generated dependencies of target read_low_state_hg[0m
[35m[1mConsolidate compiler generated dependencies of target read_motion_state[0m
[35m[1mConsolidate compiler generated dependencies of target read_low_state[0m
[35m[1mConsolidate compiler generated dependencies of target sport_mode_ctrl[0m
[35m[1mConsolidate compiler generated dependencies of target read_wireless_controller[0m
[  5%] [32mBuilding CXX object CMakeFiles/low_level_ctrl.dir/src/low_level_ctrl.cpp.o[0m
[ 10%] [32mBuilding CXX object CMakeFiles/low_level_ctrl_hg.dir/src/h1-2/lowlevel/low_level_ctrl_hg.cpp.o[0m
[ 15%] [32mBuilding CXX object CMakeFiles/read_low_state_hg.dir/src/read_low_state_hg.cpp.o[0m
[ 20%] [32mBuilding CXX object CMakeFiles/g1_low_level_example.dir/src/g1/lowlevel/g1_low_level_example.cpp.o[0m
[ 25%] [32mBuilding CXX object CMakeFiles/sport_mode_ctrl.dir/src/sport_mode_ctrl.cpp.o[0m
[ 30%] [32mBuilding CXX object CMakeFiles/read_motion_state.dir/src/read_motion_state.cpp.o[0m
[ 35%] [32mBuilding CXX object CMakeFiles/read_low_state.dir/src/read_low_state.cpp.o[0m
[ 40%] [32mBuilding CXX object CMakeFiles/read_wireless_controller.dir/src/read_wireless_controller.cpp.o[0m
[ 45%] [32mBuilding CXX object CMakeFiles/low_level_ctrl.dir/src/common/motor_crc.cpp.o[0m
[ 50%] [32m[1mLinking CXX executable low_level_ctrl[0m
[ 50%] Built target low_level_ctrl
[ 55%] [32mBuilding CXX object CMakeFiles/low_level_ctrl_hg.dir/src/common/motor_crc_hg.cpp.o[0m
[ 60%] [32m[1mLinking CXX executable read_motion_state[0m
[ 65%] [32m[1mLinking CXX executable read_low_state[0m
[ 70%] [32m[1mLinking CXX executable read_wireless_controller[0m
[ 70%] Built target read_motion_state
[ 75%] [32mBuilding CXX object CMakeFiles/sport_mode_ctrl.dir/src/common/ros2_sport_client.cpp.o[0m
[ 80%] [32m[1mLinking CXX executable read_low_state_hg[0m
[ 80%] Built target read_low_state
[ 85%] [32mBuilding CXX object CMakeFiles/g1_low_level_example.dir/src/common/motor_crc_hg.cpp.o[0m
[ 85%] Built target read_wireless_controller
[ 85%] Built target read_low_state_hg
[ 90%] [32m[1mLinking CXX executable low_level_ctrl_hg[0m
[ 95%] [32m[1mLinking CXX executable sport_mode_ctrl[0m
[ 95%] Built target low_level_ctrl_hg
[ 95%] Built target sport_mode_ctrl
[100%] [32m[1mLinking CXX executable g1_low_level_example[0m
[100%] Built target g1_low_level_example
-- Install configuration: ""
-- Execute custom install script
-- Up-to-date symlink: /external/install/unitree_ros2_example//low_level_ctrl
-- Up-to-date symlink: /external/install/unitree_ros2_example//low_level_ctrl_hg
-- Up-to-date symlink: /external/install/unitree_ros2_example//g1_low_level_example
-- Up-to-date symlink: /external/install/unitree_ros2_example//read_low_state
-- Up-to-date symlink: /external/install/unitree_ros2_example//read_low_state_hg
-- Up-to-date symlink: /external/install/unitree_ros2_example//read_motion_state
-- Up-to-date symlink: /external/install/unitree_ros2_example//read_wireless_controller
-- Up-to-date symlink: /external/install/unitree_ros2_example//sport_mode_ctrl
-- Up-to-date symlink: /external/install/unitree_ros2_example/share/ament_index/resource_index/package_run_dependencies/unitree_ros2_example
-- Up-to-date symlink: /external/install/unitree_ros2_example/share/ament_index/resource_index/parent_prefix_path/unitree_ros2_example
-- Up-to-date symlink: /external/install/unitree_ros2_example/share/unitree_ros2_example/environment/ament_prefix_path.sh
-- Up-to-date symlink: /external/install/unitree_ros2_example/share/unitree_ros2_example/environment/ament_prefix_path.dsv
-- Up-to-date symlink: /external/install/unitree_ros2_example/share/unitree_ros2_example/environment/path.sh
-- Up-to-date symlink: /external/install/unitree_ros2_example/share/unitree_ros2_example/environment/path.dsv
-- Up-to-date symlink: /external/install/unitree_ros2_example/share/unitree_ros2_example/local_setup.bash
-- Up-to-date symlink: /external/install/unitree_ros2_example/share/unitree_ros2_example/local_setup.sh
-- Up-to-date symlink: /external/install/unitree_ros2_example/share/unitree_ros2_example/local_setup.zsh
-- Up-to-date symlink: /external/install/unitree_ros2_example/share/unitree_ros2_example/local_setup.dsv
-- Symlinking: /external/install/unitree_ros2_example/share/unitree_ros2_example/package.dsv
-- Up-to-date symlink: /external/install/unitree_ros2_example/share/ament_index/resource_index/packages/unitree_ros2_example
-- Up-to-date symlink: /external/install/unitree_ros2_example/share/unitree_ros2_example/cmake/unitree_ros2_exampleConfig.cmake
-- Up-to-date symlink: /external/install/unitree_ros2_example/share/unitree_ros2_example/cmake/unitree_ros2_exampleConfig-version.cmake
-- Up-to-date symlink: /external/install/unitree_ros2_example/share/unitree_ros2_example/package.xml
