[0.054s] Invoking command in '/external/build/cyclonedds': CMAKE_PREFIX_PATH=/opt/ros/humble /usr/bin/cmake --build /external/build/cyclonedds -- -j8 -l8
[0.243s] [  0%] Built target _confgen
[0.322s] [  8%] Built target idl
[0.335s] [ 12%] Built target idlpp
[0.366s] [ 27%] Built target ddsrt-internal
[0.563s] [ 87%] Built target ddsc
[0.711s] [ 88%] Built target dds_security_auth
[0.740s] [ 91%] Built target idlc
[0.745s] [ 95%] Built target dds_security_crypto
[0.753s] [ 97%] Built target dds_security_ac
[0.852s] [ 97%] Built target ddsperf_types_generate
[0.948s] [100%] Built target ddsperf
[0.986s] Invoked command in '/external/build/cyclonedds' returned '0': CMAKE_PREFIX_PATH=/opt/ros/humble /usr/bin/cmake --build /external/build/cyclonedds -- -j8 -l8
[1.037s] Invoking command in '/external/build/cyclonedds': CMAKE_PREFIX_PATH=/opt/ros/humble /usr/bin/cmake --install /external/build/cyclonedds
[1.056s] -- Install configuration: "RelWithDebInfo"
[1.056s] -- Up-to-date: /external/install/cyclonedds/lib/cmake/CycloneDDS/CycloneDDSConfig.cmake
[1.057s] -- Up-to-date: /external/install/cyclonedds/lib/cmake/CycloneDDS/CycloneDDSConfigVersion.cmake
[1.058s] -- Up-to-date: /external/install/cyclonedds/lib/cmake/CycloneDDS/CycloneDDSTargets.cmake
[1.058s] -- Up-to-date: /external/install/cyclonedds/lib/cmake/CycloneDDS/CycloneDDSTargets-relwithdebinfo.cmake
[1.059s] -- Up-to-date: /external/install/cyclonedds/lib/pkgconfig/CycloneDDS.pc
[1.062s] -- Up-to-date: /external/install/cyclonedds/include/idlc
[1.063s] -- Up-to-date: /external/install/cyclonedds/include/idlc/generator.h
[1.063s] -- Up-to-date: /external/install/cyclonedds/include/idlc/options.h
[1.064s] -- Up-to-date: /external/install/cyclonedds/bin/idlc
[1.065s] -- Up-to-date: /external/install/cyclonedds/lib/cmake/CycloneDDS/idlc/Generate.cmake
[1.067s] -- Up-to-date: /external/install/cyclonedds/bin/ddsperf
[1.069s] -- Up-to-date: /external/install/cyclonedds/include
[1.069s] -- Up-to-date: /external/install/cyclonedds/include/dds
[1.069s] -- Up-to-date: /external/install/cyclonedds/include/dds/ddsrt
[1.070s] -- Up-to-date: /external/install/cyclonedds/include/dds/ddsrt/threads
[1.070s] -- Up-to-date: /external/install/cyclonedds/include/dds/ddsrt/threads/windows.h
[1.070s] -- Up-to-date: /external/install/cyclonedds/include/dds/ddsrt/threads/posix.h
[1.070s] -- Up-to-date: /external/install/cyclonedds/include/dds/ddsrt/threads/freertos.h
[1.070s] -- Up-to-date: /external/install/cyclonedds/include/dds/ddsrt/iovec.h
[1.071s] -- Up-to-date: /external/install/cyclonedds/include/dds/ddsrt/xmlparser.h
[1.071s] -- Up-to-date: /external/install/cyclonedds/include/dds/ddsrt/io.h
[1.071s] -- Up-to-date: /external/install/cyclonedds/include/dds/ddsrt/sockets.h
[1.072s] -- Up-to-date: /external/install/cyclonedds/include/dds/ddsrt/expand_vars.h
[1.072s] -- Up-to-date: /external/install/cyclonedds/include/dds/ddsrt/arch.h
[1.072s] -- Up-to-date: /external/install/cyclonedds/include/dds/ddsrt/log.h
[1.072s] -- Up-to-date: /external/install/cyclonedds/include/dds/ddsrt/misc.h
[1.072s] -- Up-to-date: /external/install/cyclonedds/include/dds/ddsrt/sched.h
[1.072s] -- Up-to-date: /external/install/cyclonedds/include/dds/ddsrt/process.h
[1.072s] -- Up-to-date: /external/install/cyclonedds/include/dds/ddsrt/sockets
[1.072s] -- Up-to-date: /external/install/cyclonedds/include/dds/ddsrt/sockets/windows.h
[1.073s] -- Up-to-date: /external/install/cyclonedds/include/dds/ddsrt/sockets/posix.h
[1.073s] -- Up-to-date: /external/install/cyclonedds/include/dds/ddsrt/attributes.h
[1.073s] -- Up-to-date: /external/install/cyclonedds/include/dds/ddsrt/time.h
[1.073s] -- Up-to-date: /external/install/cyclonedds/include/dds/ddsrt/cdtors.h
[1.073s] -- Up-to-date: /external/install/cyclonedds/include/dds/ddsrt/countargs.h
[1.073s] -- Up-to-date: /external/install/cyclonedds/include/dds/ddsrt/sync.h
[1.073s] -- Up-to-date: /external/install/cyclonedds/include/dds/ddsrt/netstat.h
[1.073s] -- Up-to-date: /external/install/cyclonedds/include/dds/ddsrt/mh3.h
[1.073s] -- Up-to-date: /external/install/cyclonedds/include/dds/ddsrt/time
[1.073s] -- Up-to-date: /external/install/cyclonedds/include/dds/ddsrt/time/freertos.h
[1.073s] -- Up-to-date: /external/install/cyclonedds/include/dds/ddsrt/filesystem
[1.074s] -- Up-to-date: /external/install/cyclonedds/include/dds/ddsrt/filesystem/windows.h
[1.074s] -- Up-to-date: /external/install/cyclonedds/include/dds/ddsrt/filesystem/posix.h
[1.074s] -- Up-to-date: /external/install/cyclonedds/include/dds/ddsrt/strtod.h
[1.074s] -- Up-to-date: /external/install/cyclonedds/include/dds/ddsrt/fibheap.h
[1.074s] -- Up-to-date: /external/install/cyclonedds/include/dds/ddsrt/md5.h
[1.074s] -- Up-to-date: /external/install/cyclonedds/include/dds/ddsrt/avl.h
[1.074s] -- Up-to-date: /external/install/cyclonedds/include/dds/ddsrt/atomics.h
[1.074s] -- Up-to-date: /external/install/cyclonedds/include/dds/ddsrt/environ.h
[1.074s] -- Up-to-date: /external/install/cyclonedds/include/dds/ddsrt/retcode.h
[1.074s] -- Up-to-date: /external/install/cyclonedds/include/dds/ddsrt/filesystem.h
[1.074s] -- Up-to-date: /external/install/cyclonedds/include/dds/ddsrt/sync
[1.074s] -- Up-to-date: /external/install/cyclonedds/include/dds/ddsrt/sync/windows.h
[1.075s] -- Up-to-date: /external/install/cyclonedds/include/dds/ddsrt/sync/posix.h
[1.075s] -- Up-to-date: /external/install/cyclonedds/include/dds/ddsrt/sync/freertos.h
[1.075s] -- Up-to-date: /external/install/cyclonedds/include/dds/ddsrt/circlist.h
[1.075s] -- Up-to-date: /external/install/cyclonedds/include/dds/ddsrt/types.h
[1.075s] -- Up-to-date: /external/install/cyclonedds/include/dds/ddsrt/random.h
[1.075s] -- Up-to-date: /external/install/cyclonedds/include/dds/ddsrt/hopscotch.h
[1.075s] -- Up-to-date: /external/install/cyclonedds/include/dds/ddsrt/endian.h
[1.075s] -- Up-to-date: /external/install/cyclonedds/include/dds/ddsrt/atomics
[1.075s] -- Up-to-date: /external/install/cyclonedds/include/dds/ddsrt/atomics/gcc.h
[1.075s] -- Up-to-date: /external/install/cyclonedds/include/dds/ddsrt/atomics/sun.h
[1.076s] -- Up-to-date: /external/install/cyclonedds/include/dds/ddsrt/atomics/arm.h
[1.076s] -- Up-to-date: /external/install/cyclonedds/include/dds/ddsrt/atomics/msvc.h
[1.076s] -- Up-to-date: /external/install/cyclonedds/include/dds/ddsrt/threads.h
[1.077s] -- Up-to-date: /external/install/cyclonedds/include/dds/ddsrt/types
[1.077s] -- Up-to-date: /external/install/cyclonedds/include/dds/ddsrt/types/windows.h
[1.077s] -- Up-to-date: /external/install/cyclonedds/include/dds/ddsrt/types/posix.h
[1.077s] -- Up-to-date: /external/install/cyclonedds/include/dds/ddsrt/types/vxworks.h
[1.077s] -- Up-to-date: /external/install/cyclonedds/include/dds/ddsrt/string.h
[1.077s] -- Up-to-date: /external/install/cyclonedds/include/dds/ddsrt/strtol.h
[1.077s] -- Up-to-date: /external/install/cyclonedds/include/dds/ddsrt/heap.h
[1.077s] -- Up-to-date: /external/install/cyclonedds/include/dds/ddsrt/rusage.h
[1.077s] -- Up-to-date: /external/install/cyclonedds/include/dds/ddsrt/ifaddrs.h
[1.077s] -- Up-to-date: /external/install/cyclonedds/include/dds/ddsrt/bswap.h
[1.077s] -- Up-to-date: /external/install/cyclonedds/include/dds/ddsrt/static_assert.h
[1.077s] -- Up-to-date: /external/install/cyclonedds/include/dds/ddsrt/align.h
[1.078s] -- Up-to-date: /external/install/cyclonedds/include/dds/ddsrt/dynlib.h
[1.078s] -- Up-to-date: /external/install/cyclonedds/include
[1.078s] -- Up-to-date: /external/install/cyclonedds/include/dds
[1.078s] -- Up-to-date: /external/install/cyclonedds/include/dds/config.h
[1.078s] -- Up-to-date: /external/install/cyclonedds/include/dds/features.h
[1.078s] -- Up-to-date: /external/install/cyclonedds/include/dds/version.h
[1.078s] -- Up-to-date: /external/install/cyclonedds/include/idl
[1.078s] -- Up-to-date: /external/install/cyclonedds/include/idl/file.h
[1.078s] -- Up-to-date: /external/install/cyclonedds/include/idl/visit.h
[1.078s] -- Up-to-date: /external/install/cyclonedds/include/idl/stream.h
[1.078s] -- Up-to-date: /external/install/cyclonedds/include/idl/retcode.h
[1.078s] -- Up-to-date: /external/install/cyclonedds/include/idl/processor.h
[1.079s] -- Up-to-date: /external/install/cyclonedds/include/idl/scope.h
[1.079s] -- Up-to-date: /external/install/cyclonedds/include/idl/string.h
[1.079s] -- Up-to-date: /external/install/cyclonedds/include/idl/tree.h
[1.079s] -- Up-to-date: /external/install/cyclonedds/include/idl/symbol.h
[1.079s] -- Up-to-date: /external/install/cyclonedds/include/idl/expression.h
[1.079s] -- Up-to-date: /external/install/cyclonedds/include/idl/print.h
[1.079s] -- Up-to-date: /external/install/cyclonedds/include/idl
[1.079s] -- Up-to-date: /external/install/cyclonedds/include/idl/misc.h
[1.079s] -- Up-to-date: /external/install/cyclonedds/include/idl/attributes.h
[1.080s] -- Up-to-date: /external/install/cyclonedds/include/idl/md5.h
[1.080s] -- Up-to-date: /external/install/cyclonedds/include/idl/version.h
[1.080s] -- Up-to-date: /external/install/cyclonedds/include/idl/endian.h
[1.080s] -- Up-to-date: /external/install/cyclonedds/include/idl/export.h
[1.080s] -- Up-to-date: /external/install/cyclonedds/lib/libcycloneddsidl.so.0.10.2
[1.080s] -- Up-to-date: /external/install/cyclonedds/lib/libcycloneddsidl.so.0
[1.080s] -- Up-to-date: /external/install/cyclonedds/lib/libcycloneddsidl.so
[1.082s] -- Up-to-date: /external/install/cyclonedds/include
[1.082s] -- Up-to-date: /external/install/cyclonedds/include/dds
[1.082s] -- Up-to-date: /external/install/cyclonedds/include/dds/security
[1.082s] -- Up-to-date: /external/install/cyclonedds/include/dds/security/dds_security_api_types.h
[1.082s] -- Up-to-date: /external/install/cyclonedds/include/dds/security/dds_security_api_err.h
[1.082s] -- Up-to-date: /external/install/cyclonedds/include/dds/security/dds_security_api_access_control.h
[1.082s] -- Up-to-date: /external/install/cyclonedds/include/dds/security/dds_security_api_defs.h
[1.083s] -- Up-to-date: /external/install/cyclonedds/include/dds/security/dds_security_api.h
[1.083s] -- Up-to-date: /external/install/cyclonedds/include/dds/security/dds_security_api_authentication.h
[1.083s] -- Up-to-date: /external/install/cyclonedds/include/dds/security/dds_security_api_cryptography.h
[1.086s] -- Up-to-date: /external/install/cyclonedds/include/dds/security/core/
[1.086s] -- Up-to-date: /external/install/cyclonedds/include/dds/security/core//dds_security_fsm.h
[1.086s] -- Up-to-date: /external/install/cyclonedds/include/dds/security/core//dds_security_types.h
[1.086s] -- Up-to-date: /external/install/cyclonedds/include/dds/security/core//dds_security_serialize.h
[1.087s] -- Up-to-date: /external/install/cyclonedds/include/dds/security/core//dds_security_timed_cb.h
[1.087s] -- Up-to-date: /external/install/cyclonedds/include/dds/security/core//shared_secret.h
[1.087s] -- Up-to-date: /external/install/cyclonedds/include/dds/security/core//dds_security_utils.h
[1.087s] -- Up-to-date: /external/install/cyclonedds/include/dds/security/core//dds_security_plugins.h
[1.088s] -- Up-to-date: /external/install/cyclonedds/lib/libdds_security_ac.so
[1.089s] -- Up-to-date: /external/install/cyclonedds/lib/libdds_security_auth.so
[1.091s] -- Up-to-date: /external/install/cyclonedds/lib/libdds_security_crypto.so
[1.092s] -- Up-to-date: /external/install/cyclonedds/include
[1.092s] -- Up-to-date: /external/install/cyclonedds/include/dds
[1.092s] -- Up-to-date: /external/install/cyclonedds/include/dds/ddsi
[1.092s] -- Up-to-date: /external/install/cyclonedds/include/dds/ddsi/ddsi_guid.h
[1.093s] -- Up-to-date: /external/install/cyclonedds/include/dds/ddsi/q_misc.h
[1.094s] -- Up-to-date: /external/install/cyclonedds/include/dds/ddsi/ddsi_proxy_participant.h
[1.095s] -- Up-to-date: /external/install/cyclonedds/include/dds/ddsi/ddsi_entity.h
[1.097s] -- Up-to-date: /external/install/cyclonedds/include/dds/ddsi/ddsi_xt_impl.h
[1.097s] -- Up-to-date: /external/install/cyclonedds/include/dds/ddsi/q_xevent.h
[1.098s] -- Up-to-date: /external/install/cyclonedds/include/dds/ddsi/ddsi_ownip.h
[1.099s] -- Up-to-date: /external/install/cyclonedds/include/dds/ddsi/ddsi_vnet.h
[1.099s] -- Up-to-date: /external/install/cyclonedds/include/dds/ddsi/q_debmon.h
[1.099s] -- Up-to-date: /external/install/cyclonedds/include/dds/ddsi/ddsi_entity_match.h
[1.099s] -- Up-to-date: /external/install/cyclonedds/include/dds/ddsi/ddsi_security_msg.h
[1.099s] -- Up-to-date: /external/install/cyclonedds/include/dds/ddsi/ddsi_typelib.h
[1.099s] -- Up-to-date: /external/install/cyclonedds/include/dds/ddsi/ddsi_tcp.h
[1.099s] -- Up-to-date: /external/install/cyclonedds/include/dds/ddsi/ddsi_statistics.h
[1.102s] -- Up-to-date: /external/install/cyclonedds/include/dds/ddsi/ddsi_endpoint.h
[1.102s] -- Up-to-date: /external/install/cyclonedds/include/dds/ddsi/ddsi_vendor.h
[1.102s] -- Up-to-date: /external/install/cyclonedds/include/dds/ddsi/q_inverse_uint32_set.h
[1.102s] -- Up-to-date: /external/install/cyclonedds/include/dds/ddsi/q_qosmatch.h
[1.102s] -- Up-to-date: /external/install/cyclonedds/include/dds/ddsi/ddsi_proxy_endpoint.h
[1.102s] -- Up-to-date: /external/install/cyclonedds/include/dds/ddsi/ddsi_plist_generic.h
[1.102s] -- Up-to-date: /external/install/cyclonedds/include/dds/ddsi/q_log.h
[1.102s] -- Up-to-date: /external/install/cyclonedds/include/dds/ddsi/ddsi_list_tmpl.h
[1.103s] -- Up-to-date: /external/install/cyclonedds/include/dds/ddsi/ddsi_locator.h
[1.103s] -- Up-to-date: /external/install/cyclonedds/include/dds/ddsi/ddsi_xt_typeinfo.h
[1.103s] -- Up-to-date: /external/install/cyclonedds/include/dds/ddsi/ddsi_typebuilder.h
[1.103s] -- Up-to-date: /external/install/cyclonedds/include/dds/ddsi/q_radmin.h
[1.103s] -- Up-to-date: /external/install/cyclonedds/include/dds/ddsi/ddsi_lifespan.h
[1.103s] -- Up-to-date: /external/install/cyclonedds/include/dds/ddsi/q_freelist.h
[1.103s] -- Up-to-date: /external/install/cyclonedds/include/dds/ddsi/ddsi_sertype.h
[1.103s] -- Up-to-date: /external/install/cyclonedds/include/dds/ddsi/q_rtps.h
[1.103s] -- Up-to-date: /external/install/cyclonedds/include/dds/ddsi/ddsi_xt_typelookup.h
[1.103s] -- Up-to-date: /external/install/cyclonedds/include/dds/ddsi/q_protocol.h
[1.104s] -- Up-to-date: /external/install/cyclonedds/include/dds/ddsi/ddsi_builtin_topic_if.h
[1.104s] -- Up-to-date: /external/install/cyclonedds/include/dds/ddsi/ddsi_pmd.h
[1.104s] -- Up-to-date: /external/install/cyclonedds/include/dds/ddsi/ddsi_domaingv.h
[1.104s] -- Up-to-date: /external/install/cyclonedds/include/dds/ddsi/ddsi_config_impl.h
[1.104s] -- Up-to-date: /external/install/cyclonedds/include/dds/ddsi/ddsi_serdata.h
[1.105s] -- Up-to-date: /external/install/cyclonedds/include/dds/ddsi/q_lat_estim.h
[1.105s] -- Up-to-date: /external/install/cyclonedds/include/dds/ddsi/ddsi_security_exchange.h
[1.106s] -- Up-to-date: /external/install/cyclonedds/include/dds/ddsi/ddsi_participant.h
[1.106s] -- Up-to-date: /external/install/cyclonedds/include/dds/ddsi/ddsi_xt_typelookup.idl
[1.106s] -- Up-to-date: /external/install/cyclonedds/include/dds/ddsi/ddsi_portmapping.h
[1.107s] -- Up-to-date: /external/install/cyclonedds/include/dds/ddsi/ddsi_config.h
[1.109s] -- Up-to-date: /external/install/cyclonedds/include/dds/ddsi/ddsi_cdrstream.h
[1.111s] -- Up-to-date: /external/install/cyclonedds/include/dds/ddsi/q_addrset.h
[1.114s] -- Up-to-date: /external/install/cyclonedds/include/dds/ddsi/ddsi_threadmon.h
[1.128s] -- Up-to-date: /external/install/cyclonedds/include/dds/ddsi/ddsi_sertopic.h
[1.128s] -- Up-to-date: /external/install/cyclonedds/include/dds/ddsi/q_hbcontrol.h
[1.128s] -- Up-to-date: /external/install/cyclonedds/include/dds/ddsi/ddsi_ssl.h
[1.129s] -- Up-to-date: /external/install/cyclonedds/include/dds/ddsi/ddsi_cfgelems.h
[1.129s] -- Up-to-date: /external/install/cyclonedds/include/dds/ddsi/ddsi_deliver_locally.h
[1.129s] -- Up-to-date: /external/install/cyclonedds/include/dds/ddsi/ddsi_tkmap.h
[1.129s] -- Up-to-date: /external/install/cyclonedds/include/dds/ddsi/q_xmsg.h
[1.129s] -- Up-to-date: /external/install/cyclonedds/include/dds/ddsi/q_feature_check.h
[1.129s] -- Up-to-date: /external/install/cyclonedds/include/dds/ddsi/ddsi_iid.h
[1.129s] -- Up-to-date: /external/install/cyclonedds/include/dds/ddsi/ddsi_raweth.h
[1.129s] -- Up-to-date: /external/install/cyclonedds/include/dds/ddsi/ddsi_xt_typemap.h
[1.129s] -- Up-to-date: /external/install/cyclonedds/include/dds/ddsi/q_bswap.h
[1.129s] -- Up-to-date: /external/install/cyclonedds/include/dds/ddsi/ddsi_mcgroup.h
[1.129s] -- Up-to-date: /external/install/cyclonedds/include/dds/ddsi/ddsi_rhc.h
[1.130s] -- Up-to-date: /external/install/cyclonedds/include/dds/ddsi/ddsi_xt_typemap.idl
[1.130s] -- Up-to-date: /external/install/cyclonedds/include/dds/ddsi/q_init.h
[1.133s] -- Up-to-date: /external/install/cyclonedds/include/dds/ddsi/q_whc.h
[1.133s] -- Up-to-date: /external/install/cyclonedds/include/dds/ddsi/sysdeps.h
[1.133s] -- Up-to-date: /external/install/cyclonedds/include/dds/ddsi/ddsi_udp.h
[1.133s] -- Up-to-date: /external/install/cyclonedds/include/dds/ddsi/ddsi_acknack.h
[1.133s] -- Up-to-date: /external/install/cyclonedds/include/dds/ddsi/ddsi_keyhash.h
[1.133s] -- Up-to-date: /external/install/cyclonedds/include/dds/ddsi/ddsi_ipaddr.h
[1.133s] -- Up-to-date: /external/install/cyclonedds/include/dds/ddsi/q_bitset.h
[1.133s] -- Up-to-date: /external/install/cyclonedds/include/dds/ddsi/ddsi_plist.h
[1.133s] -- Up-to-date: /external/install/cyclonedds/include/dds/ddsi/ddsi_handshake.h
[1.134s] -- Up-to-date: /external/install/cyclonedds/include/dds/ddsi/q_transmit.h
[1.134s] -- Up-to-date: /external/install/cyclonedds/include/dds/ddsi/ddsi_list_genptr.h
[1.134s] -- Up-to-date: /external/install/cyclonedds/include/dds/ddsi/ddsi_wraddrset.h
[1.134s] -- Up-to-date: /external/install/cyclonedds/include/dds/ddsi/q_pcap.h
[1.134s] -- Up-to-date: /external/install/cyclonedds/include/dds/ddsi/q_sockwaitset.h
[1.134s] -- Up-to-date: /external/install/cyclonedds/include/dds/ddsi/ddsi_entity_index.h
[1.134s] -- Up-to-date: /external/install/cyclonedds/include/dds/ddsi/q_receive.h
[1.134s] -- Up-to-date: /external/install/cyclonedds/include/dds/ddsi/ddsi_serdata_pserop.h
[1.134s] -- Up-to-date: /external/install/cyclonedds/include/dds/ddsi/ddsi_typewrap.h
[1.134s] -- Up-to-date: /external/install/cyclonedds/include/dds/ddsi/ddsi_typelookup.h
[1.134s] -- Up-to-date: /external/install/cyclonedds/include/dds/ddsi/ddsi_xt_typeinfo.idl
[1.134s] -- Up-to-date: /external/install/cyclonedds/include/dds/ddsi/q_thread.h
[1.135s] -- Up-to-date: /external/install/cyclonedds/include/dds/ddsi/ddsi_deadline.h
[1.135s] -- Up-to-date: /external/install/cyclonedds/include/dds/ddsi/q_lease.h
[1.135s] -- Up-to-date: /external/install/cyclonedds/include/dds/ddsi/q_ddsi_discovery.h
[1.135s] -- Up-to-date: /external/install/cyclonedds/include/dds/ddsi/ddsi_time.h
[1.135s] -- Up-to-date: /external/install/cyclonedds/include/dds/ddsi/q_gc.h
[1.135s] -- Up-to-date: /external/install/cyclonedds/include/dds/ddsi/ddsi_serdata_plist.h
[1.135s] -- Up-to-date: /external/install/cyclonedds/include/dds/ddsi/ddsi_tran.h
[1.135s] -- Up-to-date: /external/install/cyclonedds/include/dds/ddsi/ddsi_cfgunits.h
[1.135s] -- Up-to-date: /external/install/cyclonedds/include/dds/ddsi/ddsi_security_util.h
[1.137s] -- Up-to-date: /external/install/cyclonedds/include/dds/ddsi/ddsi_topic.h
[1.138s] -- Up-to-date: /external/install/cyclonedds/include/dds/ddsi/ddsi_serdata_default.h
[1.138s] -- Up-to-date: /external/install/cyclonedds/include/dds/ddsi/ddsi_security_omg.h
[1.138s] -- Up-to-date: /external/install/cyclonedds/include/dds/ddsi/q_unused.h
[1.138s] -- Up-to-date: /external/install/cyclonedds/include/dds/ddsi/ddsi_shm_transport.h
[1.138s] -- Up-to-date: /external/install/cyclonedds/include/dds/ddsi/ddsi_xqos.h
[1.138s] -- Up-to-date: /external/install/cyclonedds/include
[1.138s] -- Up-to-date: /external/install/cyclonedds/include/ddsc
[1.139s] -- Up-to-date: /external/install/cyclonedds/include/ddsc/dds.h
[1.139s] -- Up-to-date: /external/install/cyclonedds/include/dds
[1.139s] -- Up-to-date: /external/install/cyclonedds/include/dds/ddsc
[1.139s] -- Up-to-date: /external/install/cyclonedds/include/dds/ddsc/dds_public_qos.h
[1.139s] -- Up-to-date: /external/install/cyclonedds/include/dds/ddsc/dds_internal_api.h
[1.139s] -- Up-to-date: /external/install/cyclonedds/include/dds/ddsc/dds_opcodes.h
[1.139s] -- Up-to-date: /external/install/cyclonedds/include/dds/ddsc/dds_public_alloc.h
[1.139s] -- Up-to-date: /external/install/cyclonedds/include/dds/ddsc/dds_data_allocator.h
[1.139s] -- Up-to-date: /external/install/cyclonedds/include/dds/ddsc/dds_loan_api.h
[1.139s] -- Up-to-date: /external/install/cyclonedds/include/dds/ddsc/dds_public_listener.h
[1.140s] -- Up-to-date: /external/install/cyclonedds/include/dds/ddsc/dds_rhc.h
[1.140s] -- Up-to-date: /external/install/cyclonedds/include/dds/ddsc/dds_statistics.h
[1.140s] -- Up-to-date: /external/install/cyclonedds/include/dds/ddsc/dds_public_impl.h
[1.140s] -- Up-to-date: /external/install/cyclonedds/include/dds/ddsc/dds_public_qosdefs.h
[1.140s] -- Up-to-date: /external/install/cyclonedds/include/dds/ddsc/dds_basic_types.h
[1.140s] -- Up-to-date: /external/install/cyclonedds/include/dds/ddsc/dds_public_error.h
[1.141s] -- Up-to-date: /external/install/cyclonedds/include/dds/ddsc/dds_public_status.h
[1.141s] -- Up-to-date: /external/install/cyclonedds/include/dds/dds.h
[1.141s] -- Up-to-date: /external/install/cyclonedds/include
[1.141s] -- Up-to-date: /external/install/cyclonedds/include/dds
[1.141s] -- Up-to-date: /external/install/cyclonedds/include/dds/export.h
[1.141s] -- Up-to-date: /external/install/cyclonedds/lib/libddsc.so.0.10.2
[1.141s] -- Up-to-date: /external/install/cyclonedds/lib/libddsc.so.0
[1.141s] -- Up-to-date: /external/install/cyclonedds/lib/libddsc.so
[1.141s] -- Up-to-date: /external/install/cyclonedds/share/doc/CycloneDDS/CONTRIBUTING.md
[1.141s] -- Up-to-date: /external/install/cyclonedds/share/doc/CycloneDDS/CYCLONEDDS_QUALITY_DECLARATION.md
[1.142s] -- Up-to-date: /external/install/cyclonedds/share/doc/CycloneDDS/LICENSE
[1.142s] -- Up-to-date: /external/install/cyclonedds/share/doc/CycloneDDS/NOTICE.md
[1.142s] -- Up-to-date: /external/install/cyclonedds/share/doc/CycloneDDS/README.md
[1.142s] -- Up-to-date: /external/install/cyclonedds/share/doc/CycloneDDS/CHANGELOG.rst
[1.143s] Invoked command in '/external/build/cyclonedds' returned '0': CMAKE_PREFIX_PATH=/opt/ros/humble /usr/bin/cmake --install /external/build/cyclonedds
