-- Found ament_cmake: 1.3.11 (/opt/ros/humble/share/ament_cmake/cmake)
-- Override CMake install command with custom implementation using symlinks instead of copying resources
-- Found unitree_go: 0.0.0 (/external/install/unitree_go/share/unitree_go/cmake)
-- Found rosidl_generator_c: 3.1.6 (/opt/ros/humble/share/rosidl_generator_c/cmake)
-- Found rosidl_adapter: 3.1.6 (/opt/ros/humble/share/rosidl_adapter/cmake)
-- Found rosidl_generator_cpp: 3.1.6 (/opt/ros/humble/share/rosidl_generator_cpp/cmake)
-- Using all available rosidl_typesupport_c: rosidl_typesupport_fastrtps_c;rosidl_typesupport_introspection_c
-- Using all available rosidl_typesupport_cpp: rosidl_typesupport_fastrtps_cpp;rosidl_typesupport_introspection_cpp
-- Found unitree_api: 0.0.0 (/external/install/unitree_api/share/unitree_api/cmake)
-- Found rclcpp: 16.0.12 (/opt/ros/humble/share/rclcpp/cmake)
-- Found rmw_implementation_cmake: 6.1.2 (/opt/ros/humble/share/rmw_implementation_cmake/cmake)
-- Found rmw_fastrtps_cpp: 6.2.7 (/opt/ros/humble/share/rmw_fastrtps_cpp/cmake)
-- Using RMW implementation 'rmw_fastrtps_cpp' as default
-- Found rosbag2_cpp: 0.15.14 (/opt/ros/humble/share/rosbag2_cpp/cmake)
-- Found sensor_msgs: 4.8.0 (/opt/ros/humble/share/sensor_msgs/cmake)
-- Found ament_lint_auto: 0.12.12 (/opt/ros/humble/share/ament_lint_auto/cmake)
-- Added test 'copyright' to check source files copyright and LICENSE
-- Added test 'cppcheck' to perform static code analysis on C / C++ code
-- Configured cppcheck include dirs: /external/src/go2_unitree_ros2/include;/external/src/go2_unitree_ros2/include/common;/external/src/go2_unitree_ros2/include/nlohmann;/external/src/go2_unitree_ros2/include/devel
-- Configured cppcheck exclude dirs and/or files: 
-- Added test 'cpplint' to check C / C++ code against the Google style
-- Configured cpplint exclude dirs and/or files: 
-- Added test 'lint_cmake' to check CMake code style
-- Added test 'uncrustify' to check C / C++ code style
-- Configured uncrustify additional arguments: 
-- Added test 'xmllint' to check XML markup files
-- Configuring done
-- Generating done
-- Build files have been written to: /external/build/go2_demo
[35m[1mConsolidate compiler generated dependencies of target imu_publisher[0m
[ 50%] [32mBuilding CXX object CMakeFiles/imu_publisher.dir/src/devel/imu_publisher.cpp.o[0m
[100%] [32m[1mLinking CXX executable imu_publisher[0m
[100%] Built target imu_publisher
-- Install configuration: ""
-- Execute custom install script
-- Up-to-date symlink: /external/install/go2_demo/lib/go2_demo/imu_publisher
-- Up-to-date symlink: /external/install/go2_demo/share/ament_index/resource_index/package_run_dependencies/go2_demo
-- Up-to-date symlink: /external/install/go2_demo/share/ament_index/resource_index/parent_prefix_path/go2_demo
-- Up-to-date symlink: /external/install/go2_demo/share/go2_demo/environment/ament_prefix_path.sh
-- Up-to-date symlink: /external/install/go2_demo/share/go2_demo/environment/ament_prefix_path.dsv
-- Up-to-date symlink: /external/install/go2_demo/share/go2_demo/environment/path.sh
-- Up-to-date symlink: /external/install/go2_demo/share/go2_demo/environment/path.dsv
-- Up-to-date symlink: /external/install/go2_demo/share/go2_demo/local_setup.bash
-- Up-to-date symlink: /external/install/go2_demo/share/go2_demo/local_setup.sh
-- Up-to-date symlink: /external/install/go2_demo/share/go2_demo/local_setup.zsh
-- Up-to-date symlink: /external/install/go2_demo/share/go2_demo/local_setup.dsv
-- Symlinking: /external/install/go2_demo/share/go2_demo/package.dsv
-- Up-to-date symlink: /external/install/go2_demo/share/ament_index/resource_index/packages/go2_demo
-- Up-to-date symlink: /external/install/go2_demo/share/go2_demo/cmake/go2_demoConfig.cmake
-- Up-to-date symlink: /external/install/go2_demo/share/go2_demo/cmake/go2_demoConfig-version.cmake
-- Up-to-date symlink: /external/install/go2_demo/share/go2_demo/package.xml
