[0.019s] Invoking command in '/external/build/go2_demo': AMENT_PREFIX_PATH=/external/install/unitree_go:/external/install/unitree_api:${AMENT_PREFIX_PATH} CMAKE_PREFIX_PATH=/external/install/unitree_go:/external/install/unitree_api:/opt/ros/humble LD_LIBRARY_PATH=/external/install/unitree_go/lib:/external/install/unitree_api/lib:${LD_LIBRARY_PATH} PYTHONPATH=/external/install/unitree_go/local/lib/python3.10/dist-packages:/external/install/unitree_api/local/lib/python3.10/dist-packages:${PYTHONPATH} /usr/bin/cmake --build /external/build/go2_demo -- -j8 -l8
[0.072s] -- Found ament_cmake: 1.3.11 (/opt/ros/humble/share/ament_cmake/cmake)
[0.304s] -- Override CMake install command with custom implementation using symlinks instead of copying resources
[0.321s] -- Found unitree_go: 0.0.0 (/external/install/unitree_go/share/unitree_go/cmake)
[0.369s] -- Found rosidl_generator_c: 3.1.6 (/opt/ros/humble/share/rosidl_generator_c/cmake)
[0.373s] -- Found rosidl_adapter: 3.1.6 (/opt/ros/humble/share/rosidl_adapter/cmake)
[0.382s] -- Found rosidl_generator_cpp: 3.1.6 (/opt/ros/humble/share/rosidl_generator_cpp/cmake)
[0.397s] -- Using all available rosidl_typesupport_c: rosidl_typesupport_fastrtps_c;rosidl_typesupport_introspection_c
[0.416s] -- Using all available rosidl_typesupport_cpp: rosidl_typesupport_fastrtps_cpp;rosidl_typesupport_introspection_cpp
[0.493s] -- Found unitree_api: 0.0.0 (/external/install/unitree_api/share/unitree_api/cmake)
[0.512s] -- Found rclcpp: 16.0.12 (/opt/ros/humble/share/rclcpp/cmake)
[0.551s] -- Found rmw_implementation_cmake: 6.1.2 (/opt/ros/humble/share/rmw_implementation_cmake/cmake)
[0.553s] -- Found rmw_fastrtps_cpp: 6.2.7 (/opt/ros/humble/share/rmw_fastrtps_cpp/cmake)
[0.724s] -- Using RMW implementation 'rmw_fastrtps_cpp' as default
[0.784s] -- Found rosbag2_cpp: 0.15.14 (/opt/ros/humble/share/rosbag2_cpp/cmake)
[0.836s] -- Found sensor_msgs: 4.8.0 (/opt/ros/humble/share/sensor_msgs/cmake)
[0.865s] -- Found ament_lint_auto: 0.12.12 (/opt/ros/humble/share/ament_lint_auto/cmake)
[0.995s] -- Added test 'copyright' to check source files copyright and LICENSE
[1.003s] -- Added test 'cppcheck' to perform static code analysis on C / C++ code
[1.004s] -- Configured cppcheck include dirs: /external/src/go2_unitree_ros2/include;/external/src/go2_unitree_ros2/include/common;/external/src/go2_unitree_ros2/include/nlohmann;/external/src/go2_unitree_ros2/include/devel
[1.004s] -- Configured cppcheck exclude dirs and/or files: 
[1.013s] -- Added test 'cpplint' to check C / C++ code against the Google style
[1.013s] -- Configured cpplint exclude dirs and/or files: 
[1.018s] -- Added test 'lint_cmake' to check CMake code style
[1.029s] -- Added test 'uncrustify' to check C / C++ code style
[1.029s] -- Configured uncrustify additional arguments: 
[1.030s] -- Added test 'xmllint' to check XML markup files
[1.033s] -- Configuring done
[1.068s] -- Generating done
[1.077s] -- Build files have been written to: /external/build/go2_demo
[1.125s] [35m[1mConsolidate compiler generated dependencies of target imu_publisher[0m
[1.156s] [ 50%] [32mBuilding CXX object CMakeFiles/imu_publisher.dir/src/devel/imu_publisher.cpp.o[0m
[39.535s] [100%] [32m[1mLinking CXX executable imu_publisher[0m
[41.009s] [100%] Built target imu_publisher
[41.050s] Invoked command in '/external/build/go2_demo' returned '0': AMENT_PREFIX_PATH=/external/install/unitree_go:/external/install/unitree_api:${AMENT_PREFIX_PATH} CMAKE_PREFIX_PATH=/external/install/unitree_go:/external/install/unitree_api:/opt/ros/humble LD_LIBRARY_PATH=/external/install/unitree_go/lib:/external/install/unitree_api/lib:${LD_LIBRARY_PATH} PYTHONPATH=/external/install/unitree_go/local/lib/python3.10/dist-packages:/external/install/unitree_api/local/lib/python3.10/dist-packages:${PYTHONPATH} /usr/bin/cmake --build /external/build/go2_demo -- -j8 -l8
[41.072s] Invoking command in '/external/build/go2_demo': AMENT_PREFIX_PATH=/external/install/unitree_go:/external/install/unitree_api:${AMENT_PREFIX_PATH} CMAKE_PREFIX_PATH=/external/install/unitree_go:/external/install/unitree_api:/opt/ros/humble LD_LIBRARY_PATH=/external/install/unitree_go/lib:/external/install/unitree_api/lib:${LD_LIBRARY_PATH} PYTHONPATH=/external/install/unitree_go/local/lib/python3.10/dist-packages:/external/install/unitree_api/local/lib/python3.10/dist-packages:${PYTHONPATH} /usr/bin/cmake --install /external/build/go2_demo
[41.085s] -- Install configuration: ""
[41.085s] -- Execute custom install script
[41.085s] -- Up-to-date symlink: /external/install/go2_demo/lib/go2_demo/imu_publisher
[41.086s] -- Up-to-date symlink: /external/install/go2_demo/share/ament_index/resource_index/package_run_dependencies/go2_demo
[41.086s] -- Up-to-date symlink: /external/install/go2_demo/share/ament_index/resource_index/parent_prefix_path/go2_demo
[41.086s] -- Up-to-date symlink: /external/install/go2_demo/share/go2_demo/environment/ament_prefix_path.sh
[41.086s] -- Up-to-date symlink: /external/install/go2_demo/share/go2_demo/environment/ament_prefix_path.dsv
[41.086s] -- Up-to-date symlink: /external/install/go2_demo/share/go2_demo/environment/path.sh
[41.087s] -- Up-to-date symlink: /external/install/go2_demo/share/go2_demo/environment/path.dsv
[41.087s] -- Up-to-date symlink: /external/install/go2_demo/share/go2_demo/local_setup.bash
[41.087s] -- Up-to-date symlink: /external/install/go2_demo/share/go2_demo/local_setup.sh
[41.087s] -- Up-to-date symlink: /external/install/go2_demo/share/go2_demo/local_setup.zsh
[41.105s] -- Up-to-date symlink: /external/install/go2_demo/share/go2_demo/local_setup.dsv
[41.105s] -- Symlinking: /external/install/go2_demo/share/go2_demo/package.dsv
[41.152s] -- Up-to-date symlink: /external/install/go2_demo/share/ament_index/resource_index/packages/go2_demo
[41.152s] -- Up-to-date symlink: /external/install/go2_demo/share/go2_demo/cmake/go2_demoConfig.cmake
[41.152s] -- Up-to-date symlink: /external/install/go2_demo/share/go2_demo/cmake/go2_demoConfig-version.cmake
[41.152s] -- Up-to-date symlink: /external/install/go2_demo/share/go2_demo/package.xml
[41.158s] Invoked command in '/external/build/go2_demo' returned '0': AMENT_PREFIX_PATH=/external/install/unitree_go:/external/install/unitree_api:${AMENT_PREFIX_PATH} CMAKE_PREFIX_PATH=/external/install/unitree_go:/external/install/unitree_api:/opt/ros/humble LD_LIBRARY_PATH=/external/install/unitree_go/lib:/external/install/unitree_api/lib:${LD_LIBRARY_PATH} PYTHONPATH=/external/install/unitree_go/local/lib/python3.10/dist-packages:/external/install/unitree_api/local/lib/python3.10/dist-packages:${PYTHONPATH} /usr/bin/cmake --install /external/build/go2_demo
