[0.057s] Invoking command in '/external/build/unitree_hg': CMAKE_PREFIX_PATH=/opt/ros/humble /usr/bin/cmake --build /external/build/unitree_hg -- -j8 -l8
[0.250s] [  1%] Built target unitree_hg__dds_connext_idl
[0.267s] [  1%] Built target unitree_hg__cpp
[0.304s] [ 13%] Built target unitree_hg__rosidl_generator_c
[0.319s] [ 13%] Built target ament_cmake_python_symlink_unitree_hg
[0.442s] [ 25%] Built target unitree_hg__rosidl_typesupport_introspection_cpp
[0.465s] [ 36%] Built target unitree_hg__rosidl_typesupport_introspection_c
[0.468s] [ 51%] Built target unitree_hg__rosidl_typesupport_fastrtps_c
[0.469s] [ 59%] Built target unitree_hg__rosidl_typesupport_cpp
[0.505s] [ 70%] Built target unitree_hg__rosidl_typesupport_c
[0.511s] [ 82%] Built target unitree_hg__rosidl_typesupport_fastrtps_cpp
[0.629s] [ 82%] Built target unitree_hg
[0.686s] [ 83%] Built target unitree_hg__py
[0.765s] [ 94%] Built target unitree_hg__rosidl_generator_py
[0.844s] [ 96%] Built target unitree_hg__rosidl_typesupport_c__pyext
[0.864s] [ 98%] Built target unitree_hg__rosidl_typesupport_introspection_c__pyext
[0.886s] [100%] Built target unitree_hg__rosidl_typesupport_fastrtps_c__pyext
[1.149s] running egg_info
[1.149s] writing unitree_hg.egg-info/PKG-INFO
[1.150s] writing dependency_links to unitree_hg.egg-info/dependency_links.txt
[1.151s] writing top-level names to unitree_hg.egg-info/top_level.txt
[1.151s] reading manifest file 'unitree_hg.egg-info/SOURCES.txt'
[1.151s] writing manifest file 'unitree_hg.egg-info/SOURCES.txt'
[1.212s] [100%] Built target ament_cmake_python_build_unitree_hg_egg
[1.236s] Invoked command in '/external/build/unitree_hg' returned '0': CMAKE_PREFIX_PATH=/opt/ros/humble /usr/bin/cmake --build /external/build/unitree_hg -- -j8 -l8
[1.242s] Invoking command in '/external/build/unitree_hg': CMAKE_PREFIX_PATH=/opt/ros/humble /usr/bin/cmake --install /external/build/unitree_hg
[1.275s] -- Install configuration: ""
[1.276s] -- Execute custom install script
[1.276s] -- Up-to-date symlink: /external/install/unitree_hg/share/ament_index/resource_index/rosidl_interfaces/unitree_hg
[1.277s] -- Up-to-date symlink: /external/install/unitree_hg/include/unitree_hg/unitree_hg/msg/bms_cmd.h
[1.277s] -- Up-to-date symlink: /external/install/unitree_hg/include/unitree_hg/unitree_hg/msg/bms_state.h
[1.277s] -- Up-to-date symlink: /external/install/unitree_hg/include/unitree_hg/unitree_hg/msg/detail/bms_cmd__functions.h
[1.278s] -- Up-to-date symlink: /external/install/unitree_hg/include/unitree_hg/unitree_hg/msg/detail/bms_cmd__struct.h
[1.278s] -- Up-to-date symlink: /external/install/unitree_hg/include/unitree_hg/unitree_hg/msg/detail/bms_cmd__type_support.h
[1.279s] -- Up-to-date symlink: /external/install/unitree_hg/include/unitree_hg/unitree_hg/msg/detail/bms_state__functions.h
[1.279s] -- Up-to-date symlink: /external/install/unitree_hg/include/unitree_hg/unitree_hg/msg/detail/bms_state__struct.h
[1.279s] -- Up-to-date symlink: /external/install/unitree_hg/include/unitree_hg/unitree_hg/msg/detail/bms_state__type_support.h
[1.279s] -- Up-to-date symlink: /external/install/unitree_hg/include/unitree_hg/unitree_hg/msg/detail/hand_cmd__functions.h
[1.279s] -- Up-to-date symlink: /external/install/unitree_hg/include/unitree_hg/unitree_hg/msg/detail/hand_cmd__struct.h
[1.280s] -- Up-to-date symlink: /external/install/unitree_hg/include/unitree_hg/unitree_hg/msg/detail/hand_cmd__type_support.h
[1.280s] -- Up-to-date symlink: /external/install/unitree_hg/include/unitree_hg/unitree_hg/msg/detail/hand_state__functions.h
[1.280s] -- Up-to-date symlink: /external/install/unitree_hg/include/unitree_hg/unitree_hg/msg/detail/hand_state__struct.h
[1.280s] -- Up-to-date symlink: /external/install/unitree_hg/include/unitree_hg/unitree_hg/msg/detail/hand_state__type_support.h
[1.281s] -- Up-to-date symlink: /external/install/unitree_hg/include/unitree_hg/unitree_hg/msg/detail/imu_state__functions.h
[1.282s] -- Up-to-date symlink: /external/install/unitree_hg/include/unitree_hg/unitree_hg/msg/detail/imu_state__struct.h
[1.282s] -- Up-to-date symlink: /external/install/unitree_hg/include/unitree_hg/unitree_hg/msg/detail/imu_state__type_support.h
[1.282s] -- Up-to-date symlink: /external/install/unitree_hg/include/unitree_hg/unitree_hg/msg/detail/low_cmd__functions.h
[1.283s] -- Up-to-date symlink: /external/install/unitree_hg/include/unitree_hg/unitree_hg/msg/detail/low_cmd__struct.h
[1.283s] -- Up-to-date symlink: /external/install/unitree_hg/include/unitree_hg/unitree_hg/msg/detail/low_cmd__type_support.h
[1.284s] -- Up-to-date symlink: /external/install/unitree_hg/include/unitree_hg/unitree_hg/msg/detail/low_state__functions.h
[1.284s] -- Up-to-date symlink: /external/install/unitree_hg/include/unitree_hg/unitree_hg/msg/detail/low_state__struct.h
[1.284s] -- Up-to-date symlink: /external/install/unitree_hg/include/unitree_hg/unitree_hg/msg/detail/low_state__type_support.h
[1.285s] -- Up-to-date symlink: /external/install/unitree_hg/include/unitree_hg/unitree_hg/msg/detail/main_board_state__functions.h
[1.286s] -- Up-to-date symlink: /external/install/unitree_hg/include/unitree_hg/unitree_hg/msg/detail/main_board_state__struct.h
[1.290s] -- Up-to-date symlink: /external/install/unitree_hg/include/unitree_hg/unitree_hg/msg/detail/main_board_state__type_support.h
[1.291s] -- Up-to-date symlink: /external/install/unitree_hg/include/unitree_hg/unitree_hg/msg/detail/motor_cmd__functions.h
[1.293s] -- Up-to-date symlink: /external/install/unitree_hg/include/unitree_hg/unitree_hg/msg/detail/motor_cmd__struct.h
[1.294s] -- Up-to-date symlink: /external/install/unitree_hg/include/unitree_hg/unitree_hg/msg/detail/motor_cmd__type_support.h
[1.294s] -- Up-to-date symlink: /external/install/unitree_hg/include/unitree_hg/unitree_hg/msg/detail/motor_state__functions.h
[1.295s] -- Up-to-date symlink: /external/install/unitree_hg/include/unitree_hg/unitree_hg/msg/detail/motor_state__struct.h
[1.296s] -- Up-to-date symlink: /external/install/unitree_hg/include/unitree_hg/unitree_hg/msg/detail/motor_state__type_support.h
[1.296s] -- Up-to-date symlink: /external/install/unitree_hg/include/unitree_hg/unitree_hg/msg/detail/press_sensor_state__functions.h
[1.296s] -- Up-to-date symlink: /external/install/unitree_hg/include/unitree_hg/unitree_hg/msg/detail/press_sensor_state__struct.h
[1.296s] -- Up-to-date symlink: /external/install/unitree_hg/include/unitree_hg/unitree_hg/msg/detail/press_sensor_state__type_support.h
[1.297s] -- Up-to-date symlink: /external/install/unitree_hg/include/unitree_hg/unitree_hg/msg/hand_cmd.h
[1.297s] -- Up-to-date symlink: /external/install/unitree_hg/include/unitree_hg/unitree_hg/msg/hand_state.h
[1.297s] -- Up-to-date symlink: /external/install/unitree_hg/include/unitree_hg/unitree_hg/msg/imu_state.h
[1.297s] -- Up-to-date symlink: /external/install/unitree_hg/include/unitree_hg/unitree_hg/msg/low_cmd.h
[1.298s] -- Up-to-date symlink: /external/install/unitree_hg/include/unitree_hg/unitree_hg/msg/low_state.h
[1.298s] -- Up-to-date symlink: /external/install/unitree_hg/include/unitree_hg/unitree_hg/msg/main_board_state.h
[1.298s] -- Up-to-date symlink: /external/install/unitree_hg/include/unitree_hg/unitree_hg/msg/motor_cmd.h
[1.299s] -- Up-to-date symlink: /external/install/unitree_hg/include/unitree_hg/unitree_hg/msg/motor_state.h
[1.299s] -- Up-to-date symlink: /external/install/unitree_hg/include/unitree_hg/unitree_hg/msg/press_sensor_state.h
[1.300s] -- Up-to-date symlink: /external/install/unitree_hg/include/unitree_hg/unitree_hg/msg/rosidl_generator_c__visibility_control.h
[1.300s] -- Up-to-date symlink: /external/install/unitree_hg/share/unitree_hg/environment/library_path.sh
[1.301s] -- Up-to-date symlink: /external/install/unitree_hg/share/unitree_hg/environment/library_path.dsv
[1.301s] -- Up-to-date symlink: /external/install/unitree_hg/include/unitree_hg/unitree_hg/msg/detail/bms_cmd__rosidl_typesupport_fastrtps_c.h
[1.302s] -- Up-to-date symlink: /external/install/unitree_hg/include/unitree_hg/unitree_hg/msg/detail/bms_state__rosidl_typesupport_fastrtps_c.h
[1.303s] -- Up-to-date symlink: /external/install/unitree_hg/include/unitree_hg/unitree_hg/msg/detail/hand_cmd__rosidl_typesupport_fastrtps_c.h
[1.304s] -- Up-to-date symlink: /external/install/unitree_hg/include/unitree_hg/unitree_hg/msg/detail/hand_state__rosidl_typesupport_fastrtps_c.h
[1.304s] -- Up-to-date symlink: /external/install/unitree_hg/include/unitree_hg/unitree_hg/msg/detail/imu_state__rosidl_typesupport_fastrtps_c.h
[1.305s] -- Up-to-date symlink: /external/install/unitree_hg/include/unitree_hg/unitree_hg/msg/detail/low_cmd__rosidl_typesupport_fastrtps_c.h
[1.305s] -- Up-to-date symlink: /external/install/unitree_hg/include/unitree_hg/unitree_hg/msg/detail/low_state__rosidl_typesupport_fastrtps_c.h
[1.305s] -- Up-to-date symlink: /external/install/unitree_hg/include/unitree_hg/unitree_hg/msg/detail/main_board_state__rosidl_typesupport_fastrtps_c.h
[1.305s] -- Up-to-date symlink: /external/install/unitree_hg/include/unitree_hg/unitree_hg/msg/detail/motor_cmd__rosidl_typesupport_fastrtps_c.h
[1.306s] -- Up-to-date symlink: /external/install/unitree_hg/include/unitree_hg/unitree_hg/msg/detail/motor_state__rosidl_typesupport_fastrtps_c.h
[1.306s] -- Up-to-date symlink: /external/install/unitree_hg/include/unitree_hg/unitree_hg/msg/detail/press_sensor_state__rosidl_typesupport_fastrtps_c.h
[1.306s] -- Up-to-date symlink: /external/install/unitree_hg/include/unitree_hg/unitree_hg/msg/rosidl_typesupport_fastrtps_c__visibility_control.h
[1.309s] -- Up-to-date symlink: /external/install/unitree_hg/include/unitree_hg/unitree_hg/msg/bms_cmd.hpp
[1.310s] -- Up-to-date symlink: /external/install/unitree_hg/include/unitree_hg/unitree_hg/msg/bms_state.hpp
[1.310s] -- Up-to-date symlink: /external/install/unitree_hg/include/unitree_hg/unitree_hg/msg/detail/bms_cmd__builder.hpp
[1.310s] -- Up-to-date symlink: /external/install/unitree_hg/include/unitree_hg/unitree_hg/msg/detail/bms_cmd__struct.hpp
[1.311s] -- Up-to-date symlink: /external/install/unitree_hg/include/unitree_hg/unitree_hg/msg/detail/bms_cmd__traits.hpp
[1.311s] -- Up-to-date symlink: /external/install/unitree_hg/include/unitree_hg/unitree_hg/msg/detail/bms_cmd__type_support.hpp
[1.311s] -- Up-to-date symlink: /external/install/unitree_hg/include/unitree_hg/unitree_hg/msg/detail/bms_state__builder.hpp
[1.312s] -- Up-to-date symlink: /external/install/unitree_hg/include/unitree_hg/unitree_hg/msg/detail/bms_state__struct.hpp
[1.315s] -- Up-to-date symlink: /external/install/unitree_hg/include/unitree_hg/unitree_hg/msg/detail/bms_state__traits.hpp
[1.316s] -- Up-to-date symlink: /external/install/unitree_hg/include/unitree_hg/unitree_hg/msg/detail/bms_state__type_support.hpp
[1.317s] -- Up-to-date symlink: /external/install/unitree_hg/include/unitree_hg/unitree_hg/msg/detail/hand_cmd__builder.hpp
[1.317s] -- Up-to-date symlink: /external/install/unitree_hg/include/unitree_hg/unitree_hg/msg/detail/hand_cmd__struct.hpp
[1.317s] -- Up-to-date symlink: /external/install/unitree_hg/include/unitree_hg/unitree_hg/msg/detail/hand_cmd__traits.hpp
[1.317s] -- Up-to-date symlink: /external/install/unitree_hg/include/unitree_hg/unitree_hg/msg/detail/hand_cmd__type_support.hpp
[1.323s] -- Up-to-date symlink: /external/install/unitree_hg/include/unitree_hg/unitree_hg/msg/detail/hand_state__builder.hpp
[1.323s] -- Up-to-date symlink: /external/install/unitree_hg/include/unitree_hg/unitree_hg/msg/detail/hand_state__struct.hpp
[1.324s] -- Up-to-date symlink: /external/install/unitree_hg/include/unitree_hg/unitree_hg/msg/detail/hand_state__traits.hpp
[1.324s] -- Up-to-date symlink: /external/install/unitree_hg/include/unitree_hg/unitree_hg/msg/detail/hand_state__type_support.hpp
[1.325s] -- Up-to-date symlink: /external/install/unitree_hg/include/unitree_hg/unitree_hg/msg/detail/imu_state__builder.hpp
[1.325s] -- Up-to-date symlink: /external/install/unitree_hg/include/unitree_hg/unitree_hg/msg/detail/imu_state__struct.hpp
[1.326s] -- Up-to-date symlink: /external/install/unitree_hg/include/unitree_hg/unitree_hg/msg/detail/imu_state__traits.hpp
[1.326s] -- Up-to-date symlink: /external/install/unitree_hg/include/unitree_hg/unitree_hg/msg/detail/imu_state__type_support.hpp
[1.327s] -- Up-to-date symlink: /external/install/unitree_hg/include/unitree_hg/unitree_hg/msg/detail/low_cmd__builder.hpp
[1.327s] -- Up-to-date symlink: /external/install/unitree_hg/include/unitree_hg/unitree_hg/msg/detail/low_cmd__struct.hpp
[1.328s] -- Up-to-date symlink: /external/install/unitree_hg/include/unitree_hg/unitree_hg/msg/detail/low_cmd__traits.hpp
[1.328s] -- Up-to-date symlink: /external/install/unitree_hg/include/unitree_hg/unitree_hg/msg/detail/low_cmd__type_support.hpp
[1.329s] -- Up-to-date symlink: /external/install/unitree_hg/include/unitree_hg/unitree_hg/msg/detail/low_state__builder.hpp
[1.330s] -- Up-to-date symlink: /external/install/unitree_hg/include/unitree_hg/unitree_hg/msg/detail/low_state__struct.hpp
[1.331s] -- Up-to-date symlink: /external/install/unitree_hg/include/unitree_hg/unitree_hg/msg/detail/low_state__traits.hpp
[1.331s] -- Up-to-date symlink: /external/install/unitree_hg/include/unitree_hg/unitree_hg/msg/detail/low_state__type_support.hpp
[1.332s] -- Up-to-date symlink: /external/install/unitree_hg/include/unitree_hg/unitree_hg/msg/detail/main_board_state__builder.hpp
[1.333s] -- Up-to-date symlink: /external/install/unitree_hg/include/unitree_hg/unitree_hg/msg/detail/main_board_state__struct.hpp
[1.333s] -- Up-to-date symlink: /external/install/unitree_hg/include/unitree_hg/unitree_hg/msg/detail/main_board_state__traits.hpp
[1.335s] -- Up-to-date symlink: /external/install/unitree_hg/include/unitree_hg/unitree_hg/msg/detail/main_board_state__type_support.hpp
[1.336s] -- Up-to-date symlink: /external/install/unitree_hg/include/unitree_hg/unitree_hg/msg/detail/motor_cmd__builder.hpp
[1.336s] -- Up-to-date symlink: /external/install/unitree_hg/include/unitree_hg/unitree_hg/msg/detail/motor_cmd__struct.hpp
[1.337s] -- Up-to-date symlink: /external/install/unitree_hg/include/unitree_hg/unitree_hg/msg/detail/motor_cmd__traits.hpp
[1.337s] -- Up-to-date symlink: /external/install/unitree_hg/include/unitree_hg/unitree_hg/msg/detail/motor_cmd__type_support.hpp
[1.337s] -- Up-to-date symlink: /external/install/unitree_hg/include/unitree_hg/unitree_hg/msg/detail/motor_state__builder.hpp
[1.338s] -- Up-to-date symlink: /external/install/unitree_hg/include/unitree_hg/unitree_hg/msg/detail/motor_state__struct.hpp
[1.338s] -- Up-to-date symlink: /external/install/unitree_hg/include/unitree_hg/unitree_hg/msg/detail/motor_state__traits.hpp
[1.338s] -- Up-to-date symlink: /external/install/unitree_hg/include/unitree_hg/unitree_hg/msg/detail/motor_state__type_support.hpp
[1.339s] -- Up-to-date symlink: /external/install/unitree_hg/include/unitree_hg/unitree_hg/msg/detail/press_sensor_state__builder.hpp
[1.339s] -- Up-to-date symlink: /external/install/unitree_hg/include/unitree_hg/unitree_hg/msg/detail/press_sensor_state__struct.hpp
[1.340s] -- Up-to-date symlink: /external/install/unitree_hg/include/unitree_hg/unitree_hg/msg/detail/press_sensor_state__traits.hpp
[1.341s] -- Up-to-date symlink: /external/install/unitree_hg/include/unitree_hg/unitree_hg/msg/detail/press_sensor_state__type_support.hpp
[1.342s] -- Up-to-date symlink: /external/install/unitree_hg/include/unitree_hg/unitree_hg/msg/hand_cmd.hpp
[1.351s] -- Up-to-date symlink: /external/install/unitree_hg/include/unitree_hg/unitree_hg/msg/hand_state.hpp
[1.351s] -- Up-to-date symlink: /external/install/unitree_hg/include/unitree_hg/unitree_hg/msg/imu_state.hpp
[1.351s] -- Up-to-date symlink: /external/install/unitree_hg/include/unitree_hg/unitree_hg/msg/low_cmd.hpp
[1.352s] -- Up-to-date symlink: /external/install/unitree_hg/include/unitree_hg/unitree_hg/msg/low_state.hpp
[1.352s] -- Up-to-date symlink: /external/install/unitree_hg/include/unitree_hg/unitree_hg/msg/main_board_state.hpp
[1.352s] -- Up-to-date symlink: /external/install/unitree_hg/include/unitree_hg/unitree_hg/msg/motor_cmd.hpp
[1.353s] -- Up-to-date symlink: /external/install/unitree_hg/include/unitree_hg/unitree_hg/msg/motor_state.hpp
[1.353s] -- Up-to-date symlink: /external/install/unitree_hg/include/unitree_hg/unitree_hg/msg/press_sensor_state.hpp
[1.353s] -- Up-to-date symlink: /external/install/unitree_hg/include/unitree_hg/unitree_hg/msg/rosidl_generator_cpp__visibility_control.hpp
[1.354s] -- Up-to-date symlink: /external/install/unitree_hg/include/unitree_hg/unitree_hg/msg/detail/bms_cmd__rosidl_typesupport_fastrtps_cpp.hpp
[1.354s] -- Up-to-date symlink: /external/install/unitree_hg/include/unitree_hg/unitree_hg/msg/detail/bms_state__rosidl_typesupport_fastrtps_cpp.hpp
[1.354s] -- Up-to-date symlink: /external/install/unitree_hg/include/unitree_hg/unitree_hg/msg/detail/hand_cmd__rosidl_typesupport_fastrtps_cpp.hpp
[1.355s] -- Up-to-date symlink: /external/install/unitree_hg/include/unitree_hg/unitree_hg/msg/detail/hand_state__rosidl_typesupport_fastrtps_cpp.hpp
[1.355s] -- Up-to-date symlink: /external/install/unitree_hg/include/unitree_hg/unitree_hg/msg/detail/imu_state__rosidl_typesupport_fastrtps_cpp.hpp
[1.355s] -- Up-to-date symlink: /external/install/unitree_hg/include/unitree_hg/unitree_hg/msg/detail/low_cmd__rosidl_typesupport_fastrtps_cpp.hpp
[1.356s] -- Up-to-date symlink: /external/install/unitree_hg/include/unitree_hg/unitree_hg/msg/detail/low_state__rosidl_typesupport_fastrtps_cpp.hpp
[1.356s] -- Up-to-date symlink: /external/install/unitree_hg/include/unitree_hg/unitree_hg/msg/detail/main_board_state__rosidl_typesupport_fastrtps_cpp.hpp
[1.357s] -- Up-to-date symlink: /external/install/unitree_hg/include/unitree_hg/unitree_hg/msg/detail/motor_cmd__rosidl_typesupport_fastrtps_cpp.hpp
[1.357s] -- Up-to-date symlink: /external/install/unitree_hg/include/unitree_hg/unitree_hg/msg/detail/motor_state__rosidl_typesupport_fastrtps_cpp.hpp
[1.357s] -- Up-to-date symlink: /external/install/unitree_hg/include/unitree_hg/unitree_hg/msg/detail/press_sensor_state__rosidl_typesupport_fastrtps_cpp.hpp
[1.357s] -- Up-to-date symlink: /external/install/unitree_hg/include/unitree_hg/unitree_hg/msg/rosidl_typesupport_fastrtps_cpp__visibility_control.h
[1.358s] -- Up-to-date symlink: /external/install/unitree_hg/include/unitree_hg/unitree_hg/msg/detail/bms_cmd__rosidl_typesupport_introspection_c.h
[1.358s] -- Up-to-date symlink: /external/install/unitree_hg/include/unitree_hg/unitree_hg/msg/detail/bms_state__rosidl_typesupport_introspection_c.h
[1.358s] -- Up-to-date symlink: /external/install/unitree_hg/include/unitree_hg/unitree_hg/msg/detail/hand_cmd__rosidl_typesupport_introspection_c.h
[1.363s] -- Up-to-date symlink: /external/install/unitree_hg/include/unitree_hg/unitree_hg/msg/detail/hand_state__rosidl_typesupport_introspection_c.h
[1.364s] -- Up-to-date symlink: /external/install/unitree_hg/include/unitree_hg/unitree_hg/msg/detail/imu_state__rosidl_typesupport_introspection_c.h
[1.364s] -- Up-to-date symlink: /external/install/unitree_hg/include/unitree_hg/unitree_hg/msg/detail/low_cmd__rosidl_typesupport_introspection_c.h
[1.365s] -- Up-to-date symlink: /external/install/unitree_hg/include/unitree_hg/unitree_hg/msg/detail/low_state__rosidl_typesupport_introspection_c.h
[1.365s] -- Up-to-date symlink: /external/install/unitree_hg/include/unitree_hg/unitree_hg/msg/detail/main_board_state__rosidl_typesupport_introspection_c.h
[1.365s] -- Up-to-date symlink: /external/install/unitree_hg/include/unitree_hg/unitree_hg/msg/detail/motor_cmd__rosidl_typesupport_introspection_c.h
[1.366s] -- Up-to-date symlink: /external/install/unitree_hg/include/unitree_hg/unitree_hg/msg/detail/motor_state__rosidl_typesupport_introspection_c.h
[1.366s] -- Up-to-date symlink: /external/install/unitree_hg/include/unitree_hg/unitree_hg/msg/detail/press_sensor_state__rosidl_typesupport_introspection_c.h
[1.367s] -- Up-to-date symlink: /external/install/unitree_hg/include/unitree_hg/unitree_hg/msg/rosidl_typesupport_introspection_c__visibility_control.h
[1.368s] -- Up-to-date symlink: /external/install/unitree_hg/include/unitree_hg/unitree_hg/msg/detail/bms_cmd__rosidl_typesupport_introspection_cpp.hpp
[1.368s] -- Up-to-date symlink: /external/install/unitree_hg/include/unitree_hg/unitree_hg/msg/detail/bms_state__rosidl_typesupport_introspection_cpp.hpp
[1.368s] -- Up-to-date symlink: /external/install/unitree_hg/include/unitree_hg/unitree_hg/msg/detail/hand_cmd__rosidl_typesupport_introspection_cpp.hpp
[1.369s] -- Up-to-date symlink: /external/install/unitree_hg/include/unitree_hg/unitree_hg/msg/detail/hand_state__rosidl_typesupport_introspection_cpp.hpp
[1.369s] -- Up-to-date symlink: /external/install/unitree_hg/include/unitree_hg/unitree_hg/msg/detail/imu_state__rosidl_typesupport_introspection_cpp.hpp
[1.369s] -- Up-to-date symlink: /external/install/unitree_hg/include/unitree_hg/unitree_hg/msg/detail/low_cmd__rosidl_typesupport_introspection_cpp.hpp
[1.370s] -- Up-to-date symlink: /external/install/unitree_hg/include/unitree_hg/unitree_hg/msg/detail/low_state__rosidl_typesupport_introspection_cpp.hpp
[1.370s] -- Up-to-date symlink: /external/install/unitree_hg/include/unitree_hg/unitree_hg/msg/detail/main_board_state__rosidl_typesupport_introspection_cpp.hpp
[1.370s] -- Up-to-date symlink: /external/install/unitree_hg/include/unitree_hg/unitree_hg/msg/detail/motor_cmd__rosidl_typesupport_introspection_cpp.hpp
[1.370s] -- Up-to-date symlink: /external/install/unitree_hg/include/unitree_hg/unitree_hg/msg/detail/motor_state__rosidl_typesupport_introspection_cpp.hpp
[1.370s] -- Up-to-date symlink: /external/install/unitree_hg/include/unitree_hg/unitree_hg/msg/detail/press_sensor_state__rosidl_typesupport_introspection_cpp.hpp
[1.371s] -- Up-to-date symlink: /external/install/unitree_hg/share/unitree_hg/environment/pythonpath.sh
[1.371s] -- Up-to-date symlink: /external/install/unitree_hg/share/unitree_hg/environment/pythonpath.dsv
[1.371s] -- Up-to-date symlink: /external/install/unitree_hg/local/lib/python3.10/dist-packages/unitree_hg-0.0.0-py3.10.egg-info/PKG-INFO
[1.371s] -- Up-to-date symlink: /external/install/unitree_hg/local/lib/python3.10/dist-packages/unitree_hg-0.0.0-py3.10.egg-info/SOURCES.txt
[1.371s] -- Up-to-date symlink: /external/install/unitree_hg/local/lib/python3.10/dist-packages/unitree_hg-0.0.0-py3.10.egg-info/dependency_links.txt
[1.371s] -- Up-to-date symlink: /external/install/unitree_hg/local/lib/python3.10/dist-packages/unitree_hg-0.0.0-py3.10.egg-info/top_level.txt
[1.371s] -- Up-to-date symlink: /external/install/unitree_hg/local/lib/python3.10/dist-packages/unitree_hg/__init__.py
[1.372s] -- Up-to-date symlink: /external/install/unitree_hg/local/lib/python3.10/dist-packages/unitree_hg/_unitree_hg_s.ep.rosidl_typesupport_c.c
[1.372s] -- Up-to-date symlink: /external/install/unitree_hg/local/lib/python3.10/dist-packages/unitree_hg/_unitree_hg_s.ep.rosidl_typesupport_fastrtps_c.c
[1.372s] -- Up-to-date symlink: /external/install/unitree_hg/local/lib/python3.10/dist-packages/unitree_hg/_unitree_hg_s.ep.rosidl_typesupport_introspection_c.c
[1.372s] -- Up-to-date symlink: /external/install/unitree_hg/local/lib/python3.10/dist-packages/unitree_hg/libunitree_hg__rosidl_generator_py.so
[1.372s] -- Up-to-date symlink: /external/install/unitree_hg/local/lib/python3.10/dist-packages/unitree_hg/msg/__init__.py
[1.373s] -- Up-to-date symlink: /external/install/unitree_hg/local/lib/python3.10/dist-packages/unitree_hg/msg/_bms_cmd.py
[1.373s] -- Up-to-date symlink: /external/install/unitree_hg/local/lib/python3.10/dist-packages/unitree_hg/msg/_bms_cmd_s.c
[1.373s] -- Up-to-date symlink: /external/install/unitree_hg/local/lib/python3.10/dist-packages/unitree_hg/msg/_bms_state.py
[1.373s] -- Up-to-date symlink: /external/install/unitree_hg/local/lib/python3.10/dist-packages/unitree_hg/msg/_bms_state_s.c
[1.374s] -- Up-to-date symlink: /external/install/unitree_hg/local/lib/python3.10/dist-packages/unitree_hg/msg/_hand_cmd.py
[1.374s] -- Up-to-date symlink: /external/install/unitree_hg/local/lib/python3.10/dist-packages/unitree_hg/msg/_hand_cmd_s.c
[1.374s] -- Up-to-date symlink: /external/install/unitree_hg/local/lib/python3.10/dist-packages/unitree_hg/msg/_hand_state.py
[1.374s] -- Up-to-date symlink: /external/install/unitree_hg/local/lib/python3.10/dist-packages/unitree_hg/msg/_hand_state_s.c
[1.374s] -- Up-to-date symlink: /external/install/unitree_hg/local/lib/python3.10/dist-packages/unitree_hg/msg/_imu_state.py
[1.375s] -- Up-to-date symlink: /external/install/unitree_hg/local/lib/python3.10/dist-packages/unitree_hg/msg/_imu_state_s.c
[1.375s] -- Up-to-date symlink: /external/install/unitree_hg/local/lib/python3.10/dist-packages/unitree_hg/msg/_low_cmd.py
[1.375s] -- Up-to-date symlink: /external/install/unitree_hg/local/lib/python3.10/dist-packages/unitree_hg/msg/_low_cmd_s.c
[1.375s] -- Up-to-date symlink: /external/install/unitree_hg/local/lib/python3.10/dist-packages/unitree_hg/msg/_low_state.py
[1.375s] -- Up-to-date symlink: /external/install/unitree_hg/local/lib/python3.10/dist-packages/unitree_hg/msg/_low_state_s.c
[1.376s] -- Up-to-date symlink: /external/install/unitree_hg/local/lib/python3.10/dist-packages/unitree_hg/msg/_main_board_state.py
[1.376s] -- Up-to-date symlink: /external/install/unitree_hg/local/lib/python3.10/dist-packages/unitree_hg/msg/_main_board_state_s.c
[1.376s] -- Up-to-date symlink: /external/install/unitree_hg/local/lib/python3.10/dist-packages/unitree_hg/msg/_motor_cmd.py
[1.376s] -- Up-to-date symlink: /external/install/unitree_hg/local/lib/python3.10/dist-packages/unitree_hg/msg/_motor_cmd_s.c
[1.377s] -- Up-to-date symlink: /external/install/unitree_hg/local/lib/python3.10/dist-packages/unitree_hg/msg/_motor_state.py
[1.377s] -- Up-to-date symlink: /external/install/unitree_hg/local/lib/python3.10/dist-packages/unitree_hg/msg/_motor_state_s.c
[1.377s] -- Up-to-date symlink: /external/install/unitree_hg/local/lib/python3.10/dist-packages/unitree_hg/msg/_press_sensor_state.py
[1.377s] -- Up-to-date symlink: /external/install/unitree_hg/local/lib/python3.10/dist-packages/unitree_hg/msg/_press_sensor_state_s.c
[1.377s] -- Up-to-date symlink: /external/install/unitree_hg/local/lib/python3.10/dist-packages/unitree_hg/unitree_hg_s__rosidl_typesupport_c.cpython-310-aarch64-linux-gnu.so
[1.377s] -- Up-to-date symlink: /external/install/unitree_hg/local/lib/python3.10/dist-packages/unitree_hg/unitree_hg_s__rosidl_typesupport_fastrtps_c.cpython-310-aarch64-linux-gnu.so
[1.377s] -- Up-to-date symlink: /external/install/unitree_hg/local/lib/python3.10/dist-packages/unitree_hg/unitree_hg_s__rosidl_typesupport_introspection_c.cpython-310-aarch64-linux-gnu.so
[1.377s] -- Up-to-date symlink: /external/install/unitree_hg/local/lib/python3.10/dist-packages/unitree_hg/unitree_hg_s__rosidl_typesupport_fastrtps_c.cpython-310-aarch64-linux-gnu.so
[1.378s] -- Up-to-date symlink: /external/install/unitree_hg/local/lib/python3.10/dist-packages/unitree_hg/unitree_hg_s__rosidl_typesupport_introspection_c.cpython-310-aarch64-linux-gnu.so
[1.378s] -- Up-to-date symlink: /external/install/unitree_hg/local/lib/python3.10/dist-packages/unitree_hg/unitree_hg_s__rosidl_typesupport_c.cpython-310-aarch64-linux-gnu.so
[1.378s] -- Up-to-date symlink: /external/install/unitree_hg/share/unitree_hg/msg/BmsCmd.idl
[1.378s] -- Up-to-date symlink: /external/install/unitree_hg/share/unitree_hg/msg/BmsState.idl
[1.378s] -- Up-to-date symlink: /external/install/unitree_hg/share/unitree_hg/msg/HandCmd.idl
[1.378s] -- Up-to-date symlink: /external/install/unitree_hg/share/unitree_hg/msg/HandState.idl
[1.379s] -- Up-to-date symlink: /external/install/unitree_hg/share/unitree_hg/msg/IMUState.idl
[1.379s] -- Up-to-date symlink: /external/install/unitree_hg/share/unitree_hg/msg/LowCmd.idl
[1.379s] -- Up-to-date symlink: /external/install/unitree_hg/share/unitree_hg/msg/LowState.idl
[1.379s] -- Up-to-date symlink: /external/install/unitree_hg/share/unitree_hg/msg/MainBoardState.idl
[1.379s] -- Up-to-date symlink: /external/install/unitree_hg/share/unitree_hg/msg/MotorCmd.idl
[1.379s] -- Up-to-date symlink: /external/install/unitree_hg/share/unitree_hg/msg/MotorState.idl
[1.379s] -- Up-to-date symlink: /external/install/unitree_hg/share/unitree_hg/msg/PressSensorState.idl
[1.380s] -- Up-to-date symlink: /external/install/unitree_hg/share/unitree_hg/msg/BmsCmd.msg
[1.380s] -- Up-to-date symlink: /external/install/unitree_hg/share/unitree_hg/msg/BmsState.msg
[1.380s] -- Up-to-date symlink: /external/install/unitree_hg/share/unitree_hg/msg/HandCmd.msg
[1.380s] -- Up-to-date symlink: /external/install/unitree_hg/share/unitree_hg/msg/HandState.msg
[1.380s] -- Up-to-date symlink: /external/install/unitree_hg/share/unitree_hg/msg/IMUState.msg
[1.381s] -- Up-to-date symlink: /external/install/unitree_hg/share/unitree_hg/msg/LowCmd.msg
[1.381s] -- Up-to-date symlink: /external/install/unitree_hg/share/unitree_hg/msg/LowState.msg
[1.381s] -- Up-to-date symlink: /external/install/unitree_hg/share/unitree_hg/msg/MainBoardState.msg
[1.381s] -- Up-to-date symlink: /external/install/unitree_hg/share/unitree_hg/msg/MotorCmd.msg
[1.381s] -- Up-to-date symlink: /external/install/unitree_hg/share/unitree_hg/msg/MotorState.msg
[1.381s] -- Up-to-date symlink: /external/install/unitree_hg/share/unitree_hg/msg/PressSensorState.msg
[1.381s] -- Up-to-date symlink: /external/install/unitree_hg/share/unitree_hg/msg/dds_connext/BmsCmd_.idl
[1.382s] -- Up-to-date symlink: /external/install/unitree_hg/share/unitree_hg/msg/dds_connext/BmsState_.idl
[1.383s] -- Up-to-date symlink: /external/install/unitree_hg/share/unitree_hg/msg/dds_connext/HandCmd_.idl
[1.383s] -- Up-to-date symlink: /external/install/unitree_hg/share/unitree_hg/msg/dds_connext/HandState_.idl
[1.384s] -- Up-to-date symlink: /external/install/unitree_hg/share/unitree_hg/msg/dds_connext/IMUState_.idl
[1.384s] -- Up-to-date symlink: /external/install/unitree_hg/share/unitree_hg/msg/dds_connext/LowCmd_.idl
[1.384s] -- Up-to-date symlink: /external/install/unitree_hg/share/unitree_hg/msg/dds_connext/LowState_.idl
[1.384s] -- Up-to-date symlink: /external/install/unitree_hg/share/unitree_hg/msg/dds_connext/MainBoardState_.idl
[1.384s] -- Up-to-date symlink: /external/install/unitree_hg/share/unitree_hg/msg/dds_connext/MotorCmd_.idl
[1.384s] -- Up-to-date symlink: /external/install/unitree_hg/share/unitree_hg/msg/dds_connext/MotorState_.idl
[1.384s] -- Up-to-date symlink: /external/install/unitree_hg/share/unitree_hg/msg/dds_connext/PressSensorState_.idl
[1.384s] -- Up-to-date symlink: /external/install/unitree_hg/share/ament_index/resource_index/package_run_dependencies/unitree_hg
[1.385s] -- Up-to-date symlink: /external/install/unitree_hg/share/ament_index/resource_index/parent_prefix_path/unitree_hg
[1.385s] -- Up-to-date symlink: /external/install/unitree_hg/share/unitree_hg/environment/ament_prefix_path.sh
[1.385s] -- Up-to-date symlink: /external/install/unitree_hg/share/unitree_hg/environment/ament_prefix_path.dsv
[1.388s] -- Up-to-date symlink: /external/install/unitree_hg/share/unitree_hg/environment/path.sh
[1.390s] -- Up-to-date symlink: /external/install/unitree_hg/share/unitree_hg/environment/path.dsv
[1.391s] -- Up-to-date symlink: /external/install/unitree_hg/share/unitree_hg/local_setup.bash
[1.392s] -- Up-to-date symlink: /external/install/unitree_hg/share/unitree_hg/local_setup.sh
[1.393s] -- Up-to-date symlink: /external/install/unitree_hg/share/unitree_hg/local_setup.zsh
[1.393s] -- Up-to-date symlink: /external/install/unitree_hg/share/unitree_hg/local_setup.dsv
[1.394s] -- Symlinking: /external/install/unitree_hg/share/unitree_hg/package.dsv
[1.434s] -- Up-to-date symlink: /external/install/unitree_hg/share/ament_index/resource_index/packages/unitree_hg
[1.435s] -- Up-to-date symlink: /external/install/unitree_hg/share/unitree_hg/cmake/rosidl_cmake-extras.cmake
[1.435s] -- Up-to-date symlink: /external/install/unitree_hg/share/unitree_hg/cmake/ament_cmake_export_dependencies-extras.cmake
[1.436s] -- Up-to-date symlink: /external/install/unitree_hg/share/unitree_hg/cmake/ament_cmake_export_include_directories-extras.cmake
[1.438s] -- Up-to-date symlink: /external/install/unitree_hg/share/unitree_hg/cmake/ament_cmake_export_libraries-extras.cmake
[1.439s] -- Up-to-date symlink: /external/install/unitree_hg/share/unitree_hg/cmake/ament_cmake_export_targets-extras.cmake
[1.441s] -- Up-to-date symlink: /external/install/unitree_hg/share/unitree_hg/cmake/rosidl_cmake_export_typesupport_targets-extras.cmake
[1.441s] -- Up-to-date symlink: /external/install/unitree_hg/share/unitree_hg/cmake/rosidl_cmake_export_typesupport_libraries-extras.cmake
[1.442s] -- Up-to-date symlink: /external/install/unitree_hg/share/unitree_hg/cmake/unitree_hgConfig.cmake
[1.442s] -- Up-to-date symlink: /external/install/unitree_hg/share/unitree_hg/cmake/unitree_hgConfig-version.cmake
[1.445s] -- Up-to-date symlink: /external/install/unitree_hg/share/unitree_hg/package.xml
[1.448s] -- Up-to-date: /external/install/unitree_hg/lib/libunitree_hg__rosidl_generator_c.so
[1.449s] -- Up-to-date: /external/install/unitree_hg/lib/libunitree_hg__rosidl_typesupport_fastrtps_c.so
[1.451s] -- Up-to-date: /external/install/unitree_hg/lib/libunitree_hg__rosidl_typesupport_fastrtps_cpp.so
[1.454s] -- Up-to-date: /external/install/unitree_hg/lib/libunitree_hg__rosidl_typesupport_introspection_c.so
[1.458s] -- Up-to-date: /external/install/unitree_hg/lib/libunitree_hg__rosidl_typesupport_c.so
[1.460s] -- Up-to-date: /external/install/unitree_hg/lib/libunitree_hg__rosidl_typesupport_introspection_cpp.so
[1.465s] -- Up-to-date: /external/install/unitree_hg/lib/libunitree_hg__rosidl_typesupport_cpp.so
[1.527s] Listing '/external/install/unitree_hg/local/lib/python3.10/dist-packages/unitree_hg'...
[1.528s] Listing '/external/install/unitree_hg/local/lib/python3.10/dist-packages/unitree_hg/msg'...
[1.545s] -- Up-to-date: /external/install/unitree_hg/lib/libunitree_hg__rosidl_generator_py.so
[1.547s] -- Up-to-date: /external/install/unitree_hg/share/unitree_hg/cmake/export_unitree_hg__rosidl_generator_cExport.cmake
[1.547s] -- Up-to-date: /external/install/unitree_hg/share/unitree_hg/cmake/export_unitree_hg__rosidl_generator_cExport-noconfig.cmake
[1.549s] -- Up-to-date: /external/install/unitree_hg/share/unitree_hg/cmake/export_unitree_hg__rosidl_typesupport_fastrtps_cExport.cmake
[1.549s] -- Up-to-date: /external/install/unitree_hg/share/unitree_hg/cmake/export_unitree_hg__rosidl_typesupport_fastrtps_cExport-noconfig.cmake
[1.550s] -- Up-to-date: /external/install/unitree_hg/share/unitree_hg/cmake/export_unitree_hg__rosidl_generator_cppExport.cmake
[1.551s] -- Up-to-date: /external/install/unitree_hg/share/unitree_hg/cmake/export_unitree_hg__rosidl_typesupport_fastrtps_cppExport.cmake
[1.551s] -- Up-to-date: /external/install/unitree_hg/share/unitree_hg/cmake/export_unitree_hg__rosidl_typesupport_fastrtps_cppExport-noconfig.cmake
[1.552s] -- Up-to-date: /external/install/unitree_hg/share/unitree_hg/cmake/unitree_hg__rosidl_typesupport_introspection_cExport.cmake
[1.552s] -- Up-to-date: /external/install/unitree_hg/share/unitree_hg/cmake/unitree_hg__rosidl_typesupport_introspection_cExport-noconfig.cmake
[1.553s] -- Up-to-date: /external/install/unitree_hg/share/unitree_hg/cmake/unitree_hg__rosidl_typesupport_cExport.cmake
[1.553s] -- Up-to-date: /external/install/unitree_hg/share/unitree_hg/cmake/unitree_hg__rosidl_typesupport_cExport-noconfig.cmake
[1.554s] -- Up-to-date: /external/install/unitree_hg/share/unitree_hg/cmake/unitree_hg__rosidl_typesupport_introspection_cppExport.cmake
[1.554s] -- Up-to-date: /external/install/unitree_hg/share/unitree_hg/cmake/unitree_hg__rosidl_typesupport_introspection_cppExport-noconfig.cmake
[1.555s] -- Up-to-date: /external/install/unitree_hg/share/unitree_hg/cmake/unitree_hg__rosidl_typesupport_cppExport.cmake
[1.555s] -- Up-to-date: /external/install/unitree_hg/share/unitree_hg/cmake/unitree_hg__rosidl_typesupport_cppExport-noconfig.cmake
[1.556s] -- Up-to-date: /external/install/unitree_hg/share/unitree_hg/cmake/export_unitree_hg__rosidl_generator_pyExport.cmake
[1.556s] -- Up-to-date: /external/install/unitree_hg/share/unitree_hg/cmake/export_unitree_hg__rosidl_generator_pyExport-noconfig.cmake
[1.585s] Invoked command in '/external/build/unitree_hg' returned '0': CMAKE_PREFIX_PATH=/opt/ros/humble /usr/bin/cmake --install /external/build/unitree_hg
