[0.053s] Invoking command in '/external/build/unitree_go': CMAKE_PREFIX_PATH=/opt/ros/humble /usr/bin/cmake --build /external/build/unitree_go -- -j8 -l8
[0.196s] [  0%] Built target unitree_go__cpp
[0.211s] [ 12%] Built target unitree_go__rosidl_generator_c
[0.224s] [ 12%] Built target unitree_go__dds_connext_idl
[0.264s] [ 12%] Built target ament_cmake_python_symlink_unitree_go
[0.341s] [ 25%] Built target unitree_go__rosidl_typesupport_introspection_cpp
[0.427s] [ 38%] Built target unitree_go__rosidl_typesupport_fastrtps_cpp
[0.442s] [ 51%] Built target unitree_go__rosidl_typesupport_cpp
[0.444s] [ 63%] Built target unitree_go__rosidl_typesupport_introspection_c
[0.458s] [ 79%] Built target unitree_go__rosidl_typesupport_fastrtps_c
[0.459s] [ 87%] Built target unitree_go__rosidl_typesupport_c
[0.548s] [ 87%] Built target unitree_go
[0.639s] [ 88%] Built target unitree_go__py
[0.721s] [100%] Built target unitree_go__rosidl_generator_py
[0.800s] [100%] Built target unitree_go__rosidl_typesupport_fastrtps_c__pyext
[0.847s] [100%] Built target unitree_go__rosidl_typesupport_introspection_c__pyext
[0.857s] [100%] Built target unitree_go__rosidl_typesupport_c__pyext
[1.123s] running egg_info
[1.127s] writing unitree_go.egg-info/PKG-INFO
[1.128s] writing dependency_links to unitree_go.egg-info/dependency_links.txt
[1.128s] writing top-level names to unitree_go.egg-info/top_level.txt
[1.136s] reading manifest file 'unitree_go.egg-info/SOURCES.txt'
[1.137s] writing manifest file 'unitree_go.egg-info/SOURCES.txt'
[1.205s] [100%] Built target ament_cmake_python_build_unitree_go_egg
[1.271s] Invoked command in '/external/build/unitree_go' returned '0': CMAKE_PREFIX_PATH=/opt/ros/humble /usr/bin/cmake --build /external/build/unitree_go -- -j8 -l8
[1.272s] Invoking command in '/external/build/unitree_go': CMAKE_PREFIX_PATH=/opt/ros/humble /usr/bin/cmake --install /external/build/unitree_go
[1.341s] -- Install configuration: ""
[1.341s] -- Execute custom install script
[1.341s] -- Up-to-date symlink: /external/install/unitree_go/share/ament_index/resource_index/rosidl_interfaces/unitree_go
[1.342s] -- Up-to-date symlink: /external/install/unitree_go/include/unitree_go/unitree_go/msg/audio_data.h
[1.342s] -- Up-to-date symlink: /external/install/unitree_go/include/unitree_go/unitree_go/msg/bms_cmd.h
[1.342s] -- Up-to-date symlink: /external/install/unitree_go/include/unitree_go/unitree_go/msg/bms_state.h
[1.343s] -- Up-to-date symlink: /external/install/unitree_go/include/unitree_go/unitree_go/msg/detail/audio_data__functions.h
[1.343s] -- Up-to-date symlink: /external/install/unitree_go/include/unitree_go/unitree_go/msg/detail/audio_data__struct.h
[1.343s] -- Up-to-date symlink: /external/install/unitree_go/include/unitree_go/unitree_go/msg/detail/audio_data__type_support.h
[1.343s] -- Up-to-date symlink: /external/install/unitree_go/include/unitree_go/unitree_go/msg/detail/bms_cmd__functions.h
[1.344s] -- Up-to-date symlink: /external/install/unitree_go/include/unitree_go/unitree_go/msg/detail/bms_cmd__struct.h
[1.344s] -- Up-to-date symlink: /external/install/unitree_go/include/unitree_go/unitree_go/msg/detail/bms_cmd__type_support.h
[1.344s] -- Up-to-date symlink: /external/install/unitree_go/include/unitree_go/unitree_go/msg/detail/bms_state__functions.h
[1.344s] -- Up-to-date symlink: /external/install/unitree_go/include/unitree_go/unitree_go/msg/detail/bms_state__struct.h
[1.345s] -- Up-to-date symlink: /external/install/unitree_go/include/unitree_go/unitree_go/msg/detail/bms_state__type_support.h
[1.345s] -- Up-to-date symlink: /external/install/unitree_go/include/unitree_go/unitree_go/msg/detail/error__functions.h
[1.345s] -- Up-to-date symlink: /external/install/unitree_go/include/unitree_go/unitree_go/msg/detail/error__struct.h
[1.345s] -- Up-to-date symlink: /external/install/unitree_go/include/unitree_go/unitree_go/msg/detail/error__type_support.h
[1.345s] -- Up-to-date symlink: /external/install/unitree_go/include/unitree_go/unitree_go/msg/detail/go2_front_video_data__functions.h
[1.345s] -- Up-to-date symlink: /external/install/unitree_go/include/unitree_go/unitree_go/msg/detail/go2_front_video_data__struct.h
[1.346s] -- Up-to-date symlink: /external/install/unitree_go/include/unitree_go/unitree_go/msg/detail/go2_front_video_data__type_support.h
[1.346s] -- Up-to-date symlink: /external/install/unitree_go/include/unitree_go/unitree_go/msg/detail/height_map__functions.h
[1.347s] -- Up-to-date symlink: /external/install/unitree_go/include/unitree_go/unitree_go/msg/detail/height_map__struct.h
[1.347s] -- Up-to-date symlink: /external/install/unitree_go/include/unitree_go/unitree_go/msg/detail/height_map__type_support.h
[1.347s] -- Up-to-date symlink: /external/install/unitree_go/include/unitree_go/unitree_go/msg/detail/imu_state__functions.h
[1.347s] -- Up-to-date symlink: /external/install/unitree_go/include/unitree_go/unitree_go/msg/detail/imu_state__struct.h
[1.347s] -- Up-to-date symlink: /external/install/unitree_go/include/unitree_go/unitree_go/msg/detail/imu_state__type_support.h
[1.347s] -- Up-to-date symlink: /external/install/unitree_go/include/unitree_go/unitree_go/msg/detail/interface_config__functions.h
[1.347s] -- Up-to-date symlink: /external/install/unitree_go/include/unitree_go/unitree_go/msg/detail/interface_config__struct.h
[1.348s] -- Up-to-date symlink: /external/install/unitree_go/include/unitree_go/unitree_go/msg/detail/interface_config__type_support.h
[1.348s] -- Up-to-date symlink: /external/install/unitree_go/include/unitree_go/unitree_go/msg/detail/lidar_state__functions.h
[1.348s] -- Up-to-date symlink: /external/install/unitree_go/include/unitree_go/unitree_go/msg/detail/lidar_state__struct.h
[1.348s] -- Up-to-date symlink: /external/install/unitree_go/include/unitree_go/unitree_go/msg/detail/lidar_state__type_support.h
[1.348s] -- Up-to-date symlink: /external/install/unitree_go/include/unitree_go/unitree_go/msg/detail/low_cmd__functions.h
[1.348s] -- Up-to-date symlink: /external/install/unitree_go/include/unitree_go/unitree_go/msg/detail/low_cmd__struct.h
[1.349s] -- Up-to-date symlink: /external/install/unitree_go/include/unitree_go/unitree_go/msg/detail/low_cmd__type_support.h
[1.349s] -- Up-to-date symlink: /external/install/unitree_go/include/unitree_go/unitree_go/msg/detail/low_state__functions.h
[1.349s] -- Up-to-date symlink: /external/install/unitree_go/include/unitree_go/unitree_go/msg/detail/low_state__struct.h
[1.349s] -- Up-to-date symlink: /external/install/unitree_go/include/unitree_go/unitree_go/msg/detail/low_state__type_support.h
[1.349s] -- Up-to-date symlink: /external/install/unitree_go/include/unitree_go/unitree_go/msg/detail/motor_cmd__functions.h
[1.350s] -- Up-to-date symlink: /external/install/unitree_go/include/unitree_go/unitree_go/msg/detail/motor_cmd__struct.h
[1.350s] -- Up-to-date symlink: /external/install/unitree_go/include/unitree_go/unitree_go/msg/detail/motor_cmd__type_support.h
[1.350s] -- Up-to-date symlink: /external/install/unitree_go/include/unitree_go/unitree_go/msg/detail/motor_cmds__functions.h
[1.350s] -- Up-to-date symlink: /external/install/unitree_go/include/unitree_go/unitree_go/msg/detail/motor_cmds__struct.h
[1.351s] -- Up-to-date symlink: /external/install/unitree_go/include/unitree_go/unitree_go/msg/detail/motor_cmds__type_support.h
[1.351s] -- Up-to-date symlink: /external/install/unitree_go/include/unitree_go/unitree_go/msg/detail/motor_state__functions.h
[1.351s] -- Up-to-date symlink: /external/install/unitree_go/include/unitree_go/unitree_go/msg/detail/motor_state__struct.h
[1.352s] -- Up-to-date symlink: /external/install/unitree_go/include/unitree_go/unitree_go/msg/detail/motor_state__type_support.h
[1.352s] -- Up-to-date symlink: /external/install/unitree_go/include/unitree_go/unitree_go/msg/detail/motor_states__functions.h
[1.353s] -- Up-to-date symlink: /external/install/unitree_go/include/unitree_go/unitree_go/msg/detail/motor_states__struct.h
[1.353s] -- Up-to-date symlink: /external/install/unitree_go/include/unitree_go/unitree_go/msg/detail/motor_states__type_support.h
[1.353s] -- Up-to-date symlink: /external/install/unitree_go/include/unitree_go/unitree_go/msg/detail/path_point__functions.h
[1.354s] -- Up-to-date symlink: /external/install/unitree_go/include/unitree_go/unitree_go/msg/detail/path_point__struct.h
[1.354s] -- Up-to-date symlink: /external/install/unitree_go/include/unitree_go/unitree_go/msg/detail/path_point__type_support.h
[1.354s] -- Up-to-date symlink: /external/install/unitree_go/include/unitree_go/unitree_go/msg/detail/req__functions.h
[1.355s] -- Up-to-date symlink: /external/install/unitree_go/include/unitree_go/unitree_go/msg/detail/req__struct.h
[1.355s] -- Up-to-date symlink: /external/install/unitree_go/include/unitree_go/unitree_go/msg/detail/req__type_support.h
[1.355s] -- Up-to-date symlink: /external/install/unitree_go/include/unitree_go/unitree_go/msg/detail/res__functions.h
[1.355s] -- Up-to-date symlink: /external/install/unitree_go/include/unitree_go/unitree_go/msg/detail/res__struct.h
[1.356s] -- Up-to-date symlink: /external/install/unitree_go/include/unitree_go/unitree_go/msg/detail/res__type_support.h
[1.356s] -- Up-to-date symlink: /external/install/unitree_go/include/unitree_go/unitree_go/msg/detail/sport_mode_cmd__functions.h
[1.356s] -- Up-to-date symlink: /external/install/unitree_go/include/unitree_go/unitree_go/msg/detail/sport_mode_cmd__struct.h
[1.356s] -- Up-to-date symlink: /external/install/unitree_go/include/unitree_go/unitree_go/msg/detail/sport_mode_cmd__type_support.h
[1.357s] -- Up-to-date symlink: /external/install/unitree_go/include/unitree_go/unitree_go/msg/detail/sport_mode_state__functions.h
[1.357s] -- Up-to-date symlink: /external/install/unitree_go/include/unitree_go/unitree_go/msg/detail/sport_mode_state__struct.h
[1.358s] -- Up-to-date symlink: /external/install/unitree_go/include/unitree_go/unitree_go/msg/detail/sport_mode_state__type_support.h
[1.358s] -- Up-to-date symlink: /external/install/unitree_go/include/unitree_go/unitree_go/msg/detail/time_spec__functions.h
[1.358s] -- Up-to-date symlink: /external/install/unitree_go/include/unitree_go/unitree_go/msg/detail/time_spec__struct.h
[1.358s] -- Up-to-date symlink: /external/install/unitree_go/include/unitree_go/unitree_go/msg/detail/time_spec__type_support.h
[1.359s] -- Up-to-date symlink: /external/install/unitree_go/include/unitree_go/unitree_go/msg/detail/uwb_state__functions.h
[1.359s] -- Up-to-date symlink: /external/install/unitree_go/include/unitree_go/unitree_go/msg/detail/uwb_state__struct.h
[1.359s] -- Up-to-date symlink: /external/install/unitree_go/include/unitree_go/unitree_go/msg/detail/uwb_state__type_support.h
[1.359s] -- Up-to-date symlink: /external/install/unitree_go/include/unitree_go/unitree_go/msg/detail/uwb_switch__functions.h
[1.359s] -- Up-to-date symlink: /external/install/unitree_go/include/unitree_go/unitree_go/msg/detail/uwb_switch__struct.h
[1.360s] -- Up-to-date symlink: /external/install/unitree_go/include/unitree_go/unitree_go/msg/detail/uwb_switch__type_support.h
[1.360s] -- Up-to-date symlink: /external/install/unitree_go/include/unitree_go/unitree_go/msg/detail/wireless_controller__functions.h
[1.360s] -- Up-to-date symlink: /external/install/unitree_go/include/unitree_go/unitree_go/msg/detail/wireless_controller__struct.h
[1.360s] -- Up-to-date symlink: /external/install/unitree_go/include/unitree_go/unitree_go/msg/detail/wireless_controller__type_support.h
[1.361s] -- Up-to-date symlink: /external/install/unitree_go/include/unitree_go/unitree_go/msg/error.h
[1.361s] -- Up-to-date symlink: /external/install/unitree_go/include/unitree_go/unitree_go/msg/go2_front_video_data.h
[1.361s] -- Up-to-date symlink: /external/install/unitree_go/include/unitree_go/unitree_go/msg/height_map.h
[1.362s] -- Up-to-date symlink: /external/install/unitree_go/include/unitree_go/unitree_go/msg/imu_state.h
[1.362s] -- Up-to-date symlink: /external/install/unitree_go/include/unitree_go/unitree_go/msg/interface_config.h
[1.363s] -- Up-to-date symlink: /external/install/unitree_go/include/unitree_go/unitree_go/msg/lidar_state.h
[1.363s] -- Up-to-date symlink: /external/install/unitree_go/include/unitree_go/unitree_go/msg/low_cmd.h
[1.364s] -- Up-to-date symlink: /external/install/unitree_go/include/unitree_go/unitree_go/msg/low_state.h
[1.364s] -- Up-to-date symlink: /external/install/unitree_go/include/unitree_go/unitree_go/msg/motor_cmd.h
[1.364s] -- Up-to-date symlink: /external/install/unitree_go/include/unitree_go/unitree_go/msg/motor_cmds.h
[1.365s] -- Up-to-date symlink: /external/install/unitree_go/include/unitree_go/unitree_go/msg/motor_state.h
[1.365s] -- Up-to-date symlink: /external/install/unitree_go/include/unitree_go/unitree_go/msg/motor_states.h
[1.365s] -- Up-to-date symlink: /external/install/unitree_go/include/unitree_go/unitree_go/msg/path_point.h
[1.366s] -- Up-to-date symlink: /external/install/unitree_go/include/unitree_go/unitree_go/msg/req.h
[1.366s] -- Up-to-date symlink: /external/install/unitree_go/include/unitree_go/unitree_go/msg/res.h
[1.366s] -- Up-to-date symlink: /external/install/unitree_go/include/unitree_go/unitree_go/msg/rosidl_generator_c__visibility_control.h
[1.367s] -- Up-to-date symlink: /external/install/unitree_go/include/unitree_go/unitree_go/msg/sport_mode_cmd.h
[1.367s] -- Up-to-date symlink: /external/install/unitree_go/include/unitree_go/unitree_go/msg/sport_mode_state.h
[1.367s] -- Up-to-date symlink: /external/install/unitree_go/include/unitree_go/unitree_go/msg/time_spec.h
[1.368s] -- Up-to-date symlink: /external/install/unitree_go/include/unitree_go/unitree_go/msg/uwb_state.h
[1.368s] -- Up-to-date symlink: /external/install/unitree_go/include/unitree_go/unitree_go/msg/uwb_switch.h
[1.368s] -- Up-to-date symlink: /external/install/unitree_go/include/unitree_go/unitree_go/msg/wireless_controller.h
[1.369s] -- Up-to-date symlink: /external/install/unitree_go/share/unitree_go/environment/library_path.sh
[1.369s] -- Up-to-date symlink: /external/install/unitree_go/share/unitree_go/environment/library_path.dsv
[1.369s] -- Up-to-date symlink: /external/install/unitree_go/include/unitree_go/unitree_go/msg/detail/audio_data__rosidl_typesupport_fastrtps_c.h
[1.369s] -- Up-to-date symlink: /external/install/unitree_go/include/unitree_go/unitree_go/msg/detail/bms_cmd__rosidl_typesupport_fastrtps_c.h
[1.369s] -- Up-to-date symlink: /external/install/unitree_go/include/unitree_go/unitree_go/msg/detail/bms_state__rosidl_typesupport_fastrtps_c.h
[1.370s] -- Up-to-date symlink: /external/install/unitree_go/include/unitree_go/unitree_go/msg/detail/error__rosidl_typesupport_fastrtps_c.h
[1.370s] -- Up-to-date symlink: /external/install/unitree_go/include/unitree_go/unitree_go/msg/detail/go2_front_video_data__rosidl_typesupport_fastrtps_c.h
[1.370s] -- Up-to-date symlink: /external/install/unitree_go/include/unitree_go/unitree_go/msg/detail/height_map__rosidl_typesupport_fastrtps_c.h
[1.370s] -- Up-to-date symlink: /external/install/unitree_go/include/unitree_go/unitree_go/msg/detail/imu_state__rosidl_typesupport_fastrtps_c.h
[1.370s] -- Up-to-date symlink: /external/install/unitree_go/include/unitree_go/unitree_go/msg/detail/interface_config__rosidl_typesupport_fastrtps_c.h
[1.371s] -- Up-to-date symlink: /external/install/unitree_go/include/unitree_go/unitree_go/msg/detail/lidar_state__rosidl_typesupport_fastrtps_c.h
[1.371s] -- Up-to-date symlink: /external/install/unitree_go/include/unitree_go/unitree_go/msg/detail/low_cmd__rosidl_typesupport_fastrtps_c.h
[1.371s] -- Up-to-date symlink: /external/install/unitree_go/include/unitree_go/unitree_go/msg/detail/low_state__rosidl_typesupport_fastrtps_c.h
[1.371s] -- Up-to-date symlink: /external/install/unitree_go/include/unitree_go/unitree_go/msg/detail/motor_cmd__rosidl_typesupport_fastrtps_c.h
[1.372s] -- Up-to-date symlink: /external/install/unitree_go/include/unitree_go/unitree_go/msg/detail/motor_cmds__rosidl_typesupport_fastrtps_c.h
[1.373s] -- Up-to-date symlink: /external/install/unitree_go/include/unitree_go/unitree_go/msg/detail/motor_state__rosidl_typesupport_fastrtps_c.h
[1.373s] -- Up-to-date symlink: /external/install/unitree_go/include/unitree_go/unitree_go/msg/detail/motor_states__rosidl_typesupport_fastrtps_c.h
[1.373s] -- Up-to-date symlink: /external/install/unitree_go/include/unitree_go/unitree_go/msg/detail/path_point__rosidl_typesupport_fastrtps_c.h
[1.373s] -- Up-to-date symlink: /external/install/unitree_go/include/unitree_go/unitree_go/msg/detail/req__rosidl_typesupport_fastrtps_c.h
[1.374s] -- Up-to-date symlink: /external/install/unitree_go/include/unitree_go/unitree_go/msg/detail/res__rosidl_typesupport_fastrtps_c.h
[1.374s] -- Up-to-date symlink: /external/install/unitree_go/include/unitree_go/unitree_go/msg/detail/sport_mode_cmd__rosidl_typesupport_fastrtps_c.h
[1.374s] -- Up-to-date symlink: /external/install/unitree_go/include/unitree_go/unitree_go/msg/detail/sport_mode_state__rosidl_typesupport_fastrtps_c.h
[1.374s] -- Up-to-date symlink: /external/install/unitree_go/include/unitree_go/unitree_go/msg/detail/time_spec__rosidl_typesupport_fastrtps_c.h
[1.374s] -- Up-to-date symlink: /external/install/unitree_go/include/unitree_go/unitree_go/msg/detail/uwb_state__rosidl_typesupport_fastrtps_c.h
[1.375s] -- Up-to-date symlink: /external/install/unitree_go/include/unitree_go/unitree_go/msg/detail/uwb_switch__rosidl_typesupport_fastrtps_c.h
[1.375s] -- Up-to-date symlink: /external/install/unitree_go/include/unitree_go/unitree_go/msg/detail/wireless_controller__rosidl_typesupport_fastrtps_c.h
[1.375s] -- Up-to-date symlink: /external/install/unitree_go/include/unitree_go/unitree_go/msg/rosidl_typesupport_fastrtps_c__visibility_control.h
[1.375s] -- Up-to-date symlink: /external/install/unitree_go/include/unitree_go/unitree_go/msg/audio_data.hpp
[1.375s] -- Up-to-date symlink: /external/install/unitree_go/include/unitree_go/unitree_go/msg/bms_cmd.hpp
[1.376s] -- Up-to-date symlink: /external/install/unitree_go/include/unitree_go/unitree_go/msg/bms_state.hpp
[1.376s] -- Up-to-date symlink: /external/install/unitree_go/include/unitree_go/unitree_go/msg/detail/audio_data__builder.hpp
[1.376s] -- Up-to-date symlink: /external/install/unitree_go/include/unitree_go/unitree_go/msg/detail/audio_data__struct.hpp
[1.376s] -- Up-to-date symlink: /external/install/unitree_go/include/unitree_go/unitree_go/msg/detail/audio_data__traits.hpp
[1.376s] -- Up-to-date symlink: /external/install/unitree_go/include/unitree_go/unitree_go/msg/detail/audio_data__type_support.hpp
[1.376s] -- Up-to-date symlink: /external/install/unitree_go/include/unitree_go/unitree_go/msg/detail/bms_cmd__builder.hpp
[1.377s] -- Up-to-date symlink: /external/install/unitree_go/include/unitree_go/unitree_go/msg/detail/bms_cmd__struct.hpp
[1.377s] -- Up-to-date symlink: /external/install/unitree_go/include/unitree_go/unitree_go/msg/detail/bms_cmd__traits.hpp
[1.377s] -- Up-to-date symlink: /external/install/unitree_go/include/unitree_go/unitree_go/msg/detail/bms_cmd__type_support.hpp
[1.377s] -- Up-to-date symlink: /external/install/unitree_go/include/unitree_go/unitree_go/msg/detail/bms_state__builder.hpp
[1.378s] -- Up-to-date symlink: /external/install/unitree_go/include/unitree_go/unitree_go/msg/detail/bms_state__struct.hpp
[1.378s] -- Up-to-date symlink: /external/install/unitree_go/include/unitree_go/unitree_go/msg/detail/bms_state__traits.hpp
[1.378s] -- Up-to-date symlink: /external/install/unitree_go/include/unitree_go/unitree_go/msg/detail/bms_state__type_support.hpp
[1.378s] -- Up-to-date symlink: /external/install/unitree_go/include/unitree_go/unitree_go/msg/detail/error__builder.hpp
[1.378s] -- Up-to-date symlink: /external/install/unitree_go/include/unitree_go/unitree_go/msg/detail/error__struct.hpp
[1.378s] -- Up-to-date symlink: /external/install/unitree_go/include/unitree_go/unitree_go/msg/detail/error__traits.hpp
[1.379s] -- Up-to-date symlink: /external/install/unitree_go/include/unitree_go/unitree_go/msg/detail/error__type_support.hpp
[1.379s] -- Up-to-date symlink: /external/install/unitree_go/include/unitree_go/unitree_go/msg/detail/go2_front_video_data__builder.hpp
[1.379s] -- Up-to-date symlink: /external/install/unitree_go/include/unitree_go/unitree_go/msg/detail/go2_front_video_data__struct.hpp
[1.379s] -- Up-to-date symlink: /external/install/unitree_go/include/unitree_go/unitree_go/msg/detail/go2_front_video_data__traits.hpp
[1.379s] -- Up-to-date symlink: /external/install/unitree_go/include/unitree_go/unitree_go/msg/detail/go2_front_video_data__type_support.hpp
[1.380s] -- Up-to-date symlink: /external/install/unitree_go/include/unitree_go/unitree_go/msg/detail/height_map__builder.hpp
[1.380s] -- Up-to-date symlink: /external/install/unitree_go/include/unitree_go/unitree_go/msg/detail/height_map__struct.hpp
[1.380s] -- Up-to-date symlink: /external/install/unitree_go/include/unitree_go/unitree_go/msg/detail/height_map__traits.hpp
[1.380s] -- Up-to-date symlink: /external/install/unitree_go/include/unitree_go/unitree_go/msg/detail/height_map__type_support.hpp
[1.381s] -- Up-to-date symlink: /external/install/unitree_go/include/unitree_go/unitree_go/msg/detail/imu_state__builder.hpp
[1.381s] -- Up-to-date symlink: /external/install/unitree_go/include/unitree_go/unitree_go/msg/detail/imu_state__struct.hpp
[1.381s] -- Up-to-date symlink: /external/install/unitree_go/include/unitree_go/unitree_go/msg/detail/imu_state__traits.hpp
[1.382s] -- Up-to-date symlink: /external/install/unitree_go/include/unitree_go/unitree_go/msg/detail/imu_state__type_support.hpp
[1.382s] -- Up-to-date symlink: /external/install/unitree_go/include/unitree_go/unitree_go/msg/detail/interface_config__builder.hpp
[1.382s] -- Up-to-date symlink: /external/install/unitree_go/include/unitree_go/unitree_go/msg/detail/interface_config__struct.hpp
[1.383s] -- Up-to-date symlink: /external/install/unitree_go/include/unitree_go/unitree_go/msg/detail/interface_config__traits.hpp
[1.383s] -- Up-to-date symlink: /external/install/unitree_go/include/unitree_go/unitree_go/msg/detail/interface_config__type_support.hpp
[1.383s] -- Up-to-date symlink: /external/install/unitree_go/include/unitree_go/unitree_go/msg/detail/lidar_state__builder.hpp
[1.383s] -- Up-to-date symlink: /external/install/unitree_go/include/unitree_go/unitree_go/msg/detail/lidar_state__struct.hpp
[1.384s] -- Up-to-date symlink: /external/install/unitree_go/include/unitree_go/unitree_go/msg/detail/lidar_state__traits.hpp
[1.384s] -- Up-to-date symlink: /external/install/unitree_go/include/unitree_go/unitree_go/msg/detail/lidar_state__type_support.hpp
[1.384s] -- Up-to-date symlink: /external/install/unitree_go/include/unitree_go/unitree_go/msg/detail/low_cmd__builder.hpp
[1.388s] -- Up-to-date symlink: /external/install/unitree_go/include/unitree_go/unitree_go/msg/detail/low_cmd__struct.hpp
[1.389s] -- Up-to-date symlink: /external/install/unitree_go/include/unitree_go/unitree_go/msg/detail/low_cmd__traits.hpp
[1.389s] -- Up-to-date symlink: /external/install/unitree_go/include/unitree_go/unitree_go/msg/detail/low_cmd__type_support.hpp
[1.389s] -- Up-to-date symlink: /external/install/unitree_go/include/unitree_go/unitree_go/msg/detail/low_state__builder.hpp
[1.390s] -- Up-to-date symlink: /external/install/unitree_go/include/unitree_go/unitree_go/msg/detail/low_state__struct.hpp
[1.394s] -- Up-to-date symlink: /external/install/unitree_go/include/unitree_go/unitree_go/msg/detail/low_state__traits.hpp
[1.395s] -- Up-to-date symlink: /external/install/unitree_go/include/unitree_go/unitree_go/msg/detail/low_state__type_support.hpp
[1.396s] -- Up-to-date symlink: /external/install/unitree_go/include/unitree_go/unitree_go/msg/detail/motor_cmd__builder.hpp
[1.396s] -- Up-to-date symlink: /external/install/unitree_go/include/unitree_go/unitree_go/msg/detail/motor_cmd__struct.hpp
[1.397s] -- Up-to-date symlink: /external/install/unitree_go/include/unitree_go/unitree_go/msg/detail/motor_cmd__traits.hpp
[1.398s] -- Up-to-date symlink: /external/install/unitree_go/include/unitree_go/unitree_go/msg/detail/motor_cmd__type_support.hpp
[1.398s] -- Up-to-date symlink: /external/install/unitree_go/include/unitree_go/unitree_go/msg/detail/motor_cmds__builder.hpp
[1.399s] -- Up-to-date symlink: /external/install/unitree_go/include/unitree_go/unitree_go/msg/detail/motor_cmds__struct.hpp
[1.399s] -- Up-to-date symlink: /external/install/unitree_go/include/unitree_go/unitree_go/msg/detail/motor_cmds__traits.hpp
[1.399s] -- Up-to-date symlink: /external/install/unitree_go/include/unitree_go/unitree_go/msg/detail/motor_cmds__type_support.hpp
[1.400s] -- Up-to-date symlink: /external/install/unitree_go/include/unitree_go/unitree_go/msg/detail/motor_state__builder.hpp
[1.400s] -- Up-to-date symlink: /external/install/unitree_go/include/unitree_go/unitree_go/msg/detail/motor_state__struct.hpp
[1.400s] -- Up-to-date symlink: /external/install/unitree_go/include/unitree_go/unitree_go/msg/detail/motor_state__traits.hpp
[1.400s] -- Up-to-date symlink: /external/install/unitree_go/include/unitree_go/unitree_go/msg/detail/motor_state__type_support.hpp
[1.401s] -- Up-to-date symlink: /external/install/unitree_go/include/unitree_go/unitree_go/msg/detail/motor_states__builder.hpp
[1.401s] -- Up-to-date symlink: /external/install/unitree_go/include/unitree_go/unitree_go/msg/detail/motor_states__struct.hpp
[1.401s] -- Up-to-date symlink: /external/install/unitree_go/include/unitree_go/unitree_go/msg/detail/motor_states__traits.hpp
[1.402s] -- Up-to-date symlink: /external/install/unitree_go/include/unitree_go/unitree_go/msg/detail/motor_states__type_support.hpp
[1.403s] -- Up-to-date symlink: /external/install/unitree_go/include/unitree_go/unitree_go/msg/detail/path_point__builder.hpp
[1.404s] -- Up-to-date symlink: /external/install/unitree_go/include/unitree_go/unitree_go/msg/detail/path_point__struct.hpp
[1.404s] -- Up-to-date symlink: /external/install/unitree_go/include/unitree_go/unitree_go/msg/detail/path_point__traits.hpp
[1.404s] -- Up-to-date symlink: /external/install/unitree_go/include/unitree_go/unitree_go/msg/detail/path_point__type_support.hpp
[1.405s] -- Up-to-date symlink: /external/install/unitree_go/include/unitree_go/unitree_go/msg/detail/req__builder.hpp
[1.405s] -- Up-to-date symlink: /external/install/unitree_go/include/unitree_go/unitree_go/msg/detail/req__struct.hpp
[1.405s] -- Up-to-date symlink: /external/install/unitree_go/include/unitree_go/unitree_go/msg/detail/req__traits.hpp
[1.406s] -- Up-to-date symlink: /external/install/unitree_go/include/unitree_go/unitree_go/msg/detail/req__type_support.hpp
[1.406s] -- Up-to-date symlink: /external/install/unitree_go/include/unitree_go/unitree_go/msg/detail/res__builder.hpp
[1.406s] -- Up-to-date symlink: /external/install/unitree_go/include/unitree_go/unitree_go/msg/detail/res__struct.hpp
[1.407s] -- Up-to-date symlink: /external/install/unitree_go/include/unitree_go/unitree_go/msg/detail/res__traits.hpp
[1.407s] -- Up-to-date symlink: /external/install/unitree_go/include/unitree_go/unitree_go/msg/detail/res__type_support.hpp
[1.408s] -- Up-to-date symlink: /external/install/unitree_go/include/unitree_go/unitree_go/msg/detail/sport_mode_cmd__builder.hpp
[1.408s] -- Up-to-date symlink: /external/install/unitree_go/include/unitree_go/unitree_go/msg/detail/sport_mode_cmd__struct.hpp
[1.408s] -- Up-to-date symlink: /external/install/unitree_go/include/unitree_go/unitree_go/msg/detail/sport_mode_cmd__traits.hpp
[1.409s] -- Up-to-date symlink: /external/install/unitree_go/include/unitree_go/unitree_go/msg/detail/sport_mode_cmd__type_support.hpp
[1.409s] -- Up-to-date symlink: /external/install/unitree_go/include/unitree_go/unitree_go/msg/detail/sport_mode_state__builder.hpp
[1.409s] -- Up-to-date symlink: /external/install/unitree_go/include/unitree_go/unitree_go/msg/detail/sport_mode_state__struct.hpp
[1.410s] -- Up-to-date symlink: /external/install/unitree_go/include/unitree_go/unitree_go/msg/detail/sport_mode_state__traits.hpp
[1.410s] -- Up-to-date symlink: /external/install/unitree_go/include/unitree_go/unitree_go/msg/detail/sport_mode_state__type_support.hpp
[1.410s] -- Up-to-date symlink: /external/install/unitree_go/include/unitree_go/unitree_go/msg/detail/time_spec__builder.hpp
[1.411s] -- Up-to-date symlink: /external/install/unitree_go/include/unitree_go/unitree_go/msg/detail/time_spec__struct.hpp
[1.411s] -- Up-to-date symlink: /external/install/unitree_go/include/unitree_go/unitree_go/msg/detail/time_spec__traits.hpp
[1.411s] -- Up-to-date symlink: /external/install/unitree_go/include/unitree_go/unitree_go/msg/detail/time_spec__type_support.hpp
[1.411s] -- Up-to-date symlink: /external/install/unitree_go/include/unitree_go/unitree_go/msg/detail/uwb_state__builder.hpp
[1.411s] -- Up-to-date symlink: /external/install/unitree_go/include/unitree_go/unitree_go/msg/detail/uwb_state__struct.hpp
[1.412s] -- Up-to-date symlink: /external/install/unitree_go/include/unitree_go/unitree_go/msg/detail/uwb_state__traits.hpp
[1.412s] -- Up-to-date symlink: /external/install/unitree_go/include/unitree_go/unitree_go/msg/detail/uwb_state__type_support.hpp
[1.412s] -- Up-to-date symlink: /external/install/unitree_go/include/unitree_go/unitree_go/msg/detail/uwb_switch__builder.hpp
[1.412s] -- Up-to-date symlink: /external/install/unitree_go/include/unitree_go/unitree_go/msg/detail/uwb_switch__struct.hpp
[1.412s] -- Up-to-date symlink: /external/install/unitree_go/include/unitree_go/unitree_go/msg/detail/uwb_switch__traits.hpp
[1.412s] -- Up-to-date symlink: /external/install/unitree_go/include/unitree_go/unitree_go/msg/detail/uwb_switch__type_support.hpp
[1.412s] -- Up-to-date symlink: /external/install/unitree_go/include/unitree_go/unitree_go/msg/detail/wireless_controller__builder.hpp
[1.412s] -- Up-to-date symlink: /external/install/unitree_go/include/unitree_go/unitree_go/msg/detail/wireless_controller__struct.hpp
[1.412s] -- Up-to-date symlink: /external/install/unitree_go/include/unitree_go/unitree_go/msg/detail/wireless_controller__traits.hpp
[1.412s] -- Up-to-date symlink: /external/install/unitree_go/include/unitree_go/unitree_go/msg/detail/wireless_controller__type_support.hpp
[1.412s] -- Up-to-date symlink: /external/install/unitree_go/include/unitree_go/unitree_go/msg/error.hpp
[1.412s] -- Up-to-date symlink: /external/install/unitree_go/include/unitree_go/unitree_go/msg/go2_front_video_data.hpp
[1.413s] -- Up-to-date symlink: /external/install/unitree_go/include/unitree_go/unitree_go/msg/height_map.hpp
[1.413s] -- Up-to-date symlink: /external/install/unitree_go/include/unitree_go/unitree_go/msg/imu_state.hpp
[1.413s] -- Up-to-date symlink: /external/install/unitree_go/include/unitree_go/unitree_go/msg/interface_config.hpp
[1.413s] -- Up-to-date symlink: /external/install/unitree_go/include/unitree_go/unitree_go/msg/lidar_state.hpp
[1.413s] -- Up-to-date symlink: /external/install/unitree_go/include/unitree_go/unitree_go/msg/low_cmd.hpp
[1.413s] -- Up-to-date symlink: /external/install/unitree_go/include/unitree_go/unitree_go/msg/low_state.hpp
[1.413s] -- Up-to-date symlink: /external/install/unitree_go/include/unitree_go/unitree_go/msg/motor_cmd.hpp
[1.413s] -- Up-to-date symlink: /external/install/unitree_go/include/unitree_go/unitree_go/msg/motor_cmds.hpp
[1.413s] -- Up-to-date symlink: /external/install/unitree_go/include/unitree_go/unitree_go/msg/motor_state.hpp
[1.413s] -- Up-to-date symlink: /external/install/unitree_go/include/unitree_go/unitree_go/msg/motor_states.hpp
[1.413s] -- Up-to-date symlink: /external/install/unitree_go/include/unitree_go/unitree_go/msg/path_point.hpp
[1.413s] -- Up-to-date symlink: /external/install/unitree_go/include/unitree_go/unitree_go/msg/req.hpp
[1.414s] -- Up-to-date symlink: /external/install/unitree_go/include/unitree_go/unitree_go/msg/res.hpp
[1.414s] -- Up-to-date symlink: /external/install/unitree_go/include/unitree_go/unitree_go/msg/rosidl_generator_cpp__visibility_control.hpp
[1.414s] -- Up-to-date symlink: /external/install/unitree_go/include/unitree_go/unitree_go/msg/sport_mode_cmd.hpp
[1.414s] -- Up-to-date symlink: /external/install/unitree_go/include/unitree_go/unitree_go/msg/sport_mode_state.hpp
[1.414s] -- Up-to-date symlink: /external/install/unitree_go/include/unitree_go/unitree_go/msg/time_spec.hpp
[1.414s] -- Up-to-date symlink: /external/install/unitree_go/include/unitree_go/unitree_go/msg/uwb_state.hpp
[1.414s] -- Up-to-date symlink: /external/install/unitree_go/include/unitree_go/unitree_go/msg/uwb_switch.hpp
[1.414s] -- Up-to-date symlink: /external/install/unitree_go/include/unitree_go/unitree_go/msg/wireless_controller.hpp
[1.414s] -- Up-to-date symlink: /external/install/unitree_go/include/unitree_go/unitree_go/msg/detail/audio_data__rosidl_typesupport_fastrtps_cpp.hpp
[1.414s] -- Up-to-date symlink: /external/install/unitree_go/include/unitree_go/unitree_go/msg/detail/bms_cmd__rosidl_typesupport_fastrtps_cpp.hpp
[1.414s] -- Up-to-date symlink: /external/install/unitree_go/include/unitree_go/unitree_go/msg/detail/bms_state__rosidl_typesupport_fastrtps_cpp.hpp
[1.415s] -- Up-to-date symlink: /external/install/unitree_go/include/unitree_go/unitree_go/msg/detail/error__rosidl_typesupport_fastrtps_cpp.hpp
[1.415s] -- Up-to-date symlink: /external/install/unitree_go/include/unitree_go/unitree_go/msg/detail/go2_front_video_data__rosidl_typesupport_fastrtps_cpp.hpp
[1.415s] -- Up-to-date symlink: /external/install/unitree_go/include/unitree_go/unitree_go/msg/detail/height_map__rosidl_typesupport_fastrtps_cpp.hpp
[1.415s] -- Up-to-date symlink: /external/install/unitree_go/include/unitree_go/unitree_go/msg/detail/imu_state__rosidl_typesupport_fastrtps_cpp.hpp
[1.415s] -- Up-to-date symlink: /external/install/unitree_go/include/unitree_go/unitree_go/msg/detail/interface_config__rosidl_typesupport_fastrtps_cpp.hpp
[1.415s] -- Up-to-date symlink: /external/install/unitree_go/include/unitree_go/unitree_go/msg/detail/lidar_state__rosidl_typesupport_fastrtps_cpp.hpp
[1.415s] -- Up-to-date symlink: /external/install/unitree_go/include/unitree_go/unitree_go/msg/detail/low_cmd__rosidl_typesupport_fastrtps_cpp.hpp
[1.415s] -- Up-to-date symlink: /external/install/unitree_go/include/unitree_go/unitree_go/msg/detail/low_state__rosidl_typesupport_fastrtps_cpp.hpp
[1.415s] -- Up-to-date symlink: /external/install/unitree_go/include/unitree_go/unitree_go/msg/detail/motor_cmd__rosidl_typesupport_fastrtps_cpp.hpp
[1.415s] -- Up-to-date symlink: /external/install/unitree_go/include/unitree_go/unitree_go/msg/detail/motor_cmds__rosidl_typesupport_fastrtps_cpp.hpp
[1.415s] -- Up-to-date symlink: /external/install/unitree_go/include/unitree_go/unitree_go/msg/detail/motor_state__rosidl_typesupport_fastrtps_cpp.hpp
[1.415s] -- Up-to-date symlink: /external/install/unitree_go/include/unitree_go/unitree_go/msg/detail/motor_states__rosidl_typesupport_fastrtps_cpp.hpp
[1.416s] -- Up-to-date symlink: /external/install/unitree_go/include/unitree_go/unitree_go/msg/detail/path_point__rosidl_typesupport_fastrtps_cpp.hpp
[1.416s] -- Up-to-date symlink: /external/install/unitree_go/include/unitree_go/unitree_go/msg/detail/req__rosidl_typesupport_fastrtps_cpp.hpp
[1.416s] -- Up-to-date symlink: /external/install/unitree_go/include/unitree_go/unitree_go/msg/detail/res__rosidl_typesupport_fastrtps_cpp.hpp
[1.416s] -- Up-to-date symlink: /external/install/unitree_go/include/unitree_go/unitree_go/msg/detail/sport_mode_cmd__rosidl_typesupport_fastrtps_cpp.hpp
[1.416s] -- Up-to-date symlink: /external/install/unitree_go/include/unitree_go/unitree_go/msg/detail/sport_mode_state__rosidl_typesupport_fastrtps_cpp.hpp
[1.416s] -- Up-to-date symlink: /external/install/unitree_go/include/unitree_go/unitree_go/msg/detail/time_spec__rosidl_typesupport_fastrtps_cpp.hpp
[1.416s] -- Up-to-date symlink: /external/install/unitree_go/include/unitree_go/unitree_go/msg/detail/uwb_state__rosidl_typesupport_fastrtps_cpp.hpp
[1.416s] -- Up-to-date symlink: /external/install/unitree_go/include/unitree_go/unitree_go/msg/detail/uwb_switch__rosidl_typesupport_fastrtps_cpp.hpp
[1.416s] -- Up-to-date symlink: /external/install/unitree_go/include/unitree_go/unitree_go/msg/detail/wireless_controller__rosidl_typesupport_fastrtps_cpp.hpp
[1.416s] -- Up-to-date symlink: /external/install/unitree_go/include/unitree_go/unitree_go/msg/rosidl_typesupport_fastrtps_cpp__visibility_control.h
[1.416s] -- Up-to-date symlink: /external/install/unitree_go/include/unitree_go/unitree_go/msg/detail/audio_data__rosidl_typesupport_introspection_c.h
[1.416s] -- Up-to-date symlink: /external/install/unitree_go/include/unitree_go/unitree_go/msg/detail/bms_cmd__rosidl_typesupport_introspection_c.h
[1.417s] -- Up-to-date symlink: /external/install/unitree_go/include/unitree_go/unitree_go/msg/detail/bms_state__rosidl_typesupport_introspection_c.h
[1.417s] -- Up-to-date symlink: /external/install/unitree_go/include/unitree_go/unitree_go/msg/detail/error__rosidl_typesupport_introspection_c.h
[1.417s] -- Up-to-date symlink: /external/install/unitree_go/include/unitree_go/unitree_go/msg/detail/go2_front_video_data__rosidl_typesupport_introspection_c.h
[1.417s] -- Up-to-date symlink: /external/install/unitree_go/include/unitree_go/unitree_go/msg/detail/height_map__rosidl_typesupport_introspection_c.h
[1.417s] -- Up-to-date symlink: /external/install/unitree_go/include/unitree_go/unitree_go/msg/detail/imu_state__rosidl_typesupport_introspection_c.h
[1.417s] -- Up-to-date symlink: /external/install/unitree_go/include/unitree_go/unitree_go/msg/detail/interface_config__rosidl_typesupport_introspection_c.h
[1.417s] -- Up-to-date symlink: /external/install/unitree_go/include/unitree_go/unitree_go/msg/detail/lidar_state__rosidl_typesupport_introspection_c.h
[1.417s] -- Up-to-date symlink: /external/install/unitree_go/include/unitree_go/unitree_go/msg/detail/low_cmd__rosidl_typesupport_introspection_c.h
[1.417s] -- Up-to-date symlink: /external/install/unitree_go/include/unitree_go/unitree_go/msg/detail/low_state__rosidl_typesupport_introspection_c.h
[1.417s] -- Up-to-date symlink: /external/install/unitree_go/include/unitree_go/unitree_go/msg/detail/motor_cmd__rosidl_typesupport_introspection_c.h
[1.417s] -- Up-to-date symlink: /external/install/unitree_go/include/unitree_go/unitree_go/msg/detail/motor_cmds__rosidl_typesupport_introspection_c.h
[1.417s] -- Up-to-date symlink: /external/install/unitree_go/include/unitree_go/unitree_go/msg/detail/motor_state__rosidl_typesupport_introspection_c.h
[1.417s] -- Up-to-date symlink: /external/install/unitree_go/include/unitree_go/unitree_go/msg/detail/motor_states__rosidl_typesupport_introspection_c.h
[1.418s] -- Up-to-date symlink: /external/install/unitree_go/include/unitree_go/unitree_go/msg/detail/path_point__rosidl_typesupport_introspection_c.h
[1.418s] -- Up-to-date symlink: /external/install/unitree_go/include/unitree_go/unitree_go/msg/detail/req__rosidl_typesupport_introspection_c.h
[1.418s] -- Up-to-date symlink: /external/install/unitree_go/include/unitree_go/unitree_go/msg/detail/res__rosidl_typesupport_introspection_c.h
[1.418s] -- Up-to-date symlink: /external/install/unitree_go/include/unitree_go/unitree_go/msg/detail/sport_mode_cmd__rosidl_typesupport_introspection_c.h
[1.418s] -- Up-to-date symlink: /external/install/unitree_go/include/unitree_go/unitree_go/msg/detail/sport_mode_state__rosidl_typesupport_introspection_c.h
[1.418s] -- Up-to-date symlink: /external/install/unitree_go/include/unitree_go/unitree_go/msg/detail/time_spec__rosidl_typesupport_introspection_c.h
[1.418s] -- Up-to-date symlink: /external/install/unitree_go/include/unitree_go/unitree_go/msg/detail/uwb_state__rosidl_typesupport_introspection_c.h
[1.418s] -- Up-to-date symlink: /external/install/unitree_go/include/unitree_go/unitree_go/msg/detail/uwb_switch__rosidl_typesupport_introspection_c.h
[1.418s] -- Up-to-date symlink: /external/install/unitree_go/include/unitree_go/unitree_go/msg/detail/wireless_controller__rosidl_typesupport_introspection_c.h
[1.418s] -- Up-to-date symlink: /external/install/unitree_go/include/unitree_go/unitree_go/msg/rosidl_typesupport_introspection_c__visibility_control.h
[1.418s] -- Up-to-date symlink: /external/install/unitree_go/include/unitree_go/unitree_go/msg/detail/audio_data__rosidl_typesupport_introspection_cpp.hpp
[1.419s] -- Up-to-date symlink: /external/install/unitree_go/include/unitree_go/unitree_go/msg/detail/bms_cmd__rosidl_typesupport_introspection_cpp.hpp
[1.419s] -- Up-to-date symlink: /external/install/unitree_go/include/unitree_go/unitree_go/msg/detail/bms_state__rosidl_typesupport_introspection_cpp.hpp
[1.419s] -- Up-to-date symlink: /external/install/unitree_go/include/unitree_go/unitree_go/msg/detail/error__rosidl_typesupport_introspection_cpp.hpp
[1.419s] -- Up-to-date symlink: /external/install/unitree_go/include/unitree_go/unitree_go/msg/detail/go2_front_video_data__rosidl_typesupport_introspection_cpp.hpp
[1.419s] -- Up-to-date symlink: /external/install/unitree_go/include/unitree_go/unitree_go/msg/detail/height_map__rosidl_typesupport_introspection_cpp.hpp
[1.419s] -- Up-to-date symlink: /external/install/unitree_go/include/unitree_go/unitree_go/msg/detail/imu_state__rosidl_typesupport_introspection_cpp.hpp
[1.419s] -- Up-to-date symlink: /external/install/unitree_go/include/unitree_go/unitree_go/msg/detail/interface_config__rosidl_typesupport_introspection_cpp.hpp
[1.419s] -- Up-to-date symlink: /external/install/unitree_go/include/unitree_go/unitree_go/msg/detail/lidar_state__rosidl_typesupport_introspection_cpp.hpp
[1.419s] -- Up-to-date symlink: /external/install/unitree_go/include/unitree_go/unitree_go/msg/detail/low_cmd__rosidl_typesupport_introspection_cpp.hpp
[1.419s] -- Up-to-date symlink: /external/install/unitree_go/include/unitree_go/unitree_go/msg/detail/low_state__rosidl_typesupport_introspection_cpp.hpp
[1.419s] -- Up-to-date symlink: /external/install/unitree_go/include/unitree_go/unitree_go/msg/detail/motor_cmd__rosidl_typesupport_introspection_cpp.hpp
[1.419s] -- Up-to-date symlink: /external/install/unitree_go/include/unitree_go/unitree_go/msg/detail/motor_cmds__rosidl_typesupport_introspection_cpp.hpp
[1.420s] -- Up-to-date symlink: /external/install/unitree_go/include/unitree_go/unitree_go/msg/detail/motor_state__rosidl_typesupport_introspection_cpp.hpp
[1.420s] -- Up-to-date symlink: /external/install/unitree_go/include/unitree_go/unitree_go/msg/detail/motor_states__rosidl_typesupport_introspection_cpp.hpp
[1.420s] -- Up-to-date symlink: /external/install/unitree_go/include/unitree_go/unitree_go/msg/detail/path_point__rosidl_typesupport_introspection_cpp.hpp
[1.420s] -- Up-to-date symlink: /external/install/unitree_go/include/unitree_go/unitree_go/msg/detail/req__rosidl_typesupport_introspection_cpp.hpp
[1.420s] -- Up-to-date symlink: /external/install/unitree_go/include/unitree_go/unitree_go/msg/detail/res__rosidl_typesupport_introspection_cpp.hpp
[1.420s] -- Up-to-date symlink: /external/install/unitree_go/include/unitree_go/unitree_go/msg/detail/sport_mode_cmd__rosidl_typesupport_introspection_cpp.hpp
[1.420s] -- Up-to-date symlink: /external/install/unitree_go/include/unitree_go/unitree_go/msg/detail/sport_mode_state__rosidl_typesupport_introspection_cpp.hpp
[1.420s] -- Up-to-date symlink: /external/install/unitree_go/include/unitree_go/unitree_go/msg/detail/time_spec__rosidl_typesupport_introspection_cpp.hpp
[1.420s] -- Up-to-date symlink: /external/install/unitree_go/include/unitree_go/unitree_go/msg/detail/uwb_state__rosidl_typesupport_introspection_cpp.hpp
[1.420s] -- Up-to-date symlink: /external/install/unitree_go/include/unitree_go/unitree_go/msg/detail/uwb_switch__rosidl_typesupport_introspection_cpp.hpp
[1.420s] -- Up-to-date symlink: /external/install/unitree_go/include/unitree_go/unitree_go/msg/detail/wireless_controller__rosidl_typesupport_introspection_cpp.hpp
[1.420s] -- Up-to-date symlink: /external/install/unitree_go/share/unitree_go/environment/pythonpath.sh
[1.420s] -- Up-to-date symlink: /external/install/unitree_go/share/unitree_go/environment/pythonpath.dsv
[1.421s] -- Up-to-date symlink: /external/install/unitree_go/local/lib/python3.10/dist-packages/unitree_go-0.0.0-py3.10.egg-info/PKG-INFO
[1.421s] -- Up-to-date symlink: /external/install/unitree_go/local/lib/python3.10/dist-packages/unitree_go-0.0.0-py3.10.egg-info/SOURCES.txt
[1.421s] -- Up-to-date symlink: /external/install/unitree_go/local/lib/python3.10/dist-packages/unitree_go-0.0.0-py3.10.egg-info/dependency_links.txt
[1.421s] -- Up-to-date symlink: /external/install/unitree_go/local/lib/python3.10/dist-packages/unitree_go-0.0.0-py3.10.egg-info/top_level.txt
[1.421s] -- Up-to-date symlink: /external/install/unitree_go/local/lib/python3.10/dist-packages/unitree_go/__init__.py
[1.421s] -- Up-to-date symlink: /external/install/unitree_go/local/lib/python3.10/dist-packages/unitree_go/_unitree_go_s.ep.rosidl_typesupport_c.c
[1.421s] -- Up-to-date symlink: /external/install/unitree_go/local/lib/python3.10/dist-packages/unitree_go/_unitree_go_s.ep.rosidl_typesupport_fastrtps_c.c
[1.421s] -- Up-to-date symlink: /external/install/unitree_go/local/lib/python3.10/dist-packages/unitree_go/_unitree_go_s.ep.rosidl_typesupport_introspection_c.c
[1.421s] -- Up-to-date symlink: /external/install/unitree_go/local/lib/python3.10/dist-packages/unitree_go/libunitree_go__rosidl_generator_py.so
[1.421s] -- Up-to-date symlink: /external/install/unitree_go/local/lib/python3.10/dist-packages/unitree_go/msg/__init__.py
[1.421s] -- Up-to-date symlink: /external/install/unitree_go/local/lib/python3.10/dist-packages/unitree_go/msg/_audio_data.py
[1.421s] -- Up-to-date symlink: /external/install/unitree_go/local/lib/python3.10/dist-packages/unitree_go/msg/_audio_data_s.c
[1.422s] -- Up-to-date symlink: /external/install/unitree_go/local/lib/python3.10/dist-packages/unitree_go/msg/_bms_cmd.py
[1.422s] -- Up-to-date symlink: /external/install/unitree_go/local/lib/python3.10/dist-packages/unitree_go/msg/_bms_cmd_s.c
[1.422s] -- Up-to-date symlink: /external/install/unitree_go/local/lib/python3.10/dist-packages/unitree_go/msg/_bms_state.py
[1.422s] -- Up-to-date symlink: /external/install/unitree_go/local/lib/python3.10/dist-packages/unitree_go/msg/_bms_state_s.c
[1.422s] -- Up-to-date symlink: /external/install/unitree_go/local/lib/python3.10/dist-packages/unitree_go/msg/_error.py
[1.422s] -- Up-to-date symlink: /external/install/unitree_go/local/lib/python3.10/dist-packages/unitree_go/msg/_error_s.c
[1.422s] -- Up-to-date symlink: /external/install/unitree_go/local/lib/python3.10/dist-packages/unitree_go/msg/_go2_front_video_data.py
[1.422s] -- Up-to-date symlink: /external/install/unitree_go/local/lib/python3.10/dist-packages/unitree_go/msg/_go2_front_video_data_s.c
[1.422s] -- Up-to-date symlink: /external/install/unitree_go/local/lib/python3.10/dist-packages/unitree_go/msg/_height_map.py
[1.422s] -- Up-to-date symlink: /external/install/unitree_go/local/lib/python3.10/dist-packages/unitree_go/msg/_height_map_s.c
[1.422s] -- Up-to-date symlink: /external/install/unitree_go/local/lib/python3.10/dist-packages/unitree_go/msg/_imu_state.py
[1.422s] -- Up-to-date symlink: /external/install/unitree_go/local/lib/python3.10/dist-packages/unitree_go/msg/_imu_state_s.c
[1.423s] -- Up-to-date symlink: /external/install/unitree_go/local/lib/python3.10/dist-packages/unitree_go/msg/_interface_config.py
[1.423s] -- Up-to-date symlink: /external/install/unitree_go/local/lib/python3.10/dist-packages/unitree_go/msg/_interface_config_s.c
[1.423s] -- Up-to-date symlink: /external/install/unitree_go/local/lib/python3.10/dist-packages/unitree_go/msg/_lidar_state.py
[1.423s] -- Up-to-date symlink: /external/install/unitree_go/local/lib/python3.10/dist-packages/unitree_go/msg/_lidar_state_s.c
[1.423s] -- Up-to-date symlink: /external/install/unitree_go/local/lib/python3.10/dist-packages/unitree_go/msg/_low_cmd.py
[1.423s] -- Up-to-date symlink: /external/install/unitree_go/local/lib/python3.10/dist-packages/unitree_go/msg/_low_cmd_s.c
[1.423s] -- Up-to-date symlink: /external/install/unitree_go/local/lib/python3.10/dist-packages/unitree_go/msg/_low_state.py
[1.423s] -- Up-to-date symlink: /external/install/unitree_go/local/lib/python3.10/dist-packages/unitree_go/msg/_low_state_s.c
[1.423s] -- Up-to-date symlink: /external/install/unitree_go/local/lib/python3.10/dist-packages/unitree_go/msg/_motor_cmd.py
[1.423s] -- Up-to-date symlink: /external/install/unitree_go/local/lib/python3.10/dist-packages/unitree_go/msg/_motor_cmd_s.c
[1.423s] -- Up-to-date symlink: /external/install/unitree_go/local/lib/python3.10/dist-packages/unitree_go/msg/_motor_cmds.py
[1.423s] -- Up-to-date symlink: /external/install/unitree_go/local/lib/python3.10/dist-packages/unitree_go/msg/_motor_cmds_s.c
[1.424s] -- Up-to-date symlink: /external/install/unitree_go/local/lib/python3.10/dist-packages/unitree_go/msg/_motor_state.py
[1.424s] -- Up-to-date symlink: /external/install/unitree_go/local/lib/python3.10/dist-packages/unitree_go/msg/_motor_state_s.c
[1.424s] -- Up-to-date symlink: /external/install/unitree_go/local/lib/python3.10/dist-packages/unitree_go/msg/_motor_states.py
[1.424s] -- Up-to-date symlink: /external/install/unitree_go/local/lib/python3.10/dist-packages/unitree_go/msg/_motor_states_s.c
[1.424s] -- Up-to-date symlink: /external/install/unitree_go/local/lib/python3.10/dist-packages/unitree_go/msg/_path_point.py
[1.424s] -- Up-to-date symlink: /external/install/unitree_go/local/lib/python3.10/dist-packages/unitree_go/msg/_path_point_s.c
[1.424s] -- Up-to-date symlink: /external/install/unitree_go/local/lib/python3.10/dist-packages/unitree_go/msg/_req.py
[1.424s] -- Up-to-date symlink: /external/install/unitree_go/local/lib/python3.10/dist-packages/unitree_go/msg/_req_s.c
[1.424s] -- Up-to-date symlink: /external/install/unitree_go/local/lib/python3.10/dist-packages/unitree_go/msg/_res.py
[1.424s] -- Up-to-date symlink: /external/install/unitree_go/local/lib/python3.10/dist-packages/unitree_go/msg/_res_s.c
[1.425s] -- Up-to-date symlink: /external/install/unitree_go/local/lib/python3.10/dist-packages/unitree_go/msg/_sport_mode_cmd.py
[1.425s] -- Up-to-date symlink: /external/install/unitree_go/local/lib/python3.10/dist-packages/unitree_go/msg/_sport_mode_cmd_s.c
[1.425s] -- Up-to-date symlink: /external/install/unitree_go/local/lib/python3.10/dist-packages/unitree_go/msg/_sport_mode_state.py
[1.425s] -- Up-to-date symlink: /external/install/unitree_go/local/lib/python3.10/dist-packages/unitree_go/msg/_sport_mode_state_s.c
[1.425s] -- Up-to-date symlink: /external/install/unitree_go/local/lib/python3.10/dist-packages/unitree_go/msg/_time_spec.py
[1.425s] -- Up-to-date symlink: /external/install/unitree_go/local/lib/python3.10/dist-packages/unitree_go/msg/_time_spec_s.c
[1.425s] -- Up-to-date symlink: /external/install/unitree_go/local/lib/python3.10/dist-packages/unitree_go/msg/_uwb_state.py
[1.425s] -- Up-to-date symlink: /external/install/unitree_go/local/lib/python3.10/dist-packages/unitree_go/msg/_uwb_state_s.c
[1.425s] -- Up-to-date symlink: /external/install/unitree_go/local/lib/python3.10/dist-packages/unitree_go/msg/_uwb_switch.py
[1.425s] -- Up-to-date symlink: /external/install/unitree_go/local/lib/python3.10/dist-packages/unitree_go/msg/_uwb_switch_s.c
[1.426s] -- Up-to-date symlink: /external/install/unitree_go/local/lib/python3.10/dist-packages/unitree_go/msg/_wireless_controller.py
[1.426s] -- Up-to-date symlink: /external/install/unitree_go/local/lib/python3.10/dist-packages/unitree_go/msg/_wireless_controller_s.c
[1.426s] -- Up-to-date symlink: /external/install/unitree_go/local/lib/python3.10/dist-packages/unitree_go/unitree_go_s__rosidl_typesupport_c.cpython-310-aarch64-linux-gnu.so
[1.426s] -- Up-to-date symlink: /external/install/unitree_go/local/lib/python3.10/dist-packages/unitree_go/unitree_go_s__rosidl_typesupport_fastrtps_c.cpython-310-aarch64-linux-gnu.so
[1.426s] -- Up-to-date symlink: /external/install/unitree_go/local/lib/python3.10/dist-packages/unitree_go/unitree_go_s__rosidl_typesupport_introspection_c.cpython-310-aarch64-linux-gnu.so
[1.426s] -- Up-to-date symlink: /external/install/unitree_go/local/lib/python3.10/dist-packages/unitree_go/unitree_go_s__rosidl_typesupport_fastrtps_c.cpython-310-aarch64-linux-gnu.so
[1.426s] -- Up-to-date symlink: /external/install/unitree_go/local/lib/python3.10/dist-packages/unitree_go/unitree_go_s__rosidl_typesupport_introspection_c.cpython-310-aarch64-linux-gnu.so
[1.426s] -- Up-to-date symlink: /external/install/unitree_go/local/lib/python3.10/dist-packages/unitree_go/unitree_go_s__rosidl_typesupport_c.cpython-310-aarch64-linux-gnu.so
[1.426s] -- Up-to-date symlink: /external/install/unitree_go/share/unitree_go/msg/AudioData.idl
[1.426s] -- Up-to-date symlink: /external/install/unitree_go/share/unitree_go/msg/BmsCmd.idl
[1.427s] -- Up-to-date symlink: /external/install/unitree_go/share/unitree_go/msg/BmsState.idl
[1.427s] -- Up-to-date symlink: /external/install/unitree_go/share/unitree_go/msg/Error.idl
[1.427s] -- Up-to-date symlink: /external/install/unitree_go/share/unitree_go/msg/Go2FrontVideoData.idl
[1.427s] -- Up-to-date symlink: /external/install/unitree_go/share/unitree_go/msg/HeightMap.idl
[1.427s] -- Up-to-date symlink: /external/install/unitree_go/share/unitree_go/msg/IMUState.idl
[1.427s] -- Up-to-date symlink: /external/install/unitree_go/share/unitree_go/msg/InterfaceConfig.idl
[1.427s] -- Up-to-date symlink: /external/install/unitree_go/share/unitree_go/msg/LidarState.idl
[1.427s] -- Up-to-date symlink: /external/install/unitree_go/share/unitree_go/msg/LowCmd.idl
[1.427s] -- Up-to-date symlink: /external/install/unitree_go/share/unitree_go/msg/LowState.idl
[1.427s] -- Up-to-date symlink: /external/install/unitree_go/share/unitree_go/msg/MotorCmd.idl
[1.428s] -- Up-to-date symlink: /external/install/unitree_go/share/unitree_go/msg/MotorCmds.idl
[1.428s] -- Up-to-date symlink: /external/install/unitree_go/share/unitree_go/msg/MotorState.idl
[1.428s] -- Up-to-date symlink: /external/install/unitree_go/share/unitree_go/msg/MotorStates.idl
[1.428s] -- Up-to-date symlink: /external/install/unitree_go/share/unitree_go/msg/PathPoint.idl
[1.428s] -- Up-to-date symlink: /external/install/unitree_go/share/unitree_go/msg/Req.idl
[1.428s] -- Up-to-date symlink: /external/install/unitree_go/share/unitree_go/msg/Res.idl
[1.428s] -- Up-to-date symlink: /external/install/unitree_go/share/unitree_go/msg/SportModeCmd.idl
[1.429s] -- Up-to-date symlink: /external/install/unitree_go/share/unitree_go/msg/SportModeState.idl
[1.429s] -- Up-to-date symlink: /external/install/unitree_go/share/unitree_go/msg/TimeSpec.idl
[1.429s] -- Up-to-date symlink: /external/install/unitree_go/share/unitree_go/msg/UwbState.idl
[1.429s] -- Up-to-date symlink: /external/install/unitree_go/share/unitree_go/msg/UwbSwitch.idl
[1.429s] -- Up-to-date symlink: /external/install/unitree_go/share/unitree_go/msg/WirelessController.idl
[1.429s] -- Up-to-date symlink: /external/install/unitree_go/share/unitree_go/msg/AudioData.msg
[1.429s] -- Up-to-date symlink: /external/install/unitree_go/share/unitree_go/msg/BmsCmd.msg
[1.429s] -- Up-to-date symlink: /external/install/unitree_go/share/unitree_go/msg/BmsState.msg
[1.429s] -- Up-to-date symlink: /external/install/unitree_go/share/unitree_go/msg/Error.msg
[1.429s] -- Up-to-date symlink: /external/install/unitree_go/share/unitree_go/msg/Go2FrontVideoData.msg
[1.429s] -- Up-to-date symlink: /external/install/unitree_go/share/unitree_go/msg/HeightMap.msg
[1.430s] -- Up-to-date symlink: /external/install/unitree_go/share/unitree_go/msg/IMUState.msg
[1.430s] -- Up-to-date symlink: /external/install/unitree_go/share/unitree_go/msg/InterfaceConfig.msg
[1.430s] -- Up-to-date symlink: /external/install/unitree_go/share/unitree_go/msg/LidarState.msg
[1.430s] -- Up-to-date symlink: /external/install/unitree_go/share/unitree_go/msg/LowCmd.msg
[1.430s] -- Up-to-date symlink: /external/install/unitree_go/share/unitree_go/msg/LowState.msg
[1.430s] -- Up-to-date symlink: /external/install/unitree_go/share/unitree_go/msg/MotorCmd.msg
[1.430s] -- Up-to-date symlink: /external/install/unitree_go/share/unitree_go/msg/MotorCmds.msg
[1.430s] -- Up-to-date symlink: /external/install/unitree_go/share/unitree_go/msg/MotorState.msg
[1.430s] -- Up-to-date symlink: /external/install/unitree_go/share/unitree_go/msg/MotorStates.msg
[1.430s] -- Up-to-date symlink: /external/install/unitree_go/share/unitree_go/msg/PathPoint.msg
[1.430s] -- Up-to-date symlink: /external/install/unitree_go/share/unitree_go/msg/Req.msg
[1.430s] -- Up-to-date symlink: /external/install/unitree_go/share/unitree_go/msg/Res.msg
[1.431s] -- Up-to-date symlink: /external/install/unitree_go/share/unitree_go/msg/SportModeCmd.msg
[1.431s] -- Up-to-date symlink: /external/install/unitree_go/share/unitree_go/msg/SportModeState.msg
[1.431s] -- Up-to-date symlink: /external/install/unitree_go/share/unitree_go/msg/TimeSpec.msg
[1.431s] -- Up-to-date symlink: /external/install/unitree_go/share/unitree_go/msg/UwbState.msg
[1.431s] -- Up-to-date symlink: /external/install/unitree_go/share/unitree_go/msg/UwbSwitch.msg
[1.431s] -- Up-to-date symlink: /external/install/unitree_go/share/unitree_go/msg/WirelessController.msg
[1.431s] -- Up-to-date symlink: /external/install/unitree_go/share/unitree_go/msg/dds_connext/AudioData_.idl
[1.431s] -- Up-to-date symlink: /external/install/unitree_go/share/unitree_go/msg/dds_connext/BmsCmd_.idl
[1.431s] -- Up-to-date symlink: /external/install/unitree_go/share/unitree_go/msg/dds_connext/BmsState_.idl
[1.431s] -- Up-to-date symlink: /external/install/unitree_go/share/unitree_go/msg/dds_connext/Error_.idl
[1.431s] -- Up-to-date symlink: /external/install/unitree_go/share/unitree_go/msg/dds_connext/Go2FrontVideoData_.idl
[1.432s] -- Up-to-date symlink: /external/install/unitree_go/share/unitree_go/msg/dds_connext/HeightMap_.idl
[1.432s] -- Up-to-date symlink: /external/install/unitree_go/share/unitree_go/msg/dds_connext/IMUState_.idl
[1.432s] -- Up-to-date symlink: /external/install/unitree_go/share/unitree_go/msg/dds_connext/InterfaceConfig_.idl
[1.432s] -- Up-to-date symlink: /external/install/unitree_go/share/unitree_go/msg/dds_connext/LidarState_.idl
[1.432s] -- Up-to-date symlink: /external/install/unitree_go/share/unitree_go/msg/dds_connext/LowCmd_.idl
[1.432s] -- Up-to-date symlink: /external/install/unitree_go/share/unitree_go/msg/dds_connext/LowState_.idl
[1.432s] -- Up-to-date symlink: /external/install/unitree_go/share/unitree_go/msg/dds_connext/MotorCmd_.idl
[1.432s] -- Up-to-date symlink: /external/install/unitree_go/share/unitree_go/msg/dds_connext/MotorCmds_.idl
[1.432s] -- Up-to-date symlink: /external/install/unitree_go/share/unitree_go/msg/dds_connext/MotorState_.idl
[1.432s] -- Up-to-date symlink: /external/install/unitree_go/share/unitree_go/msg/dds_connext/MotorStates_.idl
[1.432s] -- Up-to-date symlink: /external/install/unitree_go/share/unitree_go/msg/dds_connext/PathPoint_.idl
[1.432s] -- Up-to-date symlink: /external/install/unitree_go/share/unitree_go/msg/dds_connext/Req_.idl
[1.432s] -- Up-to-date symlink: /external/install/unitree_go/share/unitree_go/msg/dds_connext/Res_.idl
[1.433s] -- Up-to-date symlink: /external/install/unitree_go/share/unitree_go/msg/dds_connext/SportModeCmd_.idl
[1.433s] -- Up-to-date symlink: /external/install/unitree_go/share/unitree_go/msg/dds_connext/SportModeState_.idl
[1.433s] -- Up-to-date symlink: /external/install/unitree_go/share/unitree_go/msg/dds_connext/TimeSpec_.idl
[1.433s] -- Up-to-date symlink: /external/install/unitree_go/share/unitree_go/msg/dds_connext/UwbState_.idl
[1.433s] -- Up-to-date symlink: /external/install/unitree_go/share/unitree_go/msg/dds_connext/UwbSwitch_.idl
[1.433s] -- Up-to-date symlink: /external/install/unitree_go/share/unitree_go/msg/dds_connext/WirelessController_.idl
[1.433s] -- Up-to-date symlink: /external/install/unitree_go/share/ament_index/resource_index/package_run_dependencies/unitree_go
[1.433s] -- Up-to-date symlink: /external/install/unitree_go/share/ament_index/resource_index/parent_prefix_path/unitree_go
[1.433s] -- Up-to-date symlink: /external/install/unitree_go/share/unitree_go/environment/ament_prefix_path.sh
[1.433s] -- Up-to-date symlink: /external/install/unitree_go/share/unitree_go/environment/ament_prefix_path.dsv
[1.433s] -- Up-to-date symlink: /external/install/unitree_go/share/unitree_go/environment/path.sh
[1.434s] -- Up-to-date symlink: /external/install/unitree_go/share/unitree_go/environment/path.dsv
[1.434s] -- Up-to-date symlink: /external/install/unitree_go/share/unitree_go/local_setup.bash
[1.434s] -- Up-to-date symlink: /external/install/unitree_go/share/unitree_go/local_setup.sh
[1.434s] -- Up-to-date symlink: /external/install/unitree_go/share/unitree_go/local_setup.zsh
[1.434s] -- Up-to-date symlink: /external/install/unitree_go/share/unitree_go/local_setup.dsv
[1.434s] -- Symlinking: /external/install/unitree_go/share/unitree_go/package.dsv
[1.435s] -- Up-to-date symlink: /external/install/unitree_go/share/ament_index/resource_index/packages/unitree_go
[1.435s] -- Up-to-date symlink: /external/install/unitree_go/share/unitree_go/cmake/rosidl_cmake-extras.cmake
[1.436s] -- Up-to-date symlink: /external/install/unitree_go/share/unitree_go/cmake/ament_cmake_export_dependencies-extras.cmake
[1.436s] -- Up-to-date symlink: /external/install/unitree_go/share/unitree_go/cmake/ament_cmake_export_include_directories-extras.cmake
[1.436s] -- Up-to-date symlink: /external/install/unitree_go/share/unitree_go/cmake/ament_cmake_export_libraries-extras.cmake
[1.436s] -- Up-to-date symlink: /external/install/unitree_go/share/unitree_go/cmake/ament_cmake_export_targets-extras.cmake
[1.436s] -- Up-to-date symlink: /external/install/unitree_go/share/unitree_go/cmake/rosidl_cmake_export_typesupport_targets-extras.cmake
[1.436s] -- Up-to-date symlink: /external/install/unitree_go/share/unitree_go/cmake/rosidl_cmake_export_typesupport_libraries-extras.cmake
[1.436s] -- Up-to-date symlink: /external/install/unitree_go/share/unitree_go/cmake/unitree_goConfig.cmake
[1.436s] -- Up-to-date symlink: /external/install/unitree_go/share/unitree_go/cmake/unitree_goConfig-version.cmake
[1.436s] -- Up-to-date symlink: /external/install/unitree_go/share/unitree_go/package.xml
[1.436s] -- Up-to-date: /external/install/unitree_go/lib/libunitree_go__rosidl_generator_c.so
[1.437s] -- Up-to-date: /external/install/unitree_go/lib/libunitree_go__rosidl_typesupport_fastrtps_c.so
[1.437s] -- Up-to-date: /external/install/unitree_go/lib/libunitree_go__rosidl_typesupport_fastrtps_cpp.so
[1.437s] -- Up-to-date: /external/install/unitree_go/lib/libunitree_go__rosidl_typesupport_introspection_c.so
[1.437s] -- Up-to-date: /external/install/unitree_go/lib/libunitree_go__rosidl_typesupport_c.so
[1.437s] -- Up-to-date: /external/install/unitree_go/lib/libunitree_go__rosidl_typesupport_introspection_cpp.so
[1.437s] -- Up-to-date: /external/install/unitree_go/lib/libunitree_go__rosidl_typesupport_cpp.so
[1.487s] Listing '/external/install/unitree_go/local/lib/python3.10/dist-packages/unitree_go'...
[1.487s] Listing '/external/install/unitree_go/local/lib/python3.10/dist-packages/unitree_go/msg'...
[1.497s] -- Up-to-date: /external/install/unitree_go/lib/libunitree_go__rosidl_generator_py.so
[1.497s] -- Up-to-date: /external/install/unitree_go/share/unitree_go/cmake/export_unitree_go__rosidl_generator_cExport.cmake
[1.497s] -- Up-to-date: /external/install/unitree_go/share/unitree_go/cmake/export_unitree_go__rosidl_generator_cExport-noconfig.cmake
[1.497s] -- Up-to-date: /external/install/unitree_go/share/unitree_go/cmake/export_unitree_go__rosidl_typesupport_fastrtps_cExport.cmake
[1.497s] -- Up-to-date: /external/install/unitree_go/share/unitree_go/cmake/export_unitree_go__rosidl_typesupport_fastrtps_cExport-noconfig.cmake
[1.497s] -- Up-to-date: /external/install/unitree_go/share/unitree_go/cmake/export_unitree_go__rosidl_generator_cppExport.cmake
[1.497s] -- Up-to-date: /external/install/unitree_go/share/unitree_go/cmake/export_unitree_go__rosidl_typesupport_fastrtps_cppExport.cmake
[1.498s] -- Up-to-date: /external/install/unitree_go/share/unitree_go/cmake/export_unitree_go__rosidl_typesupport_fastrtps_cppExport-noconfig.cmake
[1.498s] -- Up-to-date: /external/install/unitree_go/share/unitree_go/cmake/unitree_go__rosidl_typesupport_introspection_cExport.cmake
[1.498s] -- Up-to-date: /external/install/unitree_go/share/unitree_go/cmake/unitree_go__rosidl_typesupport_introspection_cExport-noconfig.cmake
[1.498s] -- Up-to-date: /external/install/unitree_go/share/unitree_go/cmake/unitree_go__rosidl_typesupport_cExport.cmake
[1.498s] -- Up-to-date: /external/install/unitree_go/share/unitree_go/cmake/unitree_go__rosidl_typesupport_cExport-noconfig.cmake
[1.498s] -- Up-to-date: /external/install/unitree_go/share/unitree_go/cmake/unitree_go__rosidl_typesupport_introspection_cppExport.cmake
[1.498s] -- Up-to-date: /external/install/unitree_go/share/unitree_go/cmake/unitree_go__rosidl_typesupport_introspection_cppExport-noconfig.cmake
[1.499s] -- Up-to-date: /external/install/unitree_go/share/unitree_go/cmake/unitree_go__rosidl_typesupport_cppExport.cmake
[1.499s] -- Up-to-date: /external/install/unitree_go/share/unitree_go/cmake/unitree_go__rosidl_typesupport_cppExport-noconfig.cmake
[1.499s] -- Up-to-date: /external/install/unitree_go/share/unitree_go/cmake/export_unitree_go__rosidl_generator_pyExport.cmake
[1.499s] -- Up-to-date: /external/install/unitree_go/share/unitree_go/cmake/export_unitree_go__rosidl_generator_pyExport-noconfig.cmake
[1.505s] Invoked command in '/external/build/unitree_go' returned '0': CMAKE_PREFIX_PATH=/opt/ros/humble /usr/bin/cmake --install /external/build/unitree_go
