[0.051s] Invoking command in '/external/build/direct_lidar_inertial_odometry': CMAKE_PREFIX_PATH=/opt/ros/humble /usr/bin/cmake --build /external/build/direct_lidar_inertial_odometry -- -j8 -l8
[0.099s] -- Found rosidl_default_generators: 1.2.0 (/opt/ros/humble/share/rosidl_default_generators/cmake)
[0.099s] -- Found ament_cmake_core: 1.3.11 (/opt/ros/humble/share/ament_cmake_core/cmake)
[0.356s] -- Override CMake install command with custom implementation using symlinks instead of copying resources
[0.362s] -- Using all available rosidl_typesupport_c: rosidl_typesupport_fastrtps_c;rosidl_typesupport_introspection_c
[0.368s] -- Found rosidl_adapter: 3.1.6 (/opt/ros/humble/share/rosidl_adapter/cmake)
[0.438s] -- Using all available rosidl_typesupport_cpp: rosidl_typesupport_fastrtps_cpp;rosidl_typesupport_introspection_cpp
[0.482s] -- Found rclcpp: 16.0.12 (/opt/ros/humble/share/rclcpp/cmake)
[0.547s] -- Found rmw_implementation_cmake: 6.1.2 (/opt/ros/humble/share/rmw_implementation_cmake/cmake)
[0.550s] -- Found rmw_fastrtps_cpp: 6.2.7 (/opt/ros/humble/share/rmw_fastrtps_cpp/cmake)
[0.765s] -- Using RMW implementation 'rmw_fastrtps_cpp' as default
[0.856s] -- Found sensor_msgs: 4.8.0 (/opt/ros/humble/share/sensor_msgs/cmake)
[0.905s] -- Found nav_msgs: 4.8.0 (/opt/ros/humble/share/nav_msgs/cmake)
[0.936s] -- Found pcl_ros: 2.4.5 (/opt/ros/humble/share/pcl_ros/cmake)
[0.997s] -- Eigen found (include: /usr/include/eigen3, version: 3.4.0)
[1.054s] -- FLANN found (include: /usr/include, lib: /usr/lib/aarch64-linux-gnu/libflann_cpp.so)
[1.639s] -- OpenNI found (version: 1.5.4.0, include: /usr/include/ni, lib: /usr/lib/libOpenNI.so;libusb::libusb)
[1.651s] -- OpenNI2 found (version: 2.2.0.33, include: /usr/include/openni2, lib: /usr/lib/aarch64-linux-gnu/libOpenNI2.so;libusb::libusb)
[1.893s] -- Eigen found (include: /usr/include/eigen3, version: 3.4.0)
[1.905s] -- OpenNI found (version: 1.5.4.0, include: /usr/include/ni, lib: /usr/lib/libOpenNI.so;libusb::libusb)
[1.917s] -- OpenNI2 found (version: 2.2.0.33, include: /usr/include/openni2, lib: /usr/lib/aarch64-linux-gnu/libOpenNI2.so;libusb::libusb)
[2.145s] -- Found Qhull version 8.0.2
[2.384s] -- OpenNI found (version: 1.5.4.0, include: /usr/include/ni, lib: /usr/lib/libOpenNI.so;libusb::libusb)
[2.747s] -- Found eigen3_cmake_module: 0.1.1 (/opt/ros/humble/share/eigen3_cmake_module/cmake)
[2.750s] -- Ensuring Eigen3 include directory is part of orocos-kdl CMake target
[3.428s] -- Found ament_cmake_ros: 0.10.0 (/opt/ros/humble/share/ament_cmake_ros/cmake)
[3.784s] -- Using all available rosidl_typesupport_c: rosidl_typesupport_fastrtps_c;rosidl_typesupport_introspection_c
[4.231s] -- Using all available rosidl_typesupport_cpp: rosidl_typesupport_fastrtps_cpp;rosidl_typesupport_introspection_cpp
[4.270s] -- Found python_cmake_module: 0.10.0 (/opt/ros/humble/share/python_cmake_module/cmake)
[4.310s] -- Using PYTHON_EXECUTABLE: /usr/bin/python3
[4.310s] -- Using PYTHON_INCLUDE_DIRS: /usr/include/python3.10
[4.310s] -- Using PYTHON_LIBRARIES: /usr/lib/aarch64-linux-gnu/libpython3.10.so
[4.456s] -- Configuring done
[4.705s] -- Generating done
[4.797s] -- Build files have been written to: /external/build/direct_lidar_inertial_odometry
[4.885s] [35m[1mConsolidate compiler generated dependencies of target nanoflann[0m
[4.888s] [35m[1mConsolidate compiler generated dependencies of target direct_lidar_inertial_odometry__rosidl_generator_c[0m
[4.912s] [  2%] Built target direct_lidar_inertial_odometry__cpp
[4.929s] [  9%] Built target direct_lidar_inertial_odometry__rosidl_generator_c
[4.930s] [  9%] Built target ament_cmake_python_symlink_direct_lidar_inertial_odometry
[4.931s] [35m[1mConsolidate compiler generated dependencies of target direct_lidar_inertial_odometry__rosidl_typesupport_cpp[0m
[4.934s] [35m[1mConsolidate compiler generated dependencies of target direct_lidar_inertial_odometry__rosidl_typesupport_fastrtps_cpp[0m
[4.945s] [ 11%] [32mBuilding CXX object CMakeFiles/nanoflann.dir/src/nano_gicp/nanoflann.cc.o[0m
[4.946s] [35m[1mConsolidate compiler generated dependencies of target direct_lidar_inertial_odometry__rosidl_typesupport_introspection_cpp[0m
[4.960s] [35m[1mConsolidate compiler generated dependencies of target direct_lidar_inertial_odometry__rosidl_typesupport_fastrtps_c[0m
[4.970s] [ 19%] Built target direct_lidar_inertial_odometry__rosidl_typesupport_cpp
[4.984s] [35m[1mConsolidate compiler generated dependencies of target direct_lidar_inertial_odometry__rosidl_typesupport_introspection_c[0m
[4.987s] [ 26%] Built target direct_lidar_inertial_odometry__rosidl_typesupport_fastrtps_cpp
[4.991s] [ 33%] Built target direct_lidar_inertial_odometry__rosidl_typesupport_introspection_cpp
[5.016s] [ 40%] Built target direct_lidar_inertial_odometry__rosidl_typesupport_introspection_c
[5.031s] [ 47%] Built target direct_lidar_inertial_odometry__rosidl_typesupport_fastrtps_c
[5.032s] [35m[1mConsolidate compiler generated dependencies of target direct_lidar_inertial_odometry__rosidl_typesupport_c[0m
[5.033s] [35m[1mConsolidate compiler generated dependencies of target dlio_map_node[0m
[5.120s] [ 54%] Built target direct_lidar_inertial_odometry__rosidl_typesupport_c
[5.185s] [ 57%] [32mBuilding CXX object CMakeFiles/dlio_map_node.dir/src/dlio/map.cc.o[0m
[5.197s] [ 59%] [32mBuilding CXX object CMakeFiles/dlio_map_node.dir/src/dlio/map_node.cc.o[0m
[5.271s] [ 59%] Built target direct_lidar_inertial_odometry
[5.401s] [ 61%] Built target direct_lidar_inertial_odometry__py
[5.517s] [35m[1mConsolidate compiler generated dependencies of target direct_lidar_inertial_odometry__rosidl_generator_py[0m
[5.609s] [ 66%] Built target direct_lidar_inertial_odometry__rosidl_generator_py
[5.697s] [35m[1mConsolidate compiler generated dependencies of target direct_lidar_inertial_odometry__rosidl_typesupport_introspection_c__pyext[0m
[5.698s] [35m[1mConsolidate compiler generated dependencies of target direct_lidar_inertial_odometry__rosidl_typesupport_c__pyext[0m
[5.700s] [35m[1mConsolidate compiler generated dependencies of target direct_lidar_inertial_odometry__rosidl_typesupport_fastrtps_c__pyext[0m
[5.795s] [ 71%] Built target direct_lidar_inertial_odometry__rosidl_typesupport_introspection_c__pyext
[5.809s] [ 76%] Built target direct_lidar_inertial_odometry__rosidl_typesupport_fastrtps_c__pyext
[5.844s] [ 80%] Built target direct_lidar_inertial_odometry__rosidl_typesupport_c__pyext
[6.094s] running egg_info
[6.096s] writing direct_lidar_inertial_odometry.egg-info/PKG-INFO
[6.096s] writing dependency_links to direct_lidar_inertial_odometry.egg-info/dependency_links.txt
[6.097s] writing top-level names to direct_lidar_inertial_odometry.egg-info/top_level.txt
[6.117s] reading manifest file 'direct_lidar_inertial_odometry.egg-info/SOURCES.txt'
[6.118s] writing manifest file 'direct_lidar_inertial_odometry.egg-info/SOURCES.txt'
[6.265s] [ 80%] Built target ament_cmake_python_build_direct_lidar_inertial_odometry_egg
[23.959s] [ 83%] [32m[1mLinking CXX static library libnanoflann.a[0m
[24.141s] [ 83%] Built target nanoflann
[24.221s] [35m[1mConsolidate compiler generated dependencies of target nano_gicp[0m
[24.339s] [ 85%] [32mBuilding CXX object CMakeFiles/nano_gicp.dir/src/nano_gicp/lsq_registration.cc.o[0m
[24.356s] [ 88%] [32mBuilding CXX object CMakeFiles/nano_gicp.dir/src/nano_gicp/nano_gicp.cc.o[0m
[64.944s] [ 90%] [32m[1mLinking CXX executable dlio_map_node[0m
[66.026s] [ 90%] Built target dlio_map_node
[67.236s] [ 92%] [32m[1mLinking CXX static library libnano_gicp.a[0m
[67.299s] [ 92%] Built target nano_gicp
[67.321s] [35m[1mConsolidate compiler generated dependencies of target dlio_odom_node[0m
[67.380s] [ 95%] [32mBuilding CXX object CMakeFiles/dlio_odom_node.dir/src/dlio/odom_node.cc.o[0m
[67.381s] [ 97%] [32mBuilding CXX object CMakeFiles/dlio_odom_node.dir/src/dlio/odom.cc.o[0m
[182.275s] [100%] [32m[1mLinking CXX executable dlio_odom_node[0m
[183.330s] [100%] Built target dlio_odom_node
[183.349s] Invoked command in '/external/build/direct_lidar_inertial_odometry' returned '0': CMAKE_PREFIX_PATH=/opt/ros/humble /usr/bin/cmake --build /external/build/direct_lidar_inertial_odometry -- -j8 -l8
[183.354s] Invoking command in '/external/build/direct_lidar_inertial_odometry': CMAKE_PREFIX_PATH=/opt/ros/humble /usr/bin/cmake --install /external/build/direct_lidar_inertial_odometry
[183.367s] -- Install configuration: "Release"
[183.368s] -- Execute custom install script
[183.369s] -- Up-to-date symlink: /external/install/direct_lidar_inertial_odometry/share/ament_index/resource_index/rosidl_interfaces/direct_lidar_inertial_odometry
[183.369s] -- Up-to-date symlink: /external/install/direct_lidar_inertial_odometry/include/direct_lidar_inertial_odometry/direct_lidar_inertial_odometry/msg/rosidl_generator_c__visibility_control.h
[183.370s] -- Up-to-date symlink: /external/install/direct_lidar_inertial_odometry/include/direct_lidar_inertial_odometry/direct_lidar_inertial_odometry/srv/detail/save_pcd__functions.h
[183.370s] -- Up-to-date symlink: /external/install/direct_lidar_inertial_odometry/include/direct_lidar_inertial_odometry/direct_lidar_inertial_odometry/srv/detail/save_pcd__struct.h
[183.370s] -- Up-to-date symlink: /external/install/direct_lidar_inertial_odometry/include/direct_lidar_inertial_odometry/direct_lidar_inertial_odometry/srv/detail/save_pcd__type_support.h
[183.371s] -- Up-to-date symlink: /external/install/direct_lidar_inertial_odometry/include/direct_lidar_inertial_odometry/direct_lidar_inertial_odometry/srv/save_pcd.h
[183.371s] -- Up-to-date symlink: /external/install/direct_lidar_inertial_odometry/share/direct_lidar_inertial_odometry/environment/library_path.sh
[183.371s] -- Up-to-date symlink: /external/install/direct_lidar_inertial_odometry/share/direct_lidar_inertial_odometry/environment/library_path.dsv
[183.372s] -- Up-to-date symlink: /external/install/direct_lidar_inertial_odometry/include/direct_lidar_inertial_odometry/direct_lidar_inertial_odometry/msg/rosidl_typesupport_fastrtps_c__visibility_control.h
[183.372s] -- Up-to-date symlink: /external/install/direct_lidar_inertial_odometry/include/direct_lidar_inertial_odometry/direct_lidar_inertial_odometry/srv/detail/save_pcd__rosidl_typesupport_fastrtps_c.h
[183.372s] -- Up-to-date symlink: /external/install/direct_lidar_inertial_odometry/include/direct_lidar_inertial_odometry/direct_lidar_inertial_odometry/msg/rosidl_typesupport_introspection_c__visibility_control.h
[183.373s] -- Up-to-date symlink: /external/install/direct_lidar_inertial_odometry/include/direct_lidar_inertial_odometry/direct_lidar_inertial_odometry/srv/detail/save_pcd__rosidl_typesupport_introspection_c.h
[183.373s] -- Up-to-date symlink: /external/install/direct_lidar_inertial_odometry/include/direct_lidar_inertial_odometry/direct_lidar_inertial_odometry/msg/rosidl_generator_cpp__visibility_control.hpp
[183.373s] -- Up-to-date symlink: /external/install/direct_lidar_inertial_odometry/include/direct_lidar_inertial_odometry/direct_lidar_inertial_odometry/srv/detail/save_pcd__builder.hpp
[183.373s] -- Up-to-date symlink: /external/install/direct_lidar_inertial_odometry/include/direct_lidar_inertial_odometry/direct_lidar_inertial_odometry/srv/detail/save_pcd__struct.hpp
[183.374s] -- Up-to-date symlink: /external/install/direct_lidar_inertial_odometry/include/direct_lidar_inertial_odometry/direct_lidar_inertial_odometry/srv/detail/save_pcd__traits.hpp
[183.374s] -- Up-to-date symlink: /external/install/direct_lidar_inertial_odometry/include/direct_lidar_inertial_odometry/direct_lidar_inertial_odometry/srv/detail/save_pcd__type_support.hpp
[183.374s] -- Up-to-date symlink: /external/install/direct_lidar_inertial_odometry/include/direct_lidar_inertial_odometry/direct_lidar_inertial_odometry/srv/save_pcd.hpp
[183.375s] -- Up-to-date symlink: /external/install/direct_lidar_inertial_odometry/include/direct_lidar_inertial_odometry/direct_lidar_inertial_odometry/msg/rosidl_typesupport_fastrtps_cpp__visibility_control.h
[183.375s] -- Up-to-date symlink: /external/install/direct_lidar_inertial_odometry/include/direct_lidar_inertial_odometry/direct_lidar_inertial_odometry/srv/detail/save_pcd__rosidl_typesupport_fastrtps_cpp.hpp
[183.375s] -- Up-to-date symlink: /external/install/direct_lidar_inertial_odometry/include/direct_lidar_inertial_odometry/direct_lidar_inertial_odometry/srv/detail/save_pcd__rosidl_typesupport_introspection_cpp.hpp
[183.376s] -- Up-to-date symlink: /external/install/direct_lidar_inertial_odometry/share/direct_lidar_inertial_odometry/environment/pythonpath.sh
[183.376s] -- Up-to-date symlink: /external/install/direct_lidar_inertial_odometry/share/direct_lidar_inertial_odometry/environment/pythonpath.dsv
[183.376s] -- Up-to-date symlink: /external/install/direct_lidar_inertial_odometry/local/lib/python3.10/dist-packages/direct_lidar_inertial_odometry-1.1.1-py3.10.egg-info/PKG-INFO
[183.377s] -- Up-to-date symlink: /external/install/direct_lidar_inertial_odometry/local/lib/python3.10/dist-packages/direct_lidar_inertial_odometry-1.1.1-py3.10.egg-info/SOURCES.txt
[183.377s] -- Up-to-date symlink: /external/install/direct_lidar_inertial_odometry/local/lib/python3.10/dist-packages/direct_lidar_inertial_odometry-1.1.1-py3.10.egg-info/dependency_links.txt
[183.378s] -- Up-to-date symlink: /external/install/direct_lidar_inertial_odometry/local/lib/python3.10/dist-packages/direct_lidar_inertial_odometry-1.1.1-py3.10.egg-info/top_level.txt
[183.378s] -- Up-to-date symlink: /external/install/direct_lidar_inertial_odometry/local/lib/python3.10/dist-packages/direct_lidar_inertial_odometry/__init__.py
[183.378s] -- Up-to-date symlink: /external/install/direct_lidar_inertial_odometry/local/lib/python3.10/dist-packages/direct_lidar_inertial_odometry/_direct_lidar_inertial_odometry_s.ep.rosidl_typesupport_c.c
[183.378s] -- Up-to-date symlink: /external/install/direct_lidar_inertial_odometry/local/lib/python3.10/dist-packages/direct_lidar_inertial_odometry/_direct_lidar_inertial_odometry_s.ep.rosidl_typesupport_fastrtps_c.c
[183.379s] -- Up-to-date symlink: /external/install/direct_lidar_inertial_odometry/local/lib/python3.10/dist-packages/direct_lidar_inertial_odometry/_direct_lidar_inertial_odometry_s.ep.rosidl_typesupport_introspection_c.c
[183.379s] -- Up-to-date symlink: /external/install/direct_lidar_inertial_odometry/local/lib/python3.10/dist-packages/direct_lidar_inertial_odometry/direct_lidar_inertial_odometry_s__rosidl_typesupport_c.cpython-310-aarch64-linux-gnu.so
[183.379s] -- Up-to-date symlink: /external/install/direct_lidar_inertial_odometry/local/lib/python3.10/dist-packages/direct_lidar_inertial_odometry/direct_lidar_inertial_odometry_s__rosidl_typesupport_fastrtps_c.cpython-310-aarch64-linux-gnu.so
[183.380s] -- Up-to-date symlink: /external/install/direct_lidar_inertial_odometry/local/lib/python3.10/dist-packages/direct_lidar_inertial_odometry/direct_lidar_inertial_odometry_s__rosidl_typesupport_introspection_c.cpython-310-aarch64-linux-gnu.so
[183.380s] -- Up-to-date symlink: /external/install/direct_lidar_inertial_odometry/local/lib/python3.10/dist-packages/direct_lidar_inertial_odometry/libdirect_lidar_inertial_odometry__rosidl_generator_py.so
[183.380s] -- Up-to-date symlink: /external/install/direct_lidar_inertial_odometry/local/lib/python3.10/dist-packages/direct_lidar_inertial_odometry/srv/__init__.py
[183.381s] -- Up-to-date symlink: /external/install/direct_lidar_inertial_odometry/local/lib/python3.10/dist-packages/direct_lidar_inertial_odometry/srv/_save_pcd.py
[183.381s] -- Up-to-date symlink: /external/install/direct_lidar_inertial_odometry/local/lib/python3.10/dist-packages/direct_lidar_inertial_odometry/srv/_save_pcd_s.c
[183.381s] -- Up-to-date symlink: /external/install/direct_lidar_inertial_odometry/local/lib/python3.10/dist-packages/direct_lidar_inertial_odometry/direct_lidar_inertial_odometry_s__rosidl_typesupport_fastrtps_c.cpython-310-aarch64-linux-gnu.so
[183.381s] -- Up-to-date symlink: /external/install/direct_lidar_inertial_odometry/local/lib/python3.10/dist-packages/direct_lidar_inertial_odometry/direct_lidar_inertial_odometry_s__rosidl_typesupport_introspection_c.cpython-310-aarch64-linux-gnu.so
[183.382s] -- Up-to-date symlink: /external/install/direct_lidar_inertial_odometry/local/lib/python3.10/dist-packages/direct_lidar_inertial_odometry/direct_lidar_inertial_odometry_s__rosidl_typesupport_c.cpython-310-aarch64-linux-gnu.so
[183.382s] -- Up-to-date symlink: /external/install/direct_lidar_inertial_odometry/share/direct_lidar_inertial_odometry/srv/SavePCD.idl
[183.382s] -- Up-to-date symlink: /external/install/direct_lidar_inertial_odometry/share/direct_lidar_inertial_odometry/srv/SavePCD.srv
[183.382s] -- Up-to-date symlink: /external/install/direct_lidar_inertial_odometry/share/direct_lidar_inertial_odometry/srv/SavePCD_Request.msg
[183.382s] -- Up-to-date symlink: /external/install/direct_lidar_inertial_odometry/share/direct_lidar_inertial_odometry/srv/SavePCD_Response.msg
[183.383s] -- Up-to-date symlink: /external/install/direct_lidar_inertial_odometry/share/ament_index/resource_index/package_run_dependencies/direct_lidar_inertial_odometry
[183.383s] -- Up-to-date symlink: /external/install/direct_lidar_inertial_odometry/share/ament_index/resource_index/parent_prefix_path/direct_lidar_inertial_odometry
[183.383s] -- Up-to-date symlink: /external/install/direct_lidar_inertial_odometry/share/direct_lidar_inertial_odometry/environment/ament_prefix_path.sh
[183.383s] -- Up-to-date symlink: /external/install/direct_lidar_inertial_odometry/share/direct_lidar_inertial_odometry/environment/ament_prefix_path.dsv
[183.383s] -- Up-to-date symlink: /external/install/direct_lidar_inertial_odometry/share/direct_lidar_inertial_odometry/environment/path.sh
[183.384s] -- Up-to-date symlink: /external/install/direct_lidar_inertial_odometry/share/direct_lidar_inertial_odometry/environment/path.dsv
[183.384s] -- Up-to-date symlink: /external/install/direct_lidar_inertial_odometry/share/direct_lidar_inertial_odometry/local_setup.bash
[183.384s] -- Up-to-date symlink: /external/install/direct_lidar_inertial_odometry/share/direct_lidar_inertial_odometry/local_setup.sh
[183.384s] -- Up-to-date symlink: /external/install/direct_lidar_inertial_odometry/share/direct_lidar_inertial_odometry/local_setup.zsh
[183.385s] -- Up-to-date symlink: /external/install/direct_lidar_inertial_odometry/share/direct_lidar_inertial_odometry/local_setup.dsv
[183.385s] -- Symlinking: /external/install/direct_lidar_inertial_odometry/share/direct_lidar_inertial_odometry/package.dsv
[183.394s] -- Up-to-date symlink: /external/install/direct_lidar_inertial_odometry/share/ament_index/resource_index/packages/direct_lidar_inertial_odometry
[183.395s] -- Up-to-date symlink: /external/install/direct_lidar_inertial_odometry/share/direct_lidar_inertial_odometry/cmake/rosidl_cmake-extras.cmake
[183.395s] -- Up-to-date symlink: /external/install/direct_lidar_inertial_odometry/share/direct_lidar_inertial_odometry/cmake/ament_cmake_export_include_directories-extras.cmake
[183.395s] -- Up-to-date symlink: /external/install/direct_lidar_inertial_odometry/share/direct_lidar_inertial_odometry/cmake/ament_cmake_export_libraries-extras.cmake
[183.396s] -- Up-to-date symlink: /external/install/direct_lidar_inertial_odometry/share/direct_lidar_inertial_odometry/cmake/ament_cmake_export_targets-extras.cmake
[183.396s] -- Up-to-date symlink: /external/install/direct_lidar_inertial_odometry/share/direct_lidar_inertial_odometry/cmake/rosidl_cmake_export_typesupport_targets-extras.cmake
[183.396s] -- Up-to-date symlink: /external/install/direct_lidar_inertial_odometry/share/direct_lidar_inertial_odometry/cmake/ament_cmake_export_dependencies-extras.cmake
[183.397s] -- Up-to-date symlink: /external/install/direct_lidar_inertial_odometry/share/direct_lidar_inertial_odometry/cmake/rosidl_cmake_export_typesupport_libraries-extras.cmake
[183.397s] -- Up-to-date symlink: /external/install/direct_lidar_inertial_odometry/share/direct_lidar_inertial_odometry/cmake/direct_lidar_inertial_odometryConfig.cmake
[183.397s] -- Up-to-date symlink: /external/install/direct_lidar_inertial_odometry/share/direct_lidar_inertial_odometry/cmake/direct_lidar_inertial_odometryConfig-version.cmake
[183.397s] -- Up-to-date symlink: /external/install/direct_lidar_inertial_odometry/share/direct_lidar_inertial_odometry/package.xml
[183.398s] -- Up-to-date symlink: /external/install/direct_lidar_inertial_odometry/lib/direct_lidar_inertial_odometry/dlio_odom_node
[183.398s] -- Up-to-date symlink: /external/install/direct_lidar_inertial_odometry/lib/direct_lidar_inertial_odometry/dlio_map_node
[183.398s] -- Up-to-date symlink: /external/install/direct_lidar_inertial_odometry/share/direct_lidar_inertial_odometry/cfg/dlio.yaml
[183.398s] -- Up-to-date symlink: /external/install/direct_lidar_inertial_odometry/share/direct_lidar_inertial_odometry/cfg/params.yaml
[183.399s] -- Up-to-date symlink: /external/install/direct_lidar_inertial_odometry/share/direct_lidar_inertial_odometry/launch/dlio.launch.py
[183.399s] -- Up-to-date symlink: /external/install/direct_lidar_inertial_odometry/share/direct_lidar_inertial_odometry/launch/dlio.rviz
[183.399s] -- Up-to-date: /external/install/direct_lidar_inertial_odometry/lib/libdirect_lidar_inertial_odometry__rosidl_generator_c.so
[183.399s] -- Up-to-date: /external/install/direct_lidar_inertial_odometry/lib/libdirect_lidar_inertial_odometry__rosidl_typesupport_fastrtps_c.so
[183.400s] -- Up-to-date: /external/install/direct_lidar_inertial_odometry/lib/libdirect_lidar_inertial_odometry__rosidl_typesupport_introspection_c.so
[183.400s] -- Up-to-date: /external/install/direct_lidar_inertial_odometry/lib/libdirect_lidar_inertial_odometry__rosidl_typesupport_c.so
[183.400s] -- Up-to-date: /external/install/direct_lidar_inertial_odometry/lib/libdirect_lidar_inertial_odometry__rosidl_typesupport_fastrtps_cpp.so
[183.400s] -- Up-to-date: /external/install/direct_lidar_inertial_odometry/lib/libdirect_lidar_inertial_odometry__rosidl_typesupport_introspection_cpp.so
[183.401s] -- Up-to-date: /external/install/direct_lidar_inertial_odometry/lib/libdirect_lidar_inertial_odometry__rosidl_typesupport_cpp.so
[183.448s] Listing '/external/install/direct_lidar_inertial_odometry/local/lib/python3.10/dist-packages/direct_lidar_inertial_odometry'...
[183.449s] Compiling '/external/install/direct_lidar_inertial_odometry/local/lib/python3.10/dist-packages/direct_lidar_inertial_odometry/__init__.py'...
[183.449s] Listing '/external/install/direct_lidar_inertial_odometry/local/lib/python3.10/dist-packages/direct_lidar_inertial_odometry/srv'...
[183.458s] -- Up-to-date: /external/install/direct_lidar_inertial_odometry/lib/libdirect_lidar_inertial_odometry__rosidl_generator_py.so
[183.459s] -- Up-to-date: /external/install/direct_lidar_inertial_odometry/share/direct_lidar_inertial_odometry/cmake/export_direct_lidar_inertial_odometry__rosidl_generator_cExport.cmake
[183.459s] -- Up-to-date: /external/install/direct_lidar_inertial_odometry/share/direct_lidar_inertial_odometry/cmake/export_direct_lidar_inertial_odometry__rosidl_generator_cExport-release.cmake
[183.459s] -- Up-to-date: /external/install/direct_lidar_inertial_odometry/share/direct_lidar_inertial_odometry/cmake/export_direct_lidar_inertial_odometry__rosidl_typesupport_fastrtps_cExport.cmake
[183.460s] -- Up-to-date: /external/install/direct_lidar_inertial_odometry/share/direct_lidar_inertial_odometry/cmake/export_direct_lidar_inertial_odometry__rosidl_typesupport_fastrtps_cExport-release.cmake
[183.460s] -- Up-to-date: /external/install/direct_lidar_inertial_odometry/share/direct_lidar_inertial_odometry/cmake/direct_lidar_inertial_odometry__rosidl_typesupport_introspection_cExport.cmake
[183.460s] -- Up-to-date: /external/install/direct_lidar_inertial_odometry/share/direct_lidar_inertial_odometry/cmake/direct_lidar_inertial_odometry__rosidl_typesupport_introspection_cExport-release.cmake
[183.460s] -- Up-to-date: /external/install/direct_lidar_inertial_odometry/share/direct_lidar_inertial_odometry/cmake/direct_lidar_inertial_odometry__rosidl_typesupport_cExport.cmake
[183.461s] -- Up-to-date: /external/install/direct_lidar_inertial_odometry/share/direct_lidar_inertial_odometry/cmake/direct_lidar_inertial_odometry__rosidl_typesupport_cExport-release.cmake
[183.461s] -- Up-to-date: /external/install/direct_lidar_inertial_odometry/share/direct_lidar_inertial_odometry/cmake/export_direct_lidar_inertial_odometry__rosidl_generator_cppExport.cmake
[183.461s] -- Up-to-date: /external/install/direct_lidar_inertial_odometry/share/direct_lidar_inertial_odometry/cmake/export_direct_lidar_inertial_odometry__rosidl_typesupport_fastrtps_cppExport.cmake
[183.461s] -- Up-to-date: /external/install/direct_lidar_inertial_odometry/share/direct_lidar_inertial_odometry/cmake/export_direct_lidar_inertial_odometry__rosidl_typesupport_fastrtps_cppExport-release.cmake
[183.462s] -- Up-to-date: /external/install/direct_lidar_inertial_odometry/share/direct_lidar_inertial_odometry/cmake/direct_lidar_inertial_odometry__rosidl_typesupport_introspection_cppExport.cmake
[183.462s] -- Up-to-date: /external/install/direct_lidar_inertial_odometry/share/direct_lidar_inertial_odometry/cmake/direct_lidar_inertial_odometry__rosidl_typesupport_introspection_cppExport-release.cmake
[183.462s] -- Up-to-date: /external/install/direct_lidar_inertial_odometry/share/direct_lidar_inertial_odometry/cmake/direct_lidar_inertial_odometry__rosidl_typesupport_cppExport.cmake
[183.463s] -- Up-to-date: /external/install/direct_lidar_inertial_odometry/share/direct_lidar_inertial_odometry/cmake/direct_lidar_inertial_odometry__rosidl_typesupport_cppExport-release.cmake
[183.464s] -- Up-to-date: /external/install/direct_lidar_inertial_odometry/share/direct_lidar_inertial_odometry/cmake/export_direct_lidar_inertial_odometry__rosidl_generator_pyExport.cmake
[183.465s] -- Up-to-date: /external/install/direct_lidar_inertial_odometry/share/direct_lidar_inertial_odometry/cmake/export_direct_lidar_inertial_odometry__rosidl_generator_pyExport-release.cmake
[183.469s] Invoked command in '/external/build/direct_lidar_inertial_odometry' returned '0': CMAKE_PREFIX_PATH=/opt/ros/humble /usr/bin/cmake --install /external/build/direct_lidar_inertial_odometry
