[35m[1mConsolidate compiler generated dependencies of target hesai_lidar__rosidl_generator_c[0m
[  2%] Built target hesai_lidar__cpp
[35m[1mConsolidate compiler generated dependencies of target hesai_lidar__rosidl_typesupport_cpp[0m
[35m[1mConsolidate compiler generated dependencies of target hesai_lidar__rosidl_typesupport_introspection_cpp[0m
[  2%] Built target ament_cmake_python_symlink_hesai_lidar
[ 12%] Built target hesai_lidar__rosidl_generator_c
[35m[1mConsolidate compiler generated dependencies of target hesai_lidar__rosidl_typesupport_fastrtps_cpp[0m
[ 21%] Built target hesai_lidar__rosidl_typesupport_cpp
[ 24%] [34m[1mGenerating C introspection for ROS interfaces[0m
[ 34%] Built target hesai_lidar__rosidl_typesupport_introspection_cpp
[ 36%] [34m[1mGenerating C type support for eProsima Fast-RTPS[0m
[35m[1mConsolidate compiler generated dependencies of target hesai_lidar_node[0m
[ 46%] Built target hesai_lidar__rosidl_typesupport_fastrtps_cpp
[ 48%] [34m[1mGenerating C type support dispatch for ROS interfaces[0m
[ 51%] [32m[1mLinking CXX executable hesai_lidar_node[0m
[ 53%] [32mBuilding CXX object CMakeFiles/hesai_lidar__rosidl_typesupport_fastrtps_c.dir/rosidl_typesupport_fastrtps_c/hesai_lidar/msg/detail/pandar_packet__type_support_c.cpp.o[0m
[ 56%] [32mBuilding CXX object CMakeFiles/hesai_lidar__rosidl_typesupport_fastrtps_c.dir/rosidl_typesupport_fastrtps_c/hesai_lidar/msg/detail/pandar_scan__type_support_c.cpp.o[0m
[ 58%] [32mBuilding CXX object CMakeFiles/hesai_lidar__rosidl_typesupport_c.dir/rosidl_typesupport_c/hesai_lidar/msg/pandar_packet__type_support.cpp.o[0m
[ 60%] [32mBuilding CXX object CMakeFiles/hesai_lidar__rosidl_typesupport_c.dir/rosidl_typesupport_c/hesai_lidar/msg/pandar_scan__type_support.cpp.o[0m
[ 63%] [32m[1mLinking CXX shared library libhesai_lidar__rosidl_typesupport_c.so[0m
[ 65%] [32mBuilding C object CMakeFiles/hesai_lidar__rosidl_typesupport_introspection_c.dir/rosidl_typesupport_introspection_c/hesai_lidar/msg/detail/pandar_scan__type_support.c.o[0m
[ 68%] [32mBuilding C object CMakeFiles/hesai_lidar__rosidl_typesupport_introspection_c.dir/rosidl_typesupport_introspection_c/hesai_lidar/msg/detail/pandar_packet__type_support.c.o[0m
/usr/bin/ld: cannot find -lPandarGeneral: No such file or directory
/usr/bin/ld: cannot find -lPandarGeneralSDK: No such file or directory
running egg_info
writing hesai_lidar.egg-info/PKG-INFO
writing dependency_links to hesai_lidar.egg-info/dependency_links.txt
writing top-level names to hesai_lidar.egg-info/top_level.txt
reading manifest file 'hesai_lidar.egg-info/SOURCES.txt'
writing manifest file 'hesai_lidar.egg-info/SOURCES.txt'
[ 68%] Built target hesai_lidar__rosidl_typesupport_c
[ 70%] [32m[1mLinking C shared library libhesai_lidar__rosidl_typesupport_introspection_c.so[0m
[ 70%] Built target ament_cmake_python_build_hesai_lidar_egg
[ 70%] Built target hesai_lidar__rosidl_typesupport_introspection_c
[ 73%] [32m[1mLinking CXX shared library libhesai_lidar__rosidl_typesupport_fastrtps_c.so[0m
[ 73%] Built target hesai_lidar__rosidl_typesupport_fastrtps_c
[ 73%] Built target hesai_lidar
[ 75%] [34m[1mGenerating Python code for ROS interfaces[0m
collect2: error: ld returned 1 exit status
gmake[2]: *** [CMakeFiles/hesai_lidar_node.dir/build.make:373: hesai_lidar_node] Error 1
gmake[1]: *** [CMakeFiles/Makefile2:593: CMakeFiles/hesai_lidar_node.dir/all] Error 2
gmake[1]: *** Waiting for unfinished jobs....
[ 75%] Built target hesai_lidar__py
gmake: *** [Makefile:146: all] Error 2
