[0.052s] Invoking command in '/external/build/direct_lidar_inertial_odometry': CMAKE_PREFIX_PATH=/opt/ros/humble /usr/bin/cmake --build /external/build/direct_lidar_inertial_odometry -- -j8 -l8
[0.234s] [  7%] Built target direct_lidar_inertial_odometry__rosidl_generator_c
[0.241s] [  9%] Built target direct_lidar_inertial_odometry__cpp
[0.273s] [  9%] Built target ament_cmake_python_symlink_direct_lidar_inertial_odometry
[0.341s] [ 16%] Built target direct_lidar_inertial_odometry__rosidl_typesupport_introspection_c
[0.341s] [ 21%] Built target nanoflann
[0.376s] [ 28%] Built target direct_lidar_inertial_odometry__rosidl_typesupport_fastrtps_c
[0.377s] [ 35%] Built target direct_lidar_inertial_odometry__rosidl_typesupport_c
[0.381s] [ 42%] Built target direct_lidar_inertial_odometry__rosidl_typesupport_introspection_cpp
[0.383s] [ 50%] Built target direct_lidar_inertial_odometry__rosidl_typesupport_fastrtps_cpp
[0.452s] [ 57%] Built target direct_lidar_inertial_odometry__rosidl_typesupport_cpp
[0.510s] [ 64%] Built target nano_gicp
[0.592s] [ 64%] Built target direct_lidar_inertial_odometry
[0.637s] [ 71%] Built target dlio_odom_node
[0.659s] [ 78%] Built target dlio_map_node
[0.683s] [ 80%] Built target direct_lidar_inertial_odometry__py
[0.749s] [ 85%] Built target direct_lidar_inertial_odometry__rosidl_generator_py
[0.854s] [ 90%] Built target direct_lidar_inertial_odometry__rosidl_typesupport_fastrtps_c__pyext
[0.857s] [ 95%] Built target direct_lidar_inertial_odometry__rosidl_typesupport_introspection_c__pyext
[0.874s] [100%] Built target direct_lidar_inertial_odometry__rosidl_typesupport_c__pyext
[0.965s] running egg_info
[0.967s] writing direct_lidar_inertial_odometry.egg-info/PKG-INFO
[0.967s] writing dependency_links to direct_lidar_inertial_odometry.egg-info/dependency_links.txt
[0.968s] writing top-level names to direct_lidar_inertial_odometry.egg-info/top_level.txt
[0.972s] reading manifest file 'direct_lidar_inertial_odometry.egg-info/SOURCES.txt'
[0.973s] writing manifest file 'direct_lidar_inertial_odometry.egg-info/SOURCES.txt'
[1.066s] [100%] Built target ament_cmake_python_build_direct_lidar_inertial_odometry_egg
[1.094s] Invoked command in '/external/build/direct_lidar_inertial_odometry' returned '0': CMAKE_PREFIX_PATH=/opt/ros/humble /usr/bin/cmake --build /external/build/direct_lidar_inertial_odometry -- -j8 -l8
[1.098s] Invoking command in '/external/build/direct_lidar_inertial_odometry': CMAKE_PREFIX_PATH=/opt/ros/humble /usr/bin/cmake --install /external/build/direct_lidar_inertial_odometry
[1.111s] -- Install configuration: "Release"
[1.113s] -- Execute custom install script
[1.113s] -- Up-to-date symlink: /external/install/direct_lidar_inertial_odometry/share/ament_index/resource_index/rosidl_interfaces/direct_lidar_inertial_odometry
[1.113s] -- Up-to-date symlink: /external/install/direct_lidar_inertial_odometry/include/direct_lidar_inertial_odometry/direct_lidar_inertial_odometry/msg/rosidl_generator_c__visibility_control.h
[1.113s] -- Up-to-date symlink: /external/install/direct_lidar_inertial_odometry/include/direct_lidar_inertial_odometry/direct_lidar_inertial_odometry/srv/detail/save_pcd__functions.h
[1.114s] -- Up-to-date symlink: /external/install/direct_lidar_inertial_odometry/include/direct_lidar_inertial_odometry/direct_lidar_inertial_odometry/srv/detail/save_pcd__struct.h
[1.114s] -- Up-to-date symlink: /external/install/direct_lidar_inertial_odometry/include/direct_lidar_inertial_odometry/direct_lidar_inertial_odometry/srv/detail/save_pcd__type_support.h
[1.114s] -- Up-to-date symlink: /external/install/direct_lidar_inertial_odometry/include/direct_lidar_inertial_odometry/direct_lidar_inertial_odometry/srv/save_pcd.h
[1.115s] -- Up-to-date symlink: /external/install/direct_lidar_inertial_odometry/share/direct_lidar_inertial_odometry/environment/library_path.sh
[1.115s] -- Up-to-date symlink: /external/install/direct_lidar_inertial_odometry/share/direct_lidar_inertial_odometry/environment/library_path.dsv
[1.116s] -- Up-to-date symlink: /external/install/direct_lidar_inertial_odometry/include/direct_lidar_inertial_odometry/direct_lidar_inertial_odometry/msg/rosidl_typesupport_fastrtps_c__visibility_control.h
[1.116s] -- Up-to-date symlink: /external/install/direct_lidar_inertial_odometry/include/direct_lidar_inertial_odometry/direct_lidar_inertial_odometry/srv/detail/save_pcd__rosidl_typesupport_fastrtps_c.h
[1.116s] -- Up-to-date symlink: /external/install/direct_lidar_inertial_odometry/include/direct_lidar_inertial_odometry/direct_lidar_inertial_odometry/msg/rosidl_typesupport_introspection_c__visibility_control.h
[1.117s] -- Up-to-date symlink: /external/install/direct_lidar_inertial_odometry/include/direct_lidar_inertial_odometry/direct_lidar_inertial_odometry/srv/detail/save_pcd__rosidl_typesupport_introspection_c.h
[1.117s] -- Up-to-date symlink: /external/install/direct_lidar_inertial_odometry/include/direct_lidar_inertial_odometry/direct_lidar_inertial_odometry/msg/rosidl_generator_cpp__visibility_control.hpp
[1.118s] -- Up-to-date symlink: /external/install/direct_lidar_inertial_odometry/include/direct_lidar_inertial_odometry/direct_lidar_inertial_odometry/srv/detail/save_pcd__builder.hpp
[1.118s] -- Up-to-date symlink: /external/install/direct_lidar_inertial_odometry/include/direct_lidar_inertial_odometry/direct_lidar_inertial_odometry/srv/detail/save_pcd__struct.hpp
[1.118s] -- Up-to-date symlink: /external/install/direct_lidar_inertial_odometry/include/direct_lidar_inertial_odometry/direct_lidar_inertial_odometry/srv/detail/save_pcd__traits.hpp
[1.118s] -- Up-to-date symlink: /external/install/direct_lidar_inertial_odometry/include/direct_lidar_inertial_odometry/direct_lidar_inertial_odometry/srv/detail/save_pcd__type_support.hpp
[1.119s] -- Up-to-date symlink: /external/install/direct_lidar_inertial_odometry/include/direct_lidar_inertial_odometry/direct_lidar_inertial_odometry/srv/save_pcd.hpp
[1.119s] -- Up-to-date symlink: /external/install/direct_lidar_inertial_odometry/include/direct_lidar_inertial_odometry/direct_lidar_inertial_odometry/msg/rosidl_typesupport_fastrtps_cpp__visibility_control.h
[1.119s] -- Up-to-date symlink: /external/install/direct_lidar_inertial_odometry/include/direct_lidar_inertial_odometry/direct_lidar_inertial_odometry/srv/detail/save_pcd__rosidl_typesupport_fastrtps_cpp.hpp
[1.120s] -- Up-to-date symlink: /external/install/direct_lidar_inertial_odometry/include/direct_lidar_inertial_odometry/direct_lidar_inertial_odometry/srv/detail/save_pcd__rosidl_typesupport_introspection_cpp.hpp
[1.120s] -- Up-to-date symlink: /external/install/direct_lidar_inertial_odometry/share/direct_lidar_inertial_odometry/environment/pythonpath.sh
[1.121s] -- Up-to-date symlink: /external/install/direct_lidar_inertial_odometry/share/direct_lidar_inertial_odometry/environment/pythonpath.dsv
[1.121s] -- Up-to-date symlink: /external/install/direct_lidar_inertial_odometry/local/lib/python3.10/dist-packages/direct_lidar_inertial_odometry-1.1.1-py3.10.egg-info/PKG-INFO
[1.121s] -- Up-to-date symlink: /external/install/direct_lidar_inertial_odometry/local/lib/python3.10/dist-packages/direct_lidar_inertial_odometry-1.1.1-py3.10.egg-info/SOURCES.txt
[1.121s] -- Up-to-date symlink: /external/install/direct_lidar_inertial_odometry/local/lib/python3.10/dist-packages/direct_lidar_inertial_odometry-1.1.1-py3.10.egg-info/dependency_links.txt
[1.121s] -- Up-to-date symlink: /external/install/direct_lidar_inertial_odometry/local/lib/python3.10/dist-packages/direct_lidar_inertial_odometry-1.1.1-py3.10.egg-info/top_level.txt
[1.124s] -- Up-to-date symlink: /external/install/direct_lidar_inertial_odometry/local/lib/python3.10/dist-packages/direct_lidar_inertial_odometry/__init__.py
[1.125s] -- Up-to-date symlink: /external/install/direct_lidar_inertial_odometry/local/lib/python3.10/dist-packages/direct_lidar_inertial_odometry/_direct_lidar_inertial_odometry_s.ep.rosidl_typesupport_c.c
[1.125s] -- Up-to-date symlink: /external/install/direct_lidar_inertial_odometry/local/lib/python3.10/dist-packages/direct_lidar_inertial_odometry/_direct_lidar_inertial_odometry_s.ep.rosidl_typesupport_fastrtps_c.c
[1.125s] -- Up-to-date symlink: /external/install/direct_lidar_inertial_odometry/local/lib/python3.10/dist-packages/direct_lidar_inertial_odometry/_direct_lidar_inertial_odometry_s.ep.rosidl_typesupport_introspection_c.c
[1.126s] -- Up-to-date symlink: /external/install/direct_lidar_inertial_odometry/local/lib/python3.10/dist-packages/direct_lidar_inertial_odometry/direct_lidar_inertial_odometry_s__rosidl_typesupport_c.cpython-310-aarch64-linux-gnu.so
[1.126s] -- Up-to-date symlink: /external/install/direct_lidar_inertial_odometry/local/lib/python3.10/dist-packages/direct_lidar_inertial_odometry/direct_lidar_inertial_odometry_s__rosidl_typesupport_fastrtps_c.cpython-310-aarch64-linux-gnu.so
[1.126s] -- Up-to-date symlink: /external/install/direct_lidar_inertial_odometry/local/lib/python3.10/dist-packages/direct_lidar_inertial_odometry/direct_lidar_inertial_odometry_s__rosidl_typesupport_introspection_c.cpython-310-aarch64-linux-gnu.so
[1.132s] -- Up-to-date symlink: /external/install/direct_lidar_inertial_odometry/local/lib/python3.10/dist-packages/direct_lidar_inertial_odometry/libdirect_lidar_inertial_odometry__rosidl_generator_py.so
[1.134s] -- Up-to-date symlink: /external/install/direct_lidar_inertial_odometry/local/lib/python3.10/dist-packages/direct_lidar_inertial_odometry/srv/__init__.py
[1.134s] -- Up-to-date symlink: /external/install/direct_lidar_inertial_odometry/local/lib/python3.10/dist-packages/direct_lidar_inertial_odometry/srv/_save_pcd.py
[1.134s] -- Up-to-date symlink: /external/install/direct_lidar_inertial_odometry/local/lib/python3.10/dist-packages/direct_lidar_inertial_odometry/srv/_save_pcd_s.c
[1.134s] -- Up-to-date symlink: /external/install/direct_lidar_inertial_odometry/local/lib/python3.10/dist-packages/direct_lidar_inertial_odometry/direct_lidar_inertial_odometry_s__rosidl_typesupport_fastrtps_c.cpython-310-aarch64-linux-gnu.so
[1.134s] -- Up-to-date symlink: /external/install/direct_lidar_inertial_odometry/local/lib/python3.10/dist-packages/direct_lidar_inertial_odometry/direct_lidar_inertial_odometry_s__rosidl_typesupport_introspection_c.cpython-310-aarch64-linux-gnu.so
[1.135s] -- Up-to-date symlink: /external/install/direct_lidar_inertial_odometry/local/lib/python3.10/dist-packages/direct_lidar_inertial_odometry/direct_lidar_inertial_odometry_s__rosidl_typesupport_c.cpython-310-aarch64-linux-gnu.so
[1.135s] -- Up-to-date symlink: /external/install/direct_lidar_inertial_odometry/share/direct_lidar_inertial_odometry/srv/SavePCD.idl
[1.136s] -- Up-to-date symlink: /external/install/direct_lidar_inertial_odometry/share/direct_lidar_inertial_odometry/srv/SavePCD.srv
[1.136s] -- Up-to-date symlink: /external/install/direct_lidar_inertial_odometry/share/direct_lidar_inertial_odometry/srv/SavePCD_Request.msg
[1.137s] -- Up-to-date symlink: /external/install/direct_lidar_inertial_odometry/share/direct_lidar_inertial_odometry/srv/SavePCD_Response.msg
[1.139s] -- Up-to-date symlink: /external/install/direct_lidar_inertial_odometry/share/ament_index/resource_index/package_run_dependencies/direct_lidar_inertial_odometry
[1.139s] -- Up-to-date symlink: /external/install/direct_lidar_inertial_odometry/share/ament_index/resource_index/parent_prefix_path/direct_lidar_inertial_odometry
[1.139s] -- Up-to-date symlink: /external/install/direct_lidar_inertial_odometry/share/direct_lidar_inertial_odometry/environment/ament_prefix_path.sh
[1.139s] -- Up-to-date symlink: /external/install/direct_lidar_inertial_odometry/share/direct_lidar_inertial_odometry/environment/ament_prefix_path.dsv
[1.139s] -- Up-to-date symlink: /external/install/direct_lidar_inertial_odometry/share/direct_lidar_inertial_odometry/environment/path.sh
[1.139s] -- Up-to-date symlink: /external/install/direct_lidar_inertial_odometry/share/direct_lidar_inertial_odometry/environment/path.dsv
[1.139s] -- Up-to-date symlink: /external/install/direct_lidar_inertial_odometry/share/direct_lidar_inertial_odometry/local_setup.bash
[1.139s] -- Up-to-date symlink: /external/install/direct_lidar_inertial_odometry/share/direct_lidar_inertial_odometry/local_setup.sh
[1.140s] -- Up-to-date symlink: /external/install/direct_lidar_inertial_odometry/share/direct_lidar_inertial_odometry/local_setup.zsh
[1.140s] -- Up-to-date symlink: /external/install/direct_lidar_inertial_odometry/share/direct_lidar_inertial_odometry/local_setup.dsv
[1.140s] -- Symlinking: /external/install/direct_lidar_inertial_odometry/share/direct_lidar_inertial_odometry/package.dsv
[1.146s] -- Up-to-date symlink: /external/install/direct_lidar_inertial_odometry/share/ament_index/resource_index/packages/direct_lidar_inertial_odometry
[1.147s] -- Up-to-date symlink: /external/install/direct_lidar_inertial_odometry/share/direct_lidar_inertial_odometry/cmake/rosidl_cmake-extras.cmake
[1.147s] -- Up-to-date symlink: /external/install/direct_lidar_inertial_odometry/share/direct_lidar_inertial_odometry/cmake/ament_cmake_export_include_directories-extras.cmake
[1.147s] -- Up-to-date symlink: /external/install/direct_lidar_inertial_odometry/share/direct_lidar_inertial_odometry/cmake/ament_cmake_export_libraries-extras.cmake
[1.147s] -- Up-to-date symlink: /external/install/direct_lidar_inertial_odometry/share/direct_lidar_inertial_odometry/cmake/ament_cmake_export_targets-extras.cmake
[1.147s] -- Up-to-date symlink: /external/install/direct_lidar_inertial_odometry/share/direct_lidar_inertial_odometry/cmake/rosidl_cmake_export_typesupport_targets-extras.cmake
[1.147s] -- Up-to-date symlink: /external/install/direct_lidar_inertial_odometry/share/direct_lidar_inertial_odometry/cmake/ament_cmake_export_dependencies-extras.cmake
[1.148s] -- Up-to-date symlink: /external/install/direct_lidar_inertial_odometry/share/direct_lidar_inertial_odometry/cmake/rosidl_cmake_export_typesupport_libraries-extras.cmake
[1.148s] -- Up-to-date symlink: /external/install/direct_lidar_inertial_odometry/share/direct_lidar_inertial_odometry/cmake/direct_lidar_inertial_odometryConfig.cmake
[1.153s] -- Up-to-date symlink: /external/install/direct_lidar_inertial_odometry/share/direct_lidar_inertial_odometry/cmake/direct_lidar_inertial_odometryConfig-version.cmake
[1.153s] -- Up-to-date symlink: /external/install/direct_lidar_inertial_odometry/share/direct_lidar_inertial_odometry/package.xml
[1.154s] -- Up-to-date symlink: /external/install/direct_lidar_inertial_odometry/lib/direct_lidar_inertial_odometry/dlio_odom_node
[1.154s] -- Up-to-date symlink: /external/install/direct_lidar_inertial_odometry/lib/direct_lidar_inertial_odometry/dlio_map_node
[1.154s] -- Up-to-date symlink: /external/install/direct_lidar_inertial_odometry/share/direct_lidar_inertial_odometry/cfg/dlio.yaml
[1.154s] -- Up-to-date symlink: /external/install/direct_lidar_inertial_odometry/share/direct_lidar_inertial_odometry/cfg/params.yaml
[1.154s] -- Up-to-date symlink: /external/install/direct_lidar_inertial_odometry/share/direct_lidar_inertial_odometry/launch/dlio.launch.py
[1.154s] -- Up-to-date symlink: /external/install/direct_lidar_inertial_odometry/share/direct_lidar_inertial_odometry/launch/dlio.rviz
[1.154s] -- Up-to-date: /external/install/direct_lidar_inertial_odometry/lib/libdirect_lidar_inertial_odometry__rosidl_generator_c.so
[1.155s] -- Up-to-date: /external/install/direct_lidar_inertial_odometry/lib/libdirect_lidar_inertial_odometry__rosidl_typesupport_fastrtps_c.so
[1.155s] -- Up-to-date: /external/install/direct_lidar_inertial_odometry/lib/libdirect_lidar_inertial_odometry__rosidl_typesupport_introspection_c.so
[1.155s] -- Up-to-date: /external/install/direct_lidar_inertial_odometry/lib/libdirect_lidar_inertial_odometry__rosidl_typesupport_c.so
[1.155s] -- Up-to-date: /external/install/direct_lidar_inertial_odometry/lib/libdirect_lidar_inertial_odometry__rosidl_typesupport_fastrtps_cpp.so
[1.155s] -- Up-to-date: /external/install/direct_lidar_inertial_odometry/lib/libdirect_lidar_inertial_odometry__rosidl_typesupport_introspection_cpp.so
[1.155s] -- Up-to-date: /external/install/direct_lidar_inertial_odometry/lib/libdirect_lidar_inertial_odometry__rosidl_typesupport_cpp.so
[1.204s] Listing '/external/install/direct_lidar_inertial_odometry/local/lib/python3.10/dist-packages/direct_lidar_inertial_odometry'...
[1.204s] Listing '/external/install/direct_lidar_inertial_odometry/local/lib/python3.10/dist-packages/direct_lidar_inertial_odometry/srv'...
[1.222s] -- Up-to-date: /external/install/direct_lidar_inertial_odometry/lib/libdirect_lidar_inertial_odometry__rosidl_generator_py.so
[1.223s] -- Up-to-date: /external/install/direct_lidar_inertial_odometry/share/direct_lidar_inertial_odometry/cmake/export_direct_lidar_inertial_odometry__rosidl_generator_cExport.cmake
[1.223s] -- Up-to-date: /external/install/direct_lidar_inertial_odometry/share/direct_lidar_inertial_odometry/cmake/export_direct_lidar_inertial_odometry__rosidl_generator_cExport-release.cmake
[1.223s] -- Up-to-date: /external/install/direct_lidar_inertial_odometry/share/direct_lidar_inertial_odometry/cmake/export_direct_lidar_inertial_odometry__rosidl_typesupport_fastrtps_cExport.cmake
[1.223s] -- Up-to-date: /external/install/direct_lidar_inertial_odometry/share/direct_lidar_inertial_odometry/cmake/export_direct_lidar_inertial_odometry__rosidl_typesupport_fastrtps_cExport-release.cmake
[1.223s] -- Up-to-date: /external/install/direct_lidar_inertial_odometry/share/direct_lidar_inertial_odometry/cmake/direct_lidar_inertial_odometry__rosidl_typesupport_introspection_cExport.cmake
[1.223s] -- Up-to-date: /external/install/direct_lidar_inertial_odometry/share/direct_lidar_inertial_odometry/cmake/direct_lidar_inertial_odometry__rosidl_typesupport_introspection_cExport-release.cmake
[1.224s] -- Up-to-date: /external/install/direct_lidar_inertial_odometry/share/direct_lidar_inertial_odometry/cmake/direct_lidar_inertial_odometry__rosidl_typesupport_cExport.cmake
[1.224s] -- Up-to-date: /external/install/direct_lidar_inertial_odometry/share/direct_lidar_inertial_odometry/cmake/direct_lidar_inertial_odometry__rosidl_typesupport_cExport-release.cmake
[1.225s] -- Up-to-date: /external/install/direct_lidar_inertial_odometry/share/direct_lidar_inertial_odometry/cmake/export_direct_lidar_inertial_odometry__rosidl_generator_cppExport.cmake
[1.226s] -- Up-to-date: /external/install/direct_lidar_inertial_odometry/share/direct_lidar_inertial_odometry/cmake/export_direct_lidar_inertial_odometry__rosidl_typesupport_fastrtps_cppExport.cmake
[1.227s] -- Up-to-date: /external/install/direct_lidar_inertial_odometry/share/direct_lidar_inertial_odometry/cmake/export_direct_lidar_inertial_odometry__rosidl_typesupport_fastrtps_cppExport-release.cmake
[1.227s] -- Up-to-date: /external/install/direct_lidar_inertial_odometry/share/direct_lidar_inertial_odometry/cmake/direct_lidar_inertial_odometry__rosidl_typesupport_introspection_cppExport.cmake
[1.227s] -- Up-to-date: /external/install/direct_lidar_inertial_odometry/share/direct_lidar_inertial_odometry/cmake/direct_lidar_inertial_odometry__rosidl_typesupport_introspection_cppExport-release.cmake
[1.228s] -- Up-to-date: /external/install/direct_lidar_inertial_odometry/share/direct_lidar_inertial_odometry/cmake/direct_lidar_inertial_odometry__rosidl_typesupport_cppExport.cmake
[1.228s] -- Up-to-date: /external/install/direct_lidar_inertial_odometry/share/direct_lidar_inertial_odometry/cmake/direct_lidar_inertial_odometry__rosidl_typesupport_cppExport-release.cmake
[1.228s] -- Up-to-date: /external/install/direct_lidar_inertial_odometry/share/direct_lidar_inertial_odometry/cmake/export_direct_lidar_inertial_odometry__rosidl_generator_pyExport.cmake
[1.229s] -- Up-to-date: /external/install/direct_lidar_inertial_odometry/share/direct_lidar_inertial_odometry/cmake/export_direct_lidar_inertial_odometry__rosidl_generator_pyExport-release.cmake
[1.264s] Invoked command in '/external/build/direct_lidar_inertial_odometry' returned '0': CMAKE_PREFIX_PATH=/opt/ros/humble /usr/bin/cmake --install /external/build/direct_lidar_inertial_odometry
