[  5%] [32mBuilding CXX object CMakeFiles/low_level_ctrl.dir/src/low_level_ctrl.cpp.o[0m
[ 10%] [32mBuilding CXX object CMakeFiles/low_level_ctrl.dir/src/common/motor_crc.cpp.o[0m
[ 15%] [32mBuilding CXX object CMakeFiles/low_level_ctrl_hg.dir/src/h1-2/lowlevel/low_level_ctrl_hg.cpp.o[0m
[ 20%] [32mBuilding CXX object CMakeFiles/g1_low_level_example.dir/src/g1/lowlevel/g1_low_level_example.cpp.o[0m
[ 25%] [32mBuilding CXX object CMakeFiles/read_low_state.dir/src/read_low_state.cpp.o[0m
[ 30%] [32mBuilding CXX object CMakeFiles/read_motion_state.dir/src/read_motion_state.cpp.o[0m
[ 35%] [32mBuilding CXX object CMakeFiles/read_wireless_controller.dir/src/read_wireless_controller.cpp.o[0m
[ 40%] [32mBuilding CXX object CMakeFiles/read_low_state_hg.dir/src/read_low_state_hg.cpp.o[0m
[ 45%] [32mBuilding CXX object CMakeFiles/g1_low_level_example.dir/src/common/motor_crc_hg.cpp.o[0m
[ 50%] [32m[1mLinking CXX executable low_level_ctrl[0m
[ 50%] Built target low_level_ctrl
[ 55%] [32mBuilding CXX object CMakeFiles/sport_mode_ctrl.dir/src/sport_mode_ctrl.cpp.o[0m
[ 60%] [32mBuilding CXX object CMakeFiles/sport_mode_ctrl.dir/src/common/ros2_sport_client.cpp.o[0m
[ 65%] [32m[1mLinking CXX executable read_wireless_controller[0m
[ 70%] [32m[1mLinking CXX executable read_low_state_hg[0m
[ 75%] [32m[1mLinking CXX executable read_motion_state[0m
[ 80%] [32mBuilding CXX object CMakeFiles/low_level_ctrl_hg.dir/src/common/motor_crc_hg.cpp.o[0m
[ 80%] Built target read_wireless_controller
[ 80%] Built target read_low_state_hg
[ 85%] [32m[1mLinking CXX executable read_low_state[0m
[ 85%] Built target read_motion_state
[ 90%] [32m[1mLinking CXX executable g1_low_level_example[0m
[ 90%] Built target read_low_state
[ 90%] Built target g1_low_level_example
[ 95%] [32m[1mLinking CXX executable low_level_ctrl_hg[0m
[ 95%] Built target low_level_ctrl_hg
[100%] [32m[1mLinking CXX executable sport_mode_ctrl[0m
[100%] Built target sport_mode_ctrl
