[0.044s] Invoking command in '/external/build/unitree_ros2_example': AMENT_PREFIX_PATH=/external/install/unitree_hg:/external/install/unitree_go:/external/install/unitree_api:${AMENT_PREFIX_PATH} CMAKE_PREFIX_PATH=/external/install/unitree_hg:/external/install/unitree_go:/external/install/unitree_api:/opt/ros/humble LD_LIBRARY_PATH=/external/install/unitree_hg/lib:/external/install/unitree_go/lib:/external/install/unitree_api/lib:${LD_LIBRARY_PATH} PYTHONPATH=/external/install/unitree_hg/local/lib/python3.10/dist-packages:/external/install/unitree_go/local/lib/python3.10/dist-packages:/external/install/unitree_api/local/lib/python3.10/dist-packages:${PYTHONPATH} /usr/bin/cmake --build /external/build/unitree_ros2_example -- -j8 -l8
[0.181s] [  5%] [32mBuilding CXX object CMakeFiles/low_level_ctrl.dir/src/low_level_ctrl.cpp.o[0m
[0.204s] [ 10%] [32mBuilding CXX object CMakeFiles/low_level_ctrl.dir/src/common/motor_crc.cpp.o[0m
[0.217s] [ 15%] [32mBuilding CXX object CMakeFiles/low_level_ctrl_hg.dir/src/h1-2/lowlevel/low_level_ctrl_hg.cpp.o[0m
[0.226s] [ 20%] [32mBuilding CXX object CMakeFiles/g1_low_level_example.dir/src/g1/lowlevel/g1_low_level_example.cpp.o[0m
[0.232s] [ 25%] [32mBuilding CXX object CMakeFiles/read_low_state.dir/src/read_low_state.cpp.o[0m
[0.249s] [ 30%] [32mBuilding CXX object CMakeFiles/read_motion_state.dir/src/read_motion_state.cpp.o[0m
[0.273s] [ 35%] [32mBuilding CXX object CMakeFiles/read_wireless_controller.dir/src/read_wireless_controller.cpp.o[0m
[0.275s] [ 40%] [32mBuilding CXX object CMakeFiles/read_low_state_hg.dir/src/read_low_state_hg.cpp.o[0m
[8.290s] [ 45%] [32mBuilding CXX object CMakeFiles/g1_low_level_example.dir/src/common/motor_crc_hg.cpp.o[0m
[12.030s] [ 50%] [32m[1mLinking CXX executable low_level_ctrl[0m
[12.532s] [ 50%] Built target low_level_ctrl
[12.581s] [ 55%] [32mBuilding CXX object CMakeFiles/sport_mode_ctrl.dir/src/sport_mode_ctrl.cpp.o[0m
[15.416s] [ 60%] [32mBuilding CXX object CMakeFiles/sport_mode_ctrl.dir/src/common/ros2_sport_client.cpp.o[0m
[19.414s] [ 65%] [32m[1mLinking CXX executable read_wireless_controller[0m
[19.565s] [ 70%] [32m[1mLinking CXX executable read_low_state_hg[0m
[20.288s] [ 75%] [32m[1mLinking CXX executable read_motion_state[0m
[20.322s] [ 80%] [32mBuilding CXX object CMakeFiles/low_level_ctrl_hg.dir/src/common/motor_crc_hg.cpp.o[0m
[20.336s] [ 80%] Built target read_wireless_controller
[20.513s] [ 80%] Built target read_low_state_hg
[21.077s] [ 85%] [32m[1mLinking CXX executable read_low_state[0m
[21.089s] [ 85%] Built target read_motion_state
[21.188s] [ 90%] [32m[1mLinking CXX executable g1_low_level_example[0m
[21.898s] [ 90%] Built target read_low_state
[22.053s] [ 90%] Built target g1_low_level_example
[26.156s] [ 95%] [32m[1mLinking CXX executable low_level_ctrl_hg[0m
[26.906s] [ 95%] Built target low_level_ctrl_hg
[31.984s] [100%] [32m[1mLinking CXX executable sport_mode_ctrl[0m
[32.799s] [100%] Built target sport_mode_ctrl
