[0.028s] Invoking command in '/external/build/unitree_ros2_example': AMENT_PREFIX_PATH=/external/install/unitree_hg:/external/install/unitree_go:/external/install/unitree_api:${AMENT_PREFIX_PATH} CMAKE_PREFIX_PATH=/external/install/unitree_hg:/external/install/unitree_go:/external/install/unitree_api:/opt/ros/humble LD_LIBRARY_PATH=/external/install/unitree_hg/lib:/external/install/unitree_go/lib:/external/install/unitree_api/lib:${LD_LIBRARY_PATH} PYTHONPATH=/external/install/unitree_hg/local/lib/python3.10/dist-packages:/external/install/unitree_go/local/lib/python3.10/dist-packages:/external/install/unitree_api/local/lib/python3.10/dist-packages:${PYTHONPATH} /usr/bin/cmake --build /external/build/unitree_ros2_example -- -j8 -l8
[0.157s] [ 10%] Built target read_low_state
[0.177s] [ 20%] Built target read_wireless_controller
[0.180s] [ 35%] Built target low_level_ctrl_hg
[0.187s] [ 50%] Built target g1_low_level_example
[0.187s] [ 60%] Built target read_motion_state
[0.197s] [ 80%] Built target read_low_state_hg
[0.197s] [ 85%] Built target low_level_ctrl
[0.202s] [100%] Built target sport_mode_ctrl
[0.249s] Invoked command in '/external/build/unitree_ros2_example' returned '0': AMENT_PREFIX_PATH=/external/install/unitree_hg:/external/install/unitree_go:/external/install/unitree_api:${AMENT_PREFIX_PATH} CMAKE_PREFIX_PATH=/external/install/unitree_hg:/external/install/unitree_go:/external/install/unitree_api:/opt/ros/humble LD_LIBRARY_PATH=/external/install/unitree_hg/lib:/external/install/unitree_go/lib:/external/install/unitree_api/lib:${LD_LIBRARY_PATH} PYTHONPATH=/external/install/unitree_hg/local/lib/python3.10/dist-packages:/external/install/unitree_go/local/lib/python3.10/dist-packages:/external/install/unitree_api/local/lib/python3.10/dist-packages:${PYTHONPATH} /usr/bin/cmake --build /external/build/unitree_ros2_example -- -j8 -l8
[0.250s] Invoking command in '/external/build/unitree_ros2_example': AMENT_PREFIX_PATH=/external/install/unitree_hg:/external/install/unitree_go:/external/install/unitree_api:${AMENT_PREFIX_PATH} CMAKE_PREFIX_PATH=/external/install/unitree_hg:/external/install/unitree_go:/external/install/unitree_api:/opt/ros/humble LD_LIBRARY_PATH=/external/install/unitree_hg/lib:/external/install/unitree_go/lib:/external/install/unitree_api/lib:${LD_LIBRARY_PATH} PYTHONPATH=/external/install/unitree_hg/local/lib/python3.10/dist-packages:/external/install/unitree_go/local/lib/python3.10/dist-packages:/external/install/unitree_api/local/lib/python3.10/dist-packages:${PYTHONPATH} /usr/bin/cmake --install /external/build/unitree_ros2_example
[0.260s] -- Install configuration: ""
[0.260s] -- Execute custom install script
[0.261s] -- Up-to-date symlink: /external/install/unitree_ros2_example//low_level_ctrl
[0.261s] -- Up-to-date symlink: /external/install/unitree_ros2_example//low_level_ctrl_hg
[0.261s] -- Up-to-date symlink: /external/install/unitree_ros2_example//g1_low_level_example
[0.261s] -- Up-to-date symlink: /external/install/unitree_ros2_example//read_low_state
[0.262s] -- Up-to-date symlink: /external/install/unitree_ros2_example//read_low_state_hg
[0.262s] -- Up-to-date symlink: /external/install/unitree_ros2_example//read_motion_state
[0.262s] -- Up-to-date symlink: /external/install/unitree_ros2_example//read_wireless_controller
[0.262s] -- Up-to-date symlink: /external/install/unitree_ros2_example//sport_mode_ctrl
[0.262s] -- Up-to-date symlink: /external/install/unitree_ros2_example/share/ament_index/resource_index/package_run_dependencies/unitree_ros2_example
[0.263s] -- Up-to-date symlink: /external/install/unitree_ros2_example/share/ament_index/resource_index/parent_prefix_path/unitree_ros2_example
[0.263s] -- Up-to-date symlink: /external/install/unitree_ros2_example/share/unitree_ros2_example/environment/ament_prefix_path.sh
[0.263s] -- Up-to-date symlink: /external/install/unitree_ros2_example/share/unitree_ros2_example/environment/ament_prefix_path.dsv
[0.263s] -- Up-to-date symlink: /external/install/unitree_ros2_example/share/unitree_ros2_example/environment/path.sh
[0.264s] -- Up-to-date symlink: /external/install/unitree_ros2_example/share/unitree_ros2_example/environment/path.dsv
[0.264s] -- Up-to-date symlink: /external/install/unitree_ros2_example/share/unitree_ros2_example/local_setup.bash
[0.264s] -- Up-to-date symlink: /external/install/unitree_ros2_example/share/unitree_ros2_example/local_setup.sh
[0.264s] -- Up-to-date symlink: /external/install/unitree_ros2_example/share/unitree_ros2_example/local_setup.zsh
[0.264s] -- Up-to-date symlink: /external/install/unitree_ros2_example/share/unitree_ros2_example/local_setup.dsv
[0.265s] -- Symlinking: /external/install/unitree_ros2_example/share/unitree_ros2_example/package.dsv
[0.280s] -- Up-to-date symlink: /external/install/unitree_ros2_example/share/ament_index/resource_index/packages/unitree_ros2_example
[0.280s] -- Up-to-date symlink: /external/install/unitree_ros2_example/share/unitree_ros2_example/cmake/unitree_ros2_exampleConfig.cmake
[0.280s] -- Up-to-date symlink: /external/install/unitree_ros2_example/share/unitree_ros2_example/cmake/unitree_ros2_exampleConfig-version.cmake
[0.280s] -- Up-to-date symlink: /external/install/unitree_ros2_example/share/unitree_ros2_example/package.xml
[0.285s] Invoked command in '/external/build/unitree_ros2_example' returned '0': AMENT_PREFIX_PATH=/external/install/unitree_hg:/external/install/unitree_go:/external/install/unitree_api:${AMENT_PREFIX_PATH} CMAKE_PREFIX_PATH=/external/install/unitree_hg:/external/install/unitree_go:/external/install/unitree_api:/opt/ros/humble LD_LIBRARY_PATH=/external/install/unitree_hg/lib:/external/install/unitree_go/lib:/external/install/unitree_api/lib:${LD_LIBRARY_PATH} PYTHONPATH=/external/install/unitree_hg/local/lib/python3.10/dist-packages:/external/install/unitree_go/local/lib/python3.10/dist-packages:/external/install/unitree_api/local/lib/python3.10/dist-packages:${PYTHONPATH} /usr/bin/cmake --install /external/build/unitree_ros2_example
