[0.054s] Invoking command in '/external/build/direct_lidar_inertial_odometry': CMAKE_PREFIX_PATH=/opt/ros/humble /usr/bin/cmake --build /external/build/direct_lidar_inertial_odometry -- -j8 -l8
[0.207s] [  2%] Built target direct_lidar_inertial_odometry__cpp
[0.329s] [  2%] Built target ament_cmake_python_symlink_direct_lidar_inertial_odometry
[0.346s] [  7%] Built target nanoflann
[0.350s] [ 21%] Built target direct_lidar_inertial_odometry__rosidl_generator_c
[0.350s] [ 21%] Built target direct_lidar_inertial_odometry__rosidl_typesupport_fastrtps_cpp
[0.386s] [ 28%] Built target direct_lidar_inertial_odometry__rosidl_typesupport_cpp
[0.389s] [ 35%] Built target direct_lidar_inertial_odometry__rosidl_typesupport_introspection_cpp
[0.525s] [ 42%] Built target direct_lidar_inertial_odometry__rosidl_typesupport_fastrtps_c
[0.559s] [ 50%] Built target direct_lidar_inertial_odometry__rosidl_typesupport_introspection_c
[0.564s] [ 57%] Built target direct_lidar_inertial_odometry__rosidl_typesupport_c
[0.597s] [ 64%] Built target nano_gicp
[0.600s] [ 71%] Built target dlio_map_node
[0.652s] [ 71%] Built target direct_lidar_inertial_odometry
[0.704s] [ 73%] Built target direct_lidar_inertial_odometry__py
[0.734s] [ 80%] Built target dlio_odom_node
[0.774s] [ 85%] Built target direct_lidar_inertial_odometry__rosidl_generator_py
[0.845s] [ 90%] Built target direct_lidar_inertial_odometry__rosidl_typesupport_fastrtps_c__pyext
[0.847s] [ 95%] Built target direct_lidar_inertial_odometry__rosidl_typesupport_introspection_c__pyext
[0.865s] [100%] Built target direct_lidar_inertial_odometry__rosidl_typesupport_c__pyext
[1.032s] running egg_info
[1.034s] writing direct_lidar_inertial_odometry.egg-info/PKG-INFO
[1.035s] writing dependency_links to direct_lidar_inertial_odometry.egg-info/dependency_links.txt
[1.035s] writing top-level names to direct_lidar_inertial_odometry.egg-info/top_level.txt
[1.043s] reading manifest file 'direct_lidar_inertial_odometry.egg-info/SOURCES.txt'
[1.045s] writing manifest file 'direct_lidar_inertial_odometry.egg-info/SOURCES.txt'
[1.162s] [100%] Built target ament_cmake_python_build_direct_lidar_inertial_odometry_egg
[1.229s] Invoked command in '/external/build/direct_lidar_inertial_odometry' returned '0': CMAKE_PREFIX_PATH=/opt/ros/humble /usr/bin/cmake --build /external/build/direct_lidar_inertial_odometry -- -j8 -l8
[1.233s] Invoking command in '/external/build/direct_lidar_inertial_odometry': CMAKE_PREFIX_PATH=/opt/ros/humble /usr/bin/cmake --install /external/build/direct_lidar_inertial_odometry
[1.252s] -- Install configuration: "Release"
[1.253s] -- Execute custom install script
[1.254s] -- Up-to-date symlink: /external/install/direct_lidar_inertial_odometry/share/ament_index/resource_index/rosidl_interfaces/direct_lidar_inertial_odometry
[1.255s] -- Up-to-date symlink: /external/install/direct_lidar_inertial_odometry/include/direct_lidar_inertial_odometry/direct_lidar_inertial_odometry/msg/rosidl_generator_c__visibility_control.h
[1.255s] -- Up-to-date symlink: /external/install/direct_lidar_inertial_odometry/include/direct_lidar_inertial_odometry/direct_lidar_inertial_odometry/srv/detail/save_pcd__functions.h
[1.255s] -- Up-to-date symlink: /external/install/direct_lidar_inertial_odometry/include/direct_lidar_inertial_odometry/direct_lidar_inertial_odometry/srv/detail/save_pcd__struct.h
[1.256s] -- Up-to-date symlink: /external/install/direct_lidar_inertial_odometry/include/direct_lidar_inertial_odometry/direct_lidar_inertial_odometry/srv/detail/save_pcd__type_support.h
[1.256s] -- Up-to-date symlink: /external/install/direct_lidar_inertial_odometry/include/direct_lidar_inertial_odometry/direct_lidar_inertial_odometry/srv/save_pcd.h
[1.256s] -- Up-to-date symlink: /external/install/direct_lidar_inertial_odometry/share/direct_lidar_inertial_odometry/environment/library_path.sh
[1.257s] -- Up-to-date symlink: /external/install/direct_lidar_inertial_odometry/share/direct_lidar_inertial_odometry/environment/library_path.dsv
[1.260s] -- Up-to-date symlink: /external/install/direct_lidar_inertial_odometry/include/direct_lidar_inertial_odometry/direct_lidar_inertial_odometry/msg/rosidl_typesupport_fastrtps_c__visibility_control.h
[1.260s] -- Up-to-date symlink: /external/install/direct_lidar_inertial_odometry/include/direct_lidar_inertial_odometry/direct_lidar_inertial_odometry/srv/detail/save_pcd__rosidl_typesupport_fastrtps_c.h
[1.262s] -- Up-to-date symlink: /external/install/direct_lidar_inertial_odometry/include/direct_lidar_inertial_odometry/direct_lidar_inertial_odometry/msg/rosidl_typesupport_introspection_c__visibility_control.h
[1.262s] -- Up-to-date symlink: /external/install/direct_lidar_inertial_odometry/include/direct_lidar_inertial_odometry/direct_lidar_inertial_odometry/srv/detail/save_pcd__rosidl_typesupport_introspection_c.h
[1.264s] -- Up-to-date symlink: /external/install/direct_lidar_inertial_odometry/include/direct_lidar_inertial_odometry/direct_lidar_inertial_odometry/msg/rosidl_generator_cpp__visibility_control.hpp
[1.264s] -- Up-to-date symlink: /external/install/direct_lidar_inertial_odometry/include/direct_lidar_inertial_odometry/direct_lidar_inertial_odometry/srv/detail/save_pcd__builder.hpp
[1.265s] -- Up-to-date symlink: /external/install/direct_lidar_inertial_odometry/include/direct_lidar_inertial_odometry/direct_lidar_inertial_odometry/srv/detail/save_pcd__struct.hpp
[1.265s] -- Up-to-date symlink: /external/install/direct_lidar_inertial_odometry/include/direct_lidar_inertial_odometry/direct_lidar_inertial_odometry/srv/detail/save_pcd__traits.hpp
[1.265s] -- Up-to-date symlink: /external/install/direct_lidar_inertial_odometry/include/direct_lidar_inertial_odometry/direct_lidar_inertial_odometry/srv/detail/save_pcd__type_support.hpp
[1.266s] -- Up-to-date symlink: /external/install/direct_lidar_inertial_odometry/include/direct_lidar_inertial_odometry/direct_lidar_inertial_odometry/srv/save_pcd.hpp
[1.269s] -- Up-to-date symlink: /external/install/direct_lidar_inertial_odometry/include/direct_lidar_inertial_odometry/direct_lidar_inertial_odometry/msg/rosidl_typesupport_fastrtps_cpp__visibility_control.h
[1.270s] -- Up-to-date symlink: /external/install/direct_lidar_inertial_odometry/include/direct_lidar_inertial_odometry/direct_lidar_inertial_odometry/srv/detail/save_pcd__rosidl_typesupport_fastrtps_cpp.hpp
[1.274s] -- Up-to-date symlink: /external/install/direct_lidar_inertial_odometry/include/direct_lidar_inertial_odometry/direct_lidar_inertial_odometry/srv/detail/save_pcd__rosidl_typesupport_introspection_cpp.hpp
[1.275s] -- Up-to-date symlink: /external/install/direct_lidar_inertial_odometry/share/direct_lidar_inertial_odometry/environment/pythonpath.sh
[1.275s] -- Up-to-date symlink: /external/install/direct_lidar_inertial_odometry/share/direct_lidar_inertial_odometry/environment/pythonpath.dsv
[1.277s] -- Up-to-date symlink: /external/install/direct_lidar_inertial_odometry/local/lib/python3.10/dist-packages/direct_lidar_inertial_odometry-1.1.1-py3.10.egg-info/PKG-INFO
[1.278s] -- Up-to-date symlink: /external/install/direct_lidar_inertial_odometry/local/lib/python3.10/dist-packages/direct_lidar_inertial_odometry-1.1.1-py3.10.egg-info/SOURCES.txt
[1.281s] -- Up-to-date symlink: /external/install/direct_lidar_inertial_odometry/local/lib/python3.10/dist-packages/direct_lidar_inertial_odometry-1.1.1-py3.10.egg-info/dependency_links.txt
[1.281s] -- Up-to-date symlink: /external/install/direct_lidar_inertial_odometry/local/lib/python3.10/dist-packages/direct_lidar_inertial_odometry-1.1.1-py3.10.egg-info/top_level.txt
[1.285s] -- Up-to-date symlink: /external/install/direct_lidar_inertial_odometry/local/lib/python3.10/dist-packages/direct_lidar_inertial_odometry/__init__.py
[1.285s] -- Up-to-date symlink: /external/install/direct_lidar_inertial_odometry/local/lib/python3.10/dist-packages/direct_lidar_inertial_odometry/_direct_lidar_inertial_odometry_s.ep.rosidl_typesupport_c.c
[1.286s] -- Up-to-date symlink: /external/install/direct_lidar_inertial_odometry/local/lib/python3.10/dist-packages/direct_lidar_inertial_odometry/_direct_lidar_inertial_odometry_s.ep.rosidl_typesupport_fastrtps_c.c
[1.287s] -- Up-to-date symlink: /external/install/direct_lidar_inertial_odometry/local/lib/python3.10/dist-packages/direct_lidar_inertial_odometry/_direct_lidar_inertial_odometry_s.ep.rosidl_typesupport_introspection_c.c
[1.287s] -- Up-to-date symlink: /external/install/direct_lidar_inertial_odometry/local/lib/python3.10/dist-packages/direct_lidar_inertial_odometry/direct_lidar_inertial_odometry_s__rosidl_typesupport_c.cpython-310-aarch64-linux-gnu.so
[1.287s] -- Up-to-date symlink: /external/install/direct_lidar_inertial_odometry/local/lib/python3.10/dist-packages/direct_lidar_inertial_odometry/direct_lidar_inertial_odometry_s__rosidl_typesupport_fastrtps_c.cpython-310-aarch64-linux-gnu.so
[1.288s] -- Up-to-date symlink: /external/install/direct_lidar_inertial_odometry/local/lib/python3.10/dist-packages/direct_lidar_inertial_odometry/direct_lidar_inertial_odometry_s__rosidl_typesupport_introspection_c.cpython-310-aarch64-linux-gnu.so
[1.289s] -- Up-to-date symlink: /external/install/direct_lidar_inertial_odometry/local/lib/python3.10/dist-packages/direct_lidar_inertial_odometry/libdirect_lidar_inertial_odometry__rosidl_generator_py.so
[1.290s] -- Up-to-date symlink: /external/install/direct_lidar_inertial_odometry/local/lib/python3.10/dist-packages/direct_lidar_inertial_odometry/srv/__init__.py
[1.290s] -- Up-to-date symlink: /external/install/direct_lidar_inertial_odometry/local/lib/python3.10/dist-packages/direct_lidar_inertial_odometry/srv/_save_pcd.py
[1.291s] -- Up-to-date symlink: /external/install/direct_lidar_inertial_odometry/local/lib/python3.10/dist-packages/direct_lidar_inertial_odometry/srv/_save_pcd_s.c
[1.292s] -- Up-to-date symlink: /external/install/direct_lidar_inertial_odometry/local/lib/python3.10/dist-packages/direct_lidar_inertial_odometry/direct_lidar_inertial_odometry_s__rosidl_typesupport_fastrtps_c.cpython-310-aarch64-linux-gnu.so
[1.293s] -- Up-to-date symlink: /external/install/direct_lidar_inertial_odometry/local/lib/python3.10/dist-packages/direct_lidar_inertial_odometry/direct_lidar_inertial_odometry_s__rosidl_typesupport_introspection_c.cpython-310-aarch64-linux-gnu.so
[1.294s] -- Up-to-date symlink: /external/install/direct_lidar_inertial_odometry/local/lib/python3.10/dist-packages/direct_lidar_inertial_odometry/direct_lidar_inertial_odometry_s__rosidl_typesupport_c.cpython-310-aarch64-linux-gnu.so
[1.295s] -- Up-to-date symlink: /external/install/direct_lidar_inertial_odometry/share/direct_lidar_inertial_odometry/srv/SavePCD.idl
[1.296s] -- Up-to-date symlink: /external/install/direct_lidar_inertial_odometry/share/direct_lidar_inertial_odometry/srv/SavePCD.srv
[1.297s] -- Up-to-date symlink: /external/install/direct_lidar_inertial_odometry/share/direct_lidar_inertial_odometry/srv/SavePCD_Request.msg
[1.299s] -- Up-to-date symlink: /external/install/direct_lidar_inertial_odometry/share/direct_lidar_inertial_odometry/srv/SavePCD_Response.msg
[1.300s] -- Up-to-date symlink: /external/install/direct_lidar_inertial_odometry/share/ament_index/resource_index/package_run_dependencies/direct_lidar_inertial_odometry
[1.301s] -- Up-to-date symlink: /external/install/direct_lidar_inertial_odometry/share/ament_index/resource_index/parent_prefix_path/direct_lidar_inertial_odometry
[1.302s] -- Up-to-date symlink: /external/install/direct_lidar_inertial_odometry/share/direct_lidar_inertial_odometry/environment/ament_prefix_path.sh
[1.303s] -- Up-to-date symlink: /external/install/direct_lidar_inertial_odometry/share/direct_lidar_inertial_odometry/environment/ament_prefix_path.dsv
[1.305s] -- Up-to-date symlink: /external/install/direct_lidar_inertial_odometry/share/direct_lidar_inertial_odometry/environment/path.sh
[1.307s] -- Up-to-date symlink: /external/install/direct_lidar_inertial_odometry/share/direct_lidar_inertial_odometry/environment/path.dsv
[1.309s] -- Up-to-date symlink: /external/install/direct_lidar_inertial_odometry/share/direct_lidar_inertial_odometry/local_setup.bash
[1.310s] -- Up-to-date symlink: /external/install/direct_lidar_inertial_odometry/share/direct_lidar_inertial_odometry/local_setup.sh
[1.311s] -- Up-to-date symlink: /external/install/direct_lidar_inertial_odometry/share/direct_lidar_inertial_odometry/local_setup.zsh
[1.312s] -- Up-to-date symlink: /external/install/direct_lidar_inertial_odometry/share/direct_lidar_inertial_odometry/local_setup.dsv
[1.314s] -- Symlinking: /external/install/direct_lidar_inertial_odometry/share/direct_lidar_inertial_odometry/package.dsv
[1.334s] -- Up-to-date symlink: /external/install/direct_lidar_inertial_odometry/share/ament_index/resource_index/packages/direct_lidar_inertial_odometry
[1.335s] -- Up-to-date symlink: /external/install/direct_lidar_inertial_odometry/share/direct_lidar_inertial_odometry/cmake/rosidl_cmake-extras.cmake
[1.336s] -- Up-to-date symlink: /external/install/direct_lidar_inertial_odometry/share/direct_lidar_inertial_odometry/cmake/ament_cmake_export_include_directories-extras.cmake
[1.336s] -- Up-to-date symlink: /external/install/direct_lidar_inertial_odometry/share/direct_lidar_inertial_odometry/cmake/ament_cmake_export_libraries-extras.cmake
[1.337s] -- Up-to-date symlink: /external/install/direct_lidar_inertial_odometry/share/direct_lidar_inertial_odometry/cmake/ament_cmake_export_targets-extras.cmake
[1.338s] -- Up-to-date symlink: /external/install/direct_lidar_inertial_odometry/share/direct_lidar_inertial_odometry/cmake/rosidl_cmake_export_typesupport_targets-extras.cmake
[1.338s] -- Up-to-date symlink: /external/install/direct_lidar_inertial_odometry/share/direct_lidar_inertial_odometry/cmake/ament_cmake_export_dependencies-extras.cmake
[1.339s] -- Up-to-date symlink: /external/install/direct_lidar_inertial_odometry/share/direct_lidar_inertial_odometry/cmake/rosidl_cmake_export_typesupport_libraries-extras.cmake
[1.339s] -- Up-to-date symlink: /external/install/direct_lidar_inertial_odometry/share/direct_lidar_inertial_odometry/cmake/direct_lidar_inertial_odometryConfig.cmake
[1.339s] -- Up-to-date symlink: /external/install/direct_lidar_inertial_odometry/share/direct_lidar_inertial_odometry/cmake/direct_lidar_inertial_odometryConfig-version.cmake
[1.339s] -- Up-to-date symlink: /external/install/direct_lidar_inertial_odometry/share/direct_lidar_inertial_odometry/package.xml
[1.342s] -- Up-to-date symlink: /external/install/direct_lidar_inertial_odometry/lib/direct_lidar_inertial_odometry/dlio_odom_node
[1.342s] -- Up-to-date symlink: /external/install/direct_lidar_inertial_odometry/lib/direct_lidar_inertial_odometry/dlio_map_node
[1.343s] -- Up-to-date symlink: /external/install/direct_lidar_inertial_odometry/share/direct_lidar_inertial_odometry/cfg/dlio.yaml
[1.343s] -- Up-to-date symlink: /external/install/direct_lidar_inertial_odometry/share/direct_lidar_inertial_odometry/cfg/params.yaml
[1.344s] -- Up-to-date symlink: /external/install/direct_lidar_inertial_odometry/share/direct_lidar_inertial_odometry/launch/dlio.launch.py
[1.344s] -- Up-to-date symlink: /external/install/direct_lidar_inertial_odometry/share/direct_lidar_inertial_odometry/launch/dlio.rviz
[1.345s] -- Up-to-date: /external/install/direct_lidar_inertial_odometry/lib/libdirect_lidar_inertial_odometry__rosidl_generator_c.so
[1.345s] -- Up-to-date: /external/install/direct_lidar_inertial_odometry/lib/libdirect_lidar_inertial_odometry__rosidl_typesupport_fastrtps_c.so
[1.346s] -- Up-to-date: /external/install/direct_lidar_inertial_odometry/lib/libdirect_lidar_inertial_odometry__rosidl_typesupport_introspection_c.so
[1.347s] -- Up-to-date: /external/install/direct_lidar_inertial_odometry/lib/libdirect_lidar_inertial_odometry__rosidl_typesupport_c.so
[1.348s] -- Up-to-date: /external/install/direct_lidar_inertial_odometry/lib/libdirect_lidar_inertial_odometry__rosidl_typesupport_fastrtps_cpp.so
[1.350s] -- Up-to-date: /external/install/direct_lidar_inertial_odometry/lib/libdirect_lidar_inertial_odometry__rosidl_typesupport_introspection_cpp.so
[1.350s] -- Up-to-date: /external/install/direct_lidar_inertial_odometry/lib/libdirect_lidar_inertial_odometry__rosidl_typesupport_cpp.so
[1.364s] Listing '/external/install/direct_lidar_inertial_odometry/local/lib/python3.10/dist-packages/direct_lidar_inertial_odometry'...
[1.365s] Listing '/external/install/direct_lidar_inertial_odometry/local/lib/python3.10/dist-packages/direct_lidar_inertial_odometry/srv'...
[1.366s] -- Up-to-date: /external/install/direct_lidar_inertial_odometry/lib/libdirect_lidar_inertial_odometry__rosidl_generator_py.so
[1.366s] -- Up-to-date: /external/install/direct_lidar_inertial_odometry/share/direct_lidar_inertial_odometry/cmake/export_direct_lidar_inertial_odometry__rosidl_generator_cExport.cmake
[1.367s] -- Up-to-date: /external/install/direct_lidar_inertial_odometry/share/direct_lidar_inertial_odometry/cmake/export_direct_lidar_inertial_odometry__rosidl_generator_cExport-release.cmake
[1.368s] -- Up-to-date: /external/install/direct_lidar_inertial_odometry/share/direct_lidar_inertial_odometry/cmake/export_direct_lidar_inertial_odometry__rosidl_typesupport_fastrtps_cExport.cmake
[1.368s] -- Up-to-date: /external/install/direct_lidar_inertial_odometry/share/direct_lidar_inertial_odometry/cmake/export_direct_lidar_inertial_odometry__rosidl_typesupport_fastrtps_cExport-release.cmake
[1.368s] -- Up-to-date: /external/install/direct_lidar_inertial_odometry/share/direct_lidar_inertial_odometry/cmake/direct_lidar_inertial_odometry__rosidl_typesupport_introspection_cExport.cmake
[1.369s] -- Up-to-date: /external/install/direct_lidar_inertial_odometry/share/direct_lidar_inertial_odometry/cmake/direct_lidar_inertial_odometry__rosidl_typesupport_introspection_cExport-release.cmake
[1.369s] -- Up-to-date: /external/install/direct_lidar_inertial_odometry/share/direct_lidar_inertial_odometry/cmake/direct_lidar_inertial_odometry__rosidl_typesupport_cExport.cmake
[1.369s] -- Up-to-date: /external/install/direct_lidar_inertial_odometry/share/direct_lidar_inertial_odometry/cmake/direct_lidar_inertial_odometry__rosidl_typesupport_cExport-release.cmake
[1.369s] -- Up-to-date: /external/install/direct_lidar_inertial_odometry/share/direct_lidar_inertial_odometry/cmake/export_direct_lidar_inertial_odometry__rosidl_generator_cppExport.cmake
[1.370s] -- Up-to-date: /external/install/direct_lidar_inertial_odometry/share/direct_lidar_inertial_odometry/cmake/export_direct_lidar_inertial_odometry__rosidl_typesupport_fastrtps_cppExport.cmake
[1.370s] -- Up-to-date: /external/install/direct_lidar_inertial_odometry/share/direct_lidar_inertial_odometry/cmake/export_direct_lidar_inertial_odometry__rosidl_typesupport_fastrtps_cppExport-release.cmake
[1.370s] -- Up-to-date: /external/install/direct_lidar_inertial_odometry/share/direct_lidar_inertial_odometry/cmake/direct_lidar_inertial_odometry__rosidl_typesupport_introspection_cppExport.cmake
[1.370s] -- Up-to-date: /external/install/direct_lidar_inertial_odometry/share/direct_lidar_inertial_odometry/cmake/direct_lidar_inertial_odometry__rosidl_typesupport_introspection_cppExport-release.cmake
[1.371s] -- Up-to-date: /external/install/direct_lidar_inertial_odometry/share/direct_lidar_inertial_odometry/cmake/direct_lidar_inertial_odometry__rosidl_typesupport_cppExport.cmake
[1.371s] -- Up-to-date: /external/install/direct_lidar_inertial_odometry/share/direct_lidar_inertial_odometry/cmake/direct_lidar_inertial_odometry__rosidl_typesupport_cppExport-release.cmake
[1.372s] -- Up-to-date: /external/install/direct_lidar_inertial_odometry/share/direct_lidar_inertial_odometry/cmake/export_direct_lidar_inertial_odometry__rosidl_generator_pyExport.cmake
[1.372s] -- Up-to-date: /external/install/direct_lidar_inertial_odometry/share/direct_lidar_inertial_odometry/cmake/export_direct_lidar_inertial_odometry__rosidl_generator_pyExport-release.cmake
[1.385s] Invoked command in '/external/build/direct_lidar_inertial_odometry' returned '0': CMAKE_PREFIX_PATH=/opt/ros/humble /usr/bin/cmake --install /external/build/direct_lidar_inertial_odometry
