[0.050s] Invoking command in '/external/build/cyclonedds': CMAKE_PREFIX_PATH=/opt/ros/humble /usr/bin/cmake /external/src/unitree_ros2/cyclonedds_ws/src/cyclonedds-0.10.2 -DBUILD_IDLC=AUTO -DCMAKE_INSTALL_PREFIX=/external/install/cyclonedds
[0.189s] -- The C compiler identification is GNU 11.4.0
[0.209s] -- Detecting C compiler ABI info
[0.621s] -- Detecting C compiler ABI info - done
[0.638s] -- Check for working C compiler: /usr/bin/cc - skipped
[0.639s] -- Detecting C compile features
[0.641s] -- Detecting C compile features - done
[0.643s] -- Setting build type to 'RelWithDebInfo' as none was specified.
[0.651s] -- Looking for getopt.h
[0.876s] -- Looking for getopt.h - found
[1.007s] -- Building with OpenSSL support
[1.018s] -- Looking for stdint.h
[1.169s] -- Looking for stdint.h - found
[1.169s] -- Looking for inttypes.h
[1.274s] -- Looking for inttypes.h - found
[1.275s] -- Looking for sys/types.h
[1.422s] -- Looking for sys/types.h - found
[1.423s] -- Looking for stdint.h
[1.503s] -- Looking for stdint.h - found
[1.503s] -- Looking for stddef.h
[1.610s] -- Looking for stddef.h - found
[1.610s] -- Check size of intmax_t
[1.746s] -- Check size of intmax_t - done
[1.750s] -- Looking for stpcpy
[1.868s] -- Looking for stpcpy - found
[1.868s] -- Looking for strlcpy
[1.914s] -- Looking for strlcpy - not found
[1.914s] -- Looking for strlcat
[1.967s] -- Looking for strlcat - not found
[1.969s] -- Performing Test COMPILER_HAS_HIDDEN_VISIBILITY
[2.071s] -- Performing Test COMPILER_HAS_HIDDEN_VISIBILITY - Success
[2.073s] -- Performing Test COMPILER_HAS_HIDDEN_INLINE_VISIBILITY
[2.181s] -- Performing Test COMPILER_HAS_HIDDEN_INLINE_VISIBILITY - Failed
[2.181s] -- Performing Test COMPILER_HAS_DEPRECATED_ATTR
[2.300s] -- Performing Test COMPILER_HAS_DEPRECATED_ATTR - Success
[2.318s] -- Looking for gethostname
[2.432s] -- Looking for gethostname - found
[2.433s] -- Looking for inet_ntop
[2.556s] -- Looking for inet_ntop - found
[2.556s] -- Looking for inet_pton
[2.676s] -- Looking for inet_pton - found
[2.677s] -- Looking for getaddrinfo
[2.800s] -- Looking for getaddrinfo - found
[2.802s] -- Looking for gethostbyname_r
[2.931s] -- Looking for gethostbyname_r - found
[2.932s] -- Check size of struct sockaddr_in6
[3.056s] -- Check size of struct sockaddr_in6 - done
[3.059s] -- Looking for pthread.h
[3.181s] -- Looking for pthread.h - found
[3.182s] -- Performing Test CMAKE_HAVE_LIBC_PTHREAD
[3.308s] -- Performing Test CMAKE_HAVE_LIBC_PTHREAD - Success
[3.312s] -- Found Threads: TRUE  
[3.312s] -- Looking for clock_gettime in c
[3.431s] -- Looking for clock_gettime in c - found
[3.874s] -- Configuring done
[3.982s] -- Generating done
[4.002s] -- Build files have been written to: /external/build/cyclonedds
[4.017s] Invoked command in '/external/build/cyclonedds' returned '0': CMAKE_PREFIX_PATH=/opt/ros/humble /usr/bin/cmake /external/src/unitree_ros2/cyclonedds_ws/src/cyclonedds-0.10.2 -DBUILD_IDLC=AUTO -DCMAKE_INSTALL_PREFIX=/external/install/cyclonedds
[4.020s] Invoking command in '/external/build/cyclonedds': CMAKE_PREFIX_PATH=/opt/ros/humble /usr/bin/cmake --build /external/build/cyclonedds -- -j8 -l8
[4.081s] [  1%] [34m[1mGenerating include/idl/attributes.h[0m
[4.082s] [  1%] [34m[1mGenerating include/idl/endian.h[0m
[4.082s] [  1%] [34m[1mGenerating src/md5.c[0m
[4.084s] [  2%] [34m[1mGenerating include/idl/md5.h[0m
[4.090s] [  2%] [34m[1mGenerating include/idl/misc.h[0m
[4.096s] [  3%] Built target _confgen
[4.097s] [  3%] [32mBuilding C object src/tools/idlpp/CMakeFiles/idlpp.dir/src/directive.c.o[0m
[4.105s] [  4%] [32mBuilding C object src/ddsrt/CMakeFiles/ddsrt-internal.dir/src/atomics.c.o[0m
[4.114s] [  4%] [32mBuilding C object src/tools/idlpp/CMakeFiles/idlpp.dir/src/eval.c.o[0m
[4.114s] [  4%] [32mBuilding C object src/ddsrt/CMakeFiles/ddsrt-internal.dir/src/avl.c.o[0m
[4.114s] [  5%] [32mBuilding C object src/tools/idlpp/CMakeFiles/idlpp.dir/src/expand.c.o[0m
[4.121s] [  5%] [32mBuilding C object src/tools/idlpp/CMakeFiles/idlpp.dir/src/main.c.o[0m
[4.140s] [  5%] [32mBuilding C object src/core/CMakeFiles/ddsc.dir/ddsi/src/ddsi_eth.c.o[0m
[4.165s] [  5%] [32mBuilding C object src/idl/CMakeFiles/idl.dir/src/symbol.c.o[0m
[4.268s] [  6%] [32mBuilding C object src/core/CMakeFiles/ddsc.dir/ddsi/src/ddsi_ssl.c.o[0m
[4.336s] [  7%] [32mBuilding C object src/idl/CMakeFiles/idl.dir/src/directive.c.o[0m
[4.336s] [  7%] [32mBuilding C object src/core/CMakeFiles/ddsc.dir/ddsi/src/ddsi_tcp.c.o[0m
[4.508s] [  7%] [32mBuilding C object src/core/CMakeFiles/ddsc.dir/ddsi/src/ddsi_tran.c.o[0m
[4.717s] [  7%] [32mBuilding C object src/idl/CMakeFiles/idl.dir/src/expression.c.o[0m
[4.720s] [  8%] [32mBuilding C object src/core/CMakeFiles/ddsc.dir/ddsi/src/ddsi_udp.c.o[0m
[4.858s] [  9%] [32mBuilding C object src/ddsrt/CMakeFiles/ddsrt-internal.dir/src/bswap.c.o[0m
[4.970s] [  9%] [32mBuilding C object src/ddsrt/CMakeFiles/ddsrt-internal.dir/src/io.c.o[0m
[4.987s] [  9%] [32mBuilding C object src/tools/idlpp/CMakeFiles/idlpp.dir/src/mbchar.c.o[0m
[5.006s] [  9%] [32mBuilding C object src/core/CMakeFiles/ddsc.dir/ddsi/src/ddsi_raweth.c.o[0m
[5.061s] [  9%] [32mBuilding C object src/ddsrt/CMakeFiles/ddsrt-internal.dir/src/log.c.o[0m
[5.090s] [ 10%] [32mBuilding C object src/ddsrt/CMakeFiles/ddsrt-internal.dir/src/retcode.c.o[0m
[5.151s] [ 10%] [32mBuilding C object src/ddsrt/CMakeFiles/ddsrt-internal.dir/src/strtod.c.o[0m
[5.196s] [ 10%] [32mBuilding C object src/idl/CMakeFiles/idl.dir/src/file.c.o[0m
[5.217s] [ 11%] [32mBuilding C object src/idl/CMakeFiles/idl.dir/src/processor.c.o[0m
[5.301s] [ 12%] [32mBuilding C object src/tools/idlpp/CMakeFiles/idlpp.dir/src/support.c.o[0m
[5.331s] [ 13%] [32mBuilding C object src/ddsrt/CMakeFiles/ddsrt-internal.dir/src/strtol.c.o[0m
[5.339s] [ 13%] [32mBuilding C object src/tools/idlpp/CMakeFiles/idlpp.dir/src/system.c.o[0m
[5.351s] [ 13%] [32mBuilding C object src/ddsrt/CMakeFiles/ddsrt-internal.dir/src/mh3.c.o[0m
[5.415s] [ 13%] [32mBuilding C object src/ddsrt/CMakeFiles/ddsrt-internal.dir/src/environ.c.o[0m
[5.429s] [ 13%] [32mBuilding C object src/core/CMakeFiles/ddsc.dir/ddsi/src/ddsi_vnet.c.o[0m
[5.498s] [ 14%] [32mBuilding C object src/ddsrt/CMakeFiles/ddsrt-internal.dir/src/expand_vars.c.o[0m
[5.532s] [ 14%] [32mBuilding C object src/idl/CMakeFiles/idl.dir/src/scanner.c.o[0m
[5.533s] [ 14%] [32mBuilding C object src/ddsrt/CMakeFiles/ddsrt-internal.dir/src/fibheap.c.o[0m
[5.605s] [ 15%] [32mBuilding C object src/idl/CMakeFiles/idl.dir/src/string.c.o[0m
[5.703s] [ 15%] [32mBuilding C object src/ddsrt/CMakeFiles/ddsrt-internal.dir/src/hopscotch.c.o[0m
[5.708s] [ 15%] [32mBuilding C object src/idl/CMakeFiles/idl.dir/src/annotation.c.o[0m
[5.732s] [ 16%] [32mBuilding C object src/core/CMakeFiles/ddsc.dir/ddsi/src/ddsi_ipaddr.c.o[0m
[5.746s] [ 17%] [32mBuilding C object src/ddsrt/CMakeFiles/ddsrt-internal.dir/src/circlist.c.o[0m
[5.822s] [ 17%] [32mBuilding C object src/ddsrt/CMakeFiles/ddsrt-internal.dir/src/threads.c.o[0m
[5.880s] [ 18%] [32mBuilding C object src/ddsrt/CMakeFiles/ddsrt-internal.dir/src/string.c.o[0m
[5.917s] [ 18%] [32mBuilding C object src/idl/CMakeFiles/idl.dir/src/scope.c.o[0m
[6.060s] [ 18%] [32mBuilding C object src/core/CMakeFiles/ddsc.dir/ddsi/src/ddsi_mcgroup.c.o[0m
[6.074s] [ 19%] [32mBuilding C object src/core/CMakeFiles/ddsc.dir/ddsi/src/ddsi_security_util.c.o[0m
[6.158s] [ 20%] [32mBuilding C object src/idl/CMakeFiles/idl.dir/src/tree.c.o[0m
[6.207s] [ 20%] [32mBuilding C object src/ddsrt/CMakeFiles/ddsrt-internal.dir/src/sockets.c.o[0m
[6.260s] [ 20%] [32mBuilding C object src/idl/CMakeFiles/idl.dir/src/visit.c.o[0m
[6.276s] [ 20%] [32mBuilding C object src/idl/CMakeFiles/idl.dir/src/print.c.o[0m
[6.386s] [ 20%] [32mBuilding C object src/core/CMakeFiles/ddsc.dir/ddsi/src/ddsi_security_omg.c.o[0m
[6.390s] [ 21%] [32mBuilding C object src/idl/CMakeFiles/idl.dir/src/keylist.c.o[0m
[6.415s] [ 21%] [32mBuilding C object src/ddsrt/CMakeFiles/ddsrt-internal.dir/src/md5.c.o[0m
[6.430s] [ 21%] [32mBuilding C object src/idl/CMakeFiles/idl.dir/src/hashid.c.o[0m
[6.522s] [ 22%] [32mBuilding C object src/idl/CMakeFiles/idl.dir/src/parser.c.o[0m
[6.600s] [ 22%] [32mBuilding C object src/core/CMakeFiles/ddsc.dir/ddsi/src/ddsi_portmapping.c.o[0m
[6.611s] [ 23%] [32mBuilding C object src/core/CMakeFiles/ddsc.dir/ddsi/src/ddsi_handshake.c.o[0m
[6.614s] [ 23%] [32mBuilding C object src/idl/CMakeFiles/idl.dir/src/md5.c.o[0m
[6.625s] [ 24%] [32mBuilding C object src/ddsrt/CMakeFiles/ddsrt-internal.dir/src/xmlparser.c.o[0m
[6.660s] [ 25%] [32m[1mLinking C static library ../../../lib/libidlpp.a[0m
[6.717s] [ 25%] [32mBuilding C object src/core/CMakeFiles/ddsc.dir/ddsi/src/ddsi_serdata.c.o[0m
[6.761s] [ 25%] Built target idlpp
[6.781s] [ 25%] [32mBuilding C object src/core/CMakeFiles/ddsc.dir/ddsi/src/ddsi_serdata_default.c.o[0m
[6.814s] [ 26%] [32mBuilding C object src/core/CMakeFiles/ddsc.dir/ddsi/src/ddsi_serdata_pserop.c.o[0m
[6.954s] [ 26%] [32mBuilding C object src/core/CMakeFiles/ddsc.dir/ddsi/src/ddsi_serdata_plist.c.o[0m
[7.128s] [ 27%] [32mBuilding C object src/core/CMakeFiles/ddsc.dir/ddsi/src/ddsi_sertype.c.o[0m
[7.218s] [ 27%] [32mBuilding C object src/ddsrt/CMakeFiles/ddsrt-internal.dir/src/ifaddrs.c.o[0m
[7.287s] [ 27%] [32mBuilding C object src/core/CMakeFiles/ddsc.dir/ddsi/src/ddsi_sertype_default.c.o[0m
[7.307s] [ 28%] [32mBuilding C object src/ddsrt/CMakeFiles/ddsrt-internal.dir/src/cdtors.c.o[0m
[7.342s] [ 28%] [32mBuilding C object src/core/CMakeFiles/ddsc.dir/ddsi/src/ddsi_sertype_pserop.c.o[0m
[7.396s] [ 29%] [32mBuilding C object src/core/CMakeFiles/ddsc.dir/ddsi/src/ddsi_sertype_plist.c.o[0m
[7.446s] [ 29%] [32mBuilding C object src/ddsrt/CMakeFiles/ddsrt-internal.dir/src/random.c.o[0m
[7.452s] [ 29%] [32mBuilding C object src/core/CMakeFiles/ddsc.dir/ddsi/src/ddsi_sertopic.c.o[0m
[7.615s] [ 30%] [32mBuilding C object src/core/CMakeFiles/ddsc.dir/ddsi/src/ddsi_statistics.c.o[0m
[7.617s] [ 30%] [32mBuilding C object src/core/CMakeFiles/ddsc.dir/ddsi/src/ddsi_iid.c.o[0m
[7.623s] [ 30%] [32mBuilding C object src/core/CMakeFiles/ddsc.dir/ddsi/src/ddsi_tkmap.c.o[0m
[7.643s] [ 30%] [32mBuilding C object src/ddsrt/CMakeFiles/ddsrt-internal.dir/src/time.c.o[0m
[7.743s] [ 31%] [32mBuilding C object src/core/CMakeFiles/ddsc.dir/ddsi/src/ddsi_vendor.c.o[0m
[7.776s] [ 32%] [32mBuilding C object src/ddsrt/CMakeFiles/ddsrt-internal.dir/src/ifaddrs/posix/ifaddrs.c.o[0m
[7.823s] [ 32%] [32mBuilding C object src/core/CMakeFiles/ddsc.dir/ddsi/src/ddsi_threadmon.c.o[0m
[7.843s] [ 32%] [32mBuilding C object src/core/CMakeFiles/ddsc.dir/ddsi/src/ddsi_rhc.c.o[0m
[7.849s] [ 33%] [32mBuilding C object src/core/CMakeFiles/ddsc.dir/ddsi/src/ddsi_pmd.c.o[0m
[7.903s] [ 33%] [32mBuilding C object src/core/CMakeFiles/ddsc.dir/ddsi/src/ddsi_entity_index.c.o[0m
[7.927s] [ 34%] [32mBuilding C object src/core/CMakeFiles/ddsc.dir/ddsi/src/ddsi_deadline.c.o[0m
[7.947s] [ 34%] [32mBuilding C object src/core/CMakeFiles/ddsc.dir/ddsi/src/ddsi_deliver_locally.c.o[0m
[7.962s] [ 34%] [32mBuilding C object src/ddsrt/CMakeFiles/ddsrt-internal.dir/src/sockets/posix/socket.c.o[0m
[8.084s] [ 34%] [32m[1mLinking C shared library ../../lib/libcycloneddsidl.so[0m
[8.118s] [ 35%] [32mBuilding C object src/core/CMakeFiles/ddsc.dir/ddsi/src/ddsi_cdrstream.c.o[0m
[8.119s] [ 35%] [32mBuilding C object src/core/CMakeFiles/ddsc.dir/ddsi/src/ddsi_plist.c.o[0m
[8.151s] [ 35%] [32mBuilding C object src/core/CMakeFiles/ddsc.dir/ddsi/src/ddsi_config.c.o[0m
[8.188s] [ 35%] [32mBuilding C object src/ddsrt/CMakeFiles/ddsrt-internal.dir/src/sockets/posix/gethostname.c.o[0m
[8.216s] [ 35%] Built target idl
[8.237s] [ 35%] [32mBuilding C object src/core/CMakeFiles/ddsc.dir/ddsi/src/ddsi_time.c.o[0m
[8.292s] [ 37%] [32mBuilding C object src/ddsrt/CMakeFiles/ddsrt-internal.dir/src/heap/posix/heap.c.o[0m
[8.292s] [ 37%] [32mBuilding C object src/core/CMakeFiles/ddsc.dir/ddsi/src/ddsi_ownip.c.o[0m
[8.333s] [ 37%] [32mBuilding C object src/core/CMakeFiles/ddsc.dir/ddsi/src/ddsi_acknack.c.o[0m
[8.384s] [ 38%] [32mBuilding C object src/core/CMakeFiles/ddsc.dir/ddsi/src/ddsi_list_genptr.c.o[0m
[8.392s] [ 38%] [32mBuilding C object src/ddsrt/CMakeFiles/ddsrt-internal.dir/src/dynlib/posix/dynlib.c.o[0m
[8.499s] [ 39%] [32mBuilding C object src/ddsrt/CMakeFiles/ddsrt-internal.dir/src/environ/posix/environ.c.o[0m
[8.617s] [ 39%] [32mBuilding C object src/core/CMakeFiles/ddsc.dir/ddsi/src/ddsi_wraddrset.c.o[0m
[8.619s] [ 39%] [32mBuilding C object src/ddsrt/CMakeFiles/ddsrt-internal.dir/src/filesystem/posix/filesystem.c.o[0m
[8.638s] [ 39%] [32mBuilding C object src/ddsrt/CMakeFiles/ddsrt-internal.dir/src/process/posix/process.c.o[0m
[8.730s] [ 40%] [32mBuilding C object src/ddsrt/CMakeFiles/ddsrt-internal.dir/src/random/posix/random.c.o[0m
[8.754s] [ 40%] [32mBuilding C object src/core/CMakeFiles/ddsc.dir/ddsi/src/ddsi_typelib.c.o[0m
[8.762s] [ 40%] [32mBuilding C object src/ddsrt/CMakeFiles/ddsrt-internal.dir/src/sync/posix/sync.c.o[0m
[8.795s] [ 41%] [32mBuilding C object src/core/CMakeFiles/ddsc.dir/ddsi/src/ddsi_entity.c.o[0m
[8.817s] [ 41%] [32mBuilding C object src/ddsrt/CMakeFiles/ddsrt-internal.dir/src/threads/posix/threads.c.o[0m
[8.925s] [ 42%] [32mBuilding C object src/ddsrt/CMakeFiles/ddsrt-internal.dir/src/netstat/linux/netstat.c.o[0m
[9.055s] [ 42%] [32mBuilding C object src/ddsrt/CMakeFiles/ddsrt-internal.dir/src/time/posix/time.c.o[0m
[9.091s] [ 43%] [32mBuilding C object src/ddsrt/CMakeFiles/ddsrt-internal.dir/src/rusage/posix/rusage.c.o[0m
[9.114s] [ 43%] [32mBuilding C object src/core/CMakeFiles/ddsc.dir/ddsi/src/ddsi_entity_match.c.o[0m
[9.187s] [ 44%] [32mBuilding C object src/core/CMakeFiles/ddsc.dir/ddsi/src/ddsi_participant.c.o[0m
[9.250s] [ 44%] [32m[1mLinking C static library ../../lib/libddsrt-internal.a[0m
[9.266s] [ 44%] [32mBuilding C object src/core/CMakeFiles/ddsc.dir/ddsi/src/ddsi_proxy_participant.c.o[0m
[9.345s] [ 44%] Built target ddsrt-internal
[9.371s] [ 44%] [32mBuilding C object src/core/CMakeFiles/ddsc.dir/ddsi/src/ddsi_topic.c.o[0m
[9.778s] [ 45%] [32mBuilding C object src/core/CMakeFiles/ddsc.dir/ddsi/src/ddsi_endpoint.c.o[0m
[9.806s] [ 45%] [32mBuilding C object src/core/CMakeFiles/ddsc.dir/ddsi/src/ddsi_proxy_endpoint.c.o[0m
[9.811s] [ 45%] [32mBuilding C object src/core/CMakeFiles/ddsc.dir/ddsi/src/q_addrset.c.o[0m
[9.889s] [ 46%] [32mBuilding C object src/core/CMakeFiles/ddsc.dir/ddsi/src/q_bitset_inlines.c.o[0m
[9.957s] [ 46%] [32mBuilding C object src/core/CMakeFiles/ddsc.dir/ddsi/src/q_bswap.c.o[0m
[9.982s] [ 47%] [32mBuilding C object src/core/CMakeFiles/ddsc.dir/ddsi/src/q_ddsi_discovery.c.o[0m
[10.140s] [ 47%] [32mBuilding C object src/core/CMakeFiles/ddsc.dir/ddsi/src/q_debmon.c.o[0m
[10.243s] [ 47%] [32mBuilding C object src/core/CMakeFiles/ddsc.dir/ddsi/src/q_gc.c.o[0m
[10.322s] [ 48%] [32mBuilding C object src/core/CMakeFiles/ddsc.dir/ddsi/src/q_init.c.o[0m
[10.369s] [ 48%] [32mBuilding C object src/core/CMakeFiles/ddsc.dir/ddsi/src/q_lat_estim.c.o[0m
[10.536s] [ 49%] [32mBuilding C object src/core/CMakeFiles/ddsc.dir/ddsi/src/q_lease.c.o[0m
[10.559s] [ 49%] [32mBuilding C object src/core/CMakeFiles/ddsc.dir/ddsi/src/q_misc.c.o[0m
[10.583s] [ 49%] [32mBuilding C object src/core/CMakeFiles/ddsc.dir/ddsi/src/q_pcap.c.o[0m
[10.799s] [ 50%] [32mBuilding C object src/core/CMakeFiles/ddsc.dir/ddsi/src/q_qosmatch.c.o[0m
[10.812s] [ 50%] [32mBuilding C object src/core/CMakeFiles/ddsc.dir/ddsi/src/q_radmin.c.o[0m
[10.862s] [ 50%] [32mBuilding C object src/core/CMakeFiles/ddsc.dir/ddsi/src/q_receive.c.o[0m
[10.906s] [ 51%] [32mBuilding C object src/core/CMakeFiles/ddsc.dir/ddsi/src/q_sockwaitset.c.o[0m
[10.934s] [ 51%] [32mBuilding C object src/core/CMakeFiles/ddsc.dir/ddsi/src/q_thread.c.o[0m
[11.161s] [ 52%] [32mBuilding C object src/core/CMakeFiles/ddsc.dir/ddsi/src/q_transmit.c.o[0m
[11.178s] [ 52%] [32mBuilding C object src/core/CMakeFiles/ddsc.dir/ddsi/src/q_inverse_uint32_set.c.o[0m
[11.313s] [ 52%] [32mBuilding C object src/core/CMakeFiles/ddsc.dir/ddsi/src/q_whc.c.o[0m
[11.357s] [ 53%] [32mBuilding C object src/core/CMakeFiles/ddsc.dir/ddsi/src/q_xevent.c.o[0m
[11.415s] [ 53%] [32mBuilding C object src/core/CMakeFiles/ddsc.dir/ddsi/src/q_xmsg.c.o[0m
[11.508s] [ 53%] [32mBuilding C object src/core/CMakeFiles/ddsc.dir/ddsi/src/q_freelist.c.o[0m
[11.696s] [ 54%] [32mBuilding C object src/core/CMakeFiles/ddsc.dir/ddsi/src/sysdeps.c.o[0m
[11.867s] [ 54%] [32mBuilding C object src/core/CMakeFiles/ddsc.dir/ddsi/src/ddsi_lifespan.c.o[0m
[12.012s] [ 55%] [32mBuilding C object src/core/CMakeFiles/ddsc.dir/ddsi/src/ddsi_xt_typeinfo.c.o[0m
[12.025s] [ 55%] [32mBuilding C object src/core/CMakeFiles/ddsc.dir/ddsi/src/ddsi_xt_typelookup.c.o[0m
[12.039s] [ 55%] [32mBuilding C object src/core/CMakeFiles/ddsc.dir/ddsi/src/ddsi_xt_typemap.c.o[0m
[12.070s] [ 56%] [32mBuilding C object src/core/CMakeFiles/ddsc.dir/ddsi/src/ddsi_typelookup.c.o[0m
[12.075s] [ 56%] [32mBuilding C object src/core/CMakeFiles/ddsc.dir/ddsi/src/ddsi_typewrap.c.o[0m
[12.090s] [ 57%] [32mBuilding C object src/core/CMakeFiles/ddsc.dir/ddsi/src/ddsi_typebuilder.c.o[0m
[12.103s] [ 57%] [32mBuilding C object src/core/CMakeFiles/ddsc.dir/ddsi/src/ddsi_security_msg.c.o[0m
[12.104s] [ 57%] [32mBuilding C object src/core/CMakeFiles/ddsc.dir/ddsi/src/ddsi_security_exchange.c.o[0m
[12.242s] [ 58%] [32mBuilding C object src/core/CMakeFiles/ddsc.dir/ddsi/src/ddsi_shm_transport.c.o[0m
[12.290s] [ 58%] [32mBuilding C object src/core/CMakeFiles/ddsc.dir/ddsi/defconfig.c.o[0m
[12.380s] [ 58%] [32mBuilding C object src/core/CMakeFiles/ddsc.dir/ddsc/src/dds_alloc.c.o[0m
[12.406s] [ 59%] [32mBuilding C object src/core/CMakeFiles/ddsc.dir/ddsc/src/dds_builtin.c.o[0m
[12.412s] [ 59%] [32mBuilding C object src/core/CMakeFiles/ddsc.dir/ddsc/src/dds_coherent.c.o[0m
[12.459s] [ 60%] [32mBuilding C object src/core/CMakeFiles/ddsc.dir/ddsc/src/dds_participant.c.o[0m
[12.584s] [ 60%] [32mBuilding C object src/core/CMakeFiles/ddsc.dir/ddsc/src/dds_reader.c.o[0m
[12.590s] [ 60%] [32mBuilding C object src/core/CMakeFiles/ddsc.dir/ddsc/src/dds_writer.c.o[0m
[12.603s] [ 61%] [32mBuilding C object src/core/CMakeFiles/ddsc.dir/ddsc/src/dds_init.c.o[0m
[12.752s] [ 61%] [32mBuilding C object src/core/CMakeFiles/ddsc.dir/ddsc/src/dds_publisher.c.o[0m
[12.826s] [ 61%] [32mBuilding C object src/core/CMakeFiles/ddsc.dir/ddsc/src/dds_rhc.c.o[0m
[12.892s] [ 62%] [32mBuilding C object src/core/CMakeFiles/ddsc.dir/ddsc/src/dds_rhc_default.c.o[0m
[12.936s] [01m[K/external/src/unitree_ros2/cyclonedds_ws/src/cyclonedds-0.10.2/src/core/ddsi/src/ddsi_typebuilder.c:[m[K In function ‘[01m[Kddsi_topic_descriptor_from_type[m[K’:
[12.936s] [01m[K/external/src/unitree_ros2/cyclonedds_ws/src/cyclonedds-0.10.2/src/core/ddsi/src/ddsi_typebuilder.c:1794:32:[m[K [01;35m[Kwarning: [m[K‘[01m[Kkey_desc[m[K’ may be used uninitialized in this function [[01;35m[K-Wmaybe-uninitialized[m[K]
[12.936s]  1794 |   const dds_topic_descriptor_t [01;35m[Kd[m[K =
[12.936s]       |                                [01;35m[K^[m[K
[12.937s] [01m[K/external/src/unitree_ros2/cyclonedds_ws/src/cyclonedds-0.10.2/src/core/ddsi/src/ddsi_typebuilder.c:1785:30:[m[K [01;36m[Knote: [m[K‘[01m[Kkey_desc[m[K’ was declared here
[12.937s]  1785 |   struct dds_key_descriptor *[01;36m[Kkey_desc[m[K;
[12.937s]       |                              [01;36m[K^~~~~~~~[m[K
[12.959s] [ 62%] [32mBuilding C object src/core/CMakeFiles/ddsc.dir/ddsc/src/dds_domain.c.o[0m
[12.999s] [ 63%] [32mBuilding C object src/core/CMakeFiles/ddsc.dir/ddsc/src/dds_instance.c.o[0m
[13.032s] [01m[K/external/src/unitree_ros2/cyclonedds_ws/src/cyclonedds-0.10.2/src/core/ddsi/src/ddsi_typewrap.c:[m[K In function ‘[01m[Kddsi_typeid_kind_impl[m[K’:
[13.033s] [01m[K/external/src/unitree_ros2/cyclonedds_ws/src/cyclonedds-0.10.2/src/core/ddsi/src/ddsi_typewrap.c:2617:10:[m[K [01;35m[Kwarning: [m[K‘[01m[Kkind[m[K’ may be used uninitialized in this function [[01;35m[K-Wmaybe-uninitialized[m[K]
[13.033s]  2617 |   return [01;35m[Kkind[m[K;
[13.033s]       |          [01;35m[K^~~~[m[K
[13.161s] [ 63%] [32mBuilding C object src/core/CMakeFiles/ddsc.dir/ddsc/src/dds_handles.c.o[0m
[13.161s] [ 63%] [32mBuilding C object src/core/CMakeFiles/ddsc.dir/ddsc/src/dds_qos.c.o[0m
[13.324s] [ 64%] [32mBuilding C object src/core/CMakeFiles/ddsc.dir/ddsc/src/dds_entity.c.o[0m
[13.335s] [ 64%] [32mBuilding C object src/core/CMakeFiles/ddsc.dir/ddsc/src/dds_matched.c.o[0m
[13.430s] [ 65%] [32mBuilding C object src/core/CMakeFiles/ddsc.dir/ddsc/src/dds_querycond.c.o[0m
[13.518s] [ 65%] [32mBuilding C object src/core/CMakeFiles/ddsc.dir/ddsc/src/dds_topic.c.o[0m
[13.579s] [ 65%] [32mBuilding C object src/core/CMakeFiles/ddsc.dir/ddsc/src/dds_listener.c.o[0m
[13.622s] [ 66%] [32mBuilding C object src/core/CMakeFiles/ddsc.dir/ddsc/src/dds_read.c.o[0m
[13.714s] [ 66%] [32mBuilding C object src/core/CMakeFiles/ddsc.dir/ddsc/src/dds_waitset.c.o[0m
[14.010s] [ 66%] [32mBuilding C object src/core/CMakeFiles/ddsc.dir/ddsc/src/dds_readcond.c.o[0m
[14.054s] [ 67%] [32mBuilding C object src/core/CMakeFiles/ddsc.dir/ddsc/src/dds_guardcond.c.o[0m
[14.074s] [ 67%] [32mBuilding C object src/core/CMakeFiles/ddsc.dir/ddsc/src/dds_statistics.c.o[0m
[14.090s] [ 68%] [32mBuilding C object src/core/CMakeFiles/ddsc.dir/ddsc/src/dds_subscriber.c.o[0m
[14.143s] [ 68%] [32mBuilding C object src/core/CMakeFiles/ddsc.dir/ddsc/src/dds_write.c.o[0m
[14.186s] [ 68%] [32mBuilding C object src/core/CMakeFiles/ddsc.dir/ddsc/src/dds_whc.c.o[0m
[14.237s] [ 69%] [32mBuilding C object src/core/CMakeFiles/ddsc.dir/ddsc/src/dds_whc_builtintopic.c.o[0m
[14.291s] [ 69%] [32mBuilding C object src/core/CMakeFiles/ddsc.dir/ddsc/src/dds_serdata_builtintopic.c.o[0m
[14.297s] [ 70%] [32mBuilding C object src/core/CMakeFiles/ddsc.dir/ddsc/src/dds_sertype_builtintopic.c.o[0m
[14.338s] [ 70%] [32mBuilding C object src/core/CMakeFiles/ddsc.dir/ddsc/src/dds_data_allocator.c.o[0m
[14.394s] [ 70%] [32mBuilding C object src/core/CMakeFiles/ddsc.dir/ddsc/src/dds_loan.c.o[0m
[14.485s] [ 71%] [32mBuilding C object src/core/CMakeFiles/ddsc.dir/ddsc/src/shm_monitor.c.o[0m
[14.529s] [ 71%] [32mBuilding C object src/core/CMakeFiles/ddsc.dir/__/security/core/src/dds_security_serialize.c.o[0m
[14.544s] [ 71%] [32mBuilding C object src/core/CMakeFiles/ddsc.dir/__/security/core/src/dds_security_utils.c.o[0m
[14.559s] [ 72%] [32mBuilding C object src/core/CMakeFiles/ddsc.dir/__/security/core/src/dds_security_plugins.c.o[0m
[14.576s] [ 72%] [32mBuilding C object src/core/CMakeFiles/ddsc.dir/__/security/core/src/shared_secret.c.o[0m
[14.647s] [ 73%] [32mBuilding C object src/core/CMakeFiles/ddsc.dir/__/security/core/src/dds_security_fsm.c.o[0m
[14.659s] [ 73%] [32mBuilding C object src/core/CMakeFiles/ddsc.dir/__/security/core/src/dds_security_timed_cb.c.o[0m
[14.746s] [ 73%] [32mBuilding C object src/core/CMakeFiles/ddsc.dir/__/ddsrt/src/atomics.c.o[0m
[14.799s] [ 74%] [32mBuilding C object src/core/CMakeFiles/ddsc.dir/__/ddsrt/src/avl.c.o[0m
[14.813s] [ 74%] [32mBuilding C object src/core/CMakeFiles/ddsc.dir/__/ddsrt/src/bswap.c.o[0m
[14.835s] [ 74%] [32mBuilding C object src/core/CMakeFiles/ddsc.dir/__/ddsrt/src/io.c.o[0m
[14.899s] [ 75%] [32mBuilding C object src/core/CMakeFiles/ddsc.dir/__/ddsrt/src/log.c.o[0m
[14.907s] [ 75%] [32mBuilding C object src/core/CMakeFiles/ddsc.dir/__/ddsrt/src/retcode.c.o[0m
[14.915s] [ 76%] [32mBuilding C object src/core/CMakeFiles/ddsc.dir/__/ddsrt/src/strtod.c.o[0m
[14.961s] [ 76%] [32mBuilding C object src/core/CMakeFiles/ddsc.dir/__/ddsrt/src/strtol.c.o[0m
[14.995s] [ 76%] [32mBuilding C object src/core/CMakeFiles/ddsc.dir/__/ddsrt/src/mh3.c.o[0m
[15.006s] [ 77%] [32mBuilding C object src/core/CMakeFiles/ddsc.dir/__/ddsrt/src/environ.c.o[0m
[15.044s] [ 77%] [32mBuilding C object src/core/CMakeFiles/ddsc.dir/__/ddsrt/src/expand_vars.c.o[0m
[15.058s] [ 78%] [32mBuilding C object src/core/CMakeFiles/ddsc.dir/__/ddsrt/src/fibheap.c.o[0m
[15.096s] [ 78%] [32mBuilding C object src/core/CMakeFiles/ddsc.dir/__/ddsrt/src/hopscotch.c.o[0m
[15.124s] [ 78%] [32mBuilding C object src/core/CMakeFiles/ddsc.dir/__/ddsrt/src/circlist.c.o[0m
[15.125s] [ 79%] [32mBuilding C object src/core/CMakeFiles/ddsc.dir/__/ddsrt/src/threads.c.o[0m
[15.156s] [ 79%] [32mBuilding C object src/core/CMakeFiles/ddsc.dir/__/ddsrt/src/string.c.o[0m
[15.187s] [ 79%] [32mBuilding C object src/core/CMakeFiles/ddsc.dir/__/ddsrt/src/sockets.c.o[0m
[15.201s] [ 80%] [32mBuilding C object src/core/CMakeFiles/ddsc.dir/__/ddsrt/src/md5.c.o[0m
[15.209s] [ 80%] [32mBuilding C object src/core/CMakeFiles/ddsc.dir/__/ddsrt/src/xmlparser.c.o[0m
[15.247s] [ 81%] [32mBuilding C object src/core/CMakeFiles/ddsc.dir/__/ddsrt/src/ifaddrs.c.o[0m
[15.330s] [ 81%] [32mBuilding C object src/core/CMakeFiles/ddsc.dir/__/ddsrt/src/cdtors.c.o[0m
[15.338s] [ 82%] [32mBuilding C object src/core/CMakeFiles/ddsc.dir/__/ddsrt/src/time.c.o[0m
[15.338s] [ 82%] [32mBuilding C object src/core/CMakeFiles/ddsc.dir/__/ddsrt/src/random.c.o[0m
[15.398s] [ 82%] [32mBuilding C object src/core/CMakeFiles/ddsc.dir/__/ddsrt/src/ifaddrs/posix/ifaddrs.c.o[0m
[15.402s] [ 82%] [32mBuilding C object src/core/CMakeFiles/ddsc.dir/__/ddsrt/src/sockets/posix/socket.c.o[0m
[15.440s] [ 83%] [32mBuilding C object src/core/CMakeFiles/ddsc.dir/__/ddsrt/src/sockets/posix/gethostname.c.o[0m
[15.472s] [ 83%] [32mBuilding C object src/core/CMakeFiles/ddsc.dir/__/ddsrt/src/heap/posix/heap.c.o[0m
[15.479s] [ 84%] [32mBuilding C object src/core/CMakeFiles/ddsc.dir/__/ddsrt/src/dynlib/posix/dynlib.c.o[0m
[15.533s] [ 84%] [32mBuilding C object src/core/CMakeFiles/ddsc.dir/__/ddsrt/src/environ/posix/environ.c.o[0m
[15.539s] [ 84%] [32mBuilding C object src/core/CMakeFiles/ddsc.dir/__/ddsrt/src/filesystem/posix/filesystem.c.o[0m
[15.557s] [ 85%] [32mBuilding C object src/core/CMakeFiles/ddsc.dir/__/ddsrt/src/process/posix/process.c.o[0m
[15.587s] [ 85%] [32mBuilding C object src/core/CMakeFiles/ddsc.dir/__/ddsrt/src/random/posix/random.c.o[0m
[15.609s] [ 86%] [32mBuilding C object src/core/CMakeFiles/ddsc.dir/__/ddsrt/src/sync/posix/sync.c.o[0m
[15.614s] [ 86%] [32mBuilding C object src/core/CMakeFiles/ddsc.dir/__/ddsrt/src/threads/posix/threads.c.o[0m
[15.627s] [ 86%] [32mBuilding C object src/core/CMakeFiles/ddsc.dir/__/ddsrt/src/netstat/linux/netstat.c.o[0m
[15.651s] [ 87%] [32mBuilding C object src/core/CMakeFiles/ddsc.dir/__/ddsrt/src/time/posix/time.c.o[0m
[15.655s] [ 87%] [32mBuilding C object src/core/CMakeFiles/ddsc.dir/__/ddsrt/src/rusage/posix/rusage.c.o[0m
[15.862s] [ 87%] [32m[1mLinking C shared library ../../lib/libddsc.so[0m
[16.237s] [ 87%] Built target ddsc
[16.270s] [ 90%] [32mBuilding C object src/security/builtin_plugins/access_control/CMakeFiles/dds_security_ac.dir/src/access_control_objects.c.o[0m
[16.270s] [ 90%] [32mBuilding C object src/tools/idlc/CMakeFiles/idlc.dir/src/plugin.c.o[0m
[16.270s] [ 90%] [32mBuilding C object src/security/builtin_plugins/access_control/CMakeFiles/dds_security_ac.dir/src/access_control_parser.c.o[0m
[16.270s] [ 90%] [32mBuilding C object src/security/builtin_plugins/authentication/CMakeFiles/dds_security_auth.dir/src/authentication.c.o[0m
[16.270s] [ 90%] [32mBuilding C object src/security/builtin_plugins/authentication/CMakeFiles/dds_security_auth.dir/src/auth_utils.c.o[0m
[16.272s] [ 90%] [32mBuilding C object src/tools/idlc/CMakeFiles/idlc.dir/src/idlc.c.o[0m
[16.273s] [ 91%] [32mBuilding C object src/security/builtin_plugins/cryptographic/CMakeFiles/dds_security_crypto.dir/src/crypto_cipher.c.o[0m
[16.273s] [ 90%] [32mBuilding C object src/tools/idlc/CMakeFiles/idlc.dir/src/options.c.o[0m
[16.423s] [ 91%] [32mBuilding C object src/security/builtin_plugins/cryptographic/CMakeFiles/dds_security_crypto.dir/src/crypto_key_exchange.c.o[0m
[16.542s] [ 91%] [32mBuilding C object src/tools/idlc/CMakeFiles/idlc.dir/src/generator.c.o[0m
[16.608s] [ 91%] [32mBuilding C object src/security/builtin_plugins/cryptographic/CMakeFiles/dds_security_crypto.dir/src/crypto_key_factory.c.o[0m
[16.668s] [ 92%] [32mBuilding C object src/security/builtin_plugins/access_control/CMakeFiles/dds_security_ac.dir/src/access_control_utils.c.o[0m
[16.672s] [ 92%] [32mBuilding C object src/tools/idlc/CMakeFiles/idlc.dir/src/descriptor.c.o[0m
[16.849s] [ 92%] [32mBuilding C object src/security/builtin_plugins/access_control/CMakeFiles/dds_security_ac.dir/src/access_control.c.o[0m
[16.874s] [ 93%] [32mBuilding C object src/security/builtin_plugins/cryptographic/CMakeFiles/dds_security_crypto.dir/src/crypto_objects.c.o[0m
[16.931s] [ 93%] [32mBuilding C object src/security/builtin_plugins/authentication/CMakeFiles/dds_security_auth.dir/__/__/openssl/src/openssl_support.c.o[0m
[17.002s] [ 93%] [32mBuilding C object src/security/builtin_plugins/access_control/CMakeFiles/dds_security_ac.dir/__/__/openssl/src/openssl_support.c.o[0m
[17.103s] [ 93%] [32mBuilding C object src/security/builtin_plugins/cryptographic/CMakeFiles/dds_security_crypto.dir/src/crypto_transform.c.o[0m
[17.200s] [ 94%] [32mBuilding C object src/security/builtin_plugins/cryptographic/CMakeFiles/dds_security_crypto.dir/src/crypto_utils.c.o[0m
[17.312s] [ 94%] [32mBuilding C object src/security/builtin_plugins/cryptographic/CMakeFiles/dds_security_crypto.dir/src/cryptography.c.o[0m
[17.437s] [ 94%] [32mBuilding C object src/security/builtin_plugins/cryptographic/CMakeFiles/dds_security_crypto.dir/__/__/openssl/src/openssl_support.c.o[0m
[17.466s] [ 95%] [32mBuilding C object src/tools/idlc/CMakeFiles/idlc.dir/src/types.c.o[0m
[17.520s] [ 95%] [32mBuilding C object src/tools/idlc/CMakeFiles/idlc.dir/src/descriptor_type_meta.c.o[0m
[17.538s] [ 95%] [32m[1mLinking C shared library ../../../../lib/libdds_security_auth.so[0m
[17.675s] [ 95%] Built target dds_security_auth
[17.933s] [ 96%] [32m[1mLinking C shared library ../../../../lib/libdds_security_ac.so[0m
[18.008s] [ 97%] [32m[1mLinking C shared library ../../../../lib/libdds_security_crypto.so[0m
[18.064s] [ 97%] Built target dds_security_ac
[18.140s] [ 97%] Built target dds_security_crypto
[18.299s] [ 97%] [32m[1mLinking C executable ../../../bin/idlc[0m
[18.488s] [ 97%] Built target idlc
[18.518s] [ 97%] [34m[1mGenerating ddsperf_types.c, ddsperf_types.h[0m
[18.558s] [ 97%] Built target ddsperf_types_generate
[18.592s] [ 99%] [32mBuilding C object src/tools/ddsperf/CMakeFiles/ddsperf.dir/async_listener.c.o[0m
[18.592s] [ 99%] [32mBuilding C object src/tools/ddsperf/CMakeFiles/ddsperf.dir/cputime.c.o[0m
[18.592s] [ 99%] [32mBuilding C object src/tools/ddsperf/CMakeFiles/ddsperf.dir/ddsperf.c.o[0m
[18.592s] [ 99%] [32mBuilding C object src/tools/ddsperf/CMakeFiles/ddsperf.dir/ddsperf_types.c.o[0m
[18.594s] [ 99%] [32mBuilding C object src/tools/ddsperf/CMakeFiles/ddsperf.dir/netload.c.o[0m
[19.927s] [ 99%] [32m[1mLinking C executable ../../../bin/ddsperf[0m
[20.096s] [100%] Built target ddsperf
[20.119s] Invoked command in '/external/build/cyclonedds' returned '0': CMAKE_PREFIX_PATH=/opt/ros/humble /usr/bin/cmake --build /external/build/cyclonedds -- -j8 -l8
[20.124s] Invoking command in '/external/build/cyclonedds': CMAKE_PREFIX_PATH=/opt/ros/humble /usr/bin/cmake --install /external/build/cyclonedds
[20.136s] -- Install configuration: "RelWithDebInfo"
[20.136s] -- Installing: /external/install/cyclonedds/lib/cmake/CycloneDDS/CycloneDDSConfig.cmake
[20.136s] -- Installing: /external/install/cyclonedds/lib/cmake/CycloneDDS/CycloneDDSConfigVersion.cmake
[20.136s] -- Installing: /external/install/cyclonedds/lib/cmake/CycloneDDS/CycloneDDSTargets.cmake
[20.137s] -- Installing: /external/install/cyclonedds/lib/cmake/CycloneDDS/CycloneDDSTargets-relwithdebinfo.cmake
[20.137s] -- Installing: /external/install/cyclonedds/lib/pkgconfig/CycloneDDS.pc
[20.138s] -- Installing: /external/install/cyclonedds/include/idlc
[20.138s] -- Installing: /external/install/cyclonedds/include/idlc/generator.h
[20.139s] -- Installing: /external/install/cyclonedds/include/idlc/options.h
[20.139s] -- Installing: /external/install/cyclonedds/bin/idlc
[20.141s] -- Set runtime path of "/external/install/cyclonedds/bin/idlc" to "$ORIGIN/../lib"
[20.141s] -- Installing: /external/install/cyclonedds/lib/cmake/CycloneDDS/idlc/Generate.cmake
[20.142s] -- Installing: /external/install/cyclonedds/bin/ddsperf
[20.142s] -- Set runtime path of "/external/install/cyclonedds/bin/ddsperf" to "$ORIGIN/../lib"
[20.143s] -- Up-to-date: /external/install/cyclonedds/include
[20.143s] -- Installing: /external/install/cyclonedds/include/dds
[20.143s] -- Installing: /external/install/cyclonedds/include/dds/ddsrt
[20.143s] -- Installing: /external/install/cyclonedds/include/dds/ddsrt/threads
[20.143s] -- Installing: /external/install/cyclonedds/include/dds/ddsrt/threads/windows.h
[20.143s] -- Installing: /external/install/cyclonedds/include/dds/ddsrt/threads/posix.h
[20.143s] -- Installing: /external/install/cyclonedds/include/dds/ddsrt/threads/freertos.h
[20.144s] -- Installing: /external/install/cyclonedds/include/dds/ddsrt/iovec.h
[20.144s] -- Installing: /external/install/cyclonedds/include/dds/ddsrt/xmlparser.h
[20.144s] -- Installing: /external/install/cyclonedds/include/dds/ddsrt/io.h
[20.144s] -- Installing: /external/install/cyclonedds/include/dds/ddsrt/sockets.h
[20.144s] -- Installing: /external/install/cyclonedds/include/dds/ddsrt/expand_vars.h
[20.145s] -- Installing: /external/install/cyclonedds/include/dds/ddsrt/arch.h
[20.145s] -- Installing: /external/install/cyclonedds/include/dds/ddsrt/log.h
[20.145s] -- Installing: /external/install/cyclonedds/include/dds/ddsrt/misc.h
[20.145s] -- Installing: /external/install/cyclonedds/include/dds/ddsrt/sched.h
[20.145s] -- Installing: /external/install/cyclonedds/include/dds/ddsrt/process.h
[20.145s] -- Installing: /external/install/cyclonedds/include/dds/ddsrt/sockets
[20.146s] -- Installing: /external/install/cyclonedds/include/dds/ddsrt/sockets/windows.h
[20.146s] -- Installing: /external/install/cyclonedds/include/dds/ddsrt/sockets/posix.h
[20.146s] -- Installing: /external/install/cyclonedds/include/dds/ddsrt/attributes.h
[20.146s] -- Installing: /external/install/cyclonedds/include/dds/ddsrt/time.h
[20.146s] -- Installing: /external/install/cyclonedds/include/dds/ddsrt/cdtors.h
[20.146s] -- Installing: /external/install/cyclonedds/include/dds/ddsrt/countargs.h
[20.147s] -- Installing: /external/install/cyclonedds/include/dds/ddsrt/sync.h
[20.147s] -- Installing: /external/install/cyclonedds/include/dds/ddsrt/netstat.h
[20.147s] -- Installing: /external/install/cyclonedds/include/dds/ddsrt/mh3.h
[20.147s] -- Installing: /external/install/cyclonedds/include/dds/ddsrt/time
[20.147s] -- Installing: /external/install/cyclonedds/include/dds/ddsrt/time/freertos.h
[20.147s] -- Installing: /external/install/cyclonedds/include/dds/ddsrt/filesystem
[20.148s] -- Installing: /external/install/cyclonedds/include/dds/ddsrt/filesystem/windows.h
[20.148s] -- Installing: /external/install/cyclonedds/include/dds/ddsrt/filesystem/posix.h
[20.148s] -- Installing: /external/install/cyclonedds/include/dds/ddsrt/strtod.h
[20.148s] -- Installing: /external/install/cyclonedds/include/dds/ddsrt/fibheap.h
[20.148s] -- Installing: /external/install/cyclonedds/include/dds/ddsrt/md5.h
[20.148s] -- Installing: /external/install/cyclonedds/include/dds/ddsrt/avl.h
[20.149s] -- Installing: /external/install/cyclonedds/include/dds/ddsrt/atomics.h
[20.149s] -- Installing: /external/install/cyclonedds/include/dds/ddsrt/environ.h
[20.149s] -- Installing: /external/install/cyclonedds/include/dds/ddsrt/retcode.h
[20.149s] -- Installing: /external/install/cyclonedds/include/dds/ddsrt/filesystem.h
[20.149s] -- Installing: /external/install/cyclonedds/include/dds/ddsrt/sync
[20.149s] -- Installing: /external/install/cyclonedds/include/dds/ddsrt/sync/windows.h
[20.150s] -- Installing: /external/install/cyclonedds/include/dds/ddsrt/sync/posix.h
[20.150s] -- Installing: /external/install/cyclonedds/include/dds/ddsrt/sync/freertos.h
[20.150s] -- Installing: /external/install/cyclonedds/include/dds/ddsrt/circlist.h
[20.150s] -- Installing: /external/install/cyclonedds/include/dds/ddsrt/types.h
[20.150s] -- Installing: /external/install/cyclonedds/include/dds/ddsrt/random.h
[20.150s] -- Installing: /external/install/cyclonedds/include/dds/ddsrt/hopscotch.h
[20.151s] -- Installing: /external/install/cyclonedds/include/dds/ddsrt/endian.h
[20.151s] -- Installing: /external/install/cyclonedds/include/dds/ddsrt/atomics
[20.151s] -- Installing: /external/install/cyclonedds/include/dds/ddsrt/atomics/gcc.h
[20.151s] -- Installing: /external/install/cyclonedds/include/dds/ddsrt/atomics/sun.h
[20.151s] -- Installing: /external/install/cyclonedds/include/dds/ddsrt/atomics/arm.h
[20.152s] -- Installing: /external/install/cyclonedds/include/dds/ddsrt/atomics/msvc.h
[20.152s] -- Installing: /external/install/cyclonedds/include/dds/ddsrt/threads.h
[20.152s] -- Installing: /external/install/cyclonedds/include/dds/ddsrt/types
[20.152s] -- Installing: /external/install/cyclonedds/include/dds/ddsrt/types/windows.h
[20.152s] -- Installing: /external/install/cyclonedds/include/dds/ddsrt/types/posix.h
[20.152s] -- Installing: /external/install/cyclonedds/include/dds/ddsrt/types/vxworks.h
[20.153s] -- Installing: /external/install/cyclonedds/include/dds/ddsrt/string.h
[20.153s] -- Installing: /external/install/cyclonedds/include/dds/ddsrt/strtol.h
[20.153s] -- Installing: /external/install/cyclonedds/include/dds/ddsrt/heap.h
[20.153s] -- Installing: /external/install/cyclonedds/include/dds/ddsrt/rusage.h
[20.153s] -- Installing: /external/install/cyclonedds/include/dds/ddsrt/ifaddrs.h
[20.154s] -- Installing: /external/install/cyclonedds/include/dds/ddsrt/bswap.h
[20.154s] -- Installing: /external/install/cyclonedds/include/dds/ddsrt/static_assert.h
[20.154s] -- Installing: /external/install/cyclonedds/include/dds/ddsrt/align.h
[20.154s] -- Installing: /external/install/cyclonedds/include/dds/ddsrt/dynlib.h
[20.154s] -- Up-to-date: /external/install/cyclonedds/include
[20.154s] -- Up-to-date: /external/install/cyclonedds/include/dds
[20.154s] -- Installing: /external/install/cyclonedds/include/dds/config.h
[20.155s] -- Installing: /external/install/cyclonedds/include/dds/features.h
[20.155s] -- Installing: /external/install/cyclonedds/include/dds/version.h
[20.155s] -- Installing: /external/install/cyclonedds/include/idl
[20.155s] -- Installing: /external/install/cyclonedds/include/idl/file.h
[20.155s] -- Installing: /external/install/cyclonedds/include/idl/visit.h
[20.156s] -- Installing: /external/install/cyclonedds/include/idl/stream.h
[20.156s] -- Installing: /external/install/cyclonedds/include/idl/retcode.h
[20.156s] -- Installing: /external/install/cyclonedds/include/idl/processor.h
[20.156s] -- Installing: /external/install/cyclonedds/include/idl/scope.h
[20.156s] -- Installing: /external/install/cyclonedds/include/idl/string.h
[20.156s] -- Installing: /external/install/cyclonedds/include/idl/tree.h
[20.157s] -- Installing: /external/install/cyclonedds/include/idl/symbol.h
[20.157s] -- Installing: /external/install/cyclonedds/include/idl/expression.h
[20.157s] -- Installing: /external/install/cyclonedds/include/idl/print.h
[20.157s] -- Up-to-date: /external/install/cyclonedds/include/idl
[20.157s] -- Installing: /external/install/cyclonedds/include/idl/misc.h
[20.158s] -- Installing: /external/install/cyclonedds/include/idl/attributes.h
[20.158s] -- Installing: /external/install/cyclonedds/include/idl/md5.h
[20.158s] -- Installing: /external/install/cyclonedds/include/idl/version.h
[20.158s] -- Installing: /external/install/cyclonedds/include/idl/endian.h
[20.158s] -- Installing: /external/install/cyclonedds/include/idl/export.h
[20.159s] -- Installing: /external/install/cyclonedds/lib/libcycloneddsidl.so.0.10.2
[20.160s] -- Installing: /external/install/cyclonedds/lib/libcycloneddsidl.so.0
[20.160s] -- Set runtime path of "/external/install/cyclonedds/lib/libcycloneddsidl.so.0.10.2" to "$ORIGIN/../lib"
[20.160s] -- Installing: /external/install/cyclonedds/lib/libcycloneddsidl.so
[20.161s] -- Up-to-date: /external/install/cyclonedds/include
[20.161s] -- Up-to-date: /external/install/cyclonedds/include/dds
[20.161s] -- Installing: /external/install/cyclonedds/include/dds/security
[20.161s] -- Installing: /external/install/cyclonedds/include/dds/security/dds_security_api_types.h
[20.161s] -- Installing: /external/install/cyclonedds/include/dds/security/dds_security_api_err.h
[20.162s] -- Installing: /external/install/cyclonedds/include/dds/security/dds_security_api_access_control.h
[20.162s] -- Installing: /external/install/cyclonedds/include/dds/security/dds_security_api_defs.h
[20.162s] -- Installing: /external/install/cyclonedds/include/dds/security/dds_security_api.h
[20.162s] -- Installing: /external/install/cyclonedds/include/dds/security/dds_security_api_authentication.h
[20.162s] -- Installing: /external/install/cyclonedds/include/dds/security/dds_security_api_cryptography.h
[20.163s] -- Installing: /external/install/cyclonedds/include/dds/security/core/
[20.163s] -- Installing: /external/install/cyclonedds/include/dds/security/core//dds_security_fsm.h
[20.163s] -- Installing: /external/install/cyclonedds/include/dds/security/core//dds_security_types.h
[20.163s] -- Installing: /external/install/cyclonedds/include/dds/security/core//dds_security_serialize.h
[20.163s] -- Installing: /external/install/cyclonedds/include/dds/security/core//dds_security_timed_cb.h
[20.164s] -- Installing: /external/install/cyclonedds/include/dds/security/core//shared_secret.h
[20.164s] -- Installing: /external/install/cyclonedds/include/dds/security/core//dds_security_utils.h
[20.164s] -- Installing: /external/install/cyclonedds/include/dds/security/core//dds_security_plugins.h
[20.165s] -- Installing: /external/install/cyclonedds/lib/libdds_security_ac.so
[20.166s] -- Set runtime path of "/external/install/cyclonedds/lib/libdds_security_ac.so" to "$ORIGIN/../lib"
[20.166s] -- Installing: /external/install/cyclonedds/lib/libdds_security_auth.so
[20.167s] -- Set runtime path of "/external/install/cyclonedds/lib/libdds_security_auth.so" to "$ORIGIN/../lib"
[20.167s] -- Installing: /external/install/cyclonedds/lib/libdds_security_crypto.so
[20.168s] -- Set runtime path of "/external/install/cyclonedds/lib/libdds_security_crypto.so" to "$ORIGIN/../lib"
[20.169s] -- Up-to-date: /external/install/cyclonedds/include
[20.169s] -- Up-to-date: /external/install/cyclonedds/include/dds
[20.169s] -- Installing: /external/install/cyclonedds/include/dds/ddsi
[20.169s] -- Installing: /external/install/cyclonedds/include/dds/ddsi/ddsi_guid.h
[20.169s] -- Installing: /external/install/cyclonedds/include/dds/ddsi/q_misc.h
[20.169s] -- Installing: /external/install/cyclonedds/include/dds/ddsi/ddsi_proxy_participant.h
[20.169s] -- Installing: /external/install/cyclonedds/include/dds/ddsi/ddsi_entity.h
[20.170s] -- Installing: /external/install/cyclonedds/include/dds/ddsi/ddsi_xt_impl.h
[20.170s] -- Installing: /external/install/cyclonedds/include/dds/ddsi/q_xevent.h
[20.170s] -- Installing: /external/install/cyclonedds/include/dds/ddsi/ddsi_ownip.h
[20.170s] -- Installing: /external/install/cyclonedds/include/dds/ddsi/ddsi_vnet.h
[20.170s] -- Installing: /external/install/cyclonedds/include/dds/ddsi/q_debmon.h
[20.171s] -- Installing: /external/install/cyclonedds/include/dds/ddsi/ddsi_entity_match.h
[20.171s] -- Installing: /external/install/cyclonedds/include/dds/ddsi/ddsi_security_msg.h
[20.171s] -- Installing: /external/install/cyclonedds/include/dds/ddsi/ddsi_typelib.h
[20.171s] -- Installing: /external/install/cyclonedds/include/dds/ddsi/ddsi_tcp.h
[20.171s] -- Installing: /external/install/cyclonedds/include/dds/ddsi/ddsi_statistics.h
[20.171s] -- Installing: /external/install/cyclonedds/include/dds/ddsi/ddsi_endpoint.h
[20.172s] -- Installing: /external/install/cyclonedds/include/dds/ddsi/ddsi_vendor.h
[20.172s] -- Installing: /external/install/cyclonedds/include/dds/ddsi/q_inverse_uint32_set.h
[20.172s] -- Installing: /external/install/cyclonedds/include/dds/ddsi/q_qosmatch.h
[20.172s] -- Installing: /external/install/cyclonedds/include/dds/ddsi/ddsi_proxy_endpoint.h
[20.172s] -- Installing: /external/install/cyclonedds/include/dds/ddsi/ddsi_plist_generic.h
[20.173s] -- Installing: /external/install/cyclonedds/include/dds/ddsi/q_log.h
[20.173s] -- Installing: /external/install/cyclonedds/include/dds/ddsi/ddsi_list_tmpl.h
[20.173s] -- Installing: /external/install/cyclonedds/include/dds/ddsi/ddsi_locator.h
[20.173s] -- Installing: /external/install/cyclonedds/include/dds/ddsi/ddsi_xt_typeinfo.h
[20.173s] -- Installing: /external/install/cyclonedds/include/dds/ddsi/ddsi_typebuilder.h
[20.174s] -- Installing: /external/install/cyclonedds/include/dds/ddsi/q_radmin.h
[20.174s] -- Installing: /external/install/cyclonedds/include/dds/ddsi/ddsi_lifespan.h
[20.174s] -- Installing: /external/install/cyclonedds/include/dds/ddsi/q_freelist.h
[20.174s] -- Installing: /external/install/cyclonedds/include/dds/ddsi/ddsi_sertype.h
[20.174s] -- Installing: /external/install/cyclonedds/include/dds/ddsi/q_rtps.h
[20.175s] -- Installing: /external/install/cyclonedds/include/dds/ddsi/ddsi_xt_typelookup.h
[20.175s] -- Installing: /external/install/cyclonedds/include/dds/ddsi/q_protocol.h
[20.175s] -- Installing: /external/install/cyclonedds/include/dds/ddsi/ddsi_builtin_topic_if.h
[20.175s] -- Installing: /external/install/cyclonedds/include/dds/ddsi/ddsi_pmd.h
[20.175s] -- Installing: /external/install/cyclonedds/include/dds/ddsi/ddsi_domaingv.h
[20.175s] -- Installing: /external/install/cyclonedds/include/dds/ddsi/ddsi_config_impl.h
[20.176s] -- Installing: /external/install/cyclonedds/include/dds/ddsi/ddsi_serdata.h
[20.176s] -- Installing: /external/install/cyclonedds/include/dds/ddsi/q_lat_estim.h
[20.176s] -- Installing: /external/install/cyclonedds/include/dds/ddsi/ddsi_security_exchange.h
[20.176s] -- Installing: /external/install/cyclonedds/include/dds/ddsi/ddsi_participant.h
[20.176s] -- Installing: /external/install/cyclonedds/include/dds/ddsi/ddsi_xt_typelookup.idl
[20.177s] -- Installing: /external/install/cyclonedds/include/dds/ddsi/ddsi_portmapping.h
[20.177s] -- Installing: /external/install/cyclonedds/include/dds/ddsi/ddsi_config.h
[20.177s] -- Installing: /external/install/cyclonedds/include/dds/ddsi/ddsi_cdrstream.h
[20.177s] -- Installing: /external/install/cyclonedds/include/dds/ddsi/q_addrset.h
[20.177s] -- Installing: /external/install/cyclonedds/include/dds/ddsi/ddsi_threadmon.h
[20.177s] -- Installing: /external/install/cyclonedds/include/dds/ddsi/ddsi_sertopic.h
[20.178s] -- Installing: /external/install/cyclonedds/include/dds/ddsi/q_hbcontrol.h
[20.178s] -- Installing: /external/install/cyclonedds/include/dds/ddsi/ddsi_ssl.h
[20.178s] -- Installing: /external/install/cyclonedds/include/dds/ddsi/ddsi_cfgelems.h
[20.178s] -- Installing: /external/install/cyclonedds/include/dds/ddsi/ddsi_deliver_locally.h
[20.179s] -- Installing: /external/install/cyclonedds/include/dds/ddsi/ddsi_tkmap.h
[20.179s] -- Installing: /external/install/cyclonedds/include/dds/ddsi/q_xmsg.h
[20.179s] -- Installing: /external/install/cyclonedds/include/dds/ddsi/q_feature_check.h
[20.179s] -- Installing: /external/install/cyclonedds/include/dds/ddsi/ddsi_iid.h
[20.179s] -- Installing: /external/install/cyclonedds/include/dds/ddsi/ddsi_raweth.h
[20.179s] -- Installing: /external/install/cyclonedds/include/dds/ddsi/ddsi_xt_typemap.h
[20.180s] -- Installing: /external/install/cyclonedds/include/dds/ddsi/q_bswap.h
[20.180s] -- Installing: /external/install/cyclonedds/include/dds/ddsi/ddsi_mcgroup.h
[20.180s] -- Installing: /external/install/cyclonedds/include/dds/ddsi/ddsi_rhc.h
[20.180s] -- Installing: /external/install/cyclonedds/include/dds/ddsi/ddsi_xt_typemap.idl
[20.180s] -- Installing: /external/install/cyclonedds/include/dds/ddsi/q_init.h
[20.180s] -- Installing: /external/install/cyclonedds/include/dds/ddsi/q_whc.h
[20.181s] -- Installing: /external/install/cyclonedds/include/dds/ddsi/sysdeps.h
[20.181s] -- Installing: /external/install/cyclonedds/include/dds/ddsi/ddsi_udp.h
[20.181s] -- Installing: /external/install/cyclonedds/include/dds/ddsi/ddsi_acknack.h
[20.181s] -- Installing: /external/install/cyclonedds/include/dds/ddsi/ddsi_keyhash.h
[20.181s] -- Installing: /external/install/cyclonedds/include/dds/ddsi/ddsi_ipaddr.h
[20.182s] -- Installing: /external/install/cyclonedds/include/dds/ddsi/q_bitset.h
[20.182s] -- Installing: /external/install/cyclonedds/include/dds/ddsi/ddsi_plist.h
[20.182s] -- Installing: /external/install/cyclonedds/include/dds/ddsi/ddsi_handshake.h
[20.182s] -- Installing: /external/install/cyclonedds/include/dds/ddsi/q_transmit.h
[20.182s] -- Installing: /external/install/cyclonedds/include/dds/ddsi/ddsi_list_genptr.h
[20.182s] -- Installing: /external/install/cyclonedds/include/dds/ddsi/ddsi_wraddrset.h
[20.183s] -- Installing: /external/install/cyclonedds/include/dds/ddsi/q_pcap.h
[20.183s] -- Installing: /external/install/cyclonedds/include/dds/ddsi/q_sockwaitset.h
[20.183s] -- Installing: /external/install/cyclonedds/include/dds/ddsi/ddsi_entity_index.h
[20.183s] -- Installing: /external/install/cyclonedds/include/dds/ddsi/q_receive.h
[20.183s] -- Installing: /external/install/cyclonedds/include/dds/ddsi/ddsi_serdata_pserop.h
[20.184s] -- Installing: /external/install/cyclonedds/include/dds/ddsi/ddsi_typewrap.h
[20.184s] -- Installing: /external/install/cyclonedds/include/dds/ddsi/ddsi_typelookup.h
[20.184s] -- Installing: /external/install/cyclonedds/include/dds/ddsi/ddsi_xt_typeinfo.idl
[20.184s] -- Installing: /external/install/cyclonedds/include/dds/ddsi/q_thread.h
[20.184s] -- Installing: /external/install/cyclonedds/include/dds/ddsi/ddsi_deadline.h
[20.185s] -- Installing: /external/install/cyclonedds/include/dds/ddsi/q_lease.h
[20.185s] -- Installing: /external/install/cyclonedds/include/dds/ddsi/q_ddsi_discovery.h
[20.185s] -- Installing: /external/install/cyclonedds/include/dds/ddsi/ddsi_time.h
[20.185s] -- Installing: /external/install/cyclonedds/include/dds/ddsi/q_gc.h
[20.185s] -- Installing: /external/install/cyclonedds/include/dds/ddsi/ddsi_serdata_plist.h
[20.186s] -- Installing: /external/install/cyclonedds/include/dds/ddsi/ddsi_tran.h
[20.186s] -- Installing: /external/install/cyclonedds/include/dds/ddsi/ddsi_cfgunits.h
[20.186s] -- Installing: /external/install/cyclonedds/include/dds/ddsi/ddsi_security_util.h
[20.186s] -- Installing: /external/install/cyclonedds/include/dds/ddsi/ddsi_topic.h
[20.186s] -- Installing: /external/install/cyclonedds/include/dds/ddsi/ddsi_serdata_default.h
[20.186s] -- Installing: /external/install/cyclonedds/include/dds/ddsi/ddsi_security_omg.h
[20.187s] -- Installing: /external/install/cyclonedds/include/dds/ddsi/q_unused.h
[20.187s] -- Installing: /external/install/cyclonedds/include/dds/ddsi/ddsi_shm_transport.h
[20.187s] -- Installing: /external/install/cyclonedds/include/dds/ddsi/ddsi_xqos.h
[20.187s] -- Up-to-date: /external/install/cyclonedds/include
[20.187s] -- Installing: /external/install/cyclonedds/include/ddsc
[20.188s] -- Installing: /external/install/cyclonedds/include/ddsc/dds.h
[20.188s] -- Up-to-date: /external/install/cyclonedds/include/dds
[20.188s] -- Installing: /external/install/cyclonedds/include/dds/ddsc
[20.188s] -- Installing: /external/install/cyclonedds/include/dds/ddsc/dds_public_qos.h
[20.188s] -- Installing: /external/install/cyclonedds/include/dds/ddsc/dds_internal_api.h
[20.188s] -- Installing: /external/install/cyclonedds/include/dds/ddsc/dds_opcodes.h
[20.189s] -- Installing: /external/install/cyclonedds/include/dds/ddsc/dds_public_alloc.h
[20.189s] -- Installing: /external/install/cyclonedds/include/dds/ddsc/dds_data_allocator.h
[20.189s] -- Installing: /external/install/cyclonedds/include/dds/ddsc/dds_loan_api.h
[20.189s] -- Installing: /external/install/cyclonedds/include/dds/ddsc/dds_public_listener.h
[20.189s] -- Installing: /external/install/cyclonedds/include/dds/ddsc/dds_rhc.h
[20.190s] -- Installing: /external/install/cyclonedds/include/dds/ddsc/dds_statistics.h
[20.190s] -- Installing: /external/install/cyclonedds/include/dds/ddsc/dds_public_impl.h
[20.190s] -- Installing: /external/install/cyclonedds/include/dds/ddsc/dds_public_qosdefs.h
[20.190s] -- Installing: /external/install/cyclonedds/include/dds/ddsc/dds_basic_types.h
[20.190s] -- Installing: /external/install/cyclonedds/include/dds/ddsc/dds_public_error.h
[20.190s] -- Installing: /external/install/cyclonedds/include/dds/ddsc/dds_public_status.h
[20.191s] -- Installing: /external/install/cyclonedds/include/dds/dds.h
[20.191s] -- Up-to-date: /external/install/cyclonedds/include
[20.191s] -- Up-to-date: /external/install/cyclonedds/include/dds
[20.191s] -- Installing: /external/install/cyclonedds/include/dds/export.h
[20.192s] -- Installing: /external/install/cyclonedds/lib/libddsc.so.0.10.2
[20.204s] -- Installing: /external/install/cyclonedds/lib/libddsc.so.0
[20.205s] -- Set runtime path of "/external/install/cyclonedds/lib/libddsc.so.0.10.2" to "$ORIGIN/../lib"
[20.205s] -- Installing: /external/install/cyclonedds/lib/libddsc.so
[20.206s] -- Installing: /external/install/cyclonedds/share/doc/CycloneDDS/CONTRIBUTING.md
[20.206s] -- Installing: /external/install/cyclonedds/share/doc/CycloneDDS/CYCLONEDDS_QUALITY_DECLARATION.md
[20.206s] -- Installing: /external/install/cyclonedds/share/doc/CycloneDDS/LICENSE
[20.206s] -- Installing: /external/install/cyclonedds/share/doc/CycloneDDS/NOTICE.md
[20.206s] -- Installing: /external/install/cyclonedds/share/doc/CycloneDDS/README.md
[20.206s] -- Installing: /external/install/cyclonedds/share/doc/CycloneDDS/CHANGELOG.rst
[20.212s] Invoked command in '/external/build/cyclonedds' returned '0': CMAKE_PREFIX_PATH=/opt/ros/humble /usr/bin/cmake --install /external/build/cyclonedds
