[0.049s] Invoking command in '/external/build/hesai_lidar': CMAKE_PREFIX_PATH=/opt/ros/humble /usr/bin/cmake --build /external/build/hesai_lidar -- -j8 -l8
[0.246s] [  2%] Built target hesai_lidar__cpp
[0.273s] [ 12%] Built target hesai_lidar__rosidl_generator_c
[0.343s] [ 12%] Built target ament_cmake_python_symlink_hesai_lidar
[0.359s] [ 21%] Built target hesai_lidar__rosidl_typesupport_introspection_cpp
[0.415s] [ 31%] Built target hesai_lidar__rosidl_typesupport_introspection_c
[0.435s] [ 41%] Built target hesai_lidar__rosidl_typesupport_cpp
[0.455s] [ 51%] Built target hesai_lidar__rosidl_typesupport_fastrtps_cpp
[0.462s] [ 60%] Built target hesai_lidar__rosidl_typesupport_fastrtps_c
[0.472s] [ 70%] Built target hesai_lidar__rosidl_typesupport_c
[0.586s] [ 75%] Built target hesai_lidar_node
[0.710s] [ 75%] Built target hesai_lidar
[0.787s] [ 78%] Built target hesai_lidar__py
[0.887s] [ 85%] Built target hesai_lidar__rosidl_generator_py
[0.976s] [ 90%] Built target hesai_lidar__rosidl_typesupport_c__pyext
[0.992s] [ 95%] Built target hesai_lidar__rosidl_typesupport_fastrtps_c__pyext
[1.005s] [100%] Built target hesai_lidar__rosidl_typesupport_introspection_c__pyext
[1.021s] running egg_info
[1.023s] writing hesai_lidar.egg-info/PKG-INFO
[1.023s] writing dependency_links to hesai_lidar.egg-info/dependency_links.txt
[1.024s] writing top-level names to hesai_lidar.egg-info/top_level.txt
[1.031s] reading manifest file 'hesai_lidar.egg-info/SOURCES.txt'
[1.033s] writing manifest file 'hesai_lidar.egg-info/SOURCES.txt'
[1.151s] [100%] Built target ament_cmake_python_build_hesai_lidar_egg
[1.207s] Invoked command in '/external/build/hesai_lidar' returned '0': CMAKE_PREFIX_PATH=/opt/ros/humble /usr/bin/cmake --build /external/build/hesai_lidar -- -j8 -l8
[1.214s] Invoking command in '/external/build/hesai_lidar': CMAKE_PREFIX_PATH=/opt/ros/humble /usr/bin/cmake --install /external/build/hesai_lidar
[1.227s] -- Install configuration: ""
[1.230s] -- Execute custom install script
[1.231s] -- Up-to-date symlink: /external/install/hesai_lidar/share/ament_index/resource_index/rosidl_interfaces/hesai_lidar
[1.232s] -- Up-to-date symlink: /external/install/hesai_lidar/include/hesai_lidar/hesai_lidar/msg/detail/pandar_packet__functions.h
[1.233s] -- Up-to-date symlink: /external/install/hesai_lidar/include/hesai_lidar/hesai_lidar/msg/detail/pandar_packet__struct.h
[1.233s] -- Up-to-date symlink: /external/install/hesai_lidar/include/hesai_lidar/hesai_lidar/msg/detail/pandar_packet__type_support.h
[1.234s] -- Up-to-date symlink: /external/install/hesai_lidar/include/hesai_lidar/hesai_lidar/msg/detail/pandar_scan__functions.h
[1.234s] -- Up-to-date symlink: /external/install/hesai_lidar/include/hesai_lidar/hesai_lidar/msg/detail/pandar_scan__struct.h
[1.234s] -- Up-to-date symlink: /external/install/hesai_lidar/include/hesai_lidar/hesai_lidar/msg/detail/pandar_scan__type_support.h
[1.235s] -- Up-to-date symlink: /external/install/hesai_lidar/include/hesai_lidar/hesai_lidar/msg/pandar_packet.h
[1.235s] -- Up-to-date symlink: /external/install/hesai_lidar/include/hesai_lidar/hesai_lidar/msg/pandar_scan.h
[1.236s] -- Up-to-date symlink: /external/install/hesai_lidar/include/hesai_lidar/hesai_lidar/msg/rosidl_generator_c__visibility_control.h
[1.236s] -- Up-to-date symlink: /external/install/hesai_lidar/share/hesai_lidar/environment/library_path.sh
[1.236s] -- Up-to-date symlink: /external/install/hesai_lidar/share/hesai_lidar/environment/library_path.dsv
[1.237s] -- Up-to-date symlink: /external/install/hesai_lidar/include/hesai_lidar/hesai_lidar/msg/detail/pandar_packet__rosidl_typesupport_fastrtps_c.h
[1.237s] -- Up-to-date symlink: /external/install/hesai_lidar/include/hesai_lidar/hesai_lidar/msg/detail/pandar_scan__rosidl_typesupport_fastrtps_c.h
[1.238s] -- Up-to-date symlink: /external/install/hesai_lidar/include/hesai_lidar/hesai_lidar/msg/rosidl_typesupport_fastrtps_c__visibility_control.h
[1.238s] -- Up-to-date symlink: /external/install/hesai_lidar/include/hesai_lidar/hesai_lidar/msg/detail/pandar_packet__builder.hpp
[1.238s] -- Up-to-date symlink: /external/install/hesai_lidar/include/hesai_lidar/hesai_lidar/msg/detail/pandar_packet__struct.hpp
[1.239s] -- Up-to-date symlink: /external/install/hesai_lidar/include/hesai_lidar/hesai_lidar/msg/detail/pandar_packet__traits.hpp
[1.239s] -- Up-to-date symlink: /external/install/hesai_lidar/include/hesai_lidar/hesai_lidar/msg/detail/pandar_packet__type_support.hpp
[1.239s] -- Up-to-date symlink: /external/install/hesai_lidar/include/hesai_lidar/hesai_lidar/msg/detail/pandar_scan__builder.hpp
[1.239s] -- Up-to-date symlink: /external/install/hesai_lidar/include/hesai_lidar/hesai_lidar/msg/detail/pandar_scan__struct.hpp
[1.240s] -- Up-to-date symlink: /external/install/hesai_lidar/include/hesai_lidar/hesai_lidar/msg/detail/pandar_scan__traits.hpp
[1.240s] -- Up-to-date symlink: /external/install/hesai_lidar/include/hesai_lidar/hesai_lidar/msg/detail/pandar_scan__type_support.hpp
[1.240s] -- Up-to-date symlink: /external/install/hesai_lidar/include/hesai_lidar/hesai_lidar/msg/pandar_packet.hpp
[1.240s] -- Up-to-date symlink: /external/install/hesai_lidar/include/hesai_lidar/hesai_lidar/msg/pandar_scan.hpp
[1.240s] -- Up-to-date symlink: /external/install/hesai_lidar/include/hesai_lidar/hesai_lidar/msg/rosidl_generator_cpp__visibility_control.hpp
[1.241s] -- Up-to-date symlink: /external/install/hesai_lidar/include/hesai_lidar/hesai_lidar/msg/detail/pandar_packet__rosidl_typesupport_fastrtps_cpp.hpp
[1.242s] -- Up-to-date symlink: /external/install/hesai_lidar/include/hesai_lidar/hesai_lidar/msg/detail/pandar_scan__rosidl_typesupport_fastrtps_cpp.hpp
[1.242s] -- Up-to-date symlink: /external/install/hesai_lidar/include/hesai_lidar/hesai_lidar/msg/rosidl_typesupport_fastrtps_cpp__visibility_control.h
[1.243s] -- Up-to-date symlink: /external/install/hesai_lidar/include/hesai_lidar/hesai_lidar/msg/detail/pandar_packet__rosidl_typesupport_introspection_c.h
[1.243s] -- Up-to-date symlink: /external/install/hesai_lidar/include/hesai_lidar/hesai_lidar/msg/detail/pandar_scan__rosidl_typesupport_introspection_c.h
[1.243s] -- Up-to-date symlink: /external/install/hesai_lidar/include/hesai_lidar/hesai_lidar/msg/rosidl_typesupport_introspection_c__visibility_control.h
[1.244s] -- Up-to-date symlink: /external/install/hesai_lidar/include/hesai_lidar/hesai_lidar/msg/detail/pandar_packet__rosidl_typesupport_introspection_cpp.hpp
[1.244s] -- Up-to-date symlink: /external/install/hesai_lidar/include/hesai_lidar/hesai_lidar/msg/detail/pandar_scan__rosidl_typesupport_introspection_cpp.hpp
[1.244s] -- Up-to-date symlink: /external/install/hesai_lidar/share/hesai_lidar/environment/pythonpath.sh
[1.245s] -- Up-to-date symlink: /external/install/hesai_lidar/share/hesai_lidar/environment/pythonpath.dsv
[1.245s] -- Up-to-date symlink: /external/install/hesai_lidar/local/lib/python3.10/dist-packages/hesai_lidar-0.9.2-py3.10.egg-info/PKG-INFO
[1.245s] -- Up-to-date symlink: /external/install/hesai_lidar/local/lib/python3.10/dist-packages/hesai_lidar-0.9.2-py3.10.egg-info/SOURCES.txt
[1.246s] -- Up-to-date symlink: /external/install/hesai_lidar/local/lib/python3.10/dist-packages/hesai_lidar-0.9.2-py3.10.egg-info/dependency_links.txt
[1.246s] -- Up-to-date symlink: /external/install/hesai_lidar/local/lib/python3.10/dist-packages/hesai_lidar-0.9.2-py3.10.egg-info/top_level.txt
[1.250s] -- Up-to-date symlink: /external/install/hesai_lidar/local/lib/python3.10/dist-packages/hesai_lidar/__init__.py
[1.250s] -- Up-to-date symlink: /external/install/hesai_lidar/local/lib/python3.10/dist-packages/hesai_lidar/_hesai_lidar_s.ep.rosidl_typesupport_c.c
[1.250s] -- Up-to-date symlink: /external/install/hesai_lidar/local/lib/python3.10/dist-packages/hesai_lidar/_hesai_lidar_s.ep.rosidl_typesupport_fastrtps_c.c
[1.251s] -- Up-to-date symlink: /external/install/hesai_lidar/local/lib/python3.10/dist-packages/hesai_lidar/_hesai_lidar_s.ep.rosidl_typesupport_introspection_c.c
[1.252s] -- Up-to-date symlink: /external/install/hesai_lidar/local/lib/python3.10/dist-packages/hesai_lidar/hesai_lidar_s__rosidl_typesupport_c.cpython-310-aarch64-linux-gnu.so
[1.252s] -- Up-to-date symlink: /external/install/hesai_lidar/local/lib/python3.10/dist-packages/hesai_lidar/hesai_lidar_s__rosidl_typesupport_fastrtps_c.cpython-310-aarch64-linux-gnu.so
[1.252s] -- Up-to-date symlink: /external/install/hesai_lidar/local/lib/python3.10/dist-packages/hesai_lidar/hesai_lidar_s__rosidl_typesupport_introspection_c.cpython-310-aarch64-linux-gnu.so
[1.253s] -- Up-to-date symlink: /external/install/hesai_lidar/local/lib/python3.10/dist-packages/hesai_lidar/libhesai_lidar__rosidl_generator_py.so
[1.253s] -- Up-to-date symlink: /external/install/hesai_lidar/local/lib/python3.10/dist-packages/hesai_lidar/msg/__init__.py
[1.254s] -- Up-to-date symlink: /external/install/hesai_lidar/local/lib/python3.10/dist-packages/hesai_lidar/msg/_pandar_packet.py
[1.254s] -- Up-to-date symlink: /external/install/hesai_lidar/local/lib/python3.10/dist-packages/hesai_lidar/msg/_pandar_packet_s.c
[1.255s] -- Up-to-date symlink: /external/install/hesai_lidar/local/lib/python3.10/dist-packages/hesai_lidar/msg/_pandar_scan.py
[1.255s] -- Up-to-date symlink: /external/install/hesai_lidar/local/lib/python3.10/dist-packages/hesai_lidar/msg/_pandar_scan_s.c
[1.257s] -- Up-to-date symlink: /external/install/hesai_lidar/local/lib/python3.10/dist-packages/hesai_lidar/hesai_lidar_s__rosidl_typesupport_fastrtps_c.cpython-310-aarch64-linux-gnu.so
[1.259s] -- Up-to-date symlink: /external/install/hesai_lidar/local/lib/python3.10/dist-packages/hesai_lidar/hesai_lidar_s__rosidl_typesupport_introspection_c.cpython-310-aarch64-linux-gnu.so
[1.259s] -- Up-to-date symlink: /external/install/hesai_lidar/local/lib/python3.10/dist-packages/hesai_lidar/hesai_lidar_s__rosidl_typesupport_c.cpython-310-aarch64-linux-gnu.so
[1.261s] -- Up-to-date symlink: /external/install/hesai_lidar/share/hesai_lidar/msg/PandarPacket.idl
[1.261s] -- Up-to-date symlink: /external/install/hesai_lidar/share/hesai_lidar/msg/PandarScan.idl
[1.261s] -- Up-to-date symlink: /external/install/hesai_lidar/share/hesai_lidar/msg/PandarPacket.msg
[1.263s] -- Up-to-date symlink: /external/install/hesai_lidar/share/hesai_lidar/msg/PandarScan.msg
[1.266s] -- Up-to-date symlink: /external/install/hesai_lidar/lib/hesai_lidar/hesai_lidar_node
[1.268s] -- Up-to-date symlink: /external/install/hesai_lidar/share/hesai_lidar/launch/hesai_lidar_launch.py
[1.271s] -- Up-to-date symlink: /external/install/hesai_lidar/lib/hesai_lidar/libPandarGeneral.so
[1.271s] -- Up-to-date symlink: /external/install/hesai_lidar/lib/hesai_lidar/libPandarGeneralSDK.so
[1.272s] -- Up-to-date symlink: /external/install/hesai_lidar/share/ament_index/resource_index/package_run_dependencies/hesai_lidar
[1.273s] -- Up-to-date symlink: /external/install/hesai_lidar/share/ament_index/resource_index/parent_prefix_path/hesai_lidar
[1.274s] -- Up-to-date symlink: /external/install/hesai_lidar/share/hesai_lidar/environment/ament_prefix_path.sh
[1.275s] -- Up-to-date symlink: /external/install/hesai_lidar/share/hesai_lidar/environment/ament_prefix_path.dsv
[1.275s] -- Up-to-date symlink: /external/install/hesai_lidar/share/hesai_lidar/environment/path.sh
[1.276s] -- Up-to-date symlink: /external/install/hesai_lidar/share/hesai_lidar/environment/path.dsv
[1.276s] -- Up-to-date symlink: /external/install/hesai_lidar/share/hesai_lidar/local_setup.bash
[1.277s] -- Up-to-date symlink: /external/install/hesai_lidar/share/hesai_lidar/local_setup.sh
[1.279s] -- Up-to-date symlink: /external/install/hesai_lidar/share/hesai_lidar/local_setup.zsh
[1.279s] -- Up-to-date symlink: /external/install/hesai_lidar/share/hesai_lidar/local_setup.dsv
[1.280s] -- Symlinking: /external/install/hesai_lidar/share/hesai_lidar/package.dsv
[1.317s] -- Up-to-date symlink: /external/install/hesai_lidar/share/ament_index/resource_index/packages/hesai_lidar
[1.318s] -- Up-to-date symlink: /external/install/hesai_lidar/share/hesai_lidar/cmake/ament_cmake_export_dependencies-extras.cmake
[1.318s] -- Up-to-date symlink: /external/install/hesai_lidar/share/hesai_lidar/cmake/rosidl_cmake-extras.cmake
[1.318s] -- Up-to-date symlink: /external/install/hesai_lidar/share/hesai_lidar/cmake/ament_cmake_export_include_directories-extras.cmake
[1.318s] -- Up-to-date symlink: /external/install/hesai_lidar/share/hesai_lidar/cmake/ament_cmake_export_libraries-extras.cmake
[1.319s] -- Up-to-date symlink: /external/install/hesai_lidar/share/hesai_lidar/cmake/ament_cmake_export_targets-extras.cmake
[1.319s] -- Up-to-date symlink: /external/install/hesai_lidar/share/hesai_lidar/cmake/rosidl_cmake_export_typesupport_targets-extras.cmake
[1.319s] -- Up-to-date symlink: /external/install/hesai_lidar/share/hesai_lidar/cmake/rosidl_cmake_export_typesupport_libraries-extras.cmake
[1.320s] -- Up-to-date symlink: /external/install/hesai_lidar/share/hesai_lidar/cmake/hesai_lidarConfig.cmake
[1.320s] -- Up-to-date symlink: /external/install/hesai_lidar/share/hesai_lidar/cmake/hesai_lidarConfig-version.cmake
[1.320s] -- Up-to-date symlink: /external/install/hesai_lidar/share/hesai_lidar/package.xml
[1.321s] -- Up-to-date: /external/install/hesai_lidar/lib/libhesai_lidar__rosidl_generator_c.so
[1.322s] -- Up-to-date: /external/install/hesai_lidar/lib/libhesai_lidar__rosidl_typesupport_fastrtps_c.so
[1.322s] -- Up-to-date: /external/install/hesai_lidar/lib/libhesai_lidar__rosidl_typesupport_fastrtps_cpp.so
[1.322s] -- Up-to-date: /external/install/hesai_lidar/lib/libhesai_lidar__rosidl_typesupport_introspection_c.so
[1.323s] -- Up-to-date: /external/install/hesai_lidar/lib/libhesai_lidar__rosidl_typesupport_c.so
[1.323s] -- Up-to-date: /external/install/hesai_lidar/lib/libhesai_lidar__rosidl_typesupport_introspection_cpp.so
[1.324s] -- Up-to-date: /external/install/hesai_lidar/lib/libhesai_lidar__rosidl_typesupport_cpp.so
[1.354s] Listing '/external/install/hesai_lidar/local/lib/python3.10/dist-packages/hesai_lidar'...
[1.355s] Listing '/external/install/hesai_lidar/local/lib/python3.10/dist-packages/hesai_lidar/msg'...
[1.366s] -- Up-to-date: /external/install/hesai_lidar/lib/libhesai_lidar__rosidl_generator_py.so
[1.366s] -- Up-to-date: /external/install/hesai_lidar/share/hesai_lidar/cmake/export_hesai_lidar__rosidl_generator_cExport.cmake
[1.366s] -- Up-to-date: /external/install/hesai_lidar/share/hesai_lidar/cmake/export_hesai_lidar__rosidl_generator_cExport-noconfig.cmake
[1.366s] -- Up-to-date: /external/install/hesai_lidar/share/hesai_lidar/cmake/export_hesai_lidar__rosidl_typesupport_fastrtps_cExport.cmake
[1.367s] -- Up-to-date: /external/install/hesai_lidar/share/hesai_lidar/cmake/export_hesai_lidar__rosidl_typesupport_fastrtps_cExport-noconfig.cmake
[1.367s] -- Up-to-date: /external/install/hesai_lidar/share/hesai_lidar/cmake/export_hesai_lidar__rosidl_generator_cppExport.cmake
[1.367s] -- Up-to-date: /external/install/hesai_lidar/share/hesai_lidar/cmake/export_hesai_lidar__rosidl_typesupport_fastrtps_cppExport.cmake
[1.367s] -- Up-to-date: /external/install/hesai_lidar/share/hesai_lidar/cmake/export_hesai_lidar__rosidl_typesupport_fastrtps_cppExport-noconfig.cmake
[1.367s] -- Up-to-date: /external/install/hesai_lidar/share/hesai_lidar/cmake/hesai_lidar__rosidl_typesupport_introspection_cExport.cmake
[1.367s] -- Up-to-date: /external/install/hesai_lidar/share/hesai_lidar/cmake/hesai_lidar__rosidl_typesupport_introspection_cExport-noconfig.cmake
[1.368s] -- Up-to-date: /external/install/hesai_lidar/share/hesai_lidar/cmake/hesai_lidar__rosidl_typesupport_cExport.cmake
[1.368s] -- Up-to-date: /external/install/hesai_lidar/share/hesai_lidar/cmake/hesai_lidar__rosidl_typesupport_cExport-noconfig.cmake
[1.368s] -- Up-to-date: /external/install/hesai_lidar/share/hesai_lidar/cmake/hesai_lidar__rosidl_typesupport_introspection_cppExport.cmake
[1.368s] -- Up-to-date: /external/install/hesai_lidar/share/hesai_lidar/cmake/hesai_lidar__rosidl_typesupport_introspection_cppExport-noconfig.cmake
[1.368s] -- Up-to-date: /external/install/hesai_lidar/share/hesai_lidar/cmake/hesai_lidar__rosidl_typesupport_cppExport.cmake
[1.368s] -- Up-to-date: /external/install/hesai_lidar/share/hesai_lidar/cmake/hesai_lidar__rosidl_typesupport_cppExport-noconfig.cmake
[1.368s] -- Up-to-date: /external/install/hesai_lidar/share/hesai_lidar/cmake/export_hesai_lidar__rosidl_generator_pyExport.cmake
[1.369s] -- Up-to-date: /external/install/hesai_lidar/share/hesai_lidar/cmake/export_hesai_lidar__rosidl_generator_pyExport-noconfig.cmake
[1.398s] Invoked command in '/external/build/hesai_lidar' returned '0': CMAKE_PREFIX_PATH=/opt/ros/humble /usr/bin/cmake --install /external/build/hesai_lidar
