[0.019s] Invoking command in '/external/build/go2_demo': AMENT_PREFIX_PATH=/external/install/unitree_go:/external/install/unitree_api:${AMENT_PREFIX_PATH} CMAKE_PREFIX_PATH=/external/install/unitree_go:/external/install/unitree_api:/opt/ros/humble LD_LIBRARY_PATH=/external/install/unitree_go/lib:/external/install/unitree_api/lib:${LD_LIBRARY_PATH} PYTHONPATH=/external/install/unitree_go/local/lib/python3.10/dist-packages:/external/install/unitree_api/local/lib/python3.10/dist-packages:${PYTHONPATH} /usr/bin/cmake /external/src/go2_unitree_ros2 -DAMENT_CMAKE_SYMLINK_INSTALL=1 -DCMAKE_INSTALL_PREFIX=/external/install/go2_demo
[0.141s] -- The C compiler identification is GNU 11.4.0
[0.227s] -- The CXX compiler identification is GNU 11.4.0
[0.237s] -- Detecting C compiler ABI info
[0.358s] -- Detecting C compiler ABI info - done
[0.369s] -- Check for working C compiler: /usr/bin/cc - skipped
[0.369s] -- Detecting C compile features
[0.369s] -- Detecting C compile features - done
[0.377s] -- Detecting CXX compiler ABI info
[0.507s] -- Detecting CXX compiler ABI info - done
[0.518s] -- Check for working CXX compiler: /usr/bin/c++ - skipped
[0.518s] -- Detecting CXX compile features
[0.518s] -- Detecting CXX compile features - done
[0.526s] -- Found ament_cmake: 1.3.11 (/opt/ros/humble/share/ament_cmake/cmake)
[0.806s] -- Found Python3: /usr/bin/python3 (found version "3.10.12") found components: Interpreter 
[0.948s] -- Override CMake install command with custom implementation using symlinks instead of copying resources
[1.017s] -- Found unitree_go: 0.0.0 (/external/install/unitree_go/share/unitree_go/cmake)
[1.098s] -- Found rosidl_generator_c: 3.1.6 (/opt/ros/humble/share/rosidl_generator_c/cmake)
[1.109s] -- Found rosidl_adapter: 3.1.6 (/opt/ros/humble/share/rosidl_adapter/cmake)
[1.126s] -- Found rosidl_generator_cpp: 3.1.6 (/opt/ros/humble/share/rosidl_generator_cpp/cmake)
[1.153s] -- Using all available rosidl_typesupport_c: rosidl_typesupport_fastrtps_c;rosidl_typesupport_introspection_c
[1.190s] -- Using all available rosidl_typesupport_cpp: rosidl_typesupport_fastrtps_cpp;rosidl_typesupport_introspection_cpp
[1.287s] -- Found unitree_api: 0.0.0 (/external/install/unitree_api/share/unitree_api/cmake)
[1.312s] -- Found rclcpp: 16.0.12 (/opt/ros/humble/share/rclcpp/cmake)
[1.397s] -- Found rmw_implementation_cmake: 6.1.2 (/opt/ros/humble/share/rmw_implementation_cmake/cmake)
[1.403s] -- Found rmw_fastrtps_cpp: 6.2.7 (/opt/ros/humble/share/rmw_fastrtps_cpp/cmake)
[1.595s] -- Found OpenSSL: /usr/lib/aarch64-linux-gnu/libcrypto.so (found version "3.0.2")  
[1.646s] -- Found FastRTPS: /opt/ros/humble/include  
[1.733s] -- Using RMW implementation 'rmw_fastrtps_cpp' as default
[1.753s] -- Looking for pthread.h
[1.889s] -- Looking for pthread.h - found
[1.889s] -- Performing Test CMAKE_HAVE_LIBC_PTHREAD
[2.012s] -- Performing Test CMAKE_HAVE_LIBC_PTHREAD - Success
[2.014s] -- Found Threads: TRUE  
[2.083s] -- Found rosbag2_cpp: 0.15.14 (/opt/ros/humble/share/rosbag2_cpp/cmake)
[2.181s] -- Found sensor_msgs: 4.8.0 (/opt/ros/humble/share/sensor_msgs/cmake)
[2.216s] -- Found ament_lint_auto: 0.12.12 (/opt/ros/humble/share/ament_lint_auto/cmake)
[2.395s] -- Added test 'copyright' to check source files copyright and LICENSE
[2.408s] -- Added test 'cppcheck' to perform static code analysis on C / C++ code
[2.408s] -- Configured cppcheck include dirs: /external/src/go2_unitree_ros2/include;/external/src/go2_unitree_ros2/include/common;/external/src/go2_unitree_ros2/include/nlohmann;/external/src/go2_unitree_ros2/include/devel
[2.408s] -- Configured cppcheck exclude dirs and/or files: 
[2.417s] -- Added test 'cpplint' to check C / C++ code against the Google style
[2.417s] -- Configured cpplint exclude dirs and/or files: 
[2.421s] -- Added test 'lint_cmake' to check CMake code style
[2.431s] -- Added test 'uncrustify' to check C / C++ code style
[2.431s] -- Configured uncrustify additional arguments: 
[2.432s] -- Added test 'xmllint' to check XML markup files
[2.435s] -- Configuring done
[2.462s] -- Generating done
[2.470s] -- Build files have been written to: /external/build/go2_demo
[2.504s] Invoked command in '/external/build/go2_demo' returned '0': AMENT_PREFIX_PATH=/external/install/unitree_go:/external/install/unitree_api:${AMENT_PREFIX_PATH} CMAKE_PREFIX_PATH=/external/install/unitree_go:/external/install/unitree_api:/opt/ros/humble LD_LIBRARY_PATH=/external/install/unitree_go/lib:/external/install/unitree_api/lib:${LD_LIBRARY_PATH} PYTHONPATH=/external/install/unitree_go/local/lib/python3.10/dist-packages:/external/install/unitree_api/local/lib/python3.10/dist-packages:${PYTHONPATH} /usr/bin/cmake /external/src/go2_unitree_ros2 -DAMENT_CMAKE_SYMLINK_INSTALL=1 -DCMAKE_INSTALL_PREFIX=/external/install/go2_demo
[2.507s] Invoking command in '/external/build/go2_demo': AMENT_PREFIX_PATH=/external/install/unitree_go:/external/install/unitree_api:${AMENT_PREFIX_PATH} CMAKE_PREFIX_PATH=/external/install/unitree_go:/external/install/unitree_api:/opt/ros/humble LD_LIBRARY_PATH=/external/install/unitree_go/lib:/external/install/unitree_api/lib:${LD_LIBRARY_PATH} PYTHONPATH=/external/install/unitree_go/local/lib/python3.10/dist-packages:/external/install/unitree_api/local/lib/python3.10/dist-packages:${PYTHONPATH} /usr/bin/cmake --build /external/build/go2_demo -- -j8 -l8
[2.597s] [ 50%] [32mBuilding CXX object CMakeFiles/imu_publisher.dir/src/devel/imu_publisher.cpp.o[0m
[20.001s] [100%] [32m[1mLinking CXX executable imu_publisher[0m
[20.750s] [100%] Built target imu_publisher
