-- The C compiler identification is GNU 11.4.0
-- The CXX compiler identification is GNU 11.4.0
-- Detecting C compiler ABI info
-- Detecting C compiler ABI info - done
-- Check for working C compiler: /usr/bin/cc - skipped
-- Detecting C compile features
-- Detecting C compile features - done
-- Detecting CXX compiler ABI info
-- Detecting CXX compiler ABI info - done
-- Check for working CXX compiler: /usr/bin/c++ - skipped
-- Detecting CXX compile features
-- Detecting CXX compile features - done
-- Found rosidl_default_generators: 1.2.0 (/opt/ros/humble/share/rosidl_default_generators/cmake)
-- Found ament_cmake_core: 1.3.11 (/opt/ros/humble/share/ament_cmake_core/cmake)
-- Found Python3: /usr/bin/python3 (found version "3.10.12") found components: Interpreter 
-- Override CMake install command with custom implementation using symlinks instead of copying resources
-- Using all available rosidl_typesupport_c: rosidl_typesupport_fastrtps_c;rosidl_typesupport_introspection_c
-- Found rosidl_adapter: 3.1.6 (/opt/ros/humble/share/rosidl_adapter/cmake)
-- Using all available rosidl_typesupport_cpp: rosidl_typesupport_fastrtps_cpp;rosidl_typesupport_introspection_cpp
-- Found rclcpp: 16.0.12 (/opt/ros/humble/share/rclcpp/cmake)
-- Found rmw_implementation_cmake: 6.1.2 (/opt/ros/humble/share/rmw_implementation_cmake/cmake)
-- Found rmw_fastrtps_cpp: 6.2.7 (/opt/ros/humble/share/rmw_fastrtps_cpp/cmake)
-- Found OpenSSL: /usr/lib/aarch64-linux-gnu/libcrypto.so (found version "3.0.2")  
-- Found FastRTPS: /opt/ros/humble/include  
-- Using RMW implementation 'rmw_fastrtps_cpp' as default
-- Looking for pthread.h
-- Looking for pthread.h - found
-- Performing Test CMAKE_HAVE_LIBC_PTHREAD
-- Performing Test CMAKE_HAVE_LIBC_PTHREAD - Success
-- Found Threads: TRUE  
-- Found sensor_msgs: 4.8.0 (/opt/ros/humble/share/sensor_msgs/cmake)
-- Found nav_msgs: 4.8.0 (/opt/ros/humble/share/nav_msgs/cmake)
-- Found pcl_ros: 2.4.5 (/opt/ros/humble/share/pcl_ros/cmake)
-- Checking for module 'eigen3'
--   Found eigen3, version 3.4.0
-- Found Eigen: /usr/include/eigen3 (Required is at least version "3.1") 
-- Eigen found (include: /usr/include/eigen3, version: 3.4.0)
-- Checking for module 'flann'
--   Found flann, version 1.9.1
-- Found FLANN: /usr/lib/aarch64-linux-gnu/libflann_cpp.so  
-- FLANN found (include: /usr/include, lib: /usr/lib/aarch64-linux-gnu/libflann_cpp.so)
-- Checking for module 'libusb-1.0'
--   Found libusb-1.0, version 1.0.25
-- Found libusb: /usr/lib/aarch64-linux-gnu/libusb-1.0.so  
-- OpenNI found (version: 1.5.4.0, include: /usr/include/ni, lib: /usr/lib/libOpenNI.so;libusb::libusb)
-- OpenNI2 found (version: 2.2.0.33, include: /usr/include/openni2, lib: /usr/lib/aarch64-linux-gnu/libOpenNI2.so;libusb::libusb)
-- Eigen found (include: /usr/include/eigen3, version: 3.4.0)
-- OpenNI found (version: 1.5.4.0, include: /usr/include/ni, lib: /usr/lib/libOpenNI.so;libusb::libusb)
-- OpenNI2 found (version: 2.2.0.33, include: /usr/include/openni2, lib: /usr/lib/aarch64-linux-gnu/libOpenNI2.so;libusb::libusb)
-- Found Qhull version 8.0.2
-- OpenNI found (version: 1.5.4.0, include: /usr/include/ni, lib: /usr/lib/libOpenNI.so;libusb::libusb)
-- Found PCL_COMMON: /usr/lib/aarch64-linux-gnu/libpcl_common.so  
-- Found PCL_KDTREE: /usr/lib/aarch64-linux-gnu/libpcl_kdtree.so  
-- Found PCL_OCTREE: /usr/lib/aarch64-linux-gnu/libpcl_octree.so  
-- Found PCL_SEARCH: /usr/lib/aarch64-linux-gnu/libpcl_search.so  
-- Found PCL_SAMPLE_CONSENSUS: /usr/lib/aarch64-linux-gnu/libpcl_sample_consensus.so  
-- Found PCL_FILTERS: /usr/lib/aarch64-linux-gnu/libpcl_filters.so  
-- Found PCL_2D: /usr/include/pcl-1.12  
-- Found PCL_GEOMETRY: /usr/include/pcl-1.12  
-- Found PCL_IO: /usr/lib/aarch64-linux-gnu/libpcl_io.so  
-- Found PCL_FEATURES: /usr/lib/aarch64-linux-gnu/libpcl_features.so  
-- Found PCL_ML: /usr/lib/aarch64-linux-gnu/libpcl_ml.so  
-- Found PCL_SEGMENTATION: /usr/lib/aarch64-linux-gnu/libpcl_segmentation.so  
-- Found PCL_VISUALIZATION: /usr/lib/aarch64-linux-gnu/libpcl_visualization.so  
-- Found PCL_SURFACE: /usr/lib/aarch64-linux-gnu/libpcl_surface.so  
-- Found PCL_REGISTRATION: /usr/lib/aarch64-linux-gnu/libpcl_registration.so  
-- Found PCL_KEYPOINTS: /usr/lib/aarch64-linux-gnu/libpcl_keypoints.so  
-- Found PCL_TRACKING: /usr/lib/aarch64-linux-gnu/libpcl_tracking.so  
-- Found PCL_RECOGNITION: /usr/lib/aarch64-linux-gnu/libpcl_recognition.so  
-- Found PCL_STEREO: /usr/lib/aarch64-linux-gnu/libpcl_stereo.so  
-- Found PCL_APPS: /usr/lib/aarch64-linux-gnu/libpcl_apps.so  
-- Found PCL_IN_HAND_SCANNER: /usr/include/pcl-1.12  
-- Found PCL_MODELER: /usr/include/pcl-1.12  
-- Found PCL_POINT_CLOUD_EDITOR: /usr/include/pcl-1.12  
-- Found PCL_OUTOFCORE: /usr/lib/aarch64-linux-gnu/libpcl_outofcore.so  
-- Found PCL_PEOPLE: /usr/lib/aarch64-linux-gnu/libpcl_people.so  
-- Found eigen3_cmake_module: 0.1.1 (/opt/ros/humble/share/eigen3_cmake_module/cmake)
-- Found Eigen3: TRUE (found version "3.4.0") 
-- Ensuring Eigen3 include directory is part of orocos-kdl CMake target
-- Found ament_cmake_ros: 0.10.0 (/opt/ros/humble/share/ament_cmake_ros/cmake)
-- Using all available rosidl_typesupport_c: rosidl_typesupport_fastrtps_c;rosidl_typesupport_introspection_c
-- Using all available rosidl_typesupport_cpp: rosidl_typesupport_fastrtps_cpp;rosidl_typesupport_introspection_cpp
-- Found PythonInterp: /usr/bin/python3 (found suitable version "3.10.12", minimum required is "3.6") 
-- Found python_cmake_module: 0.10.0 (/opt/ros/humble/share/python_cmake_module/cmake)
-- Found PythonLibs: /usr/lib/aarch64-linux-gnu/libpython3.10.so (found suitable version "3.10.12", minimum required is "3.5") 
-- Using PYTHON_EXECUTABLE: /usr/bin/python3
-- Using PYTHON_INCLUDE_DIRS: /usr/include/python3.10
-- Using PYTHON_LIBRARIES: /usr/lib/aarch64-linux-gnu/libpython3.10.so
-- Found PythonExtra: .so  
-- Found OpenMP_C: -fopenmp (found version "4.5") 
-- Found OpenMP_CXX: -fopenmp (found version "4.5") 
-- Found OpenMP: TRUE (found version "4.5")  
-- Configuring done
-- Generating done
-- Build files have been written to: /external/build/direct_lidar_inertial_odometry
[  2%] [34m[1mGenerating C++ code for ROS interfaces[0m
[  2%] Built target direct_lidar_inertial_odometry__cpp
[  4%] [32mBuilding CXX object CMakeFiles/nanoflann.dir/src/nano_gicp/nanoflann.cc.o[0m
[  7%] [32m[1mLinking CXX static library libnanoflann.a[0m
[  7%] Built target nanoflann
[  9%] [34m[1mGenerating C++ introspection for ROS interfaces[0m
[ 11%] [32mBuilding CXX object CMakeFiles/direct_lidar_inertial_odometry__rosidl_typesupport_introspection_cpp.dir/rosidl_typesupport_introspection_cpp/direct_lidar_inertial_odometry/srv/detail/save_pcd__type_support.cpp.o[0m
[ 14%] [32m[1mLinking CXX shared library libdirect_lidar_inertial_odometry__rosidl_typesupport_introspection_cpp.so[0m
[ 14%] Built target direct_lidar_inertial_odometry__rosidl_typesupport_introspection_cpp
[ 16%] [32mBuilding CXX object CMakeFiles/nano_gicp.dir/src/nano_gicp/lsq_registration.cc.o[0m
[ 19%] [32mBuilding CXX object CMakeFiles/nano_gicp.dir/src/nano_gicp/nano_gicp.cc.o[0m
[ 21%] [32m[1mLinking CXX static library libnano_gicp.a[0m
[ 21%] Built target nano_gicp
[ 28%] [34m[1mGenerating C++ type support dispatch for ROS interfaces[0m
[ 28%] [34m[1mGenerating C code for ROS interfaces[0m
[ 28%] [34m[1mGenerating C++ type support for eProsima Fast-RTPS[0m
[ 30%] [32mBuilding CXX object CMakeFiles/dlio_odom_node.dir/src/dlio/odom_node.cc.o[0m
[ 33%] [32mBuilding CXX object CMakeFiles/dlio_odom_node.dir/src/dlio/odom.cc.o[0m
[ 33%] Built target ament_cmake_python_symlink_direct_lidar_inertial_odometry
[ 35%] [32mBuilding CXX object CMakeFiles/direct_lidar_inertial_odometry__rosidl_typesupport_cpp.dir/rosidl_typesupport_cpp/direct_lidar_inertial_odometry/srv/save_pcd__type_support.cpp.o[0m
[ 38%] [32mBuilding CXX object CMakeFiles/direct_lidar_inertial_odometry__rosidl_typesupport_fastrtps_cpp.dir/rosidl_typesupport_fastrtps_cpp/direct_lidar_inertial_odometry/srv/detail/dds_fastrtps/save_pcd__type_support.cpp.o[0m
running egg_info
creating direct_lidar_inertial_odometry.egg-info
writing direct_lidar_inertial_odometry.egg-info/PKG-INFO
writing dependency_links to direct_lidar_inertial_odometry.egg-info/dependency_links.txt
writing top-level names to direct_lidar_inertial_odometry.egg-info/top_level.txt
writing manifest file 'direct_lidar_inertial_odometry.egg-info/SOURCES.txt'
reading manifest file 'direct_lidar_inertial_odometry.egg-info/SOURCES.txt'
writing manifest file 'direct_lidar_inertial_odometry.egg-info/SOURCES.txt'
[ 40%] [32mBuilding C object CMakeFiles/direct_lidar_inertial_odometry__rosidl_generator_c.dir/rosidl_generator_c/direct_lidar_inertial_odometry/srv/detail/save_pcd__functions.c.o[0m
[ 40%] Built target ament_cmake_python_build_direct_lidar_inertial_odometry_egg
[ 42%] [32m[1mLinking C shared library libdirect_lidar_inertial_odometry__rosidl_generator_c.so[0m
[ 42%] Built target direct_lidar_inertial_odometry__rosidl_generator_c
[ 50%] [34m[1mGenerating C type support dispatch for ROS interfaces[0m
[ 50%] [34m[1mGenerating C type support for eProsima Fast-RTPS[0m
[ 50%] [34m[1mGenerating C introspection for ROS interfaces[0m
[ 52%] [32m[1mLinking CXX shared library libdirect_lidar_inertial_odometry__rosidl_typesupport_cpp.so[0m
[ 52%] Built target direct_lidar_inertial_odometry__rosidl_typesupport_cpp
[ 57%] [32mBuilding CXX object CMakeFiles/dlio_map_node.dir/src/dlio/map.cc.o[0m
[ 57%] [32mBuilding CXX object CMakeFiles/dlio_map_node.dir/src/dlio/map_node.cc.o[0m
[ 59%] [32mBuilding CXX object CMakeFiles/direct_lidar_inertial_odometry__rosidl_typesupport_c.dir/rosidl_typesupport_c/direct_lidar_inertial_odometry/srv/save_pcd__type_support.cpp.o[0m
[ 61%] [32mBuilding C object CMakeFiles/direct_lidar_inertial_odometry__rosidl_typesupport_introspection_c.dir/rosidl_typesupport_introspection_c/direct_lidar_inertial_odometry/srv/detail/save_pcd__type_support.c.o[0m
[ 64%] [32mBuilding CXX object CMakeFiles/direct_lidar_inertial_odometry__rosidl_typesupport_fastrtps_c.dir/rosidl_typesupport_fastrtps_c/direct_lidar_inertial_odometry/srv/detail/save_pcd__type_support_c.cpp.o[0m
[ 66%] [32m[1mLinking CXX shared library libdirect_lidar_inertial_odometry__rosidl_typesupport_c.so[0m
[ 69%] [32m[1mLinking CXX shared library libdirect_lidar_inertial_odometry__rosidl_typesupport_fastrtps_cpp.so[0m
[ 71%] [32m[1mLinking C shared library libdirect_lidar_inertial_odometry__rosidl_typesupport_introspection_c.so[0m
[ 71%] Built target direct_lidar_inertial_odometry__rosidl_typesupport_c
[ 71%] Built target direct_lidar_inertial_odometry__rosidl_typesupport_introspection_c
[ 71%] Built target direct_lidar_inertial_odometry__rosidl_typesupport_fastrtps_cpp
[ 73%] [32m[1mLinking CXX shared library libdirect_lidar_inertial_odometry__rosidl_typesupport_fastrtps_c.so[0m
[ 73%] Built target direct_lidar_inertial_odometry__rosidl_typesupport_fastrtps_c
[ 73%] Built target direct_lidar_inertial_odometry
[ 76%] [34m[1mGenerating Python code for ROS interfaces[0m
[ 76%] Built target direct_lidar_inertial_odometry__py
[ 78%] [32mBuilding C object CMakeFiles/direct_lidar_inertial_odometry__rosidl_generator_py.dir/rosidl_generator_py/direct_lidar_inertial_odometry/srv/_save_pcd_s.c.o[0m
[ 80%] [32m[1mLinking C shared library rosidl_generator_py/direct_lidar_inertial_odometry/libdirect_lidar_inertial_odometry__rosidl_generator_py.so[0m
[ 80%] Built target direct_lidar_inertial_odometry__rosidl_generator_py
[ 85%] [32mBuilding C object CMakeFiles/direct_lidar_inertial_odometry__rosidl_typesupport_fastrtps_c__pyext.dir/rosidl_generator_py/direct_lidar_inertial_odometry/_direct_lidar_inertial_odometry_s.ep.rosidl_typesupport_fastrtps_c.c.o[0m
[ 85%] [32mBuilding C object CMakeFiles/direct_lidar_inertial_odometry__rosidl_typesupport_introspection_c__pyext.dir/rosidl_generator_py/direct_lidar_inertial_odometry/_direct_lidar_inertial_odometry_s.ep.rosidl_typesupport_introspection_c.c.o[0m
[ 88%] [32mBuilding C object CMakeFiles/direct_lidar_inertial_odometry__rosidl_typesupport_c__pyext.dir/rosidl_generator_py/direct_lidar_inertial_odometry/_direct_lidar_inertial_odometry_s.ep.rosidl_typesupport_c.c.o[0m
[ 90%] [32m[1mLinking C shared library rosidl_generator_py/direct_lidar_inertial_odometry/direct_lidar_inertial_odometry_s__rosidl_typesupport_c.cpython-310-aarch64-linux-gnu.so[0m
[ 92%] [32m[1mLinking C shared library rosidl_generator_py/direct_lidar_inertial_odometry/direct_lidar_inertial_odometry_s__rosidl_typesupport_introspection_c.cpython-310-aarch64-linux-gnu.so[0m
[ 95%] [32m[1mLinking C shared library rosidl_generator_py/direct_lidar_inertial_odometry/direct_lidar_inertial_odometry_s__rosidl_typesupport_fastrtps_c.cpython-310-aarch64-linux-gnu.so[0m
[ 95%] Built target direct_lidar_inertial_odometry__rosidl_typesupport_c__pyext
[ 95%] Built target direct_lidar_inertial_odometry__rosidl_typesupport_introspection_c__pyext
[ 95%] Built target direct_lidar_inertial_odometry__rosidl_typesupport_fastrtps_c__pyext
[ 97%] [32m[1mLinking CXX executable dlio_map_node[0m
[ 97%] Built target dlio_map_node
[100%] [32m[1mLinking CXX executable dlio_odom_node[0m
[100%] Built target dlio_odom_node
