[0.051s] Invoking command in '/external/build/direct_lidar_inertial_odometry': CMAKE_PREFIX_PATH=/opt/ros/humble /usr/bin/cmake --build /external/build/direct_lidar_inertial_odometry -- -j8 -l8
[0.159s] [35m[1mConsolidate compiler generated dependencies of target nanoflann[0m
[0.178s] [35m[1mConsolidate compiler generated dependencies of target direct_lidar_inertial_odometry__rosidl_generator_c[0m
[0.196s] [  2%] Built target direct_lidar_inertial_odometry__cpp
[0.241s] [  9%] Built target direct_lidar_inertial_odometry__rosidl_generator_c
[0.248s] [35m[1mConsolidate compiler generated dependencies of target direct_lidar_inertial_odometry__rosidl_typesupport_cpp[0m
[0.255s] [  9%] Built target ament_cmake_python_symlink_direct_lidar_inertial_odometry
[0.267s] [35m[1mConsolidate compiler generated dependencies of target direct_lidar_inertial_odometry__rosidl_typesupport_fastrtps_cpp[0m
[0.317s] [ 14%] Built target nanoflann
[0.349s] [35m[1mConsolidate compiler generated dependencies of target direct_lidar_inertial_odometry__rosidl_typesupport_introspection_cpp[0m
[0.365s] [ 21%] Built target direct_lidar_inertial_odometry__rosidl_typesupport_cpp
[0.369s] [ 28%] Built target direct_lidar_inertial_odometry__rosidl_typesupport_fastrtps_cpp
[0.422s] [35m[1mConsolidate compiler generated dependencies of target nano_gicp[0m
[0.468s] [35m[1mConsolidate compiler generated dependencies of target direct_lidar_inertial_odometry__rosidl_typesupport_introspection_c[0m
[0.486s] [ 35%] Built target direct_lidar_inertial_odometry__rosidl_typesupport_introspection_cpp
[0.487s] [35m[1mConsolidate compiler generated dependencies of target dlio_map_node[0m
[0.494s] [35m[1mConsolidate compiler generated dependencies of target direct_lidar_inertial_odometry__rosidl_typesupport_fastrtps_c[0m
[0.494s] [35m[1mConsolidate compiler generated dependencies of target direct_lidar_inertial_odometry__rosidl_typesupport_c[0m
[0.560s] [ 42%] Built target direct_lidar_inertial_odometry__rosidl_typesupport_introspection_c
[0.629s] [ 50%] Built target nano_gicp
[0.633s] [ 57%] Built target direct_lidar_inertial_odometry__rosidl_typesupport_fastrtps_c
[0.654s] [ 64%] Built target dlio_map_node
[0.658s] [ 71%] Built target direct_lidar_inertial_odometry__rosidl_typesupport_c
[0.691s] [35m[1mConsolidate compiler generated dependencies of target dlio_odom_node[0m
[0.795s] [ 71%] Built target direct_lidar_inertial_odometry
[0.828s] [ 78%] Built target dlio_odom_node
[0.932s] [ 80%] Built target direct_lidar_inertial_odometry__py
[1.000s] [35m[1mConsolidate compiler generated dependencies of target direct_lidar_inertial_odometry__rosidl_generator_py[0m
[1.033s] running egg_info
[1.039s] writing direct_lidar_inertial_odometry.egg-info/PKG-INFO
[1.040s] writing dependency_links to direct_lidar_inertial_odometry.egg-info/dependency_links.txt
[1.041s] writing top-level names to direct_lidar_inertial_odometry.egg-info/top_level.txt
[1.052s] reading manifest file 'direct_lidar_inertial_odometry.egg-info/SOURCES.txt'
[1.055s] writing manifest file 'direct_lidar_inertial_odometry.egg-info/SOURCES.txt'
[1.095s] [ 85%] Built target direct_lidar_inertial_odometry__rosidl_generator_py
[1.141s] [35m[1mConsolidate compiler generated dependencies of target direct_lidar_inertial_odometry__rosidl_typesupport_fastrtps_c__pyext[0m
[1.183s] [35m[1mConsolidate compiler generated dependencies of target direct_lidar_inertial_odometry__rosidl_typesupport_c__pyext[0m
[1.187s] [35m[1mConsolidate compiler generated dependencies of target direct_lidar_inertial_odometry__rosidl_typesupport_introspection_c__pyext[0m
[1.227s] [ 90%] Built target direct_lidar_inertial_odometry__rosidl_typesupport_fastrtps_c__pyext
[1.241s] [ 90%] Built target ament_cmake_python_build_direct_lidar_inertial_odometry_egg
[1.255s] [ 95%] Built target direct_lidar_inertial_odometry__rosidl_typesupport_c__pyext
[1.280s] [100%] Built target direct_lidar_inertial_odometry__rosidl_typesupport_introspection_c__pyext
[1.314s] Invoked command in '/external/build/direct_lidar_inertial_odometry' returned '0': CMAKE_PREFIX_PATH=/opt/ros/humble /usr/bin/cmake --build /external/build/direct_lidar_inertial_odometry -- -j8 -l8
[1.356s] Invoking command in '/external/build/direct_lidar_inertial_odometry': CMAKE_PREFIX_PATH=/opt/ros/humble /usr/bin/cmake --install /external/build/direct_lidar_inertial_odometry
[1.373s] -- Install configuration: "Release"
[1.374s] -- Execute custom install script
[1.374s] -- Symlinking: /external/install/direct_lidar_inertial_odometry/share/ament_index/resource_index/rosidl_interfaces/direct_lidar_inertial_odometry
[1.408s] -- Symlinking: /external/install/direct_lidar_inertial_odometry/include/direct_lidar_inertial_odometry/direct_lidar_inertial_odometry/msg/rosidl_generator_c__visibility_control.h
[1.449s] -- Symlinking: /external/install/direct_lidar_inertial_odometry/include/direct_lidar_inertial_odometry/direct_lidar_inertial_odometry/srv/detail/save_pcd__functions.h
[1.472s] -- Symlinking: /external/install/direct_lidar_inertial_odometry/include/direct_lidar_inertial_odometry/direct_lidar_inertial_odometry/srv/detail/save_pcd__struct.h
[1.489s] -- Symlinking: /external/install/direct_lidar_inertial_odometry/include/direct_lidar_inertial_odometry/direct_lidar_inertial_odometry/srv/detail/save_pcd__type_support.h
[1.543s] -- Symlinking: /external/install/direct_lidar_inertial_odometry/include/direct_lidar_inertial_odometry/direct_lidar_inertial_odometry/srv/save_pcd.h
[1.568s] -- Symlinking: /external/install/direct_lidar_inertial_odometry/share/direct_lidar_inertial_odometry/environment/library_path.sh
[1.593s] -- Symlinking: /external/install/direct_lidar_inertial_odometry/share/direct_lidar_inertial_odometry/environment/library_path.dsv
[1.627s] -- Symlinking: /external/install/direct_lidar_inertial_odometry/include/direct_lidar_inertial_odometry/direct_lidar_inertial_odometry/msg/rosidl_typesupport_fastrtps_c__visibility_control.h
[1.657s] -- Symlinking: /external/install/direct_lidar_inertial_odometry/include/direct_lidar_inertial_odometry/direct_lidar_inertial_odometry/srv/detail/save_pcd__rosidl_typesupport_fastrtps_c.h
[1.677s] -- Symlinking: /external/install/direct_lidar_inertial_odometry/include/direct_lidar_inertial_odometry/direct_lidar_inertial_odometry/msg/rosidl_typesupport_introspection_c__visibility_control.h
[1.697s] -- Symlinking: /external/install/direct_lidar_inertial_odometry/include/direct_lidar_inertial_odometry/direct_lidar_inertial_odometry/srv/detail/save_pcd__rosidl_typesupport_introspection_c.h
[1.728s] -- Symlinking: /external/install/direct_lidar_inertial_odometry/include/direct_lidar_inertial_odometry/direct_lidar_inertial_odometry/msg/rosidl_generator_cpp__visibility_control.hpp
[1.741s] -- Symlinking: /external/install/direct_lidar_inertial_odometry/include/direct_lidar_inertial_odometry/direct_lidar_inertial_odometry/srv/detail/save_pcd__builder.hpp
[1.771s] -- Symlinking: /external/install/direct_lidar_inertial_odometry/include/direct_lidar_inertial_odometry/direct_lidar_inertial_odometry/srv/detail/save_pcd__struct.hpp
[1.806s] -- Symlinking: /external/install/direct_lidar_inertial_odometry/include/direct_lidar_inertial_odometry/direct_lidar_inertial_odometry/srv/detail/save_pcd__traits.hpp
[1.847s] -- Symlinking: /external/install/direct_lidar_inertial_odometry/include/direct_lidar_inertial_odometry/direct_lidar_inertial_odometry/srv/detail/save_pcd__type_support.hpp
[1.890s] -- Symlinking: /external/install/direct_lidar_inertial_odometry/include/direct_lidar_inertial_odometry/direct_lidar_inertial_odometry/srv/save_pcd.hpp
[1.941s] -- Symlinking: /external/install/direct_lidar_inertial_odometry/include/direct_lidar_inertial_odometry/direct_lidar_inertial_odometry/msg/rosidl_typesupport_fastrtps_cpp__visibility_control.h
[1.945s] -- Symlinking: /external/install/direct_lidar_inertial_odometry/include/direct_lidar_inertial_odometry/direct_lidar_inertial_odometry/srv/detail/save_pcd__rosidl_typesupport_fastrtps_cpp.hpp
[1.949s] -- Symlinking: /external/install/direct_lidar_inertial_odometry/include/direct_lidar_inertial_odometry/direct_lidar_inertial_odometry/srv/detail/save_pcd__rosidl_typesupport_introspection_cpp.hpp
[1.951s] -- Symlinking: /external/install/direct_lidar_inertial_odometry/share/direct_lidar_inertial_odometry/environment/pythonpath.sh
[1.951s] -- Symlinking: /external/install/direct_lidar_inertial_odometry/share/direct_lidar_inertial_odometry/environment/pythonpath.dsv
[1.956s] -- Symlinking: /external/install/direct_lidar_inertial_odometry/local/lib/python3.10/dist-packages/direct_lidar_inertial_odometry-1.1.1-py3.10.egg-info/PKG-INFO
[1.957s] -- Symlinking: /external/install/direct_lidar_inertial_odometry/local/lib/python3.10/dist-packages/direct_lidar_inertial_odometry-1.1.1-py3.10.egg-info/SOURCES.txt
[1.975s] -- Symlinking: /external/install/direct_lidar_inertial_odometry/local/lib/python3.10/dist-packages/direct_lidar_inertial_odometry-1.1.1-py3.10.egg-info/dependency_links.txt
[1.993s] -- Symlinking: /external/install/direct_lidar_inertial_odometry/local/lib/python3.10/dist-packages/direct_lidar_inertial_odometry-1.1.1-py3.10.egg-info/top_level.txt
[2.024s] -- Symlinking: /external/install/direct_lidar_inertial_odometry/local/lib/python3.10/dist-packages/direct_lidar_inertial_odometry/__init__.py
[2.030s] -- Symlinking: /external/install/direct_lidar_inertial_odometry/local/lib/python3.10/dist-packages/direct_lidar_inertial_odometry/_direct_lidar_inertial_odometry_s.ep.rosidl_typesupport_c.c
[2.050s] -- Symlinking: /external/install/direct_lidar_inertial_odometry/local/lib/python3.10/dist-packages/direct_lidar_inertial_odometry/_direct_lidar_inertial_odometry_s.ep.rosidl_typesupport_fastrtps_c.c
[2.072s] -- Symlinking: /external/install/direct_lidar_inertial_odometry/local/lib/python3.10/dist-packages/direct_lidar_inertial_odometry/_direct_lidar_inertial_odometry_s.ep.rosidl_typesupport_introspection_c.c
[2.112s] -- Symlinking: /external/install/direct_lidar_inertial_odometry/local/lib/python3.10/dist-packages/direct_lidar_inertial_odometry/direct_lidar_inertial_odometry_s__rosidl_typesupport_c.cpython-310-aarch64-linux-gnu.so
[2.138s] -- Symlinking: /external/install/direct_lidar_inertial_odometry/local/lib/python3.10/dist-packages/direct_lidar_inertial_odometry/direct_lidar_inertial_odometry_s__rosidl_typesupport_fastrtps_c.cpython-310-aarch64-linux-gnu.so
[2.151s] -- Symlinking: /external/install/direct_lidar_inertial_odometry/local/lib/python3.10/dist-packages/direct_lidar_inertial_odometry/direct_lidar_inertial_odometry_s__rosidl_typesupport_introspection_c.cpython-310-aarch64-linux-gnu.so
[2.186s] -- Symlinking: /external/install/direct_lidar_inertial_odometry/local/lib/python3.10/dist-packages/direct_lidar_inertial_odometry/libdirect_lidar_inertial_odometry__rosidl_generator_py.so
[2.198s] -- Symlinking: /external/install/direct_lidar_inertial_odometry/local/lib/python3.10/dist-packages/direct_lidar_inertial_odometry/srv/__init__.py
[2.232s] -- Symlinking: /external/install/direct_lidar_inertial_odometry/local/lib/python3.10/dist-packages/direct_lidar_inertial_odometry/srv/_save_pcd.py
[2.249s] -- Symlinking: /external/install/direct_lidar_inertial_odometry/local/lib/python3.10/dist-packages/direct_lidar_inertial_odometry/srv/_save_pcd_s.c
[2.294s] -- Up-to-date symlink: /external/install/direct_lidar_inertial_odometry/local/lib/python3.10/dist-packages/direct_lidar_inertial_odometry/direct_lidar_inertial_odometry_s__rosidl_typesupport_fastrtps_c.cpython-310-aarch64-linux-gnu.so
[2.295s] -- Up-to-date symlink: /external/install/direct_lidar_inertial_odometry/local/lib/python3.10/dist-packages/direct_lidar_inertial_odometry/direct_lidar_inertial_odometry_s__rosidl_typesupport_introspection_c.cpython-310-aarch64-linux-gnu.so
[2.295s] -- Up-to-date symlink: /external/install/direct_lidar_inertial_odometry/local/lib/python3.10/dist-packages/direct_lidar_inertial_odometry/direct_lidar_inertial_odometry_s__rosidl_typesupport_c.cpython-310-aarch64-linux-gnu.so
[2.296s] -- Symlinking: /external/install/direct_lidar_inertial_odometry/share/direct_lidar_inertial_odometry/srv/SavePCD.idl
[2.329s] -- Symlinking: /external/install/direct_lidar_inertial_odometry/share/direct_lidar_inertial_odometry/srv/SavePCD.srv
[2.359s] -- Symlinking: /external/install/direct_lidar_inertial_odometry/share/direct_lidar_inertial_odometry/srv/SavePCD_Request.msg
[2.378s] -- Symlinking: /external/install/direct_lidar_inertial_odometry/share/direct_lidar_inertial_odometry/srv/SavePCD_Response.msg
[2.401s] -- Symlinking: /external/install/direct_lidar_inertial_odometry/share/ament_index/resource_index/package_run_dependencies/direct_lidar_inertial_odometry
[2.441s] -- Symlinking: /external/install/direct_lidar_inertial_odometry/share/ament_index/resource_index/parent_prefix_path/direct_lidar_inertial_odometry
[2.476s] -- Symlinking: /external/install/direct_lidar_inertial_odometry/share/direct_lidar_inertial_odometry/environment/ament_prefix_path.sh
[2.495s] -- Symlinking: /external/install/direct_lidar_inertial_odometry/share/direct_lidar_inertial_odometry/environment/ament_prefix_path.dsv
[2.512s] -- Symlinking: /external/install/direct_lidar_inertial_odometry/share/direct_lidar_inertial_odometry/environment/path.sh
[2.544s] -- Symlinking: /external/install/direct_lidar_inertial_odometry/share/direct_lidar_inertial_odometry/environment/path.dsv
[2.588s] -- Symlinking: /external/install/direct_lidar_inertial_odometry/share/direct_lidar_inertial_odometry/local_setup.bash
[2.633s] -- Symlinking: /external/install/direct_lidar_inertial_odometry/share/direct_lidar_inertial_odometry/local_setup.sh
[2.679s] -- Symlinking: /external/install/direct_lidar_inertial_odometry/share/direct_lidar_inertial_odometry/local_setup.zsh
[2.719s] -- Symlinking: /external/install/direct_lidar_inertial_odometry/share/direct_lidar_inertial_odometry/local_setup.dsv
[2.754s] -- Symlinking: /external/install/direct_lidar_inertial_odometry/share/direct_lidar_inertial_odometry/package.dsv
[2.805s] -- Symlinking: /external/install/direct_lidar_inertial_odometry/share/ament_index/resource_index/packages/direct_lidar_inertial_odometry
[2.849s] -- Symlinking: /external/install/direct_lidar_inertial_odometry/share/direct_lidar_inertial_odometry/cmake/rosidl_cmake-extras.cmake
[2.896s] -- Symlinking: /external/install/direct_lidar_inertial_odometry/share/direct_lidar_inertial_odometry/cmake/ament_cmake_export_include_directories-extras.cmake
[2.937s] -- Symlinking: /external/install/direct_lidar_inertial_odometry/share/direct_lidar_inertial_odometry/cmake/ament_cmake_export_libraries-extras.cmake
[2.976s] -- Symlinking: /external/install/direct_lidar_inertial_odometry/share/direct_lidar_inertial_odometry/cmake/ament_cmake_export_targets-extras.cmake
[3.028s] -- Symlinking: /external/install/direct_lidar_inertial_odometry/share/direct_lidar_inertial_odometry/cmake/rosidl_cmake_export_typesupport_targets-extras.cmake
[3.074s] -- Symlinking: /external/install/direct_lidar_inertial_odometry/share/direct_lidar_inertial_odometry/cmake/ament_cmake_export_dependencies-extras.cmake
[3.121s] -- Symlinking: /external/install/direct_lidar_inertial_odometry/share/direct_lidar_inertial_odometry/cmake/rosidl_cmake_export_typesupport_libraries-extras.cmake
[3.164s] -- Symlinking: /external/install/direct_lidar_inertial_odometry/share/direct_lidar_inertial_odometry/cmake/direct_lidar_inertial_odometryConfig.cmake
[3.219s] -- Symlinking: /external/install/direct_lidar_inertial_odometry/share/direct_lidar_inertial_odometry/cmake/direct_lidar_inertial_odometryConfig-version.cmake
[3.267s] -- Symlinking: /external/install/direct_lidar_inertial_odometry/share/direct_lidar_inertial_odometry/package.xml
[3.316s] -- Symlinking: /external/install/direct_lidar_inertial_odometry/lib/direct_lidar_inertial_odometry/dlio_odom_node
[3.362s] -- Symlinking: /external/install/direct_lidar_inertial_odometry/lib/direct_lidar_inertial_odometry/dlio_map_node
[3.387s] -- Symlinking: /external/install/direct_lidar_inertial_odometry/share/direct_lidar_inertial_odometry/cfg/dlio.yaml
[3.439s] -- Symlinking: /external/install/direct_lidar_inertial_odometry/share/direct_lidar_inertial_odometry/cfg/params.yaml
[3.475s] -- Symlinking: /external/install/direct_lidar_inertial_odometry/share/direct_lidar_inertial_odometry/launch/dlio.launch.py
[3.500s] -- Symlinking: /external/install/direct_lidar_inertial_odometry/share/direct_lidar_inertial_odometry/launch/dlio.rviz
[3.517s] -- Installing: /external/install/direct_lidar_inertial_odometry/lib/libdirect_lidar_inertial_odometry__rosidl_generator_c.so
[3.518s] -- Set runtime path of "/external/install/direct_lidar_inertial_odometry/lib/libdirect_lidar_inertial_odometry__rosidl_generator_c.so" to ""
[3.518s] -- Installing: /external/install/direct_lidar_inertial_odometry/lib/libdirect_lidar_inertial_odometry__rosidl_typesupport_fastrtps_c.so
[3.519s] -- Set runtime path of "/external/install/direct_lidar_inertial_odometry/lib/libdirect_lidar_inertial_odometry__rosidl_typesupport_fastrtps_c.so" to ""
[3.519s] -- Installing: /external/install/direct_lidar_inertial_odometry/lib/libdirect_lidar_inertial_odometry__rosidl_typesupport_introspection_c.so
[3.519s] -- Set runtime path of "/external/install/direct_lidar_inertial_odometry/lib/libdirect_lidar_inertial_odometry__rosidl_typesupport_introspection_c.so" to ""
[3.519s] -- Installing: /external/install/direct_lidar_inertial_odometry/lib/libdirect_lidar_inertial_odometry__rosidl_typesupport_c.so
[3.520s] -- Set runtime path of "/external/install/direct_lidar_inertial_odometry/lib/libdirect_lidar_inertial_odometry__rosidl_typesupport_c.so" to ""
[3.520s] -- Installing: /external/install/direct_lidar_inertial_odometry/lib/libdirect_lidar_inertial_odometry__rosidl_typesupport_fastrtps_cpp.so
[3.520s] -- Set runtime path of "/external/install/direct_lidar_inertial_odometry/lib/libdirect_lidar_inertial_odometry__rosidl_typesupport_fastrtps_cpp.so" to ""
[3.521s] -- Installing: /external/install/direct_lidar_inertial_odometry/lib/libdirect_lidar_inertial_odometry__rosidl_typesupport_introspection_cpp.so
[3.521s] -- Set runtime path of "/external/install/direct_lidar_inertial_odometry/lib/libdirect_lidar_inertial_odometry__rosidl_typesupport_introspection_cpp.so" to ""
[3.521s] -- Installing: /external/install/direct_lidar_inertial_odometry/lib/libdirect_lidar_inertial_odometry__rosidl_typesupport_cpp.so
[3.522s] -- Set runtime path of "/external/install/direct_lidar_inertial_odometry/lib/libdirect_lidar_inertial_odometry__rosidl_typesupport_cpp.so" to ""
[3.595s] Listing '/external/install/direct_lidar_inertial_odometry/local/lib/python3.10/dist-packages/direct_lidar_inertial_odometry'...
[3.595s] Compiling '/external/install/direct_lidar_inertial_odometry/local/lib/python3.10/dist-packages/direct_lidar_inertial_odometry/__init__.py'...
[3.595s] Listing '/external/install/direct_lidar_inertial_odometry/local/lib/python3.10/dist-packages/direct_lidar_inertial_odometry/srv'...
[3.595s] Compiling '/external/install/direct_lidar_inertial_odometry/local/lib/python3.10/dist-packages/direct_lidar_inertial_odometry/srv/__init__.py'...
[3.595s] Compiling '/external/install/direct_lidar_inertial_odometry/local/lib/python3.10/dist-packages/direct_lidar_inertial_odometry/srv/_save_pcd.py'...
[3.611s] -- Installing: /external/install/direct_lidar_inertial_odometry/lib/libdirect_lidar_inertial_odometry__rosidl_generator_py.so
[3.611s] -- Set runtime path of "/external/install/direct_lidar_inertial_odometry/lib/libdirect_lidar_inertial_odometry__rosidl_generator_py.so" to ""
[3.611s] -- Installing: /external/install/direct_lidar_inertial_odometry/share/direct_lidar_inertial_odometry/cmake/export_direct_lidar_inertial_odometry__rosidl_generator_cExport.cmake
[3.612s] -- Installing: /external/install/direct_lidar_inertial_odometry/share/direct_lidar_inertial_odometry/cmake/export_direct_lidar_inertial_odometry__rosidl_generator_cExport-release.cmake
[3.612s] -- Installing: /external/install/direct_lidar_inertial_odometry/share/direct_lidar_inertial_odometry/cmake/export_direct_lidar_inertial_odometry__rosidl_typesupport_fastrtps_cExport.cmake
[3.612s] -- Installing: /external/install/direct_lidar_inertial_odometry/share/direct_lidar_inertial_odometry/cmake/export_direct_lidar_inertial_odometry__rosidl_typesupport_fastrtps_cExport-release.cmake
[3.612s] -- Installing: /external/install/direct_lidar_inertial_odometry/share/direct_lidar_inertial_odometry/cmake/direct_lidar_inertial_odometry__rosidl_typesupport_introspection_cExport.cmake
[3.613s] -- Installing: /external/install/direct_lidar_inertial_odometry/share/direct_lidar_inertial_odometry/cmake/direct_lidar_inertial_odometry__rosidl_typesupport_introspection_cExport-release.cmake
[3.613s] -- Installing: /external/install/direct_lidar_inertial_odometry/share/direct_lidar_inertial_odometry/cmake/direct_lidar_inertial_odometry__rosidl_typesupport_cExport.cmake
[3.613s] -- Installing: /external/install/direct_lidar_inertial_odometry/share/direct_lidar_inertial_odometry/cmake/direct_lidar_inertial_odometry__rosidl_typesupport_cExport-release.cmake
[3.613s] -- Installing: /external/install/direct_lidar_inertial_odometry/share/direct_lidar_inertial_odometry/cmake/export_direct_lidar_inertial_odometry__rosidl_generator_cppExport.cmake
[3.614s] -- Installing: /external/install/direct_lidar_inertial_odometry/share/direct_lidar_inertial_odometry/cmake/export_direct_lidar_inertial_odometry__rosidl_typesupport_fastrtps_cppExport.cmake
[3.614s] -- Installing: /external/install/direct_lidar_inertial_odometry/share/direct_lidar_inertial_odometry/cmake/export_direct_lidar_inertial_odometry__rosidl_typesupport_fastrtps_cppExport-release.cmake
[3.615s] -- Installing: /external/install/direct_lidar_inertial_odometry/share/direct_lidar_inertial_odometry/cmake/direct_lidar_inertial_odometry__rosidl_typesupport_introspection_cppExport.cmake
[3.615s] -- Installing: /external/install/direct_lidar_inertial_odometry/share/direct_lidar_inertial_odometry/cmake/direct_lidar_inertial_odometry__rosidl_typesupport_introspection_cppExport-release.cmake
[3.616s] -- Installing: /external/install/direct_lidar_inertial_odometry/share/direct_lidar_inertial_odometry/cmake/direct_lidar_inertial_odometry__rosidl_typesupport_cppExport.cmake
[3.616s] -- Installing: /external/install/direct_lidar_inertial_odometry/share/direct_lidar_inertial_odometry/cmake/direct_lidar_inertial_odometry__rosidl_typesupport_cppExport-release.cmake
[3.617s] -- Installing: /external/install/direct_lidar_inertial_odometry/share/direct_lidar_inertial_odometry/cmake/export_direct_lidar_inertial_odometry__rosidl_generator_pyExport.cmake
[3.617s] -- Installing: /external/install/direct_lidar_inertial_odometry/share/direct_lidar_inertial_odometry/cmake/export_direct_lidar_inertial_odometry__rosidl_generator_pyExport-release.cmake
[3.623s] Invoked command in '/external/build/direct_lidar_inertial_odometry' returned '0': CMAKE_PREFIX_PATH=/opt/ros/humble /usr/bin/cmake --install /external/build/direct_lidar_inertial_odometry
