[0.059s] Invoking command in '/external/build/hesai_lidar': CMAKE_PREFIX_PATH=/opt/ros/humble /usr/bin/cmake --build /external/build/hesai_lidar -- -j8 -l8
[0.329s] [  2%] Built target hesai_lidar__cpp
[0.349s] [ 12%] Built target hesai_lidar__rosidl_generator_c
[0.369s] [ 12%] Built target ament_cmake_python_symlink_hesai_lidar
[0.422s] [ 21%] Built target hesai_lidar__rosidl_typesupport_cpp
[0.475s] [ 31%] Built target hesai_lidar__rosidl_typesupport_introspection_cpp
[0.495s] [ 41%] Built target hesai_lidar__rosidl_typesupport_fastrtps_cpp
[0.499s] [ 51%] Built target hesai_lidar__rosidl_typesupport_introspection_c
[0.543s] [ 60%] Built target hesai_lidar__rosidl_typesupport_fastrtps_c
[0.559s] [ 70%] Built target hesai_lidar__rosidl_typesupport_c
[0.659s] [ 75%] Built target hesai_lidar_node
[0.685s] [ 75%] Built target hesai_lidar
[0.758s] [ 78%] Built target hesai_lidar__py
[0.847s] [ 85%] Built target hesai_lidar__rosidl_generator_py
[0.938s] [ 90%] Built target hesai_lidar__rosidl_typesupport_introspection_c__pyext
[0.952s] [ 95%] Built target hesai_lidar__rosidl_typesupport_c__pyext
[0.959s] [100%] Built target hesai_lidar__rosidl_typesupport_fastrtps_c__pyext
[1.076s] running egg_info
[1.080s] writing hesai_lidar.egg-info/PKG-INFO
[1.080s] writing dependency_links to hesai_lidar.egg-info/dependency_links.txt
[1.081s] writing top-level names to hesai_lidar.egg-info/top_level.txt
[1.084s] reading manifest file 'hesai_lidar.egg-info/SOURCES.txt'
[1.086s] writing manifest file 'hesai_lidar.egg-info/SOURCES.txt'
[1.207s] [100%] Built target ament_cmake_python_build_hesai_lidar_egg
[1.236s] Invoked command in '/external/build/hesai_lidar' returned '0': CMAKE_PREFIX_PATH=/opt/ros/humble /usr/bin/cmake --build /external/build/hesai_lidar -- -j8 -l8
[1.241s] Invoking command in '/external/build/hesai_lidar': CMAKE_PREFIX_PATH=/opt/ros/humble /usr/bin/cmake --install /external/build/hesai_lidar
[1.243s] -- Install configuration: ""
[1.243s] -- Execute custom install script
[1.243s] -- Up-to-date symlink: /external/install/hesai_lidar/share/ament_index/resource_index/rosidl_interfaces/hesai_lidar
[1.243s] -- Up-to-date symlink: /external/install/hesai_lidar/include/hesai_lidar/hesai_lidar/msg/detail/pandar_packet__functions.h
[1.243s] -- Up-to-date symlink: /external/install/hesai_lidar/include/hesai_lidar/hesai_lidar/msg/detail/pandar_packet__struct.h
[1.244s] -- Up-to-date symlink: /external/install/hesai_lidar/include/hesai_lidar/hesai_lidar/msg/detail/pandar_packet__type_support.h
[1.244s] -- Up-to-date symlink: /external/install/hesai_lidar/include/hesai_lidar/hesai_lidar/msg/detail/pandar_scan__functions.h
[1.244s] -- Up-to-date symlink: /external/install/hesai_lidar/include/hesai_lidar/hesai_lidar/msg/detail/pandar_scan__struct.h
[1.244s] -- Up-to-date symlink: /external/install/hesai_lidar/include/hesai_lidar/hesai_lidar/msg/detail/pandar_scan__type_support.h
[1.244s] -- Up-to-date symlink: /external/install/hesai_lidar/include/hesai_lidar/hesai_lidar/msg/pandar_packet.h
[1.244s] -- Up-to-date symlink: /external/install/hesai_lidar/include/hesai_lidar/hesai_lidar/msg/pandar_scan.h
[1.245s] -- Up-to-date symlink: /external/install/hesai_lidar/include/hesai_lidar/hesai_lidar/msg/rosidl_generator_c__visibility_control.h
[1.245s] -- Up-to-date symlink: /external/install/hesai_lidar/share/hesai_lidar/environment/library_path.sh
[1.245s] -- Up-to-date symlink: /external/install/hesai_lidar/share/hesai_lidar/environment/library_path.dsv
[1.245s] -- Up-to-date symlink: /external/install/hesai_lidar/include/hesai_lidar/hesai_lidar/msg/detail/pandar_packet__rosidl_typesupport_fastrtps_c.h
[1.245s] -- Up-to-date symlink: /external/install/hesai_lidar/include/hesai_lidar/hesai_lidar/msg/detail/pandar_scan__rosidl_typesupport_fastrtps_c.h
[1.248s] -- Up-to-date symlink: /external/install/hesai_lidar/include/hesai_lidar/hesai_lidar/msg/rosidl_typesupport_fastrtps_c__visibility_control.h
[1.248s] -- Up-to-date symlink: /external/install/hesai_lidar/include/hesai_lidar/hesai_lidar/msg/detail/pandar_packet__builder.hpp
[1.249s] -- Up-to-date symlink: /external/install/hesai_lidar/include/hesai_lidar/hesai_lidar/msg/detail/pandar_packet__struct.hpp
[1.249s] -- Up-to-date symlink: /external/install/hesai_lidar/include/hesai_lidar/hesai_lidar/msg/detail/pandar_packet__traits.hpp
[1.249s] -- Up-to-date symlink: /external/install/hesai_lidar/include/hesai_lidar/hesai_lidar/msg/detail/pandar_packet__type_support.hpp
[1.249s] -- Up-to-date symlink: /external/install/hesai_lidar/include/hesai_lidar/hesai_lidar/msg/detail/pandar_scan__builder.hpp
[1.249s] -- Up-to-date symlink: /external/install/hesai_lidar/include/hesai_lidar/hesai_lidar/msg/detail/pandar_scan__struct.hpp
[1.249s] -- Up-to-date symlink: /external/install/hesai_lidar/include/hesai_lidar/hesai_lidar/msg/detail/pandar_scan__traits.hpp
[1.250s] -- Up-to-date symlink: /external/install/hesai_lidar/include/hesai_lidar/hesai_lidar/msg/detail/pandar_scan__type_support.hpp
[1.250s] -- Up-to-date symlink: /external/install/hesai_lidar/include/hesai_lidar/hesai_lidar/msg/pandar_packet.hpp
[1.250s] -- Up-to-date symlink: /external/install/hesai_lidar/include/hesai_lidar/hesai_lidar/msg/pandar_scan.hpp
[1.250s] -- Up-to-date symlink: /external/install/hesai_lidar/include/hesai_lidar/hesai_lidar/msg/rosidl_generator_cpp__visibility_control.hpp
[1.250s] -- Up-to-date symlink: /external/install/hesai_lidar/include/hesai_lidar/hesai_lidar/msg/detail/pandar_packet__rosidl_typesupport_fastrtps_cpp.hpp
[1.250s] -- Up-to-date symlink: /external/install/hesai_lidar/include/hesai_lidar/hesai_lidar/msg/detail/pandar_scan__rosidl_typesupport_fastrtps_cpp.hpp
[1.250s] -- Up-to-date symlink: /external/install/hesai_lidar/include/hesai_lidar/hesai_lidar/msg/rosidl_typesupport_fastrtps_cpp__visibility_control.h
[1.250s] -- Up-to-date symlink: /external/install/hesai_lidar/include/hesai_lidar/hesai_lidar/msg/detail/pandar_packet__rosidl_typesupport_introspection_c.h
[1.250s] -- Up-to-date symlink: /external/install/hesai_lidar/include/hesai_lidar/hesai_lidar/msg/detail/pandar_scan__rosidl_typesupport_introspection_c.h
[1.251s] -- Up-to-date symlink: /external/install/hesai_lidar/include/hesai_lidar/hesai_lidar/msg/rosidl_typesupport_introspection_c__visibility_control.h
[1.251s] -- Up-to-date symlink: /external/install/hesai_lidar/include/hesai_lidar/hesai_lidar/msg/detail/pandar_packet__rosidl_typesupport_introspection_cpp.hpp
[1.251s] -- Up-to-date symlink: /external/install/hesai_lidar/include/hesai_lidar/hesai_lidar/msg/detail/pandar_scan__rosidl_typesupport_introspection_cpp.hpp
[1.251s] -- Up-to-date symlink: /external/install/hesai_lidar/share/hesai_lidar/environment/pythonpath.sh
[1.251s] -- Up-to-date symlink: /external/install/hesai_lidar/share/hesai_lidar/environment/pythonpath.dsv
[1.251s] -- Up-to-date symlink: /external/install/hesai_lidar/local/lib/python3.10/dist-packages/hesai_lidar-0.9.2-py3.10.egg-info/PKG-INFO
[1.251s] -- Up-to-date symlink: /external/install/hesai_lidar/local/lib/python3.10/dist-packages/hesai_lidar-0.9.2-py3.10.egg-info/SOURCES.txt
[1.251s] -- Up-to-date symlink: /external/install/hesai_lidar/local/lib/python3.10/dist-packages/hesai_lidar-0.9.2-py3.10.egg-info/dependency_links.txt
[1.251s] -- Up-to-date symlink: /external/install/hesai_lidar/local/lib/python3.10/dist-packages/hesai_lidar-0.9.2-py3.10.egg-info/top_level.txt
[1.251s] -- Up-to-date symlink: /external/install/hesai_lidar/local/lib/python3.10/dist-packages/hesai_lidar/__init__.py
[1.251s] -- Up-to-date symlink: /external/install/hesai_lidar/local/lib/python3.10/dist-packages/hesai_lidar/_hesai_lidar_s.ep.rosidl_typesupport_c.c
[1.252s] -- Up-to-date symlink: /external/install/hesai_lidar/local/lib/python3.10/dist-packages/hesai_lidar/_hesai_lidar_s.ep.rosidl_typesupport_fastrtps_c.c
[1.252s] -- Up-to-date symlink: /external/install/hesai_lidar/local/lib/python3.10/dist-packages/hesai_lidar/_hesai_lidar_s.ep.rosidl_typesupport_introspection_c.c
[1.252s] -- Up-to-date symlink: /external/install/hesai_lidar/local/lib/python3.10/dist-packages/hesai_lidar/hesai_lidar_s__rosidl_typesupport_c.cpython-310-aarch64-linux-gnu.so
[1.252s] -- Up-to-date symlink: /external/install/hesai_lidar/local/lib/python3.10/dist-packages/hesai_lidar/hesai_lidar_s__rosidl_typesupport_fastrtps_c.cpython-310-aarch64-linux-gnu.so
[1.252s] -- Up-to-date symlink: /external/install/hesai_lidar/local/lib/python3.10/dist-packages/hesai_lidar/hesai_lidar_s__rosidl_typesupport_introspection_c.cpython-310-aarch64-linux-gnu.so
[1.252s] -- Up-to-date symlink: /external/install/hesai_lidar/local/lib/python3.10/dist-packages/hesai_lidar/libhesai_lidar__rosidl_generator_py.so
[1.252s] -- Up-to-date symlink: /external/install/hesai_lidar/local/lib/python3.10/dist-packages/hesai_lidar/msg/__init__.py
[1.252s] -- Up-to-date symlink: /external/install/hesai_lidar/local/lib/python3.10/dist-packages/hesai_lidar/msg/_pandar_packet.py
[1.257s] -- Up-to-date symlink: /external/install/hesai_lidar/local/lib/python3.10/dist-packages/hesai_lidar/msg/_pandar_packet_s.c
[1.257s] -- Up-to-date symlink: /external/install/hesai_lidar/local/lib/python3.10/dist-packages/hesai_lidar/msg/_pandar_scan.py
[1.258s] -- Up-to-date symlink: /external/install/hesai_lidar/local/lib/python3.10/dist-packages/hesai_lidar/msg/_pandar_scan_s.c
[1.258s] -- Up-to-date symlink: /external/install/hesai_lidar/local/lib/python3.10/dist-packages/hesai_lidar/hesai_lidar_s__rosidl_typesupport_fastrtps_c.cpython-310-aarch64-linux-gnu.so
[1.258s] -- Up-to-date symlink: /external/install/hesai_lidar/local/lib/python3.10/dist-packages/hesai_lidar/hesai_lidar_s__rosidl_typesupport_introspection_c.cpython-310-aarch64-linux-gnu.so
[1.258s] -- Up-to-date symlink: /external/install/hesai_lidar/local/lib/python3.10/dist-packages/hesai_lidar/hesai_lidar_s__rosidl_typesupport_c.cpython-310-aarch64-linux-gnu.so
[1.258s] -- Up-to-date symlink: /external/install/hesai_lidar/share/hesai_lidar/msg/PandarPacket.idl
[1.258s] -- Up-to-date symlink: /external/install/hesai_lidar/share/hesai_lidar/msg/PandarScan.idl
[1.259s] -- Up-to-date symlink: /external/install/hesai_lidar/share/hesai_lidar/msg/PandarPacket.msg
[1.259s] -- Up-to-date symlink: /external/install/hesai_lidar/share/hesai_lidar/msg/PandarScan.msg
[1.259s] -- Up-to-date symlink: /external/install/hesai_lidar/lib/hesai_lidar/hesai_lidar_node
[1.259s] -- Up-to-date symlink: /external/install/hesai_lidar/share/hesai_lidar/launch/hesai_lidar_launch.py
[1.259s] -- Up-to-date symlink: /external/install/hesai_lidar/lib/hesai_lidar/libPandarGeneral.so
[1.260s] -- Up-to-date symlink: /external/install/hesai_lidar/lib/hesai_lidar/libPandarGeneralSDK.so
[1.260s] -- Up-to-date symlink: /external/install/hesai_lidar/share/ament_index/resource_index/package_run_dependencies/hesai_lidar
[1.260s] -- Up-to-date symlink: /external/install/hesai_lidar/share/ament_index/resource_index/parent_prefix_path/hesai_lidar
[1.260s] -- Up-to-date symlink: /external/install/hesai_lidar/share/hesai_lidar/environment/ament_prefix_path.sh
[1.261s] -- Up-to-date symlink: /external/install/hesai_lidar/share/hesai_lidar/environment/ament_prefix_path.dsv
[1.262s] -- Up-to-date symlink: /external/install/hesai_lidar/share/hesai_lidar/environment/path.sh
[1.262s] -- Up-to-date symlink: /external/install/hesai_lidar/share/hesai_lidar/environment/path.dsv
[1.262s] -- Up-to-date symlink: /external/install/hesai_lidar/share/hesai_lidar/local_setup.bash
[1.263s] -- Up-to-date symlink: /external/install/hesai_lidar/share/hesai_lidar/local_setup.sh
[1.264s] -- Up-to-date symlink: /external/install/hesai_lidar/share/hesai_lidar/local_setup.zsh
[1.264s] -- Up-to-date symlink: /external/install/hesai_lidar/share/hesai_lidar/local_setup.dsv
[1.265s] -- Symlinking: /external/install/hesai_lidar/share/hesai_lidar/package.dsv
[1.269s] -- Up-to-date symlink: /external/install/hesai_lidar/share/ament_index/resource_index/packages/hesai_lidar
[1.271s] -- Up-to-date symlink: /external/install/hesai_lidar/share/hesai_lidar/cmake/ament_cmake_export_dependencies-extras.cmake
[1.272s] -- Up-to-date symlink: /external/install/hesai_lidar/share/hesai_lidar/cmake/rosidl_cmake-extras.cmake
[1.272s] -- Up-to-date symlink: /external/install/hesai_lidar/share/hesai_lidar/cmake/ament_cmake_export_include_directories-extras.cmake
[1.274s] -- Up-to-date symlink: /external/install/hesai_lidar/share/hesai_lidar/cmake/ament_cmake_export_libraries-extras.cmake
[1.274s] -- Up-to-date symlink: /external/install/hesai_lidar/share/hesai_lidar/cmake/ament_cmake_export_targets-extras.cmake
[1.275s] -- Up-to-date symlink: /external/install/hesai_lidar/share/hesai_lidar/cmake/rosidl_cmake_export_typesupport_targets-extras.cmake
[1.276s] -- Up-to-date symlink: /external/install/hesai_lidar/share/hesai_lidar/cmake/rosidl_cmake_export_typesupport_libraries-extras.cmake
[1.277s] -- Up-to-date symlink: /external/install/hesai_lidar/share/hesai_lidar/cmake/hesai_lidarConfig.cmake
[1.277s] -- Up-to-date symlink: /external/install/hesai_lidar/share/hesai_lidar/cmake/hesai_lidarConfig-version.cmake
[1.278s] -- Up-to-date symlink: /external/install/hesai_lidar/share/hesai_lidar/package.xml
[1.278s] -- Up-to-date: /external/install/hesai_lidar/lib/libhesai_lidar__rosidl_generator_c.so
[1.278s] -- Up-to-date: /external/install/hesai_lidar/lib/libhesai_lidar__rosidl_typesupport_fastrtps_c.so
[1.278s] -- Up-to-date: /external/install/hesai_lidar/lib/libhesai_lidar__rosidl_typesupport_fastrtps_cpp.so
[1.279s] -- Up-to-date: /external/install/hesai_lidar/lib/libhesai_lidar__rosidl_typesupport_introspection_c.so
[1.280s] -- Up-to-date: /external/install/hesai_lidar/lib/libhesai_lidar__rosidl_typesupport_c.so
[1.280s] -- Up-to-date: /external/install/hesai_lidar/lib/libhesai_lidar__rosidl_typesupport_introspection_cpp.so
[1.280s] -- Up-to-date: /external/install/hesai_lidar/lib/libhesai_lidar__rosidl_typesupport_cpp.so
[1.313s] Listing '/external/install/hesai_lidar/local/lib/python3.10/dist-packages/hesai_lidar'...
[1.313s] Listing '/external/install/hesai_lidar/local/lib/python3.10/dist-packages/hesai_lidar/msg'...
[1.326s] -- Up-to-date: /external/install/hesai_lidar/lib/libhesai_lidar__rosidl_generator_py.so
[1.327s] -- Up-to-date: /external/install/hesai_lidar/share/hesai_lidar/cmake/export_hesai_lidar__rosidl_generator_cExport.cmake
[1.327s] -- Up-to-date: /external/install/hesai_lidar/share/hesai_lidar/cmake/export_hesai_lidar__rosidl_generator_cExport-noconfig.cmake
[1.327s] -- Up-to-date: /external/install/hesai_lidar/share/hesai_lidar/cmake/export_hesai_lidar__rosidl_typesupport_fastrtps_cExport.cmake
[1.328s] -- Up-to-date: /external/install/hesai_lidar/share/hesai_lidar/cmake/export_hesai_lidar__rosidl_typesupport_fastrtps_cExport-noconfig.cmake
[1.328s] -- Up-to-date: /external/install/hesai_lidar/share/hesai_lidar/cmake/export_hesai_lidar__rosidl_generator_cppExport.cmake
[1.329s] -- Up-to-date: /external/install/hesai_lidar/share/hesai_lidar/cmake/export_hesai_lidar__rosidl_typesupport_fastrtps_cppExport.cmake
[1.329s] -- Up-to-date: /external/install/hesai_lidar/share/hesai_lidar/cmake/export_hesai_lidar__rosidl_typesupport_fastrtps_cppExport-noconfig.cmake
[1.329s] -- Up-to-date: /external/install/hesai_lidar/share/hesai_lidar/cmake/hesai_lidar__rosidl_typesupport_introspection_cExport.cmake
[1.330s] -- Up-to-date: /external/install/hesai_lidar/share/hesai_lidar/cmake/hesai_lidar__rosidl_typesupport_introspection_cExport-noconfig.cmake
[1.330s] -- Up-to-date: /external/install/hesai_lidar/share/hesai_lidar/cmake/hesai_lidar__rosidl_typesupport_cExport.cmake
[1.330s] -- Up-to-date: /external/install/hesai_lidar/share/hesai_lidar/cmake/hesai_lidar__rosidl_typesupport_cExport-noconfig.cmake
[1.331s] -- Up-to-date: /external/install/hesai_lidar/share/hesai_lidar/cmake/hesai_lidar__rosidl_typesupport_introspection_cppExport.cmake
[1.331s] -- Up-to-date: /external/install/hesai_lidar/share/hesai_lidar/cmake/hesai_lidar__rosidl_typesupport_introspection_cppExport-noconfig.cmake
[1.331s] -- Up-to-date: /external/install/hesai_lidar/share/hesai_lidar/cmake/hesai_lidar__rosidl_typesupport_cppExport.cmake
[1.332s] -- Up-to-date: /external/install/hesai_lidar/share/hesai_lidar/cmake/hesai_lidar__rosidl_typesupport_cppExport-noconfig.cmake
[1.332s] -- Up-to-date: /external/install/hesai_lidar/share/hesai_lidar/cmake/export_hesai_lidar__rosidl_generator_pyExport.cmake
[1.332s] -- Up-to-date: /external/install/hesai_lidar/share/hesai_lidar/cmake/export_hesai_lidar__rosidl_generator_pyExport-noconfig.cmake
[1.426s] Invoked command in '/external/build/hesai_lidar' returned '0': CMAKE_PREFIX_PATH=/opt/ros/humble /usr/bin/cmake --install /external/build/hesai_lidar
