[  2%] Built target hesai_lidar__cpp
[ 12%] Built target hesai_lidar__rosidl_generator_c
[ 12%] Built target ament_cmake_python_symlink_hesai_lidar
[ 21%] Built target hesai_lidar__rosidl_typesupport_fastrtps_cpp
[ 31%] Built target hesai_lidar__rosidl_typesupport_introspection_c
[ 41%] Built target hesai_lidar__rosidl_typesupport_c
[ 51%] Built target hesai_lidar__rosidl_typesupport_cpp
[ 60%] Built target hesai_lidar__rosidl_typesupport_introspection_cpp
[ 70%] Built target hesai_lidar__rosidl_typesupport_fastrtps_c
[35m[1mConsolidate compiler generated dependencies of target hesai_lidar_node[0m
[ 73%] [32mBuilding CXX object CMakeFiles/hesai_lidar_node.dir/src/main_ros2.cc.o[0m
[ 73%] Built target hesai_lidar
[ 75%] Built target hesai_lidar__py
[35m[1mConsolidate compiler generated dependencies of target hesai_lidar__rosidl_generator_py[0m
[ 82%] Built target hesai_lidar__rosidl_generator_py
[35m[1mConsolidate compiler generated dependencies of target hesai_lidar__rosidl_typesupport_fastrtps_c__pyext[0m
[35m[1mConsolidate compiler generated dependencies of target hesai_lidar__rosidl_typesupport_c__pyext[0m
[35m[1mConsolidate compiler generated dependencies of target hesai_lidar__rosidl_typesupport_introspection_c__pyext[0m
[ 87%] Built target hesai_lidar__rosidl_typesupport_fastrtps_c__pyext
[ 92%] Built target hesai_lidar__rosidl_typesupport_introspection_c__pyext
[ 97%] Built target hesai_lidar__rosidl_typesupport_c__pyext
running egg_info
writing hesai_lidar.egg-info/PKG-INFO
writing dependency_links to hesai_lidar.egg-info/dependency_links.txt
writing top-level names to hesai_lidar.egg-info/top_level.txt
reading manifest file 'hesai_lidar.egg-info/SOURCES.txt'
writing manifest file 'hesai_lidar.egg-info/SOURCES.txt'
[ 97%] Built target ament_cmake_python_build_hesai_lidar_egg
