[0.052s] Invoking command in '/external/build/direct_lidar_inertial_odometry': CMAKE_PREFIX_PATH=/opt/ros/humble /usr/bin/cmake --build /external/build/direct_lidar_inertial_odometry -- -j8 -l8
[0.220s] [  2%] Built target direct_lidar_inertial_odometry__cpp
[0.249s] [  9%] Built target direct_lidar_inertial_odometry__rosidl_generator_c
[0.282s] [  9%] Built target ament_cmake_python_symlink_direct_lidar_inertial_odometry
[0.284s] [ 14%] Built target nanoflann
[0.350s] [ 21%] Built target direct_lidar_inertial_odometry__rosidl_typesupport_fastrtps_cpp
[0.376s] [ 28%] Built target direct_lidar_inertial_odometry__rosidl_typesupport_cpp
[0.483s] [ 35%] Built target direct_lidar_inertial_odometry__rosidl_typesupport_introspection_c
[0.484s] [ 47%] Built target direct_lidar_inertial_odometry__rosidl_typesupport_c
[0.484s] [ 50%] Built target direct_lidar_inertial_odometry__rosidl_typesupport_introspection_cpp
[0.485s] [ 57%] Built target nano_gicp
[0.490s] [ 64%] Built target direct_lidar_inertial_odometry__rosidl_typesupport_fastrtps_c
[0.585s] [ 71%] Built target dlio_map_node
[0.622s] [ 78%] Built target dlio_odom_node
[0.637s] [ 78%] Built target direct_lidar_inertial_odometry
[0.739s] [ 80%] Built target direct_lidar_inertial_odometry__py
[0.829s] [ 85%] Built target direct_lidar_inertial_odometry__rosidl_generator_py
[0.885s] [ 90%] Built target direct_lidar_inertial_odometry__rosidl_typesupport_fastrtps_c__pyext
[0.902s] [100%] Built target direct_lidar_inertial_odometry__rosidl_typesupport_c__pyext
[0.907s] [100%] Built target direct_lidar_inertial_odometry__rosidl_typesupport_introspection_c__pyext
[0.943s] running egg_info
[0.945s] writing direct_lidar_inertial_odometry.egg-info/PKG-INFO
[0.946s] writing dependency_links to direct_lidar_inertial_odometry.egg-info/dependency_links.txt
[0.947s] writing top-level names to direct_lidar_inertial_odometry.egg-info/top_level.txt
[0.953s] reading manifest file 'direct_lidar_inertial_odometry.egg-info/SOURCES.txt'
[0.954s] writing manifest file 'direct_lidar_inertial_odometry.egg-info/SOURCES.txt'
[1.036s] [100%] Built target ament_cmake_python_build_direct_lidar_inertial_odometry_egg
[1.064s] Invoked command in '/external/build/direct_lidar_inertial_odometry' returned '0': CMAKE_PREFIX_PATH=/opt/ros/humble /usr/bin/cmake --build /external/build/direct_lidar_inertial_odometry -- -j8 -l8
[1.065s] Invoking command in '/external/build/direct_lidar_inertial_odometry': CMAKE_PREFIX_PATH=/opt/ros/humble /usr/bin/cmake --install /external/build/direct_lidar_inertial_odometry
[1.095s] -- Install configuration: "Release"
[1.096s] -- Execute custom install script
[1.096s] -- Up-to-date symlink: /external/install/direct_lidar_inertial_odometry/share/ament_index/resource_index/rosidl_interfaces/direct_lidar_inertial_odometry
[1.096s] -- Up-to-date symlink: /external/install/direct_lidar_inertial_odometry/include/direct_lidar_inertial_odometry/direct_lidar_inertial_odometry/msg/rosidl_generator_c__visibility_control.h
[1.096s] -- Up-to-date symlink: /external/install/direct_lidar_inertial_odometry/include/direct_lidar_inertial_odometry/direct_lidar_inertial_odometry/srv/detail/save_pcd__functions.h
[1.096s] -- Up-to-date symlink: /external/install/direct_lidar_inertial_odometry/include/direct_lidar_inertial_odometry/direct_lidar_inertial_odometry/srv/detail/save_pcd__struct.h
[1.097s] -- Up-to-date symlink: /external/install/direct_lidar_inertial_odometry/include/direct_lidar_inertial_odometry/direct_lidar_inertial_odometry/srv/detail/save_pcd__type_support.h
[1.098s] -- Up-to-date symlink: /external/install/direct_lidar_inertial_odometry/include/direct_lidar_inertial_odometry/direct_lidar_inertial_odometry/srv/save_pcd.h
[1.099s] -- Up-to-date symlink: /external/install/direct_lidar_inertial_odometry/share/direct_lidar_inertial_odometry/environment/library_path.sh
[1.099s] -- Up-to-date symlink: /external/install/direct_lidar_inertial_odometry/share/direct_lidar_inertial_odometry/environment/library_path.dsv
[1.099s] -- Up-to-date symlink: /external/install/direct_lidar_inertial_odometry/include/direct_lidar_inertial_odometry/direct_lidar_inertial_odometry/msg/rosidl_typesupport_fastrtps_c__visibility_control.h
[1.099s] -- Up-to-date symlink: /external/install/direct_lidar_inertial_odometry/include/direct_lidar_inertial_odometry/direct_lidar_inertial_odometry/srv/detail/save_pcd__rosidl_typesupport_fastrtps_c.h
[1.100s] -- Up-to-date symlink: /external/install/direct_lidar_inertial_odometry/include/direct_lidar_inertial_odometry/direct_lidar_inertial_odometry/msg/rosidl_typesupport_introspection_c__visibility_control.h
[1.100s] -- Up-to-date symlink: /external/install/direct_lidar_inertial_odometry/include/direct_lidar_inertial_odometry/direct_lidar_inertial_odometry/srv/detail/save_pcd__rosidl_typesupport_introspection_c.h
[1.101s] -- Up-to-date symlink: /external/install/direct_lidar_inertial_odometry/include/direct_lidar_inertial_odometry/direct_lidar_inertial_odometry/msg/rosidl_generator_cpp__visibility_control.hpp
[1.101s] -- Up-to-date symlink: /external/install/direct_lidar_inertial_odometry/include/direct_lidar_inertial_odometry/direct_lidar_inertial_odometry/srv/detail/save_pcd__builder.hpp
[1.101s] -- Up-to-date symlink: /external/install/direct_lidar_inertial_odometry/include/direct_lidar_inertial_odometry/direct_lidar_inertial_odometry/srv/detail/save_pcd__struct.hpp
[1.101s] -- Up-to-date symlink: /external/install/direct_lidar_inertial_odometry/include/direct_lidar_inertial_odometry/direct_lidar_inertial_odometry/srv/detail/save_pcd__traits.hpp
[1.101s] -- Up-to-date symlink: /external/install/direct_lidar_inertial_odometry/include/direct_lidar_inertial_odometry/direct_lidar_inertial_odometry/srv/detail/save_pcd__type_support.hpp
[1.101s] -- Up-to-date symlink: /external/install/direct_lidar_inertial_odometry/include/direct_lidar_inertial_odometry/direct_lidar_inertial_odometry/srv/save_pcd.hpp
[1.103s] -- Up-to-date symlink: /external/install/direct_lidar_inertial_odometry/include/direct_lidar_inertial_odometry/direct_lidar_inertial_odometry/msg/rosidl_typesupport_fastrtps_cpp__visibility_control.h
[1.103s] -- Up-to-date symlink: /external/install/direct_lidar_inertial_odometry/include/direct_lidar_inertial_odometry/direct_lidar_inertial_odometry/srv/detail/save_pcd__rosidl_typesupport_fastrtps_cpp.hpp
[1.103s] -- Up-to-date symlink: /external/install/direct_lidar_inertial_odometry/include/direct_lidar_inertial_odometry/direct_lidar_inertial_odometry/srv/detail/save_pcd__rosidl_typesupport_introspection_cpp.hpp
[1.104s] -- Up-to-date symlink: /external/install/direct_lidar_inertial_odometry/share/direct_lidar_inertial_odometry/environment/pythonpath.sh
[1.104s] -- Up-to-date symlink: /external/install/direct_lidar_inertial_odometry/share/direct_lidar_inertial_odometry/environment/pythonpath.dsv
[1.104s] -- Up-to-date symlink: /external/install/direct_lidar_inertial_odometry/local/lib/python3.10/dist-packages/direct_lidar_inertial_odometry-1.1.1-py3.10.egg-info/PKG-INFO
[1.105s] -- Up-to-date symlink: /external/install/direct_lidar_inertial_odometry/local/lib/python3.10/dist-packages/direct_lidar_inertial_odometry-1.1.1-py3.10.egg-info/SOURCES.txt
[1.105s] -- Up-to-date symlink: /external/install/direct_lidar_inertial_odometry/local/lib/python3.10/dist-packages/direct_lidar_inertial_odometry-1.1.1-py3.10.egg-info/dependency_links.txt
[1.106s] -- Up-to-date symlink: /external/install/direct_lidar_inertial_odometry/local/lib/python3.10/dist-packages/direct_lidar_inertial_odometry-1.1.1-py3.10.egg-info/top_level.txt
[1.107s] -- Up-to-date symlink: /external/install/direct_lidar_inertial_odometry/local/lib/python3.10/dist-packages/direct_lidar_inertial_odometry/__init__.py
[1.107s] -- Up-to-date symlink: /external/install/direct_lidar_inertial_odometry/local/lib/python3.10/dist-packages/direct_lidar_inertial_odometry/_direct_lidar_inertial_odometry_s.ep.rosidl_typesupport_c.c
[1.108s] -- Up-to-date symlink: /external/install/direct_lidar_inertial_odometry/local/lib/python3.10/dist-packages/direct_lidar_inertial_odometry/_direct_lidar_inertial_odometry_s.ep.rosidl_typesupport_fastrtps_c.c
[1.108s] -- Up-to-date symlink: /external/install/direct_lidar_inertial_odometry/local/lib/python3.10/dist-packages/direct_lidar_inertial_odometry/_direct_lidar_inertial_odometry_s.ep.rosidl_typesupport_introspection_c.c
[1.108s] -- Up-to-date symlink: /external/install/direct_lidar_inertial_odometry/local/lib/python3.10/dist-packages/direct_lidar_inertial_odometry/direct_lidar_inertial_odometry_s__rosidl_typesupport_c.cpython-310-aarch64-linux-gnu.so
[1.109s] -- Up-to-date symlink: /external/install/direct_lidar_inertial_odometry/local/lib/python3.10/dist-packages/direct_lidar_inertial_odometry/direct_lidar_inertial_odometry_s__rosidl_typesupport_fastrtps_c.cpython-310-aarch64-linux-gnu.so
[1.109s] -- Up-to-date symlink: /external/install/direct_lidar_inertial_odometry/local/lib/python3.10/dist-packages/direct_lidar_inertial_odometry/direct_lidar_inertial_odometry_s__rosidl_typesupport_introspection_c.cpython-310-aarch64-linux-gnu.so
[1.109s] -- Up-to-date symlink: /external/install/direct_lidar_inertial_odometry/local/lib/python3.10/dist-packages/direct_lidar_inertial_odometry/libdirect_lidar_inertial_odometry__rosidl_generator_py.so
[1.109s] -- Up-to-date symlink: /external/install/direct_lidar_inertial_odometry/local/lib/python3.10/dist-packages/direct_lidar_inertial_odometry/srv/__init__.py
[1.110s] -- Up-to-date symlink: /external/install/direct_lidar_inertial_odometry/local/lib/python3.10/dist-packages/direct_lidar_inertial_odometry/srv/_save_pcd.py
[1.110s] -- Up-to-date symlink: /external/install/direct_lidar_inertial_odometry/local/lib/python3.10/dist-packages/direct_lidar_inertial_odometry/srv/_save_pcd_s.c
[1.110s] -- Up-to-date symlink: /external/install/direct_lidar_inertial_odometry/local/lib/python3.10/dist-packages/direct_lidar_inertial_odometry/direct_lidar_inertial_odometry_s__rosidl_typesupport_fastrtps_c.cpython-310-aarch64-linux-gnu.so
[1.110s] -- Up-to-date symlink: /external/install/direct_lidar_inertial_odometry/local/lib/python3.10/dist-packages/direct_lidar_inertial_odometry/direct_lidar_inertial_odometry_s__rosidl_typesupport_introspection_c.cpython-310-aarch64-linux-gnu.so
[1.110s] -- Up-to-date symlink: /external/install/direct_lidar_inertial_odometry/local/lib/python3.10/dist-packages/direct_lidar_inertial_odometry/direct_lidar_inertial_odometry_s__rosidl_typesupport_c.cpython-310-aarch64-linux-gnu.so
[1.110s] -- Up-to-date symlink: /external/install/direct_lidar_inertial_odometry/share/direct_lidar_inertial_odometry/srv/SavePCD.idl
[1.113s] -- Up-to-date symlink: /external/install/direct_lidar_inertial_odometry/share/direct_lidar_inertial_odometry/srv/SavePCD.srv
[1.113s] -- Up-to-date symlink: /external/install/direct_lidar_inertial_odometry/share/direct_lidar_inertial_odometry/srv/SavePCD_Request.msg
[1.116s] -- Up-to-date symlink: /external/install/direct_lidar_inertial_odometry/share/direct_lidar_inertial_odometry/srv/SavePCD_Response.msg
[1.116s] -- Up-to-date symlink: /external/install/direct_lidar_inertial_odometry/share/ament_index/resource_index/package_run_dependencies/direct_lidar_inertial_odometry
[1.116s] -- Up-to-date symlink: /external/install/direct_lidar_inertial_odometry/share/ament_index/resource_index/parent_prefix_path/direct_lidar_inertial_odometry
[1.116s] -- Up-to-date symlink: /external/install/direct_lidar_inertial_odometry/share/direct_lidar_inertial_odometry/environment/ament_prefix_path.sh
[1.116s] -- Up-to-date symlink: /external/install/direct_lidar_inertial_odometry/share/direct_lidar_inertial_odometry/environment/ament_prefix_path.dsv
[1.116s] -- Up-to-date symlink: /external/install/direct_lidar_inertial_odometry/share/direct_lidar_inertial_odometry/environment/path.sh
[1.116s] -- Up-to-date symlink: /external/install/direct_lidar_inertial_odometry/share/direct_lidar_inertial_odometry/environment/path.dsv
[1.116s] -- Up-to-date symlink: /external/install/direct_lidar_inertial_odometry/share/direct_lidar_inertial_odometry/local_setup.bash
[1.116s] -- Up-to-date symlink: /external/install/direct_lidar_inertial_odometry/share/direct_lidar_inertial_odometry/local_setup.sh
[1.117s] -- Up-to-date symlink: /external/install/direct_lidar_inertial_odometry/share/direct_lidar_inertial_odometry/local_setup.zsh
[1.117s] -- Up-to-date symlink: /external/install/direct_lidar_inertial_odometry/share/direct_lidar_inertial_odometry/local_setup.dsv
[1.117s] -- Symlinking: /external/install/direct_lidar_inertial_odometry/share/direct_lidar_inertial_odometry/package.dsv
[1.126s] -- Up-to-date symlink: /external/install/direct_lidar_inertial_odometry/share/ament_index/resource_index/packages/direct_lidar_inertial_odometry
[1.126s] -- Up-to-date symlink: /external/install/direct_lidar_inertial_odometry/share/direct_lidar_inertial_odometry/cmake/rosidl_cmake-extras.cmake
[1.127s] -- Up-to-date symlink: /external/install/direct_lidar_inertial_odometry/share/direct_lidar_inertial_odometry/cmake/ament_cmake_export_include_directories-extras.cmake
[1.127s] -- Up-to-date symlink: /external/install/direct_lidar_inertial_odometry/share/direct_lidar_inertial_odometry/cmake/ament_cmake_export_libraries-extras.cmake
[1.127s] -- Up-to-date symlink: /external/install/direct_lidar_inertial_odometry/share/direct_lidar_inertial_odometry/cmake/ament_cmake_export_targets-extras.cmake
[1.128s] -- Up-to-date symlink: /external/install/direct_lidar_inertial_odometry/share/direct_lidar_inertial_odometry/cmake/rosidl_cmake_export_typesupport_targets-extras.cmake
[1.128s] -- Up-to-date symlink: /external/install/direct_lidar_inertial_odometry/share/direct_lidar_inertial_odometry/cmake/ament_cmake_export_dependencies-extras.cmake
[1.129s] -- Up-to-date symlink: /external/install/direct_lidar_inertial_odometry/share/direct_lidar_inertial_odometry/cmake/rosidl_cmake_export_typesupport_libraries-extras.cmake
[1.129s] -- Up-to-date symlink: /external/install/direct_lidar_inertial_odometry/share/direct_lidar_inertial_odometry/cmake/direct_lidar_inertial_odometryConfig.cmake
[1.129s] -- Up-to-date symlink: /external/install/direct_lidar_inertial_odometry/share/direct_lidar_inertial_odometry/cmake/direct_lidar_inertial_odometryConfig-version.cmake
[1.130s] -- Up-to-date symlink: /external/install/direct_lidar_inertial_odometry/share/direct_lidar_inertial_odometry/package.xml
[1.133s] -- Up-to-date symlink: /external/install/direct_lidar_inertial_odometry/lib/direct_lidar_inertial_odometry/dlio_odom_node
[1.135s] -- Up-to-date symlink: /external/install/direct_lidar_inertial_odometry/lib/direct_lidar_inertial_odometry/dlio_map_node
[1.135s] -- Up-to-date symlink: /external/install/direct_lidar_inertial_odometry/share/direct_lidar_inertial_odometry/cfg/dlio.yaml
[1.137s] -- Up-to-date symlink: /external/install/direct_lidar_inertial_odometry/share/direct_lidar_inertial_odometry/cfg/params.yaml
[1.137s] -- Up-to-date symlink: /external/install/direct_lidar_inertial_odometry/share/direct_lidar_inertial_odometry/launch/dlio.launch.py
[1.147s] -- Up-to-date symlink: /external/install/direct_lidar_inertial_odometry/share/direct_lidar_inertial_odometry/launch/dlio.rviz
[1.147s] -- Up-to-date: /external/install/direct_lidar_inertial_odometry/lib/libdirect_lidar_inertial_odometry__rosidl_generator_c.so
[1.148s] -- Up-to-date: /external/install/direct_lidar_inertial_odometry/lib/libdirect_lidar_inertial_odometry__rosidl_typesupport_fastrtps_c.so
[1.148s] -- Up-to-date: /external/install/direct_lidar_inertial_odometry/lib/libdirect_lidar_inertial_odometry__rosidl_typesupport_introspection_c.so
[1.148s] -- Up-to-date: /external/install/direct_lidar_inertial_odometry/lib/libdirect_lidar_inertial_odometry__rosidl_typesupport_c.so
[1.149s] -- Up-to-date: /external/install/direct_lidar_inertial_odometry/lib/libdirect_lidar_inertial_odometry__rosidl_typesupport_fastrtps_cpp.so
[1.149s] -- Up-to-date: /external/install/direct_lidar_inertial_odometry/lib/libdirect_lidar_inertial_odometry__rosidl_typesupport_introspection_cpp.so
[1.150s] -- Up-to-date: /external/install/direct_lidar_inertial_odometry/lib/libdirect_lidar_inertial_odometry__rosidl_typesupport_cpp.so
[1.171s] Listing '/external/install/direct_lidar_inertial_odometry/local/lib/python3.10/dist-packages/direct_lidar_inertial_odometry'...
[1.171s] Listing '/external/install/direct_lidar_inertial_odometry/local/lib/python3.10/dist-packages/direct_lidar_inertial_odometry/srv'...
[1.183s] -- Up-to-date: /external/install/direct_lidar_inertial_odometry/lib/libdirect_lidar_inertial_odometry__rosidl_generator_py.so
[1.184s] -- Up-to-date: /external/install/direct_lidar_inertial_odometry/share/direct_lidar_inertial_odometry/cmake/export_direct_lidar_inertial_odometry__rosidl_generator_cExport.cmake
[1.184s] -- Up-to-date: /external/install/direct_lidar_inertial_odometry/share/direct_lidar_inertial_odometry/cmake/export_direct_lidar_inertial_odometry__rosidl_generator_cExport-release.cmake
[1.184s] -- Up-to-date: /external/install/direct_lidar_inertial_odometry/share/direct_lidar_inertial_odometry/cmake/export_direct_lidar_inertial_odometry__rosidl_typesupport_fastrtps_cExport.cmake
[1.184s] -- Up-to-date: /external/install/direct_lidar_inertial_odometry/share/direct_lidar_inertial_odometry/cmake/export_direct_lidar_inertial_odometry__rosidl_typesupport_fastrtps_cExport-release.cmake
[1.185s] -- Up-to-date: /external/install/direct_lidar_inertial_odometry/share/direct_lidar_inertial_odometry/cmake/direct_lidar_inertial_odometry__rosidl_typesupport_introspection_cExport.cmake
[1.185s] -- Up-to-date: /external/install/direct_lidar_inertial_odometry/share/direct_lidar_inertial_odometry/cmake/direct_lidar_inertial_odometry__rosidl_typesupport_introspection_cExport-release.cmake
[1.185s] -- Up-to-date: /external/install/direct_lidar_inertial_odometry/share/direct_lidar_inertial_odometry/cmake/direct_lidar_inertial_odometry__rosidl_typesupport_cExport.cmake
[1.185s] -- Up-to-date: /external/install/direct_lidar_inertial_odometry/share/direct_lidar_inertial_odometry/cmake/direct_lidar_inertial_odometry__rosidl_typesupport_cExport-release.cmake
[1.186s] -- Up-to-date: /external/install/direct_lidar_inertial_odometry/share/direct_lidar_inertial_odometry/cmake/export_direct_lidar_inertial_odometry__rosidl_generator_cppExport.cmake
[1.186s] -- Up-to-date: /external/install/direct_lidar_inertial_odometry/share/direct_lidar_inertial_odometry/cmake/export_direct_lidar_inertial_odometry__rosidl_typesupport_fastrtps_cppExport.cmake
[1.187s] -- Up-to-date: /external/install/direct_lidar_inertial_odometry/share/direct_lidar_inertial_odometry/cmake/export_direct_lidar_inertial_odometry__rosidl_typesupport_fastrtps_cppExport-release.cmake
[1.187s] -- Up-to-date: /external/install/direct_lidar_inertial_odometry/share/direct_lidar_inertial_odometry/cmake/direct_lidar_inertial_odometry__rosidl_typesupport_introspection_cppExport.cmake
[1.187s] -- Up-to-date: /external/install/direct_lidar_inertial_odometry/share/direct_lidar_inertial_odometry/cmake/direct_lidar_inertial_odometry__rosidl_typesupport_introspection_cppExport-release.cmake
[1.188s] -- Up-to-date: /external/install/direct_lidar_inertial_odometry/share/direct_lidar_inertial_odometry/cmake/direct_lidar_inertial_odometry__rosidl_typesupport_cppExport.cmake
[1.189s] -- Up-to-date: /external/install/direct_lidar_inertial_odometry/share/direct_lidar_inertial_odometry/cmake/direct_lidar_inertial_odometry__rosidl_typesupport_cppExport-release.cmake
[1.189s] -- Up-to-date: /external/install/direct_lidar_inertial_odometry/share/direct_lidar_inertial_odometry/cmake/export_direct_lidar_inertial_odometry__rosidl_generator_pyExport.cmake
[1.189s] -- Up-to-date: /external/install/direct_lidar_inertial_odometry/share/direct_lidar_inertial_odometry/cmake/export_direct_lidar_inertial_odometry__rosidl_generator_pyExport-release.cmake
[1.194s] Invoked command in '/external/build/direct_lidar_inertial_odometry' returned '0': CMAKE_PREFIX_PATH=/opt/ros/humble /usr/bin/cmake --install /external/build/direct_lidar_inertial_odometry
