[0.179s] DEBUG:colcon:Command line arguments: ['/usr/bin/colcon', 'build', '--symlink-install']
[0.179s] DEBUG:colcon:Parsed command line arguments: Namespace(log_base=None, log_level=None, verb_name='build', build_base='build', install_base='install', merge_install=False, symlink_install=True, test_result_base=None, continue_on_error=False, executor='parallel', parallel_workers=8, event_handlers=None, ignore_user_meta=False, metas=['./colcon.meta'], base_paths=['.'], packages_ignore=None, packages_ignore_regex=None, paths=None, packages_up_to=None, packages_up_to_regex=None, packages_above=None, packages_above_and_dependencies=None, packages_above_depth=None, packages_select_by_dep=None, packages_skip_by_dep=None, packages_skip_up_to=None, packages_select_build_failed=False, packages_skip_build_finished=False, packages_select_test_failures=False, packages_skip_test_passed=False, packages_select=None, packages_skip=None, packages_select_regex=None, packages_skip_regex=None, packages_start=None, packages_end=None, allow_overriding=[], cmake_args=None, cmake_target=None, cmake_target_skip_unavailable=False, cmake_clean_cache=False, cmake_clean_first=False, cmake_force_configure=False, ament_cmake_args=None, catkin_cmake_args=None, catkin_skip_building_tests=False, verb_parser=<colcon_defaults.argument_parser.defaults.DefaultArgumentsDecorator object at 0xffff85c7f8b0>, verb_extension=<colcon_core.verb.build.BuildVerb object at 0xffff85dd8c70>, main=<bound method BuildVerb.main of <colcon_core.verb.build.BuildVerb object at 0xffff85dd8c70>>)
[0.450s] Level 1:colcon.colcon_core.package_discovery:discover_packages(colcon_meta) check parameters
[0.451s] Level 1:colcon.colcon_core.package_discovery:discover_packages(recursive) check parameters
[0.451s] Level 1:colcon.colcon_core.package_discovery:discover_packages(ignore) check parameters
[0.451s] Level 1:colcon.colcon_core.package_discovery:discover_packages(path) check parameters
[0.451s] Level 1:colcon.colcon_core.package_discovery:discover_packages(colcon_meta) discover
[0.451s] Level 1:colcon.colcon_core.package_discovery:discover_packages(recursive) discover
[0.451s] INFO:colcon.colcon_core.package_discovery:Crawling recursively for packages in '/external'
[0.451s] Level 1:colcon.colcon_core.package_identification:_identify(.) by extensions ['ignore', 'ignore_ament_install']
[0.451s] Level 1:colcon.colcon_core.package_identification:_identify(.) by extension 'ignore'
[0.452s] Level 1:colcon.colcon_core.package_identification:_identify(.) by extension 'ignore_ament_install'
[0.452s] Level 1:colcon.colcon_core.package_identification:_identify(.) by extensions ['colcon_pkg']
[0.452s] Level 1:colcon.colcon_core.package_identification:_identify(.) by extension 'colcon_pkg'
[0.452s] Level 1:colcon.colcon_core.package_identification:_identify(.) by extensions ['colcon_meta']
[0.452s] Level 1:colcon.colcon_core.package_identification:_identify(.) by extension 'colcon_meta'
[0.452s] Level 1:colcon.colcon_core.package_identification:_identify(.) by extensions ['ros']
[0.452s] Level 1:colcon.colcon_core.package_identification:_identify(.) by extension 'ros'
[0.472s] Level 1:colcon.colcon_core.package_identification:_identify(.) by extensions ['cmake', 'python']
[0.472s] Level 1:colcon.colcon_core.package_identification:_identify(.) by extension 'cmake'
[0.472s] Level 1:colcon.colcon_core.package_identification:_identify(.) by extension 'python'
[0.473s] Level 1:colcon.colcon_core.package_identification:_identify(.) by extensions ['python_setup_py']
[0.473s] Level 1:colcon.colcon_core.package_identification:_identify(.) by extension 'python_setup_py'
[0.473s] Level 1:colcon.colcon_core.package_identification:_identify(build) by extensions ['ignore', 'ignore_ament_install']
[0.473s] Level 1:colcon.colcon_core.package_identification:_identify(build) by extension 'ignore'
[0.473s] Level 1:colcon.colcon_core.package_identification:_identify(build) ignored
[0.473s] Level 1:colcon.colcon_core.package_identification:_identify(install) by extensions ['ignore', 'ignore_ament_install']
[0.474s] Level 1:colcon.colcon_core.package_identification:_identify(install) by extension 'ignore'
[0.474s] Level 1:colcon.colcon_core.package_identification:_identify(install) ignored
[0.474s] Level 1:colcon.colcon_core.package_identification:_identify(log) by extensions ['ignore', 'ignore_ament_install']
[0.474s] Level 1:colcon.colcon_core.package_identification:_identify(log) by extension 'ignore'
[0.474s] Level 1:colcon.colcon_core.package_identification:_identify(log) ignored
[0.474s] Level 1:colcon.colcon_core.package_identification:_identify(src) by extensions ['ignore', 'ignore_ament_install']
[0.474s] Level 1:colcon.colcon_core.package_identification:_identify(src) by extension 'ignore'
[0.474s] Level 1:colcon.colcon_core.package_identification:_identify(src) by extension 'ignore_ament_install'
[0.474s] Level 1:colcon.colcon_core.package_identification:_identify(src) by extensions ['colcon_pkg']
[0.474s] Level 1:colcon.colcon_core.package_identification:_identify(src) by extension 'colcon_pkg'
[0.475s] Level 1:colcon.colcon_core.package_identification:_identify(src) by extensions ['colcon_meta']
[0.475s] Level 1:colcon.colcon_core.package_identification:_identify(src) by extension 'colcon_meta'
[0.475s] Level 1:colcon.colcon_core.package_identification:_identify(src) by extensions ['ros']
[0.475s] Level 1:colcon.colcon_core.package_identification:_identify(src) by extension 'ros'
[0.475s] Level 1:colcon.colcon_core.package_identification:_identify(src) by extensions ['cmake', 'python']
[0.475s] Level 1:colcon.colcon_core.package_identification:_identify(src) by extension 'cmake'
[0.475s] Level 1:colcon.colcon_core.package_identification:_identify(src) by extension 'python'
[0.475s] Level 1:colcon.colcon_core.package_identification:_identify(src) by extensions ['python_setup_py']
[0.475s] Level 1:colcon.colcon_core.package_identification:_identify(src) by extension 'python_setup_py'
[0.475s] Level 1:colcon.colcon_core.package_identification:_identify(src/HesaiLidar_ROS2_techshare) by extensions ['ignore', 'ignore_ament_install']
[0.475s] Level 1:colcon.colcon_core.package_identification:_identify(src/HesaiLidar_ROS2_techshare) by extension 'ignore'
[0.475s] Level 1:colcon.colcon_core.package_identification:_identify(src/HesaiLidar_ROS2_techshare) by extension 'ignore_ament_install'
[0.476s] Level 1:colcon.colcon_core.package_identification:_identify(src/HesaiLidar_ROS2_techshare) by extensions ['colcon_pkg']
[0.476s] Level 1:colcon.colcon_core.package_identification:_identify(src/HesaiLidar_ROS2_techshare) by extension 'colcon_pkg'
[0.476s] Level 1:colcon.colcon_core.package_identification:_identify(src/HesaiLidar_ROS2_techshare) by extensions ['colcon_meta']
[0.476s] Level 1:colcon.colcon_core.package_identification:_identify(src/HesaiLidar_ROS2_techshare) by extension 'colcon_meta'
[0.476s] Level 1:colcon.colcon_core.package_identification:_identify(src/HesaiLidar_ROS2_techshare) by extensions ['ros']
[0.476s] Level 1:colcon.colcon_core.package_identification:_identify(src/HesaiLidar_ROS2_techshare) by extension 'ros'
[0.481s] DEBUG:colcon.colcon_core.package_identification:Package 'src/HesaiLidar_ROS2_techshare' with type 'ros.ament_cmake' and name 'hesai_lidar'
[0.481s] Level 1:colcon.colcon_core.package_identification:_identify(src/direct_lidar_inertial_odometry) by extensions ['ignore', 'ignore_ament_install']
[0.482s] Level 1:colcon.colcon_core.package_identification:_identify(src/direct_lidar_inertial_odometry) by extension 'ignore'
[0.482s] Level 1:colcon.colcon_core.package_identification:_identify(src/direct_lidar_inertial_odometry) by extension 'ignore_ament_install'
[0.482s] Level 1:colcon.colcon_core.package_identification:_identify(src/direct_lidar_inertial_odometry) by extensions ['colcon_pkg']
[0.482s] Level 1:colcon.colcon_core.package_identification:_identify(src/direct_lidar_inertial_odometry) by extension 'colcon_pkg'
[0.482s] Level 1:colcon.colcon_core.package_identification:_identify(src/direct_lidar_inertial_odometry) by extensions ['colcon_meta']
[0.482s] Level 1:colcon.colcon_core.package_identification:_identify(src/direct_lidar_inertial_odometry) by extension 'colcon_meta'
[0.482s] Level 1:colcon.colcon_core.package_identification:_identify(src/direct_lidar_inertial_odometry) by extensions ['ros']
[0.482s] Level 1:colcon.colcon_core.package_identification:_identify(src/direct_lidar_inertial_odometry) by extension 'ros'
[0.484s] DEBUG:colcon.colcon_core.package_identification:Package 'src/direct_lidar_inertial_odometry' with type 'ros.ament_cmake' and name 'direct_lidar_inertial_odometry'
[0.484s] Level 1:colcon.colcon_core.package_identification:_identify(src/go2_unitree_ros2) by extensions ['ignore', 'ignore_ament_install']
[0.484s] Level 1:colcon.colcon_core.package_identification:_identify(src/go2_unitree_ros2) by extension 'ignore'
[0.484s] Level 1:colcon.colcon_core.package_identification:_identify(src/go2_unitree_ros2) by extension 'ignore_ament_install'
[0.484s] Level 1:colcon.colcon_core.package_identification:_identify(src/go2_unitree_ros2) by extensions ['colcon_pkg']
[0.484s] Level 1:colcon.colcon_core.package_identification:_identify(src/go2_unitree_ros2) by extension 'colcon_pkg'
[0.484s] Level 1:colcon.colcon_core.package_identification:_identify(src/go2_unitree_ros2) by extensions ['colcon_meta']
[0.484s] Level 1:colcon.colcon_core.package_identification:_identify(src/go2_unitree_ros2) by extension 'colcon_meta'
[0.484s] Level 1:colcon.colcon_core.package_identification:_identify(src/go2_unitree_ros2) by extensions ['ros']
[0.484s] Level 1:colcon.colcon_core.package_identification:_identify(src/go2_unitree_ros2) by extension 'ros'
[0.486s] DEBUG:colcon.colcon_core.package_identification:Package 'src/go2_unitree_ros2' with type 'ros.ament_cmake' and name 'go2_demo'
[0.486s] Level 1:colcon.colcon_core.package_identification:_identify(src/unitree_ros2) by extensions ['ignore', 'ignore_ament_install']
[0.486s] Level 1:colcon.colcon_core.package_identification:_identify(src/unitree_ros2) by extension 'ignore'
[0.486s] Level 1:colcon.colcon_core.package_identification:_identify(src/unitree_ros2) by extension 'ignore_ament_install'
[0.486s] Level 1:colcon.colcon_core.package_identification:_identify(src/unitree_ros2) by extensions ['colcon_pkg']
[0.486s] Level 1:colcon.colcon_core.package_identification:_identify(src/unitree_ros2) by extension 'colcon_pkg'
[0.486s] Level 1:colcon.colcon_core.package_identification:_identify(src/unitree_ros2) by extensions ['colcon_meta']
[0.486s] Level 1:colcon.colcon_core.package_identification:_identify(src/unitree_ros2) by extension 'colcon_meta'
[0.487s] Level 1:colcon.colcon_core.package_identification:_identify(src/unitree_ros2) by extensions ['ros']
[0.487s] Level 1:colcon.colcon_core.package_identification:_identify(src/unitree_ros2) by extension 'ros'
[0.487s] Level 1:colcon.colcon_core.package_identification:_identify(src/unitree_ros2) by extensions ['cmake', 'python']
[0.487s] Level 1:colcon.colcon_core.package_identification:_identify(src/unitree_ros2) by extension 'cmake'
[0.487s] Level 1:colcon.colcon_core.package_identification:_identify(src/unitree_ros2) by extension 'python'
[0.487s] Level 1:colcon.colcon_core.package_identification:_identify(src/unitree_ros2) by extensions ['python_setup_py']
[0.487s] Level 1:colcon.colcon_core.package_identification:_identify(src/unitree_ros2) by extension 'python_setup_py'
[0.487s] Level 1:colcon.colcon_core.package_identification:_identify(src/unitree_ros2/cyclonedds_ws) by extensions ['ignore', 'ignore_ament_install']
[0.487s] Level 1:colcon.colcon_core.package_identification:_identify(src/unitree_ros2/cyclonedds_ws) by extension 'ignore'
[0.487s] Level 1:colcon.colcon_core.package_identification:_identify(src/unitree_ros2/cyclonedds_ws) by extension 'ignore_ament_install'
[0.487s] Level 1:colcon.colcon_core.package_identification:_identify(src/unitree_ros2/cyclonedds_ws) by extensions ['colcon_pkg']
[0.487s] Level 1:colcon.colcon_core.package_identification:_identify(src/unitree_ros2/cyclonedds_ws) by extension 'colcon_pkg'
[0.488s] Level 1:colcon.colcon_core.package_identification:_identify(src/unitree_ros2/cyclonedds_ws) by extensions ['colcon_meta']
[0.488s] Level 1:colcon.colcon_core.package_identification:_identify(src/unitree_ros2/cyclonedds_ws) by extension 'colcon_meta'
[0.488s] Level 1:colcon.colcon_core.package_identification:_identify(src/unitree_ros2/cyclonedds_ws) by extensions ['ros']
[0.488s] Level 1:colcon.colcon_core.package_identification:_identify(src/unitree_ros2/cyclonedds_ws) by extension 'ros'
[0.488s] Level 1:colcon.colcon_core.package_identification:_identify(src/unitree_ros2/cyclonedds_ws) by extensions ['cmake', 'python']
[0.488s] Level 1:colcon.colcon_core.package_identification:_identify(src/unitree_ros2/cyclonedds_ws) by extension 'cmake'
[0.488s] Level 1:colcon.colcon_core.package_identification:_identify(src/unitree_ros2/cyclonedds_ws) by extension 'python'
[0.488s] Level 1:colcon.colcon_core.package_identification:_identify(src/unitree_ros2/cyclonedds_ws) by extensions ['python_setup_py']
[0.488s] Level 1:colcon.colcon_core.package_identification:_identify(src/unitree_ros2/cyclonedds_ws) by extension 'python_setup_py'
[0.488s] Level 1:colcon.colcon_core.package_identification:_identify(src/unitree_ros2/cyclonedds_ws/src) by extensions ['ignore', 'ignore_ament_install']
[0.488s] Level 1:colcon.colcon_core.package_identification:_identify(src/unitree_ros2/cyclonedds_ws/src) by extension 'ignore'
[0.488s] Level 1:colcon.colcon_core.package_identification:_identify(src/unitree_ros2/cyclonedds_ws/src) by extension 'ignore_ament_install'
[0.489s] Level 1:colcon.colcon_core.package_identification:_identify(src/unitree_ros2/cyclonedds_ws/src) by extensions ['colcon_pkg']
[0.489s] Level 1:colcon.colcon_core.package_identification:_identify(src/unitree_ros2/cyclonedds_ws/src) by extension 'colcon_pkg'
[0.489s] Level 1:colcon.colcon_core.package_identification:_identify(src/unitree_ros2/cyclonedds_ws/src) by extensions ['colcon_meta']
[0.489s] Level 1:colcon.colcon_core.package_identification:_identify(src/unitree_ros2/cyclonedds_ws/src) by extension 'colcon_meta'
[0.489s] Level 1:colcon.colcon_core.package_identification:_identify(src/unitree_ros2/cyclonedds_ws/src) by extensions ['ros']
[0.489s] Level 1:colcon.colcon_core.package_identification:_identify(src/unitree_ros2/cyclonedds_ws/src) by extension 'ros'
[0.489s] Level 1:colcon.colcon_core.package_identification:_identify(src/unitree_ros2/cyclonedds_ws/src) by extensions ['cmake', 'python']
[0.489s] Level 1:colcon.colcon_core.package_identification:_identify(src/unitree_ros2/cyclonedds_ws/src) by extension 'cmake'
[0.489s] Level 1:colcon.colcon_core.package_identification:_identify(src/unitree_ros2/cyclonedds_ws/src) by extension 'python'
[0.489s] Level 1:colcon.colcon_core.package_identification:_identify(src/unitree_ros2/cyclonedds_ws/src) by extensions ['python_setup_py']
[0.489s] Level 1:colcon.colcon_core.package_identification:_identify(src/unitree_ros2/cyclonedds_ws/src) by extension 'python_setup_py'
[0.489s] Level 1:colcon.colcon_core.package_identification:_identify(src/unitree_ros2/cyclonedds_ws/src/unitree) by extensions ['ignore', 'ignore_ament_install']
[0.489s] Level 1:colcon.colcon_core.package_identification:_identify(src/unitree_ros2/cyclonedds_ws/src/unitree) by extension 'ignore'
[0.490s] Level 1:colcon.colcon_core.package_identification:_identify(src/unitree_ros2/cyclonedds_ws/src/unitree) by extension 'ignore_ament_install'
[0.490s] Level 1:colcon.colcon_core.package_identification:_identify(src/unitree_ros2/cyclonedds_ws/src/unitree) by extensions ['colcon_pkg']
[0.490s] Level 1:colcon.colcon_core.package_identification:_identify(src/unitree_ros2/cyclonedds_ws/src/unitree) by extension 'colcon_pkg'
[0.490s] Level 1:colcon.colcon_core.package_identification:_identify(src/unitree_ros2/cyclonedds_ws/src/unitree) by extensions ['colcon_meta']
[0.490s] Level 1:colcon.colcon_core.package_identification:_identify(src/unitree_ros2/cyclonedds_ws/src/unitree) by extension 'colcon_meta'
[0.490s] Level 1:colcon.colcon_core.package_identification:_identify(src/unitree_ros2/cyclonedds_ws/src/unitree) by extensions ['ros']
[0.490s] Level 1:colcon.colcon_core.package_identification:_identify(src/unitree_ros2/cyclonedds_ws/src/unitree) by extension 'ros'
[0.490s] Level 1:colcon.colcon_core.package_identification:_identify(src/unitree_ros2/cyclonedds_ws/src/unitree) by extensions ['cmake', 'python']
[0.490s] Level 1:colcon.colcon_core.package_identification:_identify(src/unitree_ros2/cyclonedds_ws/src/unitree) by extension 'cmake'
[0.490s] Level 1:colcon.colcon_core.package_identification:_identify(src/unitree_ros2/cyclonedds_ws/src/unitree) by extension 'python'
[0.490s] Level 1:colcon.colcon_core.package_identification:_identify(src/unitree_ros2/cyclonedds_ws/src/unitree) by extensions ['python_setup_py']
[0.490s] Level 1:colcon.colcon_core.package_identification:_identify(src/unitree_ros2/cyclonedds_ws/src/unitree) by extension 'python_setup_py'
[0.490s] Level 1:colcon.colcon_core.package_identification:_identify(src/unitree_ros2/cyclonedds_ws/src/unitree/unitree_api) by extensions ['ignore', 'ignore_ament_install']
[0.491s] Level 1:colcon.colcon_core.package_identification:_identify(src/unitree_ros2/cyclonedds_ws/src/unitree/unitree_api) by extension 'ignore'
[0.491s] Level 1:colcon.colcon_core.package_identification:_identify(src/unitree_ros2/cyclonedds_ws/src/unitree/unitree_api) by extension 'ignore_ament_install'
[0.491s] Level 1:colcon.colcon_core.package_identification:_identify(src/unitree_ros2/cyclonedds_ws/src/unitree/unitree_api) by extensions ['colcon_pkg']
[0.491s] Level 1:colcon.colcon_core.package_identification:_identify(src/unitree_ros2/cyclonedds_ws/src/unitree/unitree_api) by extension 'colcon_pkg'
[0.491s] Level 1:colcon.colcon_core.package_identification:_identify(src/unitree_ros2/cyclonedds_ws/src/unitree/unitree_api) by extensions ['colcon_meta']
[0.491s] Level 1:colcon.colcon_core.package_identification:_identify(src/unitree_ros2/cyclonedds_ws/src/unitree/unitree_api) by extension 'colcon_meta'
[0.491s] Level 1:colcon.colcon_core.package_identification:_identify(src/unitree_ros2/cyclonedds_ws/src/unitree/unitree_api) by extensions ['ros']
[0.491s] Level 1:colcon.colcon_core.package_identification:_identify(src/unitree_ros2/cyclonedds_ws/src/unitree/unitree_api) by extension 'ros'
[0.492s] DEBUG:colcon.colcon_core.package_identification:Package 'src/unitree_ros2/cyclonedds_ws/src/unitree/unitree_api' with type 'ros.ament_cmake' and name 'unitree_api'
[0.492s] Level 1:colcon.colcon_core.package_identification:_identify(src/unitree_ros2/cyclonedds_ws/src/unitree/unitree_go) by extensions ['ignore', 'ignore_ament_install']
[0.492s] Level 1:colcon.colcon_core.package_identification:_identify(src/unitree_ros2/cyclonedds_ws/src/unitree/unitree_go) by extension 'ignore'
[0.492s] Level 1:colcon.colcon_core.package_identification:_identify(src/unitree_ros2/cyclonedds_ws/src/unitree/unitree_go) by extension 'ignore_ament_install'
[0.492s] Level 1:colcon.colcon_core.package_identification:_identify(src/unitree_ros2/cyclonedds_ws/src/unitree/unitree_go) by extensions ['colcon_pkg']
[0.492s] Level 1:colcon.colcon_core.package_identification:_identify(src/unitree_ros2/cyclonedds_ws/src/unitree/unitree_go) by extension 'colcon_pkg'
[0.492s] Level 1:colcon.colcon_core.package_identification:_identify(src/unitree_ros2/cyclonedds_ws/src/unitree/unitree_go) by extensions ['colcon_meta']
[0.493s] Level 1:colcon.colcon_core.package_identification:_identify(src/unitree_ros2/cyclonedds_ws/src/unitree/unitree_go) by extension 'colcon_meta'
[0.493s] Level 1:colcon.colcon_core.package_identification:_identify(src/unitree_ros2/cyclonedds_ws/src/unitree/unitree_go) by extensions ['ros']
[0.493s] Level 1:colcon.colcon_core.package_identification:_identify(src/unitree_ros2/cyclonedds_ws/src/unitree/unitree_go) by extension 'ros'
[0.494s] DEBUG:colcon.colcon_core.package_identification:Package 'src/unitree_ros2/cyclonedds_ws/src/unitree/unitree_go' with type 'ros.ament_cmake' and name 'unitree_go'
[0.494s] Level 1:colcon.colcon_core.package_identification:_identify(src/unitree_ros2/cyclonedds_ws/src/unitree/unitree_hg) by extensions ['ignore', 'ignore_ament_install']
[0.494s] Level 1:colcon.colcon_core.package_identification:_identify(src/unitree_ros2/cyclonedds_ws/src/unitree/unitree_hg) by extension 'ignore'
[0.494s] Level 1:colcon.colcon_core.package_identification:_identify(src/unitree_ros2/cyclonedds_ws/src/unitree/unitree_hg) by extension 'ignore_ament_install'
[0.494s] Level 1:colcon.colcon_core.package_identification:_identify(src/unitree_ros2/cyclonedds_ws/src/unitree/unitree_hg) by extensions ['colcon_pkg']
[0.494s] Level 1:colcon.colcon_core.package_identification:_identify(src/unitree_ros2/cyclonedds_ws/src/unitree/unitree_hg) by extension 'colcon_pkg'
[0.494s] Level 1:colcon.colcon_core.package_identification:_identify(src/unitree_ros2/cyclonedds_ws/src/unitree/unitree_hg) by extensions ['colcon_meta']
[0.495s] Level 1:colcon.colcon_core.package_identification:_identify(src/unitree_ros2/cyclonedds_ws/src/unitree/unitree_hg) by extension 'colcon_meta'
[0.495s] Level 1:colcon.colcon_core.package_identification:_identify(src/unitree_ros2/cyclonedds_ws/src/unitree/unitree_hg) by extensions ['ros']
[0.495s] Level 1:colcon.colcon_core.package_identification:_identify(src/unitree_ros2/cyclonedds_ws/src/unitree/unitree_hg) by extension 'ros'
[0.496s] DEBUG:colcon.colcon_core.package_identification:Package 'src/unitree_ros2/cyclonedds_ws/src/unitree/unitree_hg' with type 'ros.ament_cmake' and name 'unitree_hg'
[0.496s] Level 1:colcon.colcon_core.package_identification:_identify(src/unitree_ros2/example) by extensions ['ignore', 'ignore_ament_install']
[0.496s] Level 1:colcon.colcon_core.package_identification:_identify(src/unitree_ros2/example) by extension 'ignore'
[0.496s] Level 1:colcon.colcon_core.package_identification:_identify(src/unitree_ros2/example) by extension 'ignore_ament_install'
[0.496s] Level 1:colcon.colcon_core.package_identification:_identify(src/unitree_ros2/example) by extensions ['colcon_pkg']
[0.496s] Level 1:colcon.colcon_core.package_identification:_identify(src/unitree_ros2/example) by extension 'colcon_pkg'
[0.497s] Level 1:colcon.colcon_core.package_identification:_identify(src/unitree_ros2/example) by extensions ['colcon_meta']
[0.497s] Level 1:colcon.colcon_core.package_identification:_identify(src/unitree_ros2/example) by extension 'colcon_meta'
[0.497s] Level 1:colcon.colcon_core.package_identification:_identify(src/unitree_ros2/example) by extensions ['ros']
[0.497s] Level 1:colcon.colcon_core.package_identification:_identify(src/unitree_ros2/example) by extension 'ros'
[0.497s] Level 1:colcon.colcon_core.package_identification:_identify(src/unitree_ros2/example) by extensions ['cmake', 'python']
[0.497s] Level 1:colcon.colcon_core.package_identification:_identify(src/unitree_ros2/example) by extension 'cmake'
[0.497s] Level 1:colcon.colcon_core.package_identification:_identify(src/unitree_ros2/example) by extension 'python'
[0.497s] Level 1:colcon.colcon_core.package_identification:_identify(src/unitree_ros2/example) by extensions ['python_setup_py']
[0.497s] Level 1:colcon.colcon_core.package_identification:_identify(src/unitree_ros2/example) by extension 'python_setup_py'
[0.497s] Level 1:colcon.colcon_core.package_identification:_identify(src/unitree_ros2/example/src) by extensions ['ignore', 'ignore_ament_install']
[0.497s] Level 1:colcon.colcon_core.package_identification:_identify(src/unitree_ros2/example/src) by extension 'ignore'
[0.498s] Level 1:colcon.colcon_core.package_identification:_identify(src/unitree_ros2/example/src) by extension 'ignore_ament_install'
[0.498s] Level 1:colcon.colcon_core.package_identification:_identify(src/unitree_ros2/example/src) by extensions ['colcon_pkg']
[0.498s] Level 1:colcon.colcon_core.package_identification:_identify(src/unitree_ros2/example/src) by extension 'colcon_pkg'
[0.498s] Level 1:colcon.colcon_core.package_identification:_identify(src/unitree_ros2/example/src) by extensions ['colcon_meta']
[0.498s] Level 1:colcon.colcon_core.package_identification:_identify(src/unitree_ros2/example/src) by extension 'colcon_meta'
[0.498s] Level 1:colcon.colcon_core.package_identification:_identify(src/unitree_ros2/example/src) by extensions ['ros']
[0.498s] Level 1:colcon.colcon_core.package_identification:_identify(src/unitree_ros2/example/src) by extension 'ros'
[0.499s] DEBUG:colcon.colcon_core.package_identification:Package 'src/unitree_ros2/example/src' with type 'ros.ament_cmake' and name 'unitree_ros2_example'
[0.500s] Level 1:colcon.colcon_core.package_discovery:discover_packages(recursive) using defaults
[0.500s] Level 1:colcon.colcon_core.package_discovery:discover_packages(ignore) discover
[0.500s] Level 1:colcon.colcon_core.package_discovery:discover_packages(ignore) using defaults
[0.500s] Level 1:colcon.colcon_core.package_discovery:discover_packages(path) discover
[0.500s] Level 1:colcon.colcon_core.package_discovery:discover_packages(path) using defaults
[0.538s] Level 1:colcon.colcon_core.package_discovery:discover_packages(prefix_path) check parameters
[0.538s] Level 1:colcon.colcon_core.package_discovery:discover_packages(prefix_path) discover
[0.543s] DEBUG:colcon.colcon_installed_package_information.package_discovery:Found 402 installed packages in /opt/ros/humble
[0.575s] Level 1:colcon.colcon_core.package_discovery:discover_packages(prefix_path) using defaults
[0.660s] Level 5:colcon.colcon_core.verb:set package 'direct_lidar_inertial_odometry' build argument 'cmake_args' from command line to 'None'
[0.660s] Level 5:colcon.colcon_core.verb:set package 'direct_lidar_inertial_odometry' build argument 'cmake_target' from command line to 'None'
[0.660s] Level 5:colcon.colcon_core.verb:set package 'direct_lidar_inertial_odometry' build argument 'cmake_target_skip_unavailable' from command line to 'False'
[0.660s] Level 5:colcon.colcon_core.verb:set package 'direct_lidar_inertial_odometry' build argument 'cmake_clean_cache' from command line to 'False'
[0.661s] Level 5:colcon.colcon_core.verb:set package 'direct_lidar_inertial_odometry' build argument 'cmake_clean_first' from command line to 'False'
[0.661s] Level 5:colcon.colcon_core.verb:set package 'direct_lidar_inertial_odometry' build argument 'cmake_force_configure' from command line to 'False'
[0.661s] Level 5:colcon.colcon_core.verb:set package 'direct_lidar_inertial_odometry' build argument 'ament_cmake_args' from command line to 'None'
[0.661s] Level 5:colcon.colcon_core.verb:set package 'direct_lidar_inertial_odometry' build argument 'catkin_cmake_args' from command line to 'None'
[0.661s] Level 5:colcon.colcon_core.verb:set package 'direct_lidar_inertial_odometry' build argument 'catkin_skip_building_tests' from command line to 'False'
[0.661s] DEBUG:colcon.colcon_core.verb:Building package 'direct_lidar_inertial_odometry' with the following arguments: {'ament_cmake_args': None, 'build_base': '/external/build/direct_lidar_inertial_odometry', 'catkin_cmake_args': None, 'catkin_skip_building_tests': False, 'cmake_args': None, 'cmake_clean_cache': False, 'cmake_clean_first': False, 'cmake_force_configure': False, 'cmake_target': None, 'cmake_target_skip_unavailable': False, 'install_base': '/external/install/direct_lidar_inertial_odometry', 'merge_install': False, 'path': '/external/src/direct_lidar_inertial_odometry', 'symlink_install': True, 'test_result_base': None}
[0.661s] Level 5:colcon.colcon_core.verb:set package 'hesai_lidar' build argument 'cmake_args' from command line to 'None'
[0.661s] Level 5:colcon.colcon_core.verb:set package 'hesai_lidar' build argument 'cmake_target' from command line to 'None'
[0.661s] Level 5:colcon.colcon_core.verb:set package 'hesai_lidar' build argument 'cmake_target_skip_unavailable' from command line to 'False'
[0.661s] Level 5:colcon.colcon_core.verb:set package 'hesai_lidar' build argument 'cmake_clean_cache' from command line to 'False'
[0.661s] Level 5:colcon.colcon_core.verb:set package 'hesai_lidar' build argument 'cmake_clean_first' from command line to 'False'
[0.662s] Level 5:colcon.colcon_core.verb:set package 'hesai_lidar' build argument 'cmake_force_configure' from command line to 'False'
[0.662s] Level 5:colcon.colcon_core.verb:set package 'hesai_lidar' build argument 'ament_cmake_args' from command line to 'None'
[0.662s] Level 5:colcon.colcon_core.verb:set package 'hesai_lidar' build argument 'catkin_cmake_args' from command line to 'None'
[0.662s] Level 5:colcon.colcon_core.verb:set package 'hesai_lidar' build argument 'catkin_skip_building_tests' from command line to 'False'
[0.662s] DEBUG:colcon.colcon_core.verb:Building package 'hesai_lidar' with the following arguments: {'ament_cmake_args': None, 'build_base': '/external/build/hesai_lidar', 'catkin_cmake_args': None, 'catkin_skip_building_tests': False, 'cmake_args': None, 'cmake_clean_cache': False, 'cmake_clean_first': False, 'cmake_force_configure': False, 'cmake_target': None, 'cmake_target_skip_unavailable': False, 'install_base': '/external/install/hesai_lidar', 'merge_install': False, 'path': '/external/src/HesaiLidar_ROS2_techshare', 'symlink_install': True, 'test_result_base': None}
[0.662s] Level 5:colcon.colcon_core.verb:set package 'unitree_api' build argument 'cmake_args' from command line to 'None'
[0.662s] Level 5:colcon.colcon_core.verb:set package 'unitree_api' build argument 'cmake_target' from command line to 'None'
[0.662s] Level 5:colcon.colcon_core.verb:set package 'unitree_api' build argument 'cmake_target_skip_unavailable' from command line to 'False'
[0.662s] Level 5:colcon.colcon_core.verb:set package 'unitree_api' build argument 'cmake_clean_cache' from command line to 'False'
[0.662s] Level 5:colcon.colcon_core.verb:set package 'unitree_api' build argument 'cmake_clean_first' from command line to 'False'
[0.662s] Level 5:colcon.colcon_core.verb:set package 'unitree_api' build argument 'cmake_force_configure' from command line to 'False'
[0.662s] Level 5:colcon.colcon_core.verb:set package 'unitree_api' build argument 'ament_cmake_args' from command line to 'None'
[0.662s] Level 5:colcon.colcon_core.verb:set package 'unitree_api' build argument 'catkin_cmake_args' from command line to 'None'
[0.663s] Level 5:colcon.colcon_core.verb:set package 'unitree_api' build argument 'catkin_skip_building_tests' from command line to 'False'
[0.663s] DEBUG:colcon.colcon_core.verb:Building package 'unitree_api' with the following arguments: {'ament_cmake_args': None, 'build_base': '/external/build/unitree_api', 'catkin_cmake_args': None, 'catkin_skip_building_tests': False, 'cmake_args': None, 'cmake_clean_cache': False, 'cmake_clean_first': False, 'cmake_force_configure': False, 'cmake_target': None, 'cmake_target_skip_unavailable': False, 'install_base': '/external/install/unitree_api', 'merge_install': False, 'path': '/external/src/unitree_ros2/cyclonedds_ws/src/unitree/unitree_api', 'symlink_install': True, 'test_result_base': None}
[0.663s] Level 5:colcon.colcon_core.verb:set package 'unitree_go' build argument 'cmake_args' from command line to 'None'
[0.663s] Level 5:colcon.colcon_core.verb:set package 'unitree_go' build argument 'cmake_target' from command line to 'None'
[0.663s] Level 5:colcon.colcon_core.verb:set package 'unitree_go' build argument 'cmake_target_skip_unavailable' from command line to 'False'
[0.663s] Level 5:colcon.colcon_core.verb:set package 'unitree_go' build argument 'cmake_clean_cache' from command line to 'False'
[0.663s] Level 5:colcon.colcon_core.verb:set package 'unitree_go' build argument 'cmake_clean_first' from command line to 'False'
[0.663s] Level 5:colcon.colcon_core.verb:set package 'unitree_go' build argument 'cmake_force_configure' from command line to 'False'
[0.663s] Level 5:colcon.colcon_core.verb:set package 'unitree_go' build argument 'ament_cmake_args' from command line to 'None'
[0.663s] Level 5:colcon.colcon_core.verb:set package 'unitree_go' build argument 'catkin_cmake_args' from command line to 'None'
[0.663s] Level 5:colcon.colcon_core.verb:set package 'unitree_go' build argument 'catkin_skip_building_tests' from command line to 'False'
[0.663s] DEBUG:colcon.colcon_core.verb:Building package 'unitree_go' with the following arguments: {'ament_cmake_args': None, 'build_base': '/external/build/unitree_go', 'catkin_cmake_args': None, 'catkin_skip_building_tests': False, 'cmake_args': None, 'cmake_clean_cache': False, 'cmake_clean_first': False, 'cmake_force_configure': False, 'cmake_target': None, 'cmake_target_skip_unavailable': False, 'install_base': '/external/install/unitree_go', 'merge_install': False, 'path': '/external/src/unitree_ros2/cyclonedds_ws/src/unitree/unitree_go', 'symlink_install': True, 'test_result_base': None}
[0.664s] Level 5:colcon.colcon_core.verb:set package 'unitree_hg' build argument 'cmake_args' from command line to 'None'
[0.664s] Level 5:colcon.colcon_core.verb:set package 'unitree_hg' build argument 'cmake_target' from command line to 'None'
[0.664s] Level 5:colcon.colcon_core.verb:set package 'unitree_hg' build argument 'cmake_target_skip_unavailable' from command line to 'False'
[0.664s] Level 5:colcon.colcon_core.verb:set package 'unitree_hg' build argument 'cmake_clean_cache' from command line to 'False'
[0.664s] Level 5:colcon.colcon_core.verb:set package 'unitree_hg' build argument 'cmake_clean_first' from command line to 'False'
[0.664s] Level 5:colcon.colcon_core.verb:set package 'unitree_hg' build argument 'cmake_force_configure' from command line to 'False'
[0.664s] Level 5:colcon.colcon_core.verb:set package 'unitree_hg' build argument 'ament_cmake_args' from command line to 'None'
[0.664s] Level 5:colcon.colcon_core.verb:set package 'unitree_hg' build argument 'catkin_cmake_args' from command line to 'None'
[0.664s] Level 5:colcon.colcon_core.verb:set package 'unitree_hg' build argument 'catkin_skip_building_tests' from command line to 'False'
[0.664s] DEBUG:colcon.colcon_core.verb:Building package 'unitree_hg' with the following arguments: {'ament_cmake_args': None, 'build_base': '/external/build/unitree_hg', 'catkin_cmake_args': None, 'catkin_skip_building_tests': False, 'cmake_args': None, 'cmake_clean_cache': False, 'cmake_clean_first': False, 'cmake_force_configure': False, 'cmake_target': None, 'cmake_target_skip_unavailable': False, 'install_base': '/external/install/unitree_hg', 'merge_install': False, 'path': '/external/src/unitree_ros2/cyclonedds_ws/src/unitree/unitree_hg', 'symlink_install': True, 'test_result_base': None}
[0.665s] Level 5:colcon.colcon_core.verb:set package 'go2_demo' build argument 'cmake_args' from command line to 'None'
[0.665s] Level 5:colcon.colcon_core.verb:set package 'go2_demo' build argument 'cmake_target' from command line to 'None'
[0.665s] Level 5:colcon.colcon_core.verb:set package 'go2_demo' build argument 'cmake_target_skip_unavailable' from command line to 'False'
[0.665s] Level 5:colcon.colcon_core.verb:set package 'go2_demo' build argument 'cmake_clean_cache' from command line to 'False'
[0.665s] Level 5:colcon.colcon_core.verb:set package 'go2_demo' build argument 'cmake_clean_first' from command line to 'False'
[0.665s] Level 5:colcon.colcon_core.verb:set package 'go2_demo' build argument 'cmake_force_configure' from command line to 'False'
[0.665s] Level 5:colcon.colcon_core.verb:set package 'go2_demo' build argument 'ament_cmake_args' from command line to 'None'
[0.665s] Level 5:colcon.colcon_core.verb:set package 'go2_demo' build argument 'catkin_cmake_args' from command line to 'None'
[0.665s] Level 5:colcon.colcon_core.verb:set package 'go2_demo' build argument 'catkin_skip_building_tests' from command line to 'False'
[0.665s] DEBUG:colcon.colcon_core.verb:Building package 'go2_demo' with the following arguments: {'ament_cmake_args': None, 'build_base': '/external/build/go2_demo', 'catkin_cmake_args': None, 'catkin_skip_building_tests': False, 'cmake_args': None, 'cmake_clean_cache': False, 'cmake_clean_first': False, 'cmake_force_configure': False, 'cmake_target': None, 'cmake_target_skip_unavailable': False, 'install_base': '/external/install/go2_demo', 'merge_install': False, 'path': '/external/src/go2_unitree_ros2', 'symlink_install': True, 'test_result_base': None}
[0.666s] Level 5:colcon.colcon_core.verb:set package 'unitree_ros2_example' build argument 'cmake_args' from command line to 'None'
[0.666s] Level 5:colcon.colcon_core.verb:set package 'unitree_ros2_example' build argument 'cmake_target' from command line to 'None'
[0.666s] Level 5:colcon.colcon_core.verb:set package 'unitree_ros2_example' build argument 'cmake_target_skip_unavailable' from command line to 'False'
[0.666s] Level 5:colcon.colcon_core.verb:set package 'unitree_ros2_example' build argument 'cmake_clean_cache' from command line to 'False'
[0.666s] Level 5:colcon.colcon_core.verb:set package 'unitree_ros2_example' build argument 'cmake_clean_first' from command line to 'False'
[0.666s] Level 5:colcon.colcon_core.verb:set package 'unitree_ros2_example' build argument 'cmake_force_configure' from command line to 'False'
[0.666s] Level 5:colcon.colcon_core.verb:set package 'unitree_ros2_example' build argument 'ament_cmake_args' from command line to 'None'
[0.666s] Level 5:colcon.colcon_core.verb:set package 'unitree_ros2_example' build argument 'catkin_cmake_args' from command line to 'None'
[0.666s] Level 5:colcon.colcon_core.verb:set package 'unitree_ros2_example' build argument 'catkin_skip_building_tests' from command line to 'False'
[0.666s] DEBUG:colcon.colcon_core.verb:Building package 'unitree_ros2_example' with the following arguments: {'ament_cmake_args': None, 'build_base': '/external/build/unitree_ros2_example', 'catkin_cmake_args': None, 'catkin_skip_building_tests': False, 'cmake_args': None, 'cmake_clean_cache': False, 'cmake_clean_first': False, 'cmake_force_configure': False, 'cmake_target': None, 'cmake_target_skip_unavailable': False, 'install_base': '/external/install/unitree_ros2_example', 'merge_install': False, 'path': '/external/src/unitree_ros2/example/src', 'symlink_install': True, 'test_result_base': None}
[0.666s] INFO:colcon.colcon_core.executor:Executing jobs using 'parallel' executor
[0.668s] DEBUG:colcon.colcon_parallel_executor.executor.parallel:run_until_complete
[0.669s] INFO:colcon.colcon_ros.task.ament_cmake.build:Building ROS package in '/external/src/unitree_ros2/cyclonedds_ws/src/unitree/unitree_api' with build type 'ament_cmake'
[0.669s] INFO:colcon.colcon_cmake.task.cmake.build:Building CMake package in '/external/src/unitree_ros2/cyclonedds_ws/src/unitree/unitree_api'
[0.673s] INFO:colcon.colcon_core.plugin_system:Skipping extension 'colcon_core.shell.bat': Not used on non-Windows systems
[0.673s] INFO:colcon.colcon_core.shell:Skip shell extension 'powershell' for command environment: Not usable outside of PowerShell
[0.673s] DEBUG:colcon.colcon_core.shell:Skip shell extension 'dsv' for command environment
[0.679s] INFO:colcon.colcon_ros.task.ament_cmake.build:Building ROS package in '/external/src/unitree_ros2/cyclonedds_ws/src/unitree/unitree_go' with build type 'ament_cmake'
[0.679s] INFO:colcon.colcon_cmake.task.cmake.build:Building CMake package in '/external/src/unitree_ros2/cyclonedds_ws/src/unitree/unitree_go'
[0.680s] INFO:colcon.colcon_core.shell:Skip shell extension 'powershell' for command environment: Not usable outside of PowerShell
[0.680s] DEBUG:colcon.colcon_core.shell:Skip shell extension 'dsv' for command environment
[0.685s] INFO:colcon.colcon_ros.task.ament_cmake.build:Building ROS package in '/external/src/unitree_ros2/cyclonedds_ws/src/unitree/unitree_hg' with build type 'ament_cmake'
[0.686s] INFO:colcon.colcon_cmake.task.cmake.build:Building CMake package in '/external/src/unitree_ros2/cyclonedds_ws/src/unitree/unitree_hg'
[0.687s] INFO:colcon.colcon_core.shell:Skip shell extension 'powershell' for command environment: Not usable outside of PowerShell
[0.687s] DEBUG:colcon.colcon_core.shell:Skip shell extension 'dsv' for command environment
[0.693s] INFO:colcon.colcon_ros.task.ament_cmake.build:Building ROS package in '/external/src/direct_lidar_inertial_odometry' with build type 'ament_cmake'
[0.694s] INFO:colcon.colcon_cmake.task.cmake.build:Building CMake package in '/external/src/direct_lidar_inertial_odometry'
[0.694s] INFO:colcon.colcon_core.shell:Skip shell extension 'powershell' for command environment: Not usable outside of PowerShell
[0.694s] DEBUG:colcon.colcon_core.shell:Skip shell extension 'dsv' for command environment
[0.703s] INFO:colcon.colcon_ros.task.ament_cmake.build:Building ROS package in '/external/src/HesaiLidar_ROS2_techshare' with build type 'ament_cmake'
[0.704s] INFO:colcon.colcon_cmake.task.cmake.build:Building CMake package in '/external/src/HesaiLidar_ROS2_techshare'
[0.705s] INFO:colcon.colcon_core.shell:Skip shell extension 'powershell' for command environment: Not usable outside of PowerShell
[0.705s] DEBUG:colcon.colcon_core.shell:Skip shell extension 'dsv' for command environment
[0.722s] DEBUG:colcon.colcon_core.event_handler.log_command:Invoking command in '/external/build/unitree_api': CMAKE_PREFIX_PATH=/opt/ros/humble /usr/bin/cmake --build /external/build/unitree_api -- -j8 -l8
[0.730s] DEBUG:colcon.colcon_core.event_handler.log_command:Invoking command in '/external/build/unitree_go': CMAKE_PREFIX_PATH=/opt/ros/humble /usr/bin/cmake --build /external/build/unitree_go -- -j8 -l8
[0.736s] DEBUG:colcon.colcon_core.event_handler.log_command:Invoking command in '/external/build/unitree_hg': CMAKE_PREFIX_PATH=/opt/ros/humble /usr/bin/cmake --build /external/build/unitree_hg -- -j8 -l8
[0.751s] DEBUG:colcon.colcon_core.event_handler.log_command:Invoking command in '/external/build/direct_lidar_inertial_odometry': CMAKE_PREFIX_PATH=/opt/ros/humble /usr/bin/cmake --build /external/build/direct_lidar_inertial_odometry -- -j8 -l8
[0.761s] DEBUG:colcon.colcon_core.event_handler.log_command:Invoking command in '/external/build/hesai_lidar': CMAKE_PREFIX_PATH=/opt/ros/humble /usr/bin/cmake --build /external/build/hesai_lidar -- -j8 -l8
[1.738s] DEBUG:colcon.colcon_core.event_handler.log_command:Invoked command in '/external/build/unitree_hg' returned '0': CMAKE_PREFIX_PATH=/opt/ros/humble /usr/bin/cmake --build /external/build/unitree_hg -- -j8 -l8
[1.755s] DEBUG:colcon.colcon_core.event_handler.log_command:Invoking command in '/external/build/unitree_hg': CMAKE_PREFIX_PATH=/opt/ros/humble /usr/bin/cmake --install /external/build/unitree_hg
[1.757s] DEBUG:colcon.colcon_core.event_handler.log_command:Invoked command in '/external/build/unitree_api' returned '0': CMAKE_PREFIX_PATH=/opt/ros/humble /usr/bin/cmake --build /external/build/unitree_api -- -j8 -l8
[1.760s] DEBUG:colcon.colcon_core.event_handler.log_command:Invoking command in '/external/build/unitree_api': CMAKE_PREFIX_PATH=/opt/ros/humble /usr/bin/cmake --install /external/build/unitree_api
[1.804s] DEBUG:colcon.colcon_core.event_handler.log_command:Invoked command in '/external/build/hesai_lidar' returned '0': CMAKE_PREFIX_PATH=/opt/ros/humble /usr/bin/cmake --build /external/build/hesai_lidar -- -j8 -l8
[1.815s] DEBUG:colcon.colcon_core.event_handler.log_command:Invoking command in '/external/build/hesai_lidar': CMAKE_PREFIX_PATH=/opt/ros/humble /usr/bin/cmake --install /external/build/hesai_lidar
[1.860s] DEBUG:colcon.colcon_core.event_handler.log_command:Invoked command in '/external/build/unitree_go' returned '0': CMAKE_PREFIX_PATH=/opt/ros/humble /usr/bin/cmake --build /external/build/unitree_go -- -j8 -l8
[1.862s] DEBUG:colcon.colcon_core.event_handler.log_command:Invoking command in '/external/build/unitree_go': CMAKE_PREFIX_PATH=/opt/ros/humble /usr/bin/cmake --install /external/build/unitree_go
[1.890s] DEBUG:colcon.colcon_core.event_handler.log_command:Invoked command in '/external/build/direct_lidar_inertial_odometry' returned '0': CMAKE_PREFIX_PATH=/opt/ros/humble /usr/bin/cmake --build /external/build/direct_lidar_inertial_odometry -- -j8 -l8
[1.891s] DEBUG:colcon.colcon_core.event_handler.log_command:Invoking command in '/external/build/direct_lidar_inertial_odometry': CMAKE_PREFIX_PATH=/opt/ros/humble /usr/bin/cmake --install /external/build/direct_lidar_inertial_odometry
[1.925s] Level 1:colcon.colcon_core.environment:create_environment_scripts_only(unitree_api)
[1.941s] Level 1:colcon.colcon_core.environment:checking '/external/install/unitree_api' for CMake module files
[1.945s] Level 1:colcon.colcon_core.environment:checking '/external/install/unitree_api' for CMake config files
[1.951s] Level 1:colcon.colcon_core.shell:create_environment_hook('unitree_api', 'cmake_prefix_path')
[1.952s] INFO:colcon.colcon_core.shell:Creating environment hook '/external/install/unitree_api/share/unitree_api/hook/cmake_prefix_path.ps1'
[1.954s] INFO:colcon.colcon_core.shell:Creating environment descriptor '/external/install/unitree_api/share/unitree_api/hook/cmake_prefix_path.dsv'
[1.955s] INFO:colcon.colcon_core.shell:Creating environment hook '/external/install/unitree_api/share/unitree_api/hook/cmake_prefix_path.sh'
[1.958s] Level 1:colcon.colcon_core.environment:checking '/external/install/unitree_api/lib'
[1.958s] Level 1:colcon.colcon_core.shell:create_environment_hook('unitree_api', 'ld_library_path_lib')
[1.958s] INFO:colcon.colcon_core.shell:Creating environment hook '/external/install/unitree_api/share/unitree_api/hook/ld_library_path_lib.ps1'
[1.960s] INFO:colcon.colcon_core.shell:Creating environment descriptor '/external/install/unitree_api/share/unitree_api/hook/ld_library_path_lib.dsv'
[1.961s] INFO:colcon.colcon_core.shell:Creating environment hook '/external/install/unitree_api/share/unitree_api/hook/ld_library_path_lib.sh'
[1.962s] Level 1:colcon.colcon_core.environment:checking '/external/install/unitree_api/bin'
[1.962s] Level 1:colcon.colcon_core.environment:checking '/external/install/unitree_api/lib/pkgconfig/unitree_api.pc'
[1.962s] Level 1:colcon.colcon_core.environment:checking '/external/install/unitree_api/lib/python3.10/site-packages'
[1.963s] Level 1:colcon.colcon_core.environment:checking '/external/install/unitree_api/bin'
[1.963s] INFO:colcon.colcon_core.shell:Creating package script '/external/install/unitree_api/share/unitree_api/package.ps1'
[1.965s] INFO:colcon.colcon_core.shell:Creating package descriptor '/external/install/unitree_api/share/unitree_api/package.dsv'
[1.967s] INFO:colcon.colcon_core.shell:Creating package script '/external/install/unitree_api/share/unitree_api/package.sh'
[1.969s] INFO:colcon.colcon_core.shell:Creating package script '/external/install/unitree_api/share/unitree_api/package.bash'
[1.971s] INFO:colcon.colcon_core.shell:Creating package script '/external/install/unitree_api/share/unitree_api/package.zsh'
[1.974s] Level 1:colcon.colcon_core.environment:create_file_with_runtime_dependencies(/external/install/unitree_api/share/colcon-core/packages/unitree_api)
[1.976s] Level 1:colcon.colcon_core.environment:create_environment_scripts_only(unitree_api)
[1.977s] Level 1:colcon.colcon_core.environment:checking '/external/install/unitree_api' for CMake module files
[1.980s] Level 1:colcon.colcon_core.environment:checking '/external/install/unitree_api' for CMake config files
[1.982s] DEBUG:colcon.colcon_core.event_handler.log_command:Invoked command in '/external/build/unitree_api' returned '0': CMAKE_PREFIX_PATH=/opt/ros/humble /usr/bin/cmake --install /external/build/unitree_api
[1.986s] Level 1:colcon.colcon_core.shell:create_environment_hook('unitree_api', 'cmake_prefix_path')
[1.987s] INFO:colcon.colcon_core.shell:Creating environment hook '/external/install/unitree_api/share/unitree_api/hook/cmake_prefix_path.ps1'
[1.988s] INFO:colcon.colcon_core.shell:Creating environment descriptor '/external/install/unitree_api/share/unitree_api/hook/cmake_prefix_path.dsv'
[1.989s] INFO:colcon.colcon_core.shell:Creating environment hook '/external/install/unitree_api/share/unitree_api/hook/cmake_prefix_path.sh'
[1.991s] Level 1:colcon.colcon_core.environment:checking '/external/install/unitree_api/lib'
[1.991s] Level 1:colcon.colcon_core.shell:create_environment_hook('unitree_api', 'ld_library_path_lib')
[1.992s] INFO:colcon.colcon_core.shell:Creating environment hook '/external/install/unitree_api/share/unitree_api/hook/ld_library_path_lib.ps1'
[1.993s] INFO:colcon.colcon_core.shell:Creating environment descriptor '/external/install/unitree_api/share/unitree_api/hook/ld_library_path_lib.dsv'
[1.994s] INFO:colcon.colcon_core.shell:Creating environment hook '/external/install/unitree_api/share/unitree_api/hook/ld_library_path_lib.sh'
[1.995s] Level 1:colcon.colcon_core.environment:checking '/external/install/unitree_api/bin'
[1.995s] Level 1:colcon.colcon_core.environment:checking '/external/install/unitree_api/lib/pkgconfig/unitree_api.pc'
[1.996s] Level 1:colcon.colcon_core.environment:checking '/external/install/unitree_api/lib/python3.10/site-packages'
[1.996s] Level 1:colcon.colcon_core.environment:checking '/external/install/unitree_api/bin'
[1.997s] INFO:colcon.colcon_core.shell:Creating package script '/external/install/unitree_api/share/unitree_api/package.ps1'
[1.998s] INFO:colcon.colcon_core.shell:Creating package descriptor '/external/install/unitree_api/share/unitree_api/package.dsv'
[2.000s] INFO:colcon.colcon_core.shell:Creating package script '/external/install/unitree_api/share/unitree_api/package.sh'
[2.001s] INFO:colcon.colcon_core.shell:Creating package script '/external/install/unitree_api/share/unitree_api/package.bash'
[2.002s] INFO:colcon.colcon_core.shell:Creating package script '/external/install/unitree_api/share/unitree_api/package.zsh'
[2.004s] Level 1:colcon.colcon_core.environment:create_file_with_runtime_dependencies(/external/install/unitree_api/share/colcon-core/packages/unitree_api)
[2.006s] Level 1:colcon.colcon_core.environment:create_environment_scripts_only(unitree_hg)
[2.007s] Level 1:colcon.colcon_core.environment:checking '/external/install/unitree_hg' for CMake module files
[2.010s] Level 1:colcon.colcon_core.environment:checking '/external/install/unitree_hg' for CMake config files
[2.015s] Level 1:colcon.colcon_core.shell:create_environment_hook('unitree_hg', 'cmake_prefix_path')
[2.016s] INFO:colcon.colcon_core.shell:Creating environment hook '/external/install/unitree_hg/share/unitree_hg/hook/cmake_prefix_path.ps1'
[2.017s] INFO:colcon.colcon_core.shell:Creating environment descriptor '/external/install/unitree_hg/share/unitree_hg/hook/cmake_prefix_path.dsv'
[2.020s] INFO:colcon.colcon_core.shell:Creating environment hook '/external/install/unitree_hg/share/unitree_hg/hook/cmake_prefix_path.sh'
[2.025s] Level 1:colcon.colcon_core.environment:checking '/external/install/unitree_hg/lib'
[2.025s] Level 1:colcon.colcon_core.shell:create_environment_hook('unitree_hg', 'ld_library_path_lib')
[2.026s] INFO:colcon.colcon_core.shell:Creating environment hook '/external/install/unitree_hg/share/unitree_hg/hook/ld_library_path_lib.ps1'
[2.028s] INFO:colcon.colcon_core.shell:Creating environment descriptor '/external/install/unitree_hg/share/unitree_hg/hook/ld_library_path_lib.dsv'
[2.031s] INFO:colcon.colcon_core.shell:Creating environment hook '/external/install/unitree_hg/share/unitree_hg/hook/ld_library_path_lib.sh'
[2.033s] Level 1:colcon.colcon_core.environment:checking '/external/install/unitree_hg/bin'
[2.034s] Level 1:colcon.colcon_core.environment:checking '/external/install/unitree_hg/lib/pkgconfig/unitree_hg.pc'
[2.034s] Level 1:colcon.colcon_core.environment:checking '/external/install/unitree_hg/lib/python3.10/site-packages'
[2.036s] Level 1:colcon.colcon_core.environment:checking '/external/install/unitree_hg/bin'
[2.037s] INFO:colcon.colcon_core.shell:Creating package script '/external/install/unitree_hg/share/unitree_hg/package.ps1'
[2.039s] INFO:colcon.colcon_core.shell:Creating package descriptor '/external/install/unitree_hg/share/unitree_hg/package.dsv'
[2.040s] INFO:colcon.colcon_core.shell:Creating package script '/external/install/unitree_hg/share/unitree_hg/package.sh'
[2.041s] DEBUG:colcon.colcon_core.event_handler.log_command:Invoked command in '/external/build/unitree_hg' returned '0': CMAKE_PREFIX_PATH=/opt/ros/humble /usr/bin/cmake --install /external/build/unitree_hg
[2.042s] INFO:colcon.colcon_core.shell:Creating package script '/external/install/unitree_hg/share/unitree_hg/package.bash'
[2.043s] INFO:colcon.colcon_core.shell:Creating package script '/external/install/unitree_hg/share/unitree_hg/package.zsh'
[2.044s] Level 1:colcon.colcon_core.environment:create_file_with_runtime_dependencies(/external/install/unitree_hg/share/colcon-core/packages/unitree_hg)
[2.046s] Level 1:colcon.colcon_core.environment:create_environment_scripts_only(unitree_hg)
[2.047s] Level 1:colcon.colcon_core.environment:checking '/external/install/unitree_hg' for CMake module files
[2.048s] Level 1:colcon.colcon_core.environment:checking '/external/install/unitree_hg' for CMake config files
[2.050s] Level 1:colcon.colcon_core.shell:create_environment_hook('unitree_hg', 'cmake_prefix_path')
[2.050s] INFO:colcon.colcon_core.shell:Creating environment hook '/external/install/unitree_hg/share/unitree_hg/hook/cmake_prefix_path.ps1'
[2.051s] INFO:colcon.colcon_core.shell:Creating environment descriptor '/external/install/unitree_hg/share/unitree_hg/hook/cmake_prefix_path.dsv'
[2.051s] INFO:colcon.colcon_core.shell:Creating environment hook '/external/install/unitree_hg/share/unitree_hg/hook/cmake_prefix_path.sh'
[2.052s] Level 1:colcon.colcon_core.environment:checking '/external/install/unitree_hg/lib'
[2.052s] Level 1:colcon.colcon_core.shell:create_environment_hook('unitree_hg', 'ld_library_path_lib')
[2.053s] INFO:colcon.colcon_core.shell:Creating environment hook '/external/install/unitree_hg/share/unitree_hg/hook/ld_library_path_lib.ps1'
[2.053s] INFO:colcon.colcon_core.shell:Creating environment descriptor '/external/install/unitree_hg/share/unitree_hg/hook/ld_library_path_lib.dsv'
[2.054s] INFO:colcon.colcon_core.shell:Creating environment hook '/external/install/unitree_hg/share/unitree_hg/hook/ld_library_path_lib.sh'
[2.054s] Level 1:colcon.colcon_core.environment:checking '/external/install/unitree_hg/bin'
[2.055s] Level 1:colcon.colcon_core.environment:checking '/external/install/unitree_hg/lib/pkgconfig/unitree_hg.pc'
[2.055s] Level 1:colcon.colcon_core.environment:checking '/external/install/unitree_hg/lib/python3.10/site-packages'
[2.055s] Level 1:colcon.colcon_core.environment:checking '/external/install/unitree_hg/bin'
[2.056s] INFO:colcon.colcon_core.shell:Creating package script '/external/install/unitree_hg/share/unitree_hg/package.ps1'
[2.057s] INFO:colcon.colcon_core.shell:Creating package descriptor '/external/install/unitree_hg/share/unitree_hg/package.dsv'
[2.058s] INFO:colcon.colcon_core.shell:Creating package script '/external/install/unitree_hg/share/unitree_hg/package.sh'
[2.058s] INFO:colcon.colcon_core.shell:Creating package script '/external/install/unitree_hg/share/unitree_hg/package.bash'
[2.059s] INFO:colcon.colcon_core.shell:Creating package script '/external/install/unitree_hg/share/unitree_hg/package.zsh'
[2.060s] Level 1:colcon.colcon_core.environment:create_file_with_runtime_dependencies(/external/install/unitree_hg/share/colcon-core/packages/unitree_hg)
[2.060s] Level 1:colcon.colcon_core.environment:create_environment_scripts_only(direct_lidar_inertial_odometry)
[2.061s] Level 1:colcon.colcon_core.environment:checking '/external/install/direct_lidar_inertial_odometry' for CMake module files
[2.063s] DEBUG:colcon.colcon_core.event_handler.log_command:Invoked command in '/external/build/direct_lidar_inertial_odometry' returned '0': CMAKE_PREFIX_PATH=/opt/ros/humble /usr/bin/cmake --install /external/build/direct_lidar_inertial_odometry
[2.064s] Level 1:colcon.colcon_core.environment:checking '/external/install/direct_lidar_inertial_odometry' for CMake config files
[2.066s] Level 1:colcon.colcon_core.shell:create_environment_hook('direct_lidar_inertial_odometry', 'cmake_prefix_path')
[2.066s] INFO:colcon.colcon_core.shell:Creating environment hook '/external/install/direct_lidar_inertial_odometry/share/direct_lidar_inertial_odometry/hook/cmake_prefix_path.ps1'
[2.068s] INFO:colcon.colcon_core.shell:Creating environment descriptor '/external/install/direct_lidar_inertial_odometry/share/direct_lidar_inertial_odometry/hook/cmake_prefix_path.dsv'
[2.069s] INFO:colcon.colcon_core.shell:Creating environment hook '/external/install/direct_lidar_inertial_odometry/share/direct_lidar_inertial_odometry/hook/cmake_prefix_path.sh'
[2.070s] Level 1:colcon.colcon_core.environment:checking '/external/install/direct_lidar_inertial_odometry/lib'
[2.070s] Level 1:colcon.colcon_core.shell:create_environment_hook('direct_lidar_inertial_odometry', 'ld_library_path_lib')
[2.070s] INFO:colcon.colcon_core.shell:Creating environment hook '/external/install/direct_lidar_inertial_odometry/share/direct_lidar_inertial_odometry/hook/ld_library_path_lib.ps1'
[2.072s] INFO:colcon.colcon_core.shell:Creating environment descriptor '/external/install/direct_lidar_inertial_odometry/share/direct_lidar_inertial_odometry/hook/ld_library_path_lib.dsv'
[2.072s] INFO:colcon.colcon_core.shell:Creating environment hook '/external/install/direct_lidar_inertial_odometry/share/direct_lidar_inertial_odometry/hook/ld_library_path_lib.sh'
[2.073s] Level 1:colcon.colcon_core.environment:checking '/external/install/direct_lidar_inertial_odometry/bin'
[2.073s] Level 1:colcon.colcon_core.environment:checking '/external/install/direct_lidar_inertial_odometry/lib/pkgconfig/direct_lidar_inertial_odometry.pc'
[2.073s] Level 1:colcon.colcon_core.environment:checking '/external/install/direct_lidar_inertial_odometry/lib/python3.10/site-packages'
[2.074s] Level 1:colcon.colcon_core.environment:checking '/external/install/direct_lidar_inertial_odometry/bin'
[2.074s] INFO:colcon.colcon_core.shell:Creating package script '/external/install/direct_lidar_inertial_odometry/share/direct_lidar_inertial_odometry/package.ps1'
[2.075s] INFO:colcon.colcon_core.shell:Creating package descriptor '/external/install/direct_lidar_inertial_odometry/share/direct_lidar_inertial_odometry/package.dsv'
[2.076s] INFO:colcon.colcon_core.shell:Creating package script '/external/install/direct_lidar_inertial_odometry/share/direct_lidar_inertial_odometry/package.sh'
[2.077s] INFO:colcon.colcon_core.shell:Creating package script '/external/install/direct_lidar_inertial_odometry/share/direct_lidar_inertial_odometry/package.bash'
[2.077s] INFO:colcon.colcon_core.shell:Creating package script '/external/install/direct_lidar_inertial_odometry/share/direct_lidar_inertial_odometry/package.zsh'
[2.078s] Level 1:colcon.colcon_core.environment:create_file_with_runtime_dependencies(/external/install/direct_lidar_inertial_odometry/share/colcon-core/packages/direct_lidar_inertial_odometry)
[2.079s] Level 1:colcon.colcon_core.environment:create_environment_scripts_only(direct_lidar_inertial_odometry)
[2.079s] Level 1:colcon.colcon_core.environment:checking '/external/install/direct_lidar_inertial_odometry' for CMake module files
[2.080s] Level 1:colcon.colcon_core.environment:checking '/external/install/direct_lidar_inertial_odometry' for CMake config files
[2.082s] Level 1:colcon.colcon_core.shell:create_environment_hook('direct_lidar_inertial_odometry', 'cmake_prefix_path')
[2.082s] INFO:colcon.colcon_core.shell:Creating environment hook '/external/install/direct_lidar_inertial_odometry/share/direct_lidar_inertial_odometry/hook/cmake_prefix_path.ps1'
[2.083s] INFO:colcon.colcon_core.shell:Creating environment descriptor '/external/install/direct_lidar_inertial_odometry/share/direct_lidar_inertial_odometry/hook/cmake_prefix_path.dsv'
[2.083s] INFO:colcon.colcon_core.shell:Creating environment hook '/external/install/direct_lidar_inertial_odometry/share/direct_lidar_inertial_odometry/hook/cmake_prefix_path.sh'
[2.084s] Level 1:colcon.colcon_core.environment:checking '/external/install/direct_lidar_inertial_odometry/lib'
[2.085s] Level 1:colcon.colcon_core.shell:create_environment_hook('direct_lidar_inertial_odometry', 'ld_library_path_lib')
[2.085s] INFO:colcon.colcon_core.shell:Creating environment hook '/external/install/direct_lidar_inertial_odometry/share/direct_lidar_inertial_odometry/hook/ld_library_path_lib.ps1'
[2.086s] INFO:colcon.colcon_core.shell:Creating environment descriptor '/external/install/direct_lidar_inertial_odometry/share/direct_lidar_inertial_odometry/hook/ld_library_path_lib.dsv'
[2.086s] INFO:colcon.colcon_core.shell:Creating environment hook '/external/install/direct_lidar_inertial_odometry/share/direct_lidar_inertial_odometry/hook/ld_library_path_lib.sh'
[2.087s] Level 1:colcon.colcon_core.environment:checking '/external/install/direct_lidar_inertial_odometry/bin'
[2.087s] Level 1:colcon.colcon_core.environment:checking '/external/install/direct_lidar_inertial_odometry/lib/pkgconfig/direct_lidar_inertial_odometry.pc'
[2.087s] Level 1:colcon.colcon_core.environment:checking '/external/install/direct_lidar_inertial_odometry/lib/python3.10/site-packages'
[2.088s] Level 1:colcon.colcon_core.environment:checking '/external/install/direct_lidar_inertial_odometry/bin'
[2.088s] INFO:colcon.colcon_core.shell:Creating package script '/external/install/direct_lidar_inertial_odometry/share/direct_lidar_inertial_odometry/package.ps1'
[2.089s] INFO:colcon.colcon_core.shell:Creating package descriptor '/external/install/direct_lidar_inertial_odometry/share/direct_lidar_inertial_odometry/package.dsv'
[2.090s] INFO:colcon.colcon_core.shell:Creating package script '/external/install/direct_lidar_inertial_odometry/share/direct_lidar_inertial_odometry/package.sh'
[2.091s] INFO:colcon.colcon_core.shell:Creating package script '/external/install/direct_lidar_inertial_odometry/share/direct_lidar_inertial_odometry/package.bash'
[2.092s] INFO:colcon.colcon_core.shell:Creating package script '/external/install/direct_lidar_inertial_odometry/share/direct_lidar_inertial_odometry/package.zsh'
[2.093s] Level 1:colcon.colcon_core.environment:create_file_with_runtime_dependencies(/external/install/direct_lidar_inertial_odometry/share/colcon-core/packages/direct_lidar_inertial_odometry)
[2.093s] Level 1:colcon.colcon_core.environment:create_environment_scripts_only(hesai_lidar)
[2.094s] Level 1:colcon.colcon_core.environment:checking '/external/install/hesai_lidar' for CMake module files
[2.096s] DEBUG:colcon.colcon_core.event_handler.log_command:Invoked command in '/external/build/hesai_lidar' returned '0': CMAKE_PREFIX_PATH=/opt/ros/humble /usr/bin/cmake --install /external/build/hesai_lidar
[2.096s] Level 1:colcon.colcon_core.environment:checking '/external/install/hesai_lidar' for CMake config files
[2.098s] Level 1:colcon.colcon_core.shell:create_environment_hook('hesai_lidar', 'cmake_prefix_path')
[2.099s] INFO:colcon.colcon_core.shell:Creating environment hook '/external/install/hesai_lidar/share/hesai_lidar/hook/cmake_prefix_path.ps1'
[2.100s] INFO:colcon.colcon_core.shell:Creating environment descriptor '/external/install/hesai_lidar/share/hesai_lidar/hook/cmake_prefix_path.dsv'
[2.100s] INFO:colcon.colcon_core.shell:Creating environment hook '/external/install/hesai_lidar/share/hesai_lidar/hook/cmake_prefix_path.sh'
[2.101s] Level 1:colcon.colcon_core.environment:checking '/external/install/hesai_lidar/lib'
[2.101s] Level 1:colcon.colcon_core.shell:create_environment_hook('hesai_lidar', 'ld_library_path_lib')
[2.102s] INFO:colcon.colcon_core.shell:Creating environment hook '/external/install/hesai_lidar/share/hesai_lidar/hook/ld_library_path_lib.ps1'
[2.103s] INFO:colcon.colcon_core.shell:Creating environment descriptor '/external/install/hesai_lidar/share/hesai_lidar/hook/ld_library_path_lib.dsv'
[2.103s] INFO:colcon.colcon_core.shell:Creating environment hook '/external/install/hesai_lidar/share/hesai_lidar/hook/ld_library_path_lib.sh'
[2.104s] Level 1:colcon.colcon_core.environment:checking '/external/install/hesai_lidar/bin'
[2.104s] Level 1:colcon.colcon_core.environment:checking '/external/install/hesai_lidar/lib/pkgconfig/hesai_lidar.pc'
[2.104s] Level 1:colcon.colcon_core.environment:checking '/external/install/hesai_lidar/lib/python3.10/site-packages'
[2.105s] Level 1:colcon.colcon_core.environment:checking '/external/install/hesai_lidar/bin'
[2.105s] INFO:colcon.colcon_core.shell:Creating package script '/external/install/hesai_lidar/share/hesai_lidar/package.ps1'
[2.106s] INFO:colcon.colcon_core.shell:Creating package descriptor '/external/install/hesai_lidar/share/hesai_lidar/package.dsv'
[2.107s] INFO:colcon.colcon_core.shell:Creating package script '/external/install/hesai_lidar/share/hesai_lidar/package.sh'
[2.107s] INFO:colcon.colcon_core.shell:Creating package script '/external/install/hesai_lidar/share/hesai_lidar/package.bash'
[2.108s] INFO:colcon.colcon_core.shell:Creating package script '/external/install/hesai_lidar/share/hesai_lidar/package.zsh'
[2.108s] Level 1:colcon.colcon_core.environment:create_file_with_runtime_dependencies(/external/install/hesai_lidar/share/colcon-core/packages/hesai_lidar)
[2.110s] Level 1:colcon.colcon_core.environment:create_environment_scripts_only(hesai_lidar)
[2.110s] Level 1:colcon.colcon_core.environment:checking '/external/install/hesai_lidar' for CMake module files
[2.111s] Level 1:colcon.colcon_core.environment:checking '/external/install/hesai_lidar' for CMake config files
[2.112s] Level 1:colcon.colcon_core.shell:create_environment_hook('hesai_lidar', 'cmake_prefix_path')
[2.113s] INFO:colcon.colcon_core.shell:Creating environment hook '/external/install/hesai_lidar/share/hesai_lidar/hook/cmake_prefix_path.ps1'
[2.114s] INFO:colcon.colcon_core.shell:Creating environment descriptor '/external/install/hesai_lidar/share/hesai_lidar/hook/cmake_prefix_path.dsv'
[2.114s] INFO:colcon.colcon_core.shell:Creating environment hook '/external/install/hesai_lidar/share/hesai_lidar/hook/cmake_prefix_path.sh'
[2.115s] Level 1:colcon.colcon_core.environment:checking '/external/install/hesai_lidar/lib'
[2.115s] Level 1:colcon.colcon_core.shell:create_environment_hook('hesai_lidar', 'ld_library_path_lib')
[2.116s] INFO:colcon.colcon_core.shell:Creating environment hook '/external/install/hesai_lidar/share/hesai_lidar/hook/ld_library_path_lib.ps1'
[2.116s] INFO:colcon.colcon_core.shell:Creating environment descriptor '/external/install/hesai_lidar/share/hesai_lidar/hook/ld_library_path_lib.dsv'
[2.117s] INFO:colcon.colcon_core.shell:Creating environment hook '/external/install/hesai_lidar/share/hesai_lidar/hook/ld_library_path_lib.sh'
[2.118s] Level 1:colcon.colcon_core.environment:checking '/external/install/hesai_lidar/bin'
[2.118s] Level 1:colcon.colcon_core.environment:checking '/external/install/hesai_lidar/lib/pkgconfig/hesai_lidar.pc'
[2.118s] Level 1:colcon.colcon_core.environment:checking '/external/install/hesai_lidar/lib/python3.10/site-packages'
[2.118s] Level 1:colcon.colcon_core.environment:checking '/external/install/hesai_lidar/bin'
[2.119s] INFO:colcon.colcon_core.shell:Creating package script '/external/install/hesai_lidar/share/hesai_lidar/package.ps1'
[2.120s] INFO:colcon.colcon_core.shell:Creating package descriptor '/external/install/hesai_lidar/share/hesai_lidar/package.dsv'
[2.121s] INFO:colcon.colcon_core.shell:Creating package script '/external/install/hesai_lidar/share/hesai_lidar/package.sh'
[2.122s] INFO:colcon.colcon_core.shell:Creating package script '/external/install/hesai_lidar/share/hesai_lidar/package.bash'
[2.123s] INFO:colcon.colcon_core.shell:Creating package script '/external/install/hesai_lidar/share/hesai_lidar/package.zsh'
[2.123s] Level 1:colcon.colcon_core.environment:create_file_with_runtime_dependencies(/external/install/hesai_lidar/share/colcon-core/packages/hesai_lidar)
[2.126s] Level 1:colcon.colcon_core.environment:create_environment_scripts_only(unitree_go)
[2.127s] Level 1:colcon.colcon_core.environment:checking '/external/install/unitree_go' for CMake module files
[2.128s] DEBUG:colcon.colcon_core.event_handler.log_command:Invoked command in '/external/build/unitree_go' returned '0': CMAKE_PREFIX_PATH=/opt/ros/humble /usr/bin/cmake --install /external/build/unitree_go
[2.129s] Level 1:colcon.colcon_core.environment:checking '/external/install/unitree_go' for CMake config files
[2.133s] Level 1:colcon.colcon_core.shell:create_environment_hook('unitree_go', 'cmake_prefix_path')
[2.134s] INFO:colcon.colcon_core.shell:Creating environment hook '/external/install/unitree_go/share/unitree_go/hook/cmake_prefix_path.ps1'
[2.135s] INFO:colcon.colcon_core.shell:Creating environment descriptor '/external/install/unitree_go/share/unitree_go/hook/cmake_prefix_path.dsv'
[2.136s] INFO:colcon.colcon_core.shell:Creating environment hook '/external/install/unitree_go/share/unitree_go/hook/cmake_prefix_path.sh'
[2.138s] Level 1:colcon.colcon_core.environment:checking '/external/install/unitree_go/lib'
[2.138s] Level 1:colcon.colcon_core.shell:create_environment_hook('unitree_go', 'ld_library_path_lib')
[2.138s] INFO:colcon.colcon_core.shell:Creating environment hook '/external/install/unitree_go/share/unitree_go/hook/ld_library_path_lib.ps1'
[2.139s] INFO:colcon.colcon_core.shell:Creating environment descriptor '/external/install/unitree_go/share/unitree_go/hook/ld_library_path_lib.dsv'
[2.140s] INFO:colcon.colcon_core.shell:Creating environment hook '/external/install/unitree_go/share/unitree_go/hook/ld_library_path_lib.sh'
[2.141s] Level 1:colcon.colcon_core.environment:checking '/external/install/unitree_go/bin'
[2.141s] Level 1:colcon.colcon_core.environment:checking '/external/install/unitree_go/lib/pkgconfig/unitree_go.pc'
[2.141s] Level 1:colcon.colcon_core.environment:checking '/external/install/unitree_go/lib/python3.10/site-packages'
[2.142s] Level 1:colcon.colcon_core.environment:checking '/external/install/unitree_go/bin'
[2.142s] INFO:colcon.colcon_core.shell:Creating package script '/external/install/unitree_go/share/unitree_go/package.ps1'
[2.143s] INFO:colcon.colcon_core.shell:Creating package descriptor '/external/install/unitree_go/share/unitree_go/package.dsv'
[2.144s] INFO:colcon.colcon_core.shell:Creating package script '/external/install/unitree_go/share/unitree_go/package.sh'
[2.145s] INFO:colcon.colcon_core.shell:Creating package script '/external/install/unitree_go/share/unitree_go/package.bash'
[2.146s] INFO:colcon.colcon_core.shell:Creating package script '/external/install/unitree_go/share/unitree_go/package.zsh'
[2.146s] Level 1:colcon.colcon_core.environment:create_file_with_runtime_dependencies(/external/install/unitree_go/share/colcon-core/packages/unitree_go)
[2.147s] Level 1:colcon.colcon_core.environment:create_environment_scripts_only(unitree_go)
[2.148s] Level 1:colcon.colcon_core.environment:checking '/external/install/unitree_go' for CMake module files
[2.149s] Level 1:colcon.colcon_core.environment:checking '/external/install/unitree_go' for CMake config files
[2.151s] Level 1:colcon.colcon_core.shell:create_environment_hook('unitree_go', 'cmake_prefix_path')
[2.151s] INFO:colcon.colcon_core.shell:Creating environment hook '/external/install/unitree_go/share/unitree_go/hook/cmake_prefix_path.ps1'
[2.152s] INFO:colcon.colcon_core.shell:Creating environment descriptor '/external/install/unitree_go/share/unitree_go/hook/cmake_prefix_path.dsv'
[2.153s] INFO:colcon.colcon_core.shell:Creating environment hook '/external/install/unitree_go/share/unitree_go/hook/cmake_prefix_path.sh'
[2.154s] Level 1:colcon.colcon_core.environment:checking '/external/install/unitree_go/lib'
[2.154s] Level 1:colcon.colcon_core.shell:create_environment_hook('unitree_go', 'ld_library_path_lib')
[2.154s] INFO:colcon.colcon_core.shell:Creating environment hook '/external/install/unitree_go/share/unitree_go/hook/ld_library_path_lib.ps1'
[2.155s] INFO:colcon.colcon_core.shell:Creating environment descriptor '/external/install/unitree_go/share/unitree_go/hook/ld_library_path_lib.dsv'
[2.155s] INFO:colcon.colcon_core.shell:Creating environment hook '/external/install/unitree_go/share/unitree_go/hook/ld_library_path_lib.sh'
[2.156s] Level 1:colcon.colcon_core.environment:checking '/external/install/unitree_go/bin'
[2.156s] Level 1:colcon.colcon_core.environment:checking '/external/install/unitree_go/lib/pkgconfig/unitree_go.pc'
[2.156s] Level 1:colcon.colcon_core.environment:checking '/external/install/unitree_go/lib/python3.10/site-packages'
[2.157s] Level 1:colcon.colcon_core.environment:checking '/external/install/unitree_go/bin'
[2.157s] INFO:colcon.colcon_core.shell:Creating package script '/external/install/unitree_go/share/unitree_go/package.ps1'
[2.158s] INFO:colcon.colcon_core.shell:Creating package descriptor '/external/install/unitree_go/share/unitree_go/package.dsv'
[2.159s] INFO:colcon.colcon_core.shell:Creating package script '/external/install/unitree_go/share/unitree_go/package.sh'
[2.160s] INFO:colcon.colcon_core.shell:Creating package script '/external/install/unitree_go/share/unitree_go/package.bash'
[2.160s] INFO:colcon.colcon_core.shell:Creating package script '/external/install/unitree_go/share/unitree_go/package.zsh'
[2.161s] Level 1:colcon.colcon_core.environment:create_file_with_runtime_dependencies(/external/install/unitree_go/share/colcon-core/packages/unitree_go)
[2.162s] INFO:colcon.colcon_ros.task.ament_cmake.build:Building ROS package in '/external/src/go2_unitree_ros2' with build type 'ament_cmake'
[2.162s] INFO:colcon.colcon_cmake.task.cmake.build:Building CMake package in '/external/src/go2_unitree_ros2'
[2.163s] INFO:colcon.colcon_core.shell:Skip shell extension 'powershell' for command environment: Not usable outside of PowerShell
[2.163s] DEBUG:colcon.colcon_core.shell:Skip shell extension 'dsv' for command environment
[2.169s] INFO:colcon.colcon_ros.task.ament_cmake.build:Building ROS package in '/external/src/unitree_ros2/example/src' with build type 'ament_cmake'
[2.170s] INFO:colcon.colcon_cmake.task.cmake.build:Building CMake package in '/external/src/unitree_ros2/example/src'
[2.170s] INFO:colcon.colcon_core.shell:Skip shell extension 'powershell' for command environment: Not usable outside of PowerShell
[2.170s] DEBUG:colcon.colcon_core.shell:Skip shell extension 'dsv' for command environment
[2.183s] DEBUG:colcon.colcon_core.event_handler.log_command:Invoking command in '/external/build/go2_demo': AMENT_PREFIX_PATH=/external/install/unitree_go:/external/install/unitree_api:${AMENT_PREFIX_PATH} CMAKE_PREFIX_PATH=/external/install/unitree_go:/external/install/unitree_api:/opt/ros/humble LD_LIBRARY_PATH=/external/install/unitree_go/lib:/external/install/unitree_api/lib:${LD_LIBRARY_PATH} PYTHONPATH=/external/install/unitree_go/local/lib/python3.10/dist-packages:/external/install/unitree_api/local/lib/python3.10/dist-packages:${PYTHONPATH} /usr/bin/cmake --build /external/build/go2_demo -- -j8 -l8
[2.192s] DEBUG:colcon.colcon_core.event_handler.log_command:Invoking command in '/external/build/unitree_ros2_example': AMENT_PREFIX_PATH=/external/install/unitree_hg:/external/install/unitree_go:/external/install/unitree_api:${AMENT_PREFIX_PATH} CMAKE_PREFIX_PATH=/external/install/unitree_hg:/external/install/unitree_go:/external/install/unitree_api:/opt/ros/humble LD_LIBRARY_PATH=/external/install/unitree_hg/lib:/external/install/unitree_go/lib:/external/install/unitree_api/lib:${LD_LIBRARY_PATH} PYTHONPATH=/external/install/unitree_hg/local/lib/python3.10/dist-packages:/external/install/unitree_go/local/lib/python3.10/dist-packages:/external/install/unitree_api/local/lib/python3.10/dist-packages:${PYTHONPATH} /usr/bin/cmake --build /external/build/unitree_ros2_example -- -j8 -l8
[2.342s] DEBUG:colcon.colcon_core.event_handler.log_command:Invoked command in '/external/build/go2_demo' returned '0': AMENT_PREFIX_PATH=/external/install/unitree_go:/external/install/unitree_api:${AMENT_PREFIX_PATH} CMAKE_PREFIX_PATH=/external/install/unitree_go:/external/install/unitree_api:/opt/ros/humble LD_LIBRARY_PATH=/external/install/unitree_go/lib:/external/install/unitree_api/lib:${LD_LIBRARY_PATH} PYTHONPATH=/external/install/unitree_go/local/lib/python3.10/dist-packages:/external/install/unitree_api/local/lib/python3.10/dist-packages:${PYTHONPATH} /usr/bin/cmake --build /external/build/go2_demo -- -j8 -l8
[2.344s] DEBUG:colcon.colcon_core.event_handler.log_command:Invoking command in '/external/build/go2_demo': AMENT_PREFIX_PATH=/external/install/unitree_go:/external/install/unitree_api:${AMENT_PREFIX_PATH} CMAKE_PREFIX_PATH=/external/install/unitree_go:/external/install/unitree_api:/opt/ros/humble LD_LIBRARY_PATH=/external/install/unitree_go/lib:/external/install/unitree_api/lib:${LD_LIBRARY_PATH} PYTHONPATH=/external/install/unitree_go/local/lib/python3.10/dist-packages:/external/install/unitree_api/local/lib/python3.10/dist-packages:${PYTHONPATH} /usr/bin/cmake --install /external/build/go2_demo
[2.349s] DEBUG:colcon.colcon_core.event_handler.log_command:Invoked command in '/external/build/unitree_ros2_example' returned '0': AMENT_PREFIX_PATH=/external/install/unitree_hg:/external/install/unitree_go:/external/install/unitree_api:${AMENT_PREFIX_PATH} CMAKE_PREFIX_PATH=/external/install/unitree_hg:/external/install/unitree_go:/external/install/unitree_api:/opt/ros/humble LD_LIBRARY_PATH=/external/install/unitree_hg/lib:/external/install/unitree_go/lib:/external/install/unitree_api/lib:${LD_LIBRARY_PATH} PYTHONPATH=/external/install/unitree_hg/local/lib/python3.10/dist-packages:/external/install/unitree_go/local/lib/python3.10/dist-packages:/external/install/unitree_api/local/lib/python3.10/dist-packages:${PYTHONPATH} /usr/bin/cmake --build /external/build/unitree_ros2_example -- -j8 -l8
[2.351s] DEBUG:colcon.colcon_core.event_handler.log_command:Invoking command in '/external/build/unitree_ros2_example': AMENT_PREFIX_PATH=/external/install/unitree_hg:/external/install/unitree_go:/external/install/unitree_api:${AMENT_PREFIX_PATH} CMAKE_PREFIX_PATH=/external/install/unitree_hg:/external/install/unitree_go:/external/install/unitree_api:/opt/ros/humble LD_LIBRARY_PATH=/external/install/unitree_hg/lib:/external/install/unitree_go/lib:/external/install/unitree_api/lib:${LD_LIBRARY_PATH} PYTHONPATH=/external/install/unitree_hg/local/lib/python3.10/dist-packages:/external/install/unitree_go/local/lib/python3.10/dist-packages:/external/install/unitree_api/local/lib/python3.10/dist-packages:${PYTHONPATH} /usr/bin/cmake --install /external/build/unitree_ros2_example
[2.375s] Level 1:colcon.colcon_core.environment:create_environment_scripts_only(go2_demo)
[2.376s] Level 1:colcon.colcon_core.environment:checking '/external/install/go2_demo' for CMake module files
[2.377s] DEBUG:colcon.colcon_core.event_handler.log_command:Invoked command in '/external/build/go2_demo' returned '0': AMENT_PREFIX_PATH=/external/install/unitree_go:/external/install/unitree_api:${AMENT_PREFIX_PATH} CMAKE_PREFIX_PATH=/external/install/unitree_go:/external/install/unitree_api:/opt/ros/humble LD_LIBRARY_PATH=/external/install/unitree_go/lib:/external/install/unitree_api/lib:${LD_LIBRARY_PATH} PYTHONPATH=/external/install/unitree_go/local/lib/python3.10/dist-packages:/external/install/unitree_api/local/lib/python3.10/dist-packages:${PYTHONPATH} /usr/bin/cmake --install /external/build/go2_demo
[2.378s] Level 1:colcon.colcon_core.environment:checking '/external/install/go2_demo' for CMake config files
[2.378s] Level 1:colcon.colcon_core.shell:create_environment_hook('go2_demo', 'cmake_prefix_path')
[2.379s] INFO:colcon.colcon_core.shell:Creating environment hook '/external/install/go2_demo/share/go2_demo/hook/cmake_prefix_path.ps1'
[2.381s] INFO:colcon.colcon_core.shell:Creating environment descriptor '/external/install/go2_demo/share/go2_demo/hook/cmake_prefix_path.dsv'
[2.382s] INFO:colcon.colcon_core.shell:Creating environment hook '/external/install/go2_demo/share/go2_demo/hook/cmake_prefix_path.sh'
[2.388s] Level 1:colcon.colcon_core.environment:checking '/external/install/go2_demo/lib'
[2.389s] Level 1:colcon.colcon_core.environment:checking '/external/install/go2_demo/bin'
[2.389s] Level 1:colcon.colcon_core.environment:checking '/external/install/go2_demo/lib/pkgconfig/go2_demo.pc'
[2.390s] Level 1:colcon.colcon_core.environment:checking '/external/install/go2_demo/lib/python3.10/site-packages'
[2.390s] Level 1:colcon.colcon_core.environment:checking '/external/install/go2_demo/bin'
[2.391s] INFO:colcon.colcon_core.shell:Creating package script '/external/install/go2_demo/share/go2_demo/package.ps1'
[2.392s] INFO:colcon.colcon_core.shell:Creating package descriptor '/external/install/go2_demo/share/go2_demo/package.dsv'
[2.393s] INFO:colcon.colcon_core.shell:Creating package script '/external/install/go2_demo/share/go2_demo/package.sh'
[2.394s] INFO:colcon.colcon_core.shell:Creating package script '/external/install/go2_demo/share/go2_demo/package.bash'
[2.395s] INFO:colcon.colcon_core.shell:Creating package script '/external/install/go2_demo/share/go2_demo/package.zsh'
[2.396s] Level 1:colcon.colcon_core.environment:create_file_with_runtime_dependencies(/external/install/go2_demo/share/colcon-core/packages/go2_demo)
[2.398s] Level 1:colcon.colcon_core.environment:create_environment_scripts_only(go2_demo)
[2.398s] Level 1:colcon.colcon_core.environment:checking '/external/install/go2_demo' for CMake module files
[2.399s] Level 1:colcon.colcon_core.environment:checking '/external/install/go2_demo' for CMake config files
[2.400s] Level 1:colcon.colcon_core.shell:create_environment_hook('go2_demo', 'cmake_prefix_path')
[2.401s] INFO:colcon.colcon_core.shell:Creating environment hook '/external/install/go2_demo/share/go2_demo/hook/cmake_prefix_path.ps1'
[2.402s] INFO:colcon.colcon_core.shell:Creating environment descriptor '/external/install/go2_demo/share/go2_demo/hook/cmake_prefix_path.dsv'
[2.403s] INFO:colcon.colcon_core.shell:Creating environment hook '/external/install/go2_demo/share/go2_demo/hook/cmake_prefix_path.sh'
[2.404s] Level 1:colcon.colcon_core.environment:checking '/external/install/go2_demo/lib'
[2.404s] Level 1:colcon.colcon_core.environment:checking '/external/install/go2_demo/bin'
[2.404s] Level 1:colcon.colcon_core.environment:checking '/external/install/go2_demo/lib/pkgconfig/go2_demo.pc'
[2.405s] Level 1:colcon.colcon_core.environment:checking '/external/install/go2_demo/lib/python3.10/site-packages'
[2.405s] Level 1:colcon.colcon_core.environment:checking '/external/install/go2_demo/bin'
[2.406s] INFO:colcon.colcon_core.shell:Creating package script '/external/install/go2_demo/share/go2_demo/package.ps1'
[2.407s] INFO:colcon.colcon_core.shell:Creating package descriptor '/external/install/go2_demo/share/go2_demo/package.dsv'
[2.408s] INFO:colcon.colcon_core.shell:Creating package script '/external/install/go2_demo/share/go2_demo/package.sh'
[2.409s] INFO:colcon.colcon_core.shell:Creating package script '/external/install/go2_demo/share/go2_demo/package.bash'
[2.409s] INFO:colcon.colcon_core.shell:Creating package script '/external/install/go2_demo/share/go2_demo/package.zsh'
[2.410s] Level 1:colcon.colcon_core.environment:create_file_with_runtime_dependencies(/external/install/go2_demo/share/colcon-core/packages/go2_demo)
[2.412s] Level 1:colcon.colcon_core.environment:create_environment_scripts_only(unitree_ros2_example)
[2.413s] Level 1:colcon.colcon_core.environment:checking '/external/install/unitree_ros2_example' for CMake module files
[2.414s] DEBUG:colcon.colcon_core.event_handler.log_command:Invoked command in '/external/build/unitree_ros2_example' returned '0': AMENT_PREFIX_PATH=/external/install/unitree_hg:/external/install/unitree_go:/external/install/unitree_api:${AMENT_PREFIX_PATH} CMAKE_PREFIX_PATH=/external/install/unitree_hg:/external/install/unitree_go:/external/install/unitree_api:/opt/ros/humble LD_LIBRARY_PATH=/external/install/unitree_hg/lib:/external/install/unitree_go/lib:/external/install/unitree_api/lib:${LD_LIBRARY_PATH} PYTHONPATH=/external/install/unitree_hg/local/lib/python3.10/dist-packages:/external/install/unitree_go/local/lib/python3.10/dist-packages:/external/install/unitree_api/local/lib/python3.10/dist-packages:${PYTHONPATH} /usr/bin/cmake --install /external/build/unitree_ros2_example
[2.414s] Level 1:colcon.colcon_core.environment:checking '/external/install/unitree_ros2_example' for CMake config files
[2.415s] Level 1:colcon.colcon_core.shell:create_environment_hook('unitree_ros2_example', 'cmake_prefix_path')
[2.415s] INFO:colcon.colcon_core.shell:Creating environment hook '/external/install/unitree_ros2_example/share/unitree_ros2_example/hook/cmake_prefix_path.ps1'
[2.416s] INFO:colcon.colcon_core.shell:Creating environment descriptor '/external/install/unitree_ros2_example/share/unitree_ros2_example/hook/cmake_prefix_path.dsv'
[2.417s] INFO:colcon.colcon_core.shell:Creating environment hook '/external/install/unitree_ros2_example/share/unitree_ros2_example/hook/cmake_prefix_path.sh'
[2.418s] Level 1:colcon.colcon_core.environment:checking '/external/install/unitree_ros2_example/bin'
[2.418s] Level 1:colcon.colcon_core.environment:checking '/external/install/unitree_ros2_example/lib/pkgconfig/unitree_ros2_example.pc'
[2.419s] Level 1:colcon.colcon_core.environment:checking '/external/install/unitree_ros2_example/lib/python3.10/site-packages'
[2.419s] Level 1:colcon.colcon_core.environment:checking '/external/install/unitree_ros2_example/bin'
[2.419s] INFO:colcon.colcon_core.shell:Creating package script '/external/install/unitree_ros2_example/share/unitree_ros2_example/package.ps1'
[2.420s] INFO:colcon.colcon_core.shell:Creating package descriptor '/external/install/unitree_ros2_example/share/unitree_ros2_example/package.dsv'
[2.421s] INFO:colcon.colcon_core.shell:Creating package script '/external/install/unitree_ros2_example/share/unitree_ros2_example/package.sh'
[2.422s] INFO:colcon.colcon_core.shell:Creating package script '/external/install/unitree_ros2_example/share/unitree_ros2_example/package.bash'
[2.422s] INFO:colcon.colcon_core.shell:Creating package script '/external/install/unitree_ros2_example/share/unitree_ros2_example/package.zsh'
[2.423s] Level 1:colcon.colcon_core.environment:create_file_with_runtime_dependencies(/external/install/unitree_ros2_example/share/colcon-core/packages/unitree_ros2_example)
[2.424s] Level 1:colcon.colcon_core.environment:create_environment_scripts_only(unitree_ros2_example)
[2.424s] Level 1:colcon.colcon_core.environment:checking '/external/install/unitree_ros2_example' for CMake module files
[2.425s] Level 1:colcon.colcon_core.environment:checking '/external/install/unitree_ros2_example' for CMake config files
[2.425s] Level 1:colcon.colcon_core.shell:create_environment_hook('unitree_ros2_example', 'cmake_prefix_path')
[2.426s] INFO:colcon.colcon_core.shell:Creating environment hook '/external/install/unitree_ros2_example/share/unitree_ros2_example/hook/cmake_prefix_path.ps1'
[2.426s] INFO:colcon.colcon_core.shell:Creating environment descriptor '/external/install/unitree_ros2_example/share/unitree_ros2_example/hook/cmake_prefix_path.dsv'
[2.427s] INFO:colcon.colcon_core.shell:Creating environment hook '/external/install/unitree_ros2_example/share/unitree_ros2_example/hook/cmake_prefix_path.sh'
[2.428s] Level 1:colcon.colcon_core.environment:checking '/external/install/unitree_ros2_example/bin'
[2.428s] Level 1:colcon.colcon_core.environment:checking '/external/install/unitree_ros2_example/lib/pkgconfig/unitree_ros2_example.pc'
[2.428s] Level 1:colcon.colcon_core.environment:checking '/external/install/unitree_ros2_example/lib/python3.10/site-packages'
[2.428s] Level 1:colcon.colcon_core.environment:checking '/external/install/unitree_ros2_example/bin'
[2.429s] INFO:colcon.colcon_core.shell:Creating package script '/external/install/unitree_ros2_example/share/unitree_ros2_example/package.ps1'
[2.430s] INFO:colcon.colcon_core.shell:Creating package descriptor '/external/install/unitree_ros2_example/share/unitree_ros2_example/package.dsv'
[2.430s] INFO:colcon.colcon_core.shell:Creating package script '/external/install/unitree_ros2_example/share/unitree_ros2_example/package.sh'
[2.431s] INFO:colcon.colcon_core.shell:Creating package script '/external/install/unitree_ros2_example/share/unitree_ros2_example/package.bash'
[2.432s] INFO:colcon.colcon_core.shell:Creating package script '/external/install/unitree_ros2_example/share/unitree_ros2_example/package.zsh'
[2.432s] Level 1:colcon.colcon_core.environment:create_file_with_runtime_dependencies(/external/install/unitree_ros2_example/share/colcon-core/packages/unitree_ros2_example)
[2.433s] DEBUG:colcon.colcon_parallel_executor.executor.parallel:closing loop
[2.433s] DEBUG:colcon.colcon_parallel_executor.executor.parallel:loop closed
[2.434s] DEBUG:colcon.colcon_parallel_executor.executor.parallel:run_until_complete finished with '0'
[2.434s] DEBUG:colcon.colcon_core.event_reactor:joining thread
[2.444s] INFO:colcon.colcon_core.plugin_system:Skipping extension 'colcon_notification.desktop_notification.notify_send': Could not find 'notify-send'
[2.444s] INFO:colcon.colcon_core.plugin_system:Skipping extension 'colcon_notification.desktop_notification.terminal_notifier': Not used on non-Darwin systems
[2.444s] INFO:colcon.colcon_core.plugin_system:Skipping extension 'colcon_notification.desktop_notification.win32': Not used on non-Windows systems
[2.444s] INFO:colcon.colcon_notification.desktop_notification:Sending desktop notification using 'notify2'
[2.450s] DEBUG:colcon.colcon_notification.desktop_notification.notify2:Failed to initialize notify2: org.freedesktop.DBus.Error.Spawn.ExecFailed: /usr/bin/dbus-launch terminated abnormally without any error message
[2.450s] DEBUG:colcon.colcon_core.event_reactor:joined thread
[2.451s] INFO:colcon.colcon_core.shell:Creating prefix script '/external/install/local_setup.ps1'
[2.453s] INFO:colcon.colcon_core.shell:Creating prefix util module '/external/install/_local_setup_util_ps1.py'
[2.456s] INFO:colcon.colcon_core.shell:Creating prefix chain script '/external/install/setup.ps1'
[2.457s] INFO:colcon.colcon_core.shell:Creating prefix script '/external/install/local_setup.sh'
[2.458s] INFO:colcon.colcon_core.shell:Creating prefix util module '/external/install/_local_setup_util_sh.py'
[2.459s] INFO:colcon.colcon_core.shell:Creating prefix chain script '/external/install/setup.sh'
[2.461s] INFO:colcon.colcon_core.shell:Creating prefix script '/external/install/local_setup.bash'
[2.462s] INFO:colcon.colcon_core.shell:Creating prefix chain script '/external/install/setup.bash'
[2.464s] INFO:colcon.colcon_core.shell:Creating prefix script '/external/install/local_setup.zsh'
[2.466s] INFO:colcon.colcon_core.shell:Creating prefix chain script '/external/install/setup.zsh'
