[0.050s] Invoking command in '/external/build/hesai_lidar': CMAKE_PREFIX_PATH=/opt/ros/humble /usr/bin/cmake --build /external/build/hesai_lidar -- -j8 -l8
[0.139s] -- Found pcl_conversions: 2.4.5 (/opt/ros/humble/share/pcl_conversions/cmake)
[0.515s] -- Override CMake install command with custom implementation using symlinks instead of copying resources
[0.603s] -- Found rosidl_generator_c: 3.1.6 (/opt/ros/humble/share/rosidl_generator_c/cmake)
[0.608s] -- Found rosidl_adapter: 3.1.6 (/opt/ros/humble/share/rosidl_adapter/cmake)
[0.622s] -- Found rosidl_generator_cpp: 3.1.6 (/opt/ros/humble/share/rosidl_generator_cpp/cmake)
[0.643s] -- Using all available rosidl_typesupport_c: rosidl_typesupport_fastrtps_c;rosidl_typesupport_introspection_c
[0.667s] -- Using all available rosidl_typesupport_cpp: rosidl_typesupport_fastrtps_cpp;rosidl_typesupport_introspection_cpp
[0.736s] -- Found rmw_implementation_cmake: 6.1.2 (/opt/ros/humble/share/rmw_implementation_cmake/cmake)
[0.740s] -- Found rmw_fastrtps_cpp: 6.2.7 (/opt/ros/humble/share/rmw_fastrtps_cpp/cmake)
[0.934s] -- Using RMW implementation 'rmw_fastrtps_cpp' as default
[1.171s] -- Eigen found (include: /usr/include/eigen3, version: 3.4.0)
[1.214s] -- FLANN found (include: /usr/include, lib: /usr/lib/aarch64-linux-gnu/libflann_cpp.so)
[1.642s] -- OpenNI found (version: 1.5.4.0, include: /usr/include/ni, lib: /usr/lib/libOpenNI.so;libusb::libusb)
[1.653s] -- OpenNI2 found (version: 2.2.0.33, include: /usr/include/openni2, lib: /usr/lib/aarch64-linux-gnu/libOpenNI2.so;libusb::libusb)
[1.893s] -- Eigen found (include: /usr/include/eigen3, version: 3.4.0)
[1.902s] -- OpenNI found (version: 1.5.4.0, include: /usr/include/ni, lib: /usr/lib/libOpenNI.so;libusb::libusb)
[1.911s] -- OpenNI2 found (version: 2.2.0.33, include: /usr/include/openni2, lib: /usr/lib/aarch64-linux-gnu/libOpenNI2.so;libusb::libusb)
[2.120s] -- Found Qhull version 8.0.2
[2.348s] -- OpenNI found (version: 1.5.4.0, include: /usr/include/ni, lib: /usr/lib/libOpenNI.so;libusb::libusb)
[2.585s] -- Found rclcpp_action: 16.0.12 (/opt/ros/humble/share/rclcpp_action/cmake)
[2.637s] -- Found rclcpp_components: 16.0.12 (/opt/ros/humble/share/rclcpp_components/cmake)
[2.668s] -- Found rosidl_default_generators: 1.2.0 (/opt/ros/humble/share/rosidl_default_generators/cmake)
[2.680s] -- Found image_transport: 3.1.11 (/opt/ros/humble/share/image_transport/cmake)
[2.712s] -- Found tf2: 0.25.12 (/opt/ros/humble/share/tf2/cmake)
[2.717s] -- Found tf2_ros: 0.25.12 (/opt/ros/humble/share/tf2_ros/cmake)
[2.762s] -- Found tf2_geometry_msgs: 0.25.12 (/opt/ros/humble/share/tf2_geometry_msgs/cmake)
[2.768s] -- Found eigen3_cmake_module: 0.1.1 (/opt/ros/humble/share/eigen3_cmake_module/cmake)
[2.770s] -- Ensuring Eigen3 include directory is part of orocos-kdl CMake target
[2.772s] [33mCMake Warning (dev) at CMakeLists.txt:29 (find_package):
[2.773s]   Policy CMP0074 is not set: find_package uses <PackageName>_ROOT variables.
[2.773s]   Run "cmake --help-policy CMP0074" for policy details.  Use the cmake_policy
[2.773s]   command to set the policy and suppress this warning.
[2.773s] 
[2.774s]   CMake variable PCL_ROOT is set to:
[2.774s] 
[2.774s]     /usr
[2.774s] 
[2.774s]   For compatibility, CMake is ignoring the variable.
[2.775s] This warning is for project developers.  Use -Wno-dev to suppress it.
[2.775s] [0m
[3.211s] -- Found ament_cmake_ros: 0.10.0 (/opt/ros/humble/share/ament_cmake_ros/cmake)
[3.754s] -- Using all available rosidl_typesupport_c: rosidl_typesupport_fastrtps_c;rosidl_typesupport_introspection_c
[3.967s] -- Using all available rosidl_typesupport_cpp: rosidl_typesupport_fastrtps_cpp;rosidl_typesupport_introspection_cpp
[4.008s] -- Found python_cmake_module: 0.10.0 (/opt/ros/humble/share/python_cmake_module/cmake)
[4.057s] -- Using PYTHON_EXECUTABLE: /usr/bin/python3
[4.058s] -- Using PYTHON_INCLUDE_DIRS: /usr/include/python3.10
[4.058s] -- Using PYTHON_LIBRARIES: /usr/lib/aarch64-linux-gnu/libpython3.10.so
[4.090s] -- Configuring for ARM architecture
[4.117s] -- Configuring done
[4.237s] -- Generating done
[4.273s] -- Build files have been written to: /external/build/hesai_lidar
[4.351s] [35m[1mConsolidate compiler generated dependencies of target hesai_lidar__rosidl_generator_c[0m
[4.366s] [  2%] Built target hesai_lidar__cpp
[4.368s] [ 12%] Built target hesai_lidar__rosidl_generator_c
[4.380s] [ 12%] Built target ament_cmake_python_symlink_hesai_lidar
[4.380s] [35m[1mConsolidate compiler generated dependencies of target hesai_lidar__rosidl_typesupport_fastrtps_cpp[0m
[4.380s] [35m[1mConsolidate compiler generated dependencies of target hesai_lidar__rosidl_typesupport_cpp[0m
[4.383s] [35m[1mConsolidate compiler generated dependencies of target hesai_lidar__rosidl_typesupport_c[0m
[4.383s] [35m[1mConsolidate compiler generated dependencies of target hesai_lidar__rosidl_typesupport_introspection_c[0m
[4.384s] [35m[1mConsolidate compiler generated dependencies of target hesai_lidar__rosidl_typesupport_introspection_cpp[0m
[4.384s] [35m[1mConsolidate compiler generated dependencies of target hesai_lidar__rosidl_typesupport_fastrtps_c[0m
[4.402s] [ 36%] Built target hesai_lidar__rosidl_typesupport_c
[4.402s] [ 36%] Built target hesai_lidar__rosidl_typesupport_introspection_c
[4.402s] [ 51%] Built target hesai_lidar__rosidl_typesupport_fastrtps_cpp
[4.403s] [ 51%] Built target hesai_lidar__rosidl_typesupport_cpp
[4.408s] [ 60%] Built target hesai_lidar__rosidl_typesupport_fastrtps_c
[4.410s] [ 70%] Built target hesai_lidar__rosidl_typesupport_introspection_cpp
[4.421s] [35m[1mConsolidate compiler generated dependencies of target hesai_lidar_node[0m
[4.475s] [ 73%] [32mBuilding CXX object CMakeFiles/hesai_lidar_node.dir/src/main_ros2.cc.o[0m
[4.481s] [ 73%] Built target hesai_lidar
[4.513s] [ 75%] Built target hesai_lidar__py
[4.530s] [35m[1mConsolidate compiler generated dependencies of target hesai_lidar__rosidl_generator_py[0m
[4.552s] [ 82%] Built target hesai_lidar__rosidl_generator_py
[4.568s] [35m[1mConsolidate compiler generated dependencies of target hesai_lidar__rosidl_typesupport_fastrtps_c__pyext[0m
[4.568s] [35m[1mConsolidate compiler generated dependencies of target hesai_lidar__rosidl_typesupport_c__pyext[0m
[4.568s] [35m[1mConsolidate compiler generated dependencies of target hesai_lidar__rosidl_typesupport_introspection_c__pyext[0m
[4.589s] [ 92%] Built target hesai_lidar__rosidl_typesupport_c__pyext
[4.589s] [ 92%] Built target hesai_lidar__rosidl_typesupport_fastrtps_c__pyext
[4.589s] [ 97%] Built target hesai_lidar__rosidl_typesupport_introspection_c__pyext
[4.800s] running egg_info
[4.801s] writing hesai_lidar.egg-info/PKG-INFO
[4.801s] writing dependency_links to hesai_lidar.egg-info/dependency_links.txt
[4.802s] writing top-level names to hesai_lidar.egg-info/top_level.txt
[4.805s] reading manifest file 'hesai_lidar.egg-info/SOURCES.txt'
[4.806s] writing manifest file 'hesai_lidar.egg-info/SOURCES.txt'
[4.874s] [ 97%] Built target ament_cmake_python_build_hesai_lidar_egg
[7.041s] In file included from [01m[K/external/src/HesaiLidar_ROS2_techshare/src/main_ros2.cc:8[m[K:
[7.041s] [01m[K/opt/ros/humble/include/tf2_geometry_msgs/tf2_geometry_msgs/tf2_geometry_msgs.h:35:2:[m[K [01;35m[Kwarning: [m[K#warning This header is obsolete, please include tf2_geometry_msgs/tf2_geometry_msgs.hpp instead [[01;35m[K-Wcpp[m[K]
[7.041s]    35 | #[01;35m[Kwarning[m[K This header is obsolete, please include tf2_geometry_msgs/tf2_geometry_msgs.hpp instead
[7.041s]       |  [01;35m[K^~~~~~~[m[K
[12.064s] In file included from [01m[K/external/src/HesaiLidar_ROS2_techshare/src/main_ros2.cc:5[m[K:
[12.064s] [01m[K/opt/ros/humble/include/image_transport/image_transport/image_transport.h:32:89:[m[K [01;36m[Knote: [m[K‘[01m[K#pragma message: Warning: This header is deprecated. Use 'image_transport.hpp' instead[m[K’
[12.065s]    32 | #pragma message ("Warning: This header is deprecated. Use 'image_transport.hpp' instead"[01;36m[K)[m[K
[12.065s]       |                                                                                         [01;36m[K^[m[K
[15.861s] In file included from [01m[K/usr/include/boost/smart_ptr/detail/sp_thread_sleep.hpp:22[m[K,
[15.861s]                  from [01m[K/usr/include/boost/smart_ptr/detail/yield_k.hpp:23[m[K,
[15.861s]                  from [01m[K/usr/include/boost/smart_ptr/detail/spinlock_gcc_atomic.hpp:14[m[K,
[15.861s]                  from [01m[K/usr/include/boost/smart_ptr/detail/spinlock.hpp:42[m[K,
[15.862s]                  from [01m[K/usr/include/boost/smart_ptr/detail/spinlock_pool.hpp:25[m[K,
[15.862s]                  from [01m[K/usr/include/boost/smart_ptr/shared_ptr.hpp:29[m[K,
[15.862s]                  from [01m[K/usr/include/boost/shared_ptr.hpp:17[m[K,
[15.862s]                  from [01m[K/usr/include/boost/date_time/microsec_time_clock.hpp:18[m[K,
[15.862s]                  from [01m[K/usr/include/boost/interprocess/detail/posix_time_types_wrk.hpp:31[m[K,
[15.862s]                  from [01m[K/usr/include/boost/interprocess/detail/os_thread_functions.hpp:36[m[K,
[15.863s]                  from [01m[K/usr/include/boost/interprocess/sync/file_lock.hpp:26[m[K,
[15.863s]                  from [01m[K/usr/include/pcl-1.12/pcl/io/pcd_io.h:46[m[K,
[15.863s]                  from [01m[K/opt/ros/humble/include/pcl_conversions/pcl_conversions/pcl_conversions.h:73[m[K,
[15.863s]                  from [01m[K/external/src/HesaiLidar_ROS2_techshare/src/main_ros2.cc:6[m[K:
[15.863s] [01m[K/usr/include/boost/bind.hpp:36:1:[m[K [01;36m[Knote: [m[K‘[01m[K#pragma message: The practice of declaring the Bind placeholders (_1, _2, ...) in the global namespace is deprecated. Please use <boost/bind/bind.hpp> + using namespace boost::placeholders, or define BOOST_BIND_GLOBAL_PLACEHOLDERS to retain the current behavior.[m[K’
[15.864s]    36 | [01;36m[KBOOST_PRAGMA_MESSAGE[m[K(
[15.864s]       | [01;36m[K^~~~~~~~~~~~~~~~~~~~[m[K
[16.192s] [01m[K/external/src/HesaiLidar_ROS2_techshare/src/main_ros2.cc:[m[K In member function ‘[01m[Kvoid hesai_lidar::HesaiLidarClient::gpsCallback(int)[m[K’:
[16.192s] [01m[K/external/src/HesaiLidar_ROS2_techshare/src/main_ros2.cc:94:24:[m[K [01;35m[Kwarning: [m[Kunused parameter ‘[01m[Ktimestamp[m[K’ [[01;35m[K-Wunused-parameter[m[K]
[16.192s]    94 |   void gpsCallback([01;35m[Kint timestamp[m[K) {
[16.193s]       |                    [01;35m[K~~~~^~~~~~~~~[m[K
[33.063s] [100%] [32m[1mLinking CXX executable hesai_lidar_node[0m
[35.124s] [100%] Built target hesai_lidar_node
[35.142s] Invoked command in '/external/build/hesai_lidar' returned '0': CMAKE_PREFIX_PATH=/opt/ros/humble /usr/bin/cmake --build /external/build/hesai_lidar -- -j8 -l8
[35.147s] Invoking command in '/external/build/hesai_lidar': CMAKE_PREFIX_PATH=/opt/ros/humble /usr/bin/cmake --install /external/build/hesai_lidar
[35.158s] -- Install configuration: ""
[35.159s] -- Execute custom install script
[35.159s] -- Symlinking: /external/install/hesai_lidar/share/ament_index/resource_index/rosidl_interfaces/hesai_lidar
[35.172s] -- Symlinking: /external/install/hesai_lidar/include/hesai_lidar/hesai_lidar/msg/detail/pandar_packet__functions.h
[35.186s] -- Symlinking: /external/install/hesai_lidar/include/hesai_lidar/hesai_lidar/msg/detail/pandar_packet__struct.h
[35.197s] -- Symlinking: /external/install/hesai_lidar/include/hesai_lidar/hesai_lidar/msg/detail/pandar_packet__type_support.h
[35.210s] -- Symlinking: /external/install/hesai_lidar/include/hesai_lidar/hesai_lidar/msg/detail/pandar_scan__functions.h
[35.223s] -- Symlinking: /external/install/hesai_lidar/include/hesai_lidar/hesai_lidar/msg/detail/pandar_scan__struct.h
[35.234s] -- Symlinking: /external/install/hesai_lidar/include/hesai_lidar/hesai_lidar/msg/detail/pandar_scan__type_support.h
[35.246s] -- Symlinking: /external/install/hesai_lidar/include/hesai_lidar/hesai_lidar/msg/pandar_packet.h
[35.259s] -- Symlinking: /external/install/hesai_lidar/include/hesai_lidar/hesai_lidar/msg/pandar_scan.h
[35.270s] -- Symlinking: /external/install/hesai_lidar/include/hesai_lidar/hesai_lidar/msg/rosidl_generator_c__visibility_control.h
[35.282s] -- Symlinking: /external/install/hesai_lidar/share/hesai_lidar/environment/library_path.sh
[35.294s] -- Symlinking: /external/install/hesai_lidar/share/hesai_lidar/environment/library_path.dsv
[35.306s] -- Symlinking: /external/install/hesai_lidar/include/hesai_lidar/hesai_lidar/msg/detail/pandar_packet__rosidl_typesupport_fastrtps_c.h
[35.317s] -- Symlinking: /external/install/hesai_lidar/include/hesai_lidar/hesai_lidar/msg/detail/pandar_scan__rosidl_typesupport_fastrtps_c.h
[35.328s] -- Symlinking: /external/install/hesai_lidar/include/hesai_lidar/hesai_lidar/msg/rosidl_typesupport_fastrtps_c__visibility_control.h
[35.341s] -- Symlinking: /external/install/hesai_lidar/include/hesai_lidar/hesai_lidar/msg/detail/pandar_packet__builder.hpp
[35.355s] -- Symlinking: /external/install/hesai_lidar/include/hesai_lidar/hesai_lidar/msg/detail/pandar_packet__struct.hpp
[35.368s] -- Symlinking: /external/install/hesai_lidar/include/hesai_lidar/hesai_lidar/msg/detail/pandar_packet__traits.hpp
[35.380s] -- Symlinking: /external/install/hesai_lidar/include/hesai_lidar/hesai_lidar/msg/detail/pandar_packet__type_support.hpp
[35.391s] -- Symlinking: /external/install/hesai_lidar/include/hesai_lidar/hesai_lidar/msg/detail/pandar_scan__builder.hpp
[35.404s] -- Symlinking: /external/install/hesai_lidar/include/hesai_lidar/hesai_lidar/msg/detail/pandar_scan__struct.hpp
[35.417s] -- Symlinking: /external/install/hesai_lidar/include/hesai_lidar/hesai_lidar/msg/detail/pandar_scan__traits.hpp
[35.430s] -- Symlinking: /external/install/hesai_lidar/include/hesai_lidar/hesai_lidar/msg/detail/pandar_scan__type_support.hpp
[35.443s] -- Symlinking: /external/install/hesai_lidar/include/hesai_lidar/hesai_lidar/msg/pandar_packet.hpp
[35.457s] -- Symlinking: /external/install/hesai_lidar/include/hesai_lidar/hesai_lidar/msg/pandar_scan.hpp
[35.469s] -- Symlinking: /external/install/hesai_lidar/include/hesai_lidar/hesai_lidar/msg/rosidl_generator_cpp__visibility_control.hpp
[35.483s] -- Symlinking: /external/install/hesai_lidar/include/hesai_lidar/hesai_lidar/msg/detail/pandar_packet__rosidl_typesupport_fastrtps_cpp.hpp
[35.496s] -- Symlinking: /external/install/hesai_lidar/include/hesai_lidar/hesai_lidar/msg/detail/pandar_scan__rosidl_typesupport_fastrtps_cpp.hpp
[35.509s] -- Symlinking: /external/install/hesai_lidar/include/hesai_lidar/hesai_lidar/msg/rosidl_typesupport_fastrtps_cpp__visibility_control.h
[35.524s] -- Symlinking: /external/install/hesai_lidar/include/hesai_lidar/hesai_lidar/msg/detail/pandar_packet__rosidl_typesupport_introspection_c.h
[35.537s] -- Symlinking: /external/install/hesai_lidar/include/hesai_lidar/hesai_lidar/msg/detail/pandar_scan__rosidl_typesupport_introspection_c.h
[35.555s] -- Symlinking: /external/install/hesai_lidar/include/hesai_lidar/hesai_lidar/msg/rosidl_typesupport_introspection_c__visibility_control.h
[35.568s] -- Symlinking: /external/install/hesai_lidar/include/hesai_lidar/hesai_lidar/msg/detail/pandar_packet__rosidl_typesupport_introspection_cpp.hpp
[35.582s] -- Symlinking: /external/install/hesai_lidar/include/hesai_lidar/hesai_lidar/msg/detail/pandar_scan__rosidl_typesupport_introspection_cpp.hpp
[35.593s] -- Symlinking: /external/install/hesai_lidar/share/hesai_lidar/environment/pythonpath.sh
[35.606s] -- Symlinking: /external/install/hesai_lidar/share/hesai_lidar/environment/pythonpath.dsv
[35.620s] -- Symlinking: /external/install/hesai_lidar/local/lib/python3.10/dist-packages/hesai_lidar-0.9.2-py3.10.egg-info/PKG-INFO
[35.634s] -- Symlinking: /external/install/hesai_lidar/local/lib/python3.10/dist-packages/hesai_lidar-0.9.2-py3.10.egg-info/SOURCES.txt
[35.646s] -- Symlinking: /external/install/hesai_lidar/local/lib/python3.10/dist-packages/hesai_lidar-0.9.2-py3.10.egg-info/dependency_links.txt
[35.657s] -- Symlinking: /external/install/hesai_lidar/local/lib/python3.10/dist-packages/hesai_lidar-0.9.2-py3.10.egg-info/top_level.txt
[35.669s] -- Symlinking: /external/install/hesai_lidar/local/lib/python3.10/dist-packages/hesai_lidar/__init__.py
[35.681s] -- Symlinking: /external/install/hesai_lidar/local/lib/python3.10/dist-packages/hesai_lidar/_hesai_lidar_s.ep.rosidl_typesupport_c.c
[35.695s] -- Symlinking: /external/install/hesai_lidar/local/lib/python3.10/dist-packages/hesai_lidar/_hesai_lidar_s.ep.rosidl_typesupport_fastrtps_c.c
[35.709s] -- Symlinking: /external/install/hesai_lidar/local/lib/python3.10/dist-packages/hesai_lidar/_hesai_lidar_s.ep.rosidl_typesupport_introspection_c.c
[35.722s] -- Symlinking: /external/install/hesai_lidar/local/lib/python3.10/dist-packages/hesai_lidar/hesai_lidar_s__rosidl_typesupport_c.cpython-310-aarch64-linux-gnu.so
[35.736s] -- Symlinking: /external/install/hesai_lidar/local/lib/python3.10/dist-packages/hesai_lidar/hesai_lidar_s__rosidl_typesupport_fastrtps_c.cpython-310-aarch64-linux-gnu.so
[35.749s] -- Symlinking: /external/install/hesai_lidar/local/lib/python3.10/dist-packages/hesai_lidar/hesai_lidar_s__rosidl_typesupport_introspection_c.cpython-310-aarch64-linux-gnu.so
[35.763s] -- Symlinking: /external/install/hesai_lidar/local/lib/python3.10/dist-packages/hesai_lidar/libhesai_lidar__rosidl_generator_py.so
[35.774s] -- Symlinking: /external/install/hesai_lidar/local/lib/python3.10/dist-packages/hesai_lidar/msg/__init__.py
[35.785s] -- Symlinking: /external/install/hesai_lidar/local/lib/python3.10/dist-packages/hesai_lidar/msg/_pandar_packet.py
[35.796s] -- Symlinking: /external/install/hesai_lidar/local/lib/python3.10/dist-packages/hesai_lidar/msg/_pandar_packet_s.c
[35.809s] -- Symlinking: /external/install/hesai_lidar/local/lib/python3.10/dist-packages/hesai_lidar/msg/_pandar_scan.py
[35.822s] -- Symlinking: /external/install/hesai_lidar/local/lib/python3.10/dist-packages/hesai_lidar/msg/_pandar_scan_s.c
[35.838s] -- Up-to-date symlink: /external/install/hesai_lidar/local/lib/python3.10/dist-packages/hesai_lidar/hesai_lidar_s__rosidl_typesupport_fastrtps_c.cpython-310-aarch64-linux-gnu.so
[35.838s] -- Up-to-date symlink: /external/install/hesai_lidar/local/lib/python3.10/dist-packages/hesai_lidar/hesai_lidar_s__rosidl_typesupport_introspection_c.cpython-310-aarch64-linux-gnu.so
[35.839s] -- Up-to-date symlink: /external/install/hesai_lidar/local/lib/python3.10/dist-packages/hesai_lidar/hesai_lidar_s__rosidl_typesupport_c.cpython-310-aarch64-linux-gnu.so
[35.840s] -- Symlinking: /external/install/hesai_lidar/share/hesai_lidar/msg/PandarPacket.idl
[35.853s] -- Symlinking: /external/install/hesai_lidar/share/hesai_lidar/msg/PandarScan.idl
[35.866s] -- Symlinking: /external/install/hesai_lidar/share/hesai_lidar/msg/PandarPacket.msg
[35.881s] -- Symlinking: /external/install/hesai_lidar/share/hesai_lidar/msg/PandarScan.msg
[35.895s] -- Symlinking: /external/install/hesai_lidar/lib/hesai_lidar/hesai_lidar_node
[35.910s] -- Symlinking: /external/install/hesai_lidar/share/hesai_lidar/launch/hesai_lidar_launch.py
[35.926s] -- Symlinking: /external/install/hesai_lidar/lib/hesai_lidar/libPandarGeneral.so
[35.938s] -- Symlinking: /external/install/hesai_lidar/lib/hesai_lidar/libPandarGeneralSDK.so
[35.953s] -- Symlinking: /external/install/hesai_lidar/share/ament_index/resource_index/package_run_dependencies/hesai_lidar
[35.965s] -- Symlinking: /external/install/hesai_lidar/share/ament_index/resource_index/parent_prefix_path/hesai_lidar
[35.979s] -- Symlinking: /external/install/hesai_lidar/share/hesai_lidar/environment/ament_prefix_path.sh
[35.993s] -- Symlinking: /external/install/hesai_lidar/share/hesai_lidar/environment/ament_prefix_path.dsv
[36.006s] -- Symlinking: /external/install/hesai_lidar/share/hesai_lidar/environment/path.sh
[36.021s] -- Symlinking: /external/install/hesai_lidar/share/hesai_lidar/environment/path.dsv
[36.034s] -- Symlinking: /external/install/hesai_lidar/share/hesai_lidar/local_setup.bash
[36.048s] -- Symlinking: /external/install/hesai_lidar/share/hesai_lidar/local_setup.sh
[36.062s] -- Symlinking: /external/install/hesai_lidar/share/hesai_lidar/local_setup.zsh
[36.074s] -- Symlinking: /external/install/hesai_lidar/share/hesai_lidar/local_setup.dsv
[36.089s] -- Symlinking: /external/install/hesai_lidar/share/hesai_lidar/package.dsv
[36.103s] -- Symlinking: /external/install/hesai_lidar/share/ament_index/resource_index/packages/hesai_lidar
[36.116s] -- Symlinking: /external/install/hesai_lidar/share/hesai_lidar/cmake/ament_cmake_export_dependencies-extras.cmake
[36.130s] -- Symlinking: /external/install/hesai_lidar/share/hesai_lidar/cmake/rosidl_cmake-extras.cmake
[36.145s] -- Symlinking: /external/install/hesai_lidar/share/hesai_lidar/cmake/ament_cmake_export_include_directories-extras.cmake
[36.158s] -- Symlinking: /external/install/hesai_lidar/share/hesai_lidar/cmake/ament_cmake_export_libraries-extras.cmake
[36.171s] -- Symlinking: /external/install/hesai_lidar/share/hesai_lidar/cmake/ament_cmake_export_targets-extras.cmake
[36.182s] -- Symlinking: /external/install/hesai_lidar/share/hesai_lidar/cmake/rosidl_cmake_export_typesupport_targets-extras.cmake
[36.198s] -- Symlinking: /external/install/hesai_lidar/share/hesai_lidar/cmake/rosidl_cmake_export_typesupport_libraries-extras.cmake
[36.211s] -- Symlinking: /external/install/hesai_lidar/share/hesai_lidar/cmake/hesai_lidarConfig.cmake
[36.225s] -- Symlinking: /external/install/hesai_lidar/share/hesai_lidar/cmake/hesai_lidarConfig-version.cmake
[36.238s] -- Symlinking: /external/install/hesai_lidar/share/hesai_lidar/package.xml
[36.250s] -- Installing: /external/install/hesai_lidar/lib/libhesai_lidar__rosidl_generator_c.so
[36.250s] -- Set runtime path of "/external/install/hesai_lidar/lib/libhesai_lidar__rosidl_generator_c.so" to ""
[36.251s] -- Installing: /external/install/hesai_lidar/lib/libhesai_lidar__rosidl_typesupport_fastrtps_c.so
[36.251s] -- Set runtime path of "/external/install/hesai_lidar/lib/libhesai_lidar__rosidl_typesupport_fastrtps_c.so" to ""
[36.252s] -- Installing: /external/install/hesai_lidar/lib/libhesai_lidar__rosidl_typesupport_fastrtps_cpp.so
[36.252s] -- Set runtime path of "/external/install/hesai_lidar/lib/libhesai_lidar__rosidl_typesupport_fastrtps_cpp.so" to ""
[36.252s] -- Installing: /external/install/hesai_lidar/lib/libhesai_lidar__rosidl_typesupport_introspection_c.so
[36.253s] -- Set runtime path of "/external/install/hesai_lidar/lib/libhesai_lidar__rosidl_typesupport_introspection_c.so" to ""
[36.253s] -- Installing: /external/install/hesai_lidar/lib/libhesai_lidar__rosidl_typesupport_c.so
[36.254s] -- Set runtime path of "/external/install/hesai_lidar/lib/libhesai_lidar__rosidl_typesupport_c.so" to ""
[36.254s] -- Installing: /external/install/hesai_lidar/lib/libhesai_lidar__rosidl_typesupport_introspection_cpp.so
[36.255s] -- Set runtime path of "/external/install/hesai_lidar/lib/libhesai_lidar__rosidl_typesupport_introspection_cpp.so" to ""
[36.256s] -- Installing: /external/install/hesai_lidar/lib/libhesai_lidar__rosidl_typesupport_cpp.so
[36.257s] -- Set runtime path of "/external/install/hesai_lidar/lib/libhesai_lidar__rosidl_typesupport_cpp.so" to ""
[36.310s] Listing '/external/install/hesai_lidar/local/lib/python3.10/dist-packages/hesai_lidar'...
[36.310s] Compiling '/external/install/hesai_lidar/local/lib/python3.10/dist-packages/hesai_lidar/__init__.py'...
[36.310s] Listing '/external/install/hesai_lidar/local/lib/python3.10/dist-packages/hesai_lidar/msg'...
[36.311s] Compiling '/external/install/hesai_lidar/local/lib/python3.10/dist-packages/hesai_lidar/msg/__init__.py'...
[36.311s] Compiling '/external/install/hesai_lidar/local/lib/python3.10/dist-packages/hesai_lidar/msg/_pandar_packet.py'...
[36.311s] Compiling '/external/install/hesai_lidar/local/lib/python3.10/dist-packages/hesai_lidar/msg/_pandar_scan.py'...
[36.320s] -- Installing: /external/install/hesai_lidar/lib/libhesai_lidar__rosidl_generator_py.so
[36.321s] -- Set runtime path of "/external/install/hesai_lidar/lib/libhesai_lidar__rosidl_generator_py.so" to ""
[36.321s] -- Installing: /external/install/hesai_lidar/share/hesai_lidar/cmake/export_hesai_lidar__rosidl_generator_cExport.cmake
[36.322s] -- Installing: /external/install/hesai_lidar/share/hesai_lidar/cmake/export_hesai_lidar__rosidl_generator_cExport-noconfig.cmake
[36.322s] -- Installing: /external/install/hesai_lidar/share/hesai_lidar/cmake/export_hesai_lidar__rosidl_typesupport_fastrtps_cExport.cmake
[36.323s] -- Installing: /external/install/hesai_lidar/share/hesai_lidar/cmake/export_hesai_lidar__rosidl_typesupport_fastrtps_cExport-noconfig.cmake
[36.323s] -- Installing: /external/install/hesai_lidar/share/hesai_lidar/cmake/export_hesai_lidar__rosidl_generator_cppExport.cmake
[36.324s] -- Installing: /external/install/hesai_lidar/share/hesai_lidar/cmake/export_hesai_lidar__rosidl_typesupport_fastrtps_cppExport.cmake
[36.324s] -- Installing: /external/install/hesai_lidar/share/hesai_lidar/cmake/export_hesai_lidar__rosidl_typesupport_fastrtps_cppExport-noconfig.cmake
[36.325s] -- Installing: /external/install/hesai_lidar/share/hesai_lidar/cmake/hesai_lidar__rosidl_typesupport_introspection_cExport.cmake
[36.325s] -- Installing: /external/install/hesai_lidar/share/hesai_lidar/cmake/hesai_lidar__rosidl_typesupport_introspection_cExport-noconfig.cmake
[36.326s] -- Installing: /external/install/hesai_lidar/share/hesai_lidar/cmake/hesai_lidar__rosidl_typesupport_cExport.cmake
[36.327s] -- Installing: /external/install/hesai_lidar/share/hesai_lidar/cmake/hesai_lidar__rosidl_typesupport_cExport-noconfig.cmake
[36.327s] -- Installing: /external/install/hesai_lidar/share/hesai_lidar/cmake/hesai_lidar__rosidl_typesupport_introspection_cppExport.cmake
[36.328s] -- Installing: /external/install/hesai_lidar/share/hesai_lidar/cmake/hesai_lidar__rosidl_typesupport_introspection_cppExport-noconfig.cmake
[36.328s] -- Installing: /external/install/hesai_lidar/share/hesai_lidar/cmake/hesai_lidar__rosidl_typesupport_cppExport.cmake
[36.329s] -- Installing: /external/install/hesai_lidar/share/hesai_lidar/cmake/hesai_lidar__rosidl_typesupport_cppExport-noconfig.cmake
[36.329s] -- Installing: /external/install/hesai_lidar/share/hesai_lidar/cmake/export_hesai_lidar__rosidl_generator_pyExport.cmake
[36.330s] -- Installing: /external/install/hesai_lidar/share/hesai_lidar/cmake/export_hesai_lidar__rosidl_generator_pyExport-noconfig.cmake
[36.337s] Invoked command in '/external/build/hesai_lidar' returned '0': CMAKE_PREFIX_PATH=/opt/ros/humble /usr/bin/cmake --install /external/build/hesai_lidar
