[0.169s] DEBUG:colcon:Command line arguments: ['/usr/bin/colcon', 'build', '--symlink-install']
[0.169s] DEBUG:colcon:Parsed command line arguments: Namespace(log_base=None, log_level=None, verb_name='build', build_base='build', install_base='install', merge_install=False, symlink_install=True, test_result_base=None, continue_on_error=False, executor='parallel', parallel_workers=8, event_handlers=None, ignore_user_meta=False, metas=['./colcon.meta'], base_paths=['.'], packages_ignore=None, packages_ignore_regex=None, paths=None, packages_up_to=None, packages_up_to_regex=None, packages_above=None, packages_above_and_dependencies=None, packages_above_depth=None, packages_select_by_dep=None, packages_skip_by_dep=None, packages_skip_up_to=None, packages_select_build_failed=False, packages_skip_build_finished=False, packages_select_test_failures=False, packages_skip_test_passed=False, packages_select=None, packages_skip=None, packages_select_regex=None, packages_skip_regex=None, packages_start=None, packages_end=None, allow_overriding=[], cmake_args=None, cmake_target=None, cmake_target_skip_unavailable=False, cmake_clean_cache=False, cmake_clean_first=False, cmake_force_configure=False, ament_cmake_args=None, catkin_cmake_args=None, catkin_skip_building_tests=False, verb_parser=<colcon_defaults.argument_parser.defaults.DefaultArgumentsDecorator object at 0xffff941df8b0>, verb_extension=<colcon_core.verb.build.BuildVerb object at 0xffff94338c70>, main=<bound method BuildVerb.main of <colcon_core.verb.build.BuildVerb object at 0xffff94338c70>>)
[0.432s] Level 1:colcon.colcon_core.package_discovery:discover_packages(colcon_meta) check parameters
[0.433s] Level 1:colcon.colcon_core.package_discovery:discover_packages(recursive) check parameters
[0.433s] Level 1:colcon.colcon_core.package_discovery:discover_packages(ignore) check parameters
[0.433s] Level 1:colcon.colcon_core.package_discovery:discover_packages(path) check parameters
[0.433s] Level 1:colcon.colcon_core.package_discovery:discover_packages(colcon_meta) discover
[0.433s] Level 1:colcon.colcon_core.package_discovery:discover_packages(recursive) discover
[0.433s] INFO:colcon.colcon_core.package_discovery:Crawling recursively for packages in '/external'
[0.433s] Level 1:colcon.colcon_core.package_identification:_identify(.) by extensions ['ignore', 'ignore_ament_install']
[0.434s] Level 1:colcon.colcon_core.package_identification:_identify(.) by extension 'ignore'
[0.434s] Level 1:colcon.colcon_core.package_identification:_identify(.) by extension 'ignore_ament_install'
[0.434s] Level 1:colcon.colcon_core.package_identification:_identify(.) by extensions ['colcon_pkg']
[0.434s] Level 1:colcon.colcon_core.package_identification:_identify(.) by extension 'colcon_pkg'
[0.434s] Level 1:colcon.colcon_core.package_identification:_identify(.) by extensions ['colcon_meta']
[0.434s] Level 1:colcon.colcon_core.package_identification:_identify(.) by extension 'colcon_meta'
[0.434s] Level 1:colcon.colcon_core.package_identification:_identify(.) by extensions ['ros']
[0.434s] Level 1:colcon.colcon_core.package_identification:_identify(.) by extension 'ros'
[0.453s] Level 1:colcon.colcon_core.package_identification:_identify(.) by extensions ['cmake', 'python']
[0.453s] Level 1:colcon.colcon_core.package_identification:_identify(.) by extension 'cmake'
[0.453s] Level 1:colcon.colcon_core.package_identification:_identify(.) by extension 'python'
[0.453s] Level 1:colcon.colcon_core.package_identification:_identify(.) by extensions ['python_setup_py']
[0.453s] Level 1:colcon.colcon_core.package_identification:_identify(.) by extension 'python_setup_py'
[0.454s] Level 1:colcon.colcon_core.package_identification:_identify(build) by extensions ['ignore', 'ignore_ament_install']
[0.454s] Level 1:colcon.colcon_core.package_identification:_identify(build) by extension 'ignore'
[0.454s] Level 1:colcon.colcon_core.package_identification:_identify(build) ignored
[0.454s] Level 1:colcon.colcon_core.package_identification:_identify(install) by extensions ['ignore', 'ignore_ament_install']
[0.454s] Level 1:colcon.colcon_core.package_identification:_identify(install) by extension 'ignore'
[0.454s] Level 1:colcon.colcon_core.package_identification:_identify(install) ignored
[0.454s] Level 1:colcon.colcon_core.package_identification:_identify(log) by extensions ['ignore', 'ignore_ament_install']
[0.455s] Level 1:colcon.colcon_core.package_identification:_identify(log) by extension 'ignore'
[0.455s] Level 1:colcon.colcon_core.package_identification:_identify(log) ignored
[0.455s] Level 1:colcon.colcon_core.package_identification:_identify(src) by extensions ['ignore', 'ignore_ament_install']
[0.455s] Level 1:colcon.colcon_core.package_identification:_identify(src) by extension 'ignore'
[0.455s] Level 1:colcon.colcon_core.package_identification:_identify(src) by extension 'ignore_ament_install'
[0.455s] Level 1:colcon.colcon_core.package_identification:_identify(src) by extensions ['colcon_pkg']
[0.455s] Level 1:colcon.colcon_core.package_identification:_identify(src) by extension 'colcon_pkg'
[0.455s] Level 1:colcon.colcon_core.package_identification:_identify(src) by extensions ['colcon_meta']
[0.455s] Level 1:colcon.colcon_core.package_identification:_identify(src) by extension 'colcon_meta'
[0.455s] Level 1:colcon.colcon_core.package_identification:_identify(src) by extensions ['ros']
[0.455s] Level 1:colcon.colcon_core.package_identification:_identify(src) by extension 'ros'
[0.456s] Level 1:colcon.colcon_core.package_identification:_identify(src) by extensions ['cmake', 'python']
[0.456s] Level 1:colcon.colcon_core.package_identification:_identify(src) by extension 'cmake'
[0.456s] Level 1:colcon.colcon_core.package_identification:_identify(src) by extension 'python'
[0.456s] Level 1:colcon.colcon_core.package_identification:_identify(src) by extensions ['python_setup_py']
[0.456s] Level 1:colcon.colcon_core.package_identification:_identify(src) by extension 'python_setup_py'
[0.456s] Level 1:colcon.colcon_core.package_identification:_identify(src/HesaiLidar_ROS2_techshare) by extensions ['ignore', 'ignore_ament_install']
[0.456s] Level 1:colcon.colcon_core.package_identification:_identify(src/HesaiLidar_ROS2_techshare) by extension 'ignore'
[0.456s] Level 1:colcon.colcon_core.package_identification:_identify(src/HesaiLidar_ROS2_techshare) by extension 'ignore_ament_install'
[0.456s] Level 1:colcon.colcon_core.package_identification:_identify(src/HesaiLidar_ROS2_techshare) by extensions ['colcon_pkg']
[0.456s] Level 1:colcon.colcon_core.package_identification:_identify(src/HesaiLidar_ROS2_techshare) by extension 'colcon_pkg'
[0.456s] Level 1:colcon.colcon_core.package_identification:_identify(src/HesaiLidar_ROS2_techshare) by extensions ['colcon_meta']
[0.456s] Level 1:colcon.colcon_core.package_identification:_identify(src/HesaiLidar_ROS2_techshare) by extension 'colcon_meta'
[0.456s] Level 1:colcon.colcon_core.package_identification:_identify(src/HesaiLidar_ROS2_techshare) by extensions ['ros']
[0.457s] Level 1:colcon.colcon_core.package_identification:_identify(src/HesaiLidar_ROS2_techshare) by extension 'ros'
[0.462s] DEBUG:colcon.colcon_core.package_identification:Package 'src/HesaiLidar_ROS2_techshare' with type 'ros.ament_cmake' and name 'hesai_lidar'
[0.462s] Level 1:colcon.colcon_core.package_identification:_identify(src/direct_lidar_inertial_odometry) by extensions ['ignore', 'ignore_ament_install']
[0.462s] Level 1:colcon.colcon_core.package_identification:_identify(src/direct_lidar_inertial_odometry) by extension 'ignore'
[0.462s] Level 1:colcon.colcon_core.package_identification:_identify(src/direct_lidar_inertial_odometry) by extension 'ignore_ament_install'
[0.462s] Level 1:colcon.colcon_core.package_identification:_identify(src/direct_lidar_inertial_odometry) by extensions ['colcon_pkg']
[0.462s] Level 1:colcon.colcon_core.package_identification:_identify(src/direct_lidar_inertial_odometry) by extension 'colcon_pkg'
[0.462s] Level 1:colcon.colcon_core.package_identification:_identify(src/direct_lidar_inertial_odometry) by extensions ['colcon_meta']
[0.463s] Level 1:colcon.colcon_core.package_identification:_identify(src/direct_lidar_inertial_odometry) by extension 'colcon_meta'
[0.463s] Level 1:colcon.colcon_core.package_identification:_identify(src/direct_lidar_inertial_odometry) by extensions ['ros']
[0.463s] Level 1:colcon.colcon_core.package_identification:_identify(src/direct_lidar_inertial_odometry) by extension 'ros'
[0.464s] DEBUG:colcon.colcon_core.package_identification:Package 'src/direct_lidar_inertial_odometry' with type 'ros.ament_cmake' and name 'direct_lidar_inertial_odometry'
[0.464s] Level 1:colcon.colcon_core.package_identification:_identify(src/go2_unitree_ros2) by extensions ['ignore', 'ignore_ament_install']
[0.464s] Level 1:colcon.colcon_core.package_identification:_identify(src/go2_unitree_ros2) by extension 'ignore'
[0.464s] Level 1:colcon.colcon_core.package_identification:_identify(src/go2_unitree_ros2) by extension 'ignore_ament_install'
[0.465s] Level 1:colcon.colcon_core.package_identification:_identify(src/go2_unitree_ros2) by extensions ['colcon_pkg']
[0.465s] Level 1:colcon.colcon_core.package_identification:_identify(src/go2_unitree_ros2) by extension 'colcon_pkg'
[0.465s] Level 1:colcon.colcon_core.package_identification:_identify(src/go2_unitree_ros2) by extensions ['colcon_meta']
[0.465s] Level 1:colcon.colcon_core.package_identification:_identify(src/go2_unitree_ros2) by extension 'colcon_meta'
[0.465s] Level 1:colcon.colcon_core.package_identification:_identify(src/go2_unitree_ros2) by extensions ['ros']
[0.465s] Level 1:colcon.colcon_core.package_identification:_identify(src/go2_unitree_ros2) by extension 'ros'
[0.466s] DEBUG:colcon.colcon_core.package_identification:Package 'src/go2_unitree_ros2' with type 'ros.ament_cmake' and name 'go2_demo'
[0.466s] Level 1:colcon.colcon_core.package_identification:_identify(src/unitree_ros2) by extensions ['ignore', 'ignore_ament_install']
[0.467s] Level 1:colcon.colcon_core.package_identification:_identify(src/unitree_ros2) by extension 'ignore'
[0.467s] Level 1:colcon.colcon_core.package_identification:_identify(src/unitree_ros2) by extension 'ignore_ament_install'
[0.467s] Level 1:colcon.colcon_core.package_identification:_identify(src/unitree_ros2) by extensions ['colcon_pkg']
[0.467s] Level 1:colcon.colcon_core.package_identification:_identify(src/unitree_ros2) by extension 'colcon_pkg'
[0.467s] Level 1:colcon.colcon_core.package_identification:_identify(src/unitree_ros2) by extensions ['colcon_meta']
[0.467s] Level 1:colcon.colcon_core.package_identification:_identify(src/unitree_ros2) by extension 'colcon_meta'
[0.467s] Level 1:colcon.colcon_core.package_identification:_identify(src/unitree_ros2) by extensions ['ros']
[0.467s] Level 1:colcon.colcon_core.package_identification:_identify(src/unitree_ros2) by extension 'ros'
[0.467s] Level 1:colcon.colcon_core.package_identification:_identify(src/unitree_ros2) by extensions ['cmake', 'python']
[0.467s] Level 1:colcon.colcon_core.package_identification:_identify(src/unitree_ros2) by extension 'cmake'
[0.467s] Level 1:colcon.colcon_core.package_identification:_identify(src/unitree_ros2) by extension 'python'
[0.467s] Level 1:colcon.colcon_core.package_identification:_identify(src/unitree_ros2) by extensions ['python_setup_py']
[0.467s] Level 1:colcon.colcon_core.package_identification:_identify(src/unitree_ros2) by extension 'python_setup_py'
[0.468s] Level 1:colcon.colcon_core.package_identification:_identify(src/unitree_ros2/cyclonedds_ws) by extensions ['ignore', 'ignore_ament_install']
[0.468s] Level 1:colcon.colcon_core.package_identification:_identify(src/unitree_ros2/cyclonedds_ws) by extension 'ignore'
[0.468s] Level 1:colcon.colcon_core.package_identification:_identify(src/unitree_ros2/cyclonedds_ws) by extension 'ignore_ament_install'
[0.468s] Level 1:colcon.colcon_core.package_identification:_identify(src/unitree_ros2/cyclonedds_ws) by extensions ['colcon_pkg']
[0.468s] Level 1:colcon.colcon_core.package_identification:_identify(src/unitree_ros2/cyclonedds_ws) by extension 'colcon_pkg'
[0.468s] Level 1:colcon.colcon_core.package_identification:_identify(src/unitree_ros2/cyclonedds_ws) by extensions ['colcon_meta']
[0.468s] Level 1:colcon.colcon_core.package_identification:_identify(src/unitree_ros2/cyclonedds_ws) by extension 'colcon_meta'
[0.468s] Level 1:colcon.colcon_core.package_identification:_identify(src/unitree_ros2/cyclonedds_ws) by extensions ['ros']
[0.468s] Level 1:colcon.colcon_core.package_identification:_identify(src/unitree_ros2/cyclonedds_ws) by extension 'ros'
[0.468s] Level 1:colcon.colcon_core.package_identification:_identify(src/unitree_ros2/cyclonedds_ws) by extensions ['cmake', 'python']
[0.468s] Level 1:colcon.colcon_core.package_identification:_identify(src/unitree_ros2/cyclonedds_ws) by extension 'cmake'
[0.468s] Level 1:colcon.colcon_core.package_identification:_identify(src/unitree_ros2/cyclonedds_ws) by extension 'python'
[0.469s] Level 1:colcon.colcon_core.package_identification:_identify(src/unitree_ros2/cyclonedds_ws) by extensions ['python_setup_py']
[0.469s] Level 1:colcon.colcon_core.package_identification:_identify(src/unitree_ros2/cyclonedds_ws) by extension 'python_setup_py'
[0.469s] Level 1:colcon.colcon_core.package_identification:_identify(src/unitree_ros2/cyclonedds_ws/src) by extensions ['ignore', 'ignore_ament_install']
[0.469s] Level 1:colcon.colcon_core.package_identification:_identify(src/unitree_ros2/cyclonedds_ws/src) by extension 'ignore'
[0.469s] Level 1:colcon.colcon_core.package_identification:_identify(src/unitree_ros2/cyclonedds_ws/src) by extension 'ignore_ament_install'
[0.469s] Level 1:colcon.colcon_core.package_identification:_identify(src/unitree_ros2/cyclonedds_ws/src) by extensions ['colcon_pkg']
[0.469s] Level 1:colcon.colcon_core.package_identification:_identify(src/unitree_ros2/cyclonedds_ws/src) by extension 'colcon_pkg'
[0.469s] Level 1:colcon.colcon_core.package_identification:_identify(src/unitree_ros2/cyclonedds_ws/src) by extensions ['colcon_meta']
[0.469s] Level 1:colcon.colcon_core.package_identification:_identify(src/unitree_ros2/cyclonedds_ws/src) by extension 'colcon_meta'
[0.469s] Level 1:colcon.colcon_core.package_identification:_identify(src/unitree_ros2/cyclonedds_ws/src) by extensions ['ros']
[0.469s] Level 1:colcon.colcon_core.package_identification:_identify(src/unitree_ros2/cyclonedds_ws/src) by extension 'ros'
[0.469s] Level 1:colcon.colcon_core.package_identification:_identify(src/unitree_ros2/cyclonedds_ws/src) by extensions ['cmake', 'python']
[0.469s] Level 1:colcon.colcon_core.package_identification:_identify(src/unitree_ros2/cyclonedds_ws/src) by extension 'cmake'
[0.470s] Level 1:colcon.colcon_core.package_identification:_identify(src/unitree_ros2/cyclonedds_ws/src) by extension 'python'
[0.470s] Level 1:colcon.colcon_core.package_identification:_identify(src/unitree_ros2/cyclonedds_ws/src) by extensions ['python_setup_py']
[0.470s] Level 1:colcon.colcon_core.package_identification:_identify(src/unitree_ros2/cyclonedds_ws/src) by extension 'python_setup_py'
[0.470s] Level 1:colcon.colcon_core.package_identification:_identify(src/unitree_ros2/cyclonedds_ws/src/unitree) by extensions ['ignore', 'ignore_ament_install']
[0.470s] Level 1:colcon.colcon_core.package_identification:_identify(src/unitree_ros2/cyclonedds_ws/src/unitree) by extension 'ignore'
[0.470s] Level 1:colcon.colcon_core.package_identification:_identify(src/unitree_ros2/cyclonedds_ws/src/unitree) by extension 'ignore_ament_install'
[0.470s] Level 1:colcon.colcon_core.package_identification:_identify(src/unitree_ros2/cyclonedds_ws/src/unitree) by extensions ['colcon_pkg']
[0.470s] Level 1:colcon.colcon_core.package_identification:_identify(src/unitree_ros2/cyclonedds_ws/src/unitree) by extension 'colcon_pkg'
[0.470s] Level 1:colcon.colcon_core.package_identification:_identify(src/unitree_ros2/cyclonedds_ws/src/unitree) by extensions ['colcon_meta']
[0.470s] Level 1:colcon.colcon_core.package_identification:_identify(src/unitree_ros2/cyclonedds_ws/src/unitree) by extension 'colcon_meta'
[0.470s] Level 1:colcon.colcon_core.package_identification:_identify(src/unitree_ros2/cyclonedds_ws/src/unitree) by extensions ['ros']
[0.470s] Level 1:colcon.colcon_core.package_identification:_identify(src/unitree_ros2/cyclonedds_ws/src/unitree) by extension 'ros'
[0.471s] Level 1:colcon.colcon_core.package_identification:_identify(src/unitree_ros2/cyclonedds_ws/src/unitree) by extensions ['cmake', 'python']
[0.471s] Level 1:colcon.colcon_core.package_identification:_identify(src/unitree_ros2/cyclonedds_ws/src/unitree) by extension 'cmake'
[0.471s] Level 1:colcon.colcon_core.package_identification:_identify(src/unitree_ros2/cyclonedds_ws/src/unitree) by extension 'python'
[0.471s] Level 1:colcon.colcon_core.package_identification:_identify(src/unitree_ros2/cyclonedds_ws/src/unitree) by extensions ['python_setup_py']
[0.471s] Level 1:colcon.colcon_core.package_identification:_identify(src/unitree_ros2/cyclonedds_ws/src/unitree) by extension 'python_setup_py'
[0.471s] Level 1:colcon.colcon_core.package_identification:_identify(src/unitree_ros2/cyclonedds_ws/src/unitree/unitree_api) by extensions ['ignore', 'ignore_ament_install']
[0.471s] Level 1:colcon.colcon_core.package_identification:_identify(src/unitree_ros2/cyclonedds_ws/src/unitree/unitree_api) by extension 'ignore'
[0.471s] Level 1:colcon.colcon_core.package_identification:_identify(src/unitree_ros2/cyclonedds_ws/src/unitree/unitree_api) by extension 'ignore_ament_install'
[0.471s] Level 1:colcon.colcon_core.package_identification:_identify(src/unitree_ros2/cyclonedds_ws/src/unitree/unitree_api) by extensions ['colcon_pkg']
[0.471s] Level 1:colcon.colcon_core.package_identification:_identify(src/unitree_ros2/cyclonedds_ws/src/unitree/unitree_api) by extension 'colcon_pkg'
[0.471s] Level 1:colcon.colcon_core.package_identification:_identify(src/unitree_ros2/cyclonedds_ws/src/unitree/unitree_api) by extensions ['colcon_meta']
[0.471s] Level 1:colcon.colcon_core.package_identification:_identify(src/unitree_ros2/cyclonedds_ws/src/unitree/unitree_api) by extension 'colcon_meta'
[0.472s] Level 1:colcon.colcon_core.package_identification:_identify(src/unitree_ros2/cyclonedds_ws/src/unitree/unitree_api) by extensions ['ros']
[0.472s] Level 1:colcon.colcon_core.package_identification:_identify(src/unitree_ros2/cyclonedds_ws/src/unitree/unitree_api) by extension 'ros'
[0.472s] DEBUG:colcon.colcon_core.package_identification:Package 'src/unitree_ros2/cyclonedds_ws/src/unitree/unitree_api' with type 'ros.ament_cmake' and name 'unitree_api'
[0.473s] Level 1:colcon.colcon_core.package_identification:_identify(src/unitree_ros2/cyclonedds_ws/src/unitree/unitree_go) by extensions ['ignore', 'ignore_ament_install']
[0.473s] Level 1:colcon.colcon_core.package_identification:_identify(src/unitree_ros2/cyclonedds_ws/src/unitree/unitree_go) by extension 'ignore'
[0.473s] Level 1:colcon.colcon_core.package_identification:_identify(src/unitree_ros2/cyclonedds_ws/src/unitree/unitree_go) by extension 'ignore_ament_install'
[0.473s] Level 1:colcon.colcon_core.package_identification:_identify(src/unitree_ros2/cyclonedds_ws/src/unitree/unitree_go) by extensions ['colcon_pkg']
[0.473s] Level 1:colcon.colcon_core.package_identification:_identify(src/unitree_ros2/cyclonedds_ws/src/unitree/unitree_go) by extension 'colcon_pkg'
[0.473s] Level 1:colcon.colcon_core.package_identification:_identify(src/unitree_ros2/cyclonedds_ws/src/unitree/unitree_go) by extensions ['colcon_meta']
[0.473s] Level 1:colcon.colcon_core.package_identification:_identify(src/unitree_ros2/cyclonedds_ws/src/unitree/unitree_go) by extension 'colcon_meta'
[0.473s] Level 1:colcon.colcon_core.package_identification:_identify(src/unitree_ros2/cyclonedds_ws/src/unitree/unitree_go) by extensions ['ros']
[0.473s] Level 1:colcon.colcon_core.package_identification:_identify(src/unitree_ros2/cyclonedds_ws/src/unitree/unitree_go) by extension 'ros'
[0.474s] DEBUG:colcon.colcon_core.package_identification:Package 'src/unitree_ros2/cyclonedds_ws/src/unitree/unitree_go' with type 'ros.ament_cmake' and name 'unitree_go'
[0.474s] Level 1:colcon.colcon_core.package_identification:_identify(src/unitree_ros2/cyclonedds_ws/src/unitree/unitree_hg) by extensions ['ignore', 'ignore_ament_install']
[0.474s] Level 1:colcon.colcon_core.package_identification:_identify(src/unitree_ros2/cyclonedds_ws/src/unitree/unitree_hg) by extension 'ignore'
[0.475s] Level 1:colcon.colcon_core.package_identification:_identify(src/unitree_ros2/cyclonedds_ws/src/unitree/unitree_hg) by extension 'ignore_ament_install'
[0.475s] Level 1:colcon.colcon_core.package_identification:_identify(src/unitree_ros2/cyclonedds_ws/src/unitree/unitree_hg) by extensions ['colcon_pkg']
[0.475s] Level 1:colcon.colcon_core.package_identification:_identify(src/unitree_ros2/cyclonedds_ws/src/unitree/unitree_hg) by extension 'colcon_pkg'
[0.475s] Level 1:colcon.colcon_core.package_identification:_identify(src/unitree_ros2/cyclonedds_ws/src/unitree/unitree_hg) by extensions ['colcon_meta']
[0.475s] Level 1:colcon.colcon_core.package_identification:_identify(src/unitree_ros2/cyclonedds_ws/src/unitree/unitree_hg) by extension 'colcon_meta'
[0.475s] Level 1:colcon.colcon_core.package_identification:_identify(src/unitree_ros2/cyclonedds_ws/src/unitree/unitree_hg) by extensions ['ros']
[0.475s] Level 1:colcon.colcon_core.package_identification:_identify(src/unitree_ros2/cyclonedds_ws/src/unitree/unitree_hg) by extension 'ros'
[0.476s] DEBUG:colcon.colcon_core.package_identification:Package 'src/unitree_ros2/cyclonedds_ws/src/unitree/unitree_hg' with type 'ros.ament_cmake' and name 'unitree_hg'
[0.476s] Level 1:colcon.colcon_core.package_identification:_identify(src/unitree_ros2/example) by extensions ['ignore', 'ignore_ament_install']
[0.476s] Level 1:colcon.colcon_core.package_identification:_identify(src/unitree_ros2/example) by extension 'ignore'
[0.476s] Level 1:colcon.colcon_core.package_identification:_identify(src/unitree_ros2/example) by extension 'ignore_ament_install'
[0.476s] Level 1:colcon.colcon_core.package_identification:_identify(src/unitree_ros2/example) by extensions ['colcon_pkg']
[0.476s] Level 1:colcon.colcon_core.package_identification:_identify(src/unitree_ros2/example) by extension 'colcon_pkg'
[0.476s] Level 1:colcon.colcon_core.package_identification:_identify(src/unitree_ros2/example) by extensions ['colcon_meta']
[0.476s] Level 1:colcon.colcon_core.package_identification:_identify(src/unitree_ros2/example) by extension 'colcon_meta'
[0.476s] Level 1:colcon.colcon_core.package_identification:_identify(src/unitree_ros2/example) by extensions ['ros']
[0.476s] Level 1:colcon.colcon_core.package_identification:_identify(src/unitree_ros2/example) by extension 'ros'
[0.477s] Level 1:colcon.colcon_core.package_identification:_identify(src/unitree_ros2/example) by extensions ['cmake', 'python']
[0.477s] Level 1:colcon.colcon_core.package_identification:_identify(src/unitree_ros2/example) by extension 'cmake'
[0.477s] Level 1:colcon.colcon_core.package_identification:_identify(src/unitree_ros2/example) by extension 'python'
[0.477s] Level 1:colcon.colcon_core.package_identification:_identify(src/unitree_ros2/example) by extensions ['python_setup_py']
[0.477s] Level 1:colcon.colcon_core.package_identification:_identify(src/unitree_ros2/example) by extension 'python_setup_py'
[0.477s] Level 1:colcon.colcon_core.package_identification:_identify(src/unitree_ros2/example/src) by extensions ['ignore', 'ignore_ament_install']
[0.477s] Level 1:colcon.colcon_core.package_identification:_identify(src/unitree_ros2/example/src) by extension 'ignore'
[0.477s] Level 1:colcon.colcon_core.package_identification:_identify(src/unitree_ros2/example/src) by extension 'ignore_ament_install'
[0.477s] Level 1:colcon.colcon_core.package_identification:_identify(src/unitree_ros2/example/src) by extensions ['colcon_pkg']
[0.477s] Level 1:colcon.colcon_core.package_identification:_identify(src/unitree_ros2/example/src) by extension 'colcon_pkg'
[0.477s] Level 1:colcon.colcon_core.package_identification:_identify(src/unitree_ros2/example/src) by extensions ['colcon_meta']
[0.477s] Level 1:colcon.colcon_core.package_identification:_identify(src/unitree_ros2/example/src) by extension 'colcon_meta'
[0.478s] Level 1:colcon.colcon_core.package_identification:_identify(src/unitree_ros2/example/src) by extensions ['ros']
[0.478s] Level 1:colcon.colcon_core.package_identification:_identify(src/unitree_ros2/example/src) by extension 'ros'
[0.479s] DEBUG:colcon.colcon_core.package_identification:Package 'src/unitree_ros2/example/src' with type 'ros.ament_cmake' and name 'unitree_ros2_example'
[0.479s] Level 1:colcon.colcon_core.package_discovery:discover_packages(recursive) using defaults
[0.479s] Level 1:colcon.colcon_core.package_discovery:discover_packages(ignore) discover
[0.479s] Level 1:colcon.colcon_core.package_discovery:discover_packages(ignore) using defaults
[0.479s] Level 1:colcon.colcon_core.package_discovery:discover_packages(path) discover
[0.479s] Level 1:colcon.colcon_core.package_discovery:discover_packages(path) using defaults
[0.514s] Level 1:colcon.colcon_core.package_discovery:discover_packages(prefix_path) check parameters
[0.515s] Level 1:colcon.colcon_core.package_discovery:discover_packages(prefix_path) discover
[0.520s] DEBUG:colcon.colcon_installed_package_information.package_discovery:Found 402 installed packages in /opt/ros/humble
[0.549s] Level 1:colcon.colcon_core.package_discovery:discover_packages(prefix_path) using defaults
[0.632s] Level 5:colcon.colcon_core.verb:set package 'direct_lidar_inertial_odometry' build argument 'cmake_args' from command line to 'None'
[0.633s] Level 5:colcon.colcon_core.verb:set package 'direct_lidar_inertial_odometry' build argument 'cmake_target' from command line to 'None'
[0.633s] Level 5:colcon.colcon_core.verb:set package 'direct_lidar_inertial_odometry' build argument 'cmake_target_skip_unavailable' from command line to 'False'
[0.633s] Level 5:colcon.colcon_core.verb:set package 'direct_lidar_inertial_odometry' build argument 'cmake_clean_cache' from command line to 'False'
[0.633s] Level 5:colcon.colcon_core.verb:set package 'direct_lidar_inertial_odometry' build argument 'cmake_clean_first' from command line to 'False'
[0.633s] Level 5:colcon.colcon_core.verb:set package 'direct_lidar_inertial_odometry' build argument 'cmake_force_configure' from command line to 'False'
[0.633s] Level 5:colcon.colcon_core.verb:set package 'direct_lidar_inertial_odometry' build argument 'ament_cmake_args' from command line to 'None'
[0.633s] Level 5:colcon.colcon_core.verb:set package 'direct_lidar_inertial_odometry' build argument 'catkin_cmake_args' from command line to 'None'
[0.633s] Level 5:colcon.colcon_core.verb:set package 'direct_lidar_inertial_odometry' build argument 'catkin_skip_building_tests' from command line to 'False'
[0.633s] DEBUG:colcon.colcon_core.verb:Building package 'direct_lidar_inertial_odometry' with the following arguments: {'ament_cmake_args': None, 'build_base': '/external/build/direct_lidar_inertial_odometry', 'catkin_cmake_args': None, 'catkin_skip_building_tests': False, 'cmake_args': None, 'cmake_clean_cache': False, 'cmake_clean_first': False, 'cmake_force_configure': False, 'cmake_target': None, 'cmake_target_skip_unavailable': False, 'install_base': '/external/install/direct_lidar_inertial_odometry', 'merge_install': False, 'path': '/external/src/direct_lidar_inertial_odometry', 'symlink_install': True, 'test_result_base': None}
[0.634s] Level 5:colcon.colcon_core.verb:set package 'hesai_lidar' build argument 'cmake_args' from command line to 'None'
[0.634s] Level 5:colcon.colcon_core.verb:set package 'hesai_lidar' build argument 'cmake_target' from command line to 'None'
[0.634s] Level 5:colcon.colcon_core.verb:set package 'hesai_lidar' build argument 'cmake_target_skip_unavailable' from command line to 'False'
[0.634s] Level 5:colcon.colcon_core.verb:set package 'hesai_lidar' build argument 'cmake_clean_cache' from command line to 'False'
[0.634s] Level 5:colcon.colcon_core.verb:set package 'hesai_lidar' build argument 'cmake_clean_first' from command line to 'False'
[0.634s] Level 5:colcon.colcon_core.verb:set package 'hesai_lidar' build argument 'cmake_force_configure' from command line to 'False'
[0.634s] Level 5:colcon.colcon_core.verb:set package 'hesai_lidar' build argument 'ament_cmake_args' from command line to 'None'
[0.634s] Level 5:colcon.colcon_core.verb:set package 'hesai_lidar' build argument 'catkin_cmake_args' from command line to 'None'
[0.634s] Level 5:colcon.colcon_core.verb:set package 'hesai_lidar' build argument 'catkin_skip_building_tests' from command line to 'False'
[0.634s] DEBUG:colcon.colcon_core.verb:Building package 'hesai_lidar' with the following arguments: {'ament_cmake_args': None, 'build_base': '/external/build/hesai_lidar', 'catkin_cmake_args': None, 'catkin_skip_building_tests': False, 'cmake_args': None, 'cmake_clean_cache': False, 'cmake_clean_first': False, 'cmake_force_configure': False, 'cmake_target': None, 'cmake_target_skip_unavailable': False, 'install_base': '/external/install/hesai_lidar', 'merge_install': False, 'path': '/external/src/HesaiLidar_ROS2_techshare', 'symlink_install': True, 'test_result_base': None}
[0.635s] Level 5:colcon.colcon_core.verb:set package 'unitree_api' build argument 'cmake_args' from command line to 'None'
[0.635s] Level 5:colcon.colcon_core.verb:set package 'unitree_api' build argument 'cmake_target' from command line to 'None'
[0.635s] Level 5:colcon.colcon_core.verb:set package 'unitree_api' build argument 'cmake_target_skip_unavailable' from command line to 'False'
[0.635s] Level 5:colcon.colcon_core.verb:set package 'unitree_api' build argument 'cmake_clean_cache' from command line to 'False'
[0.635s] Level 5:colcon.colcon_core.verb:set package 'unitree_api' build argument 'cmake_clean_first' from command line to 'False'
[0.635s] Level 5:colcon.colcon_core.verb:set package 'unitree_api' build argument 'cmake_force_configure' from command line to 'False'
[0.635s] Level 5:colcon.colcon_core.verb:set package 'unitree_api' build argument 'ament_cmake_args' from command line to 'None'
[0.635s] Level 5:colcon.colcon_core.verb:set package 'unitree_api' build argument 'catkin_cmake_args' from command line to 'None'
[0.635s] Level 5:colcon.colcon_core.verb:set package 'unitree_api' build argument 'catkin_skip_building_tests' from command line to 'False'
[0.635s] DEBUG:colcon.colcon_core.verb:Building package 'unitree_api' with the following arguments: {'ament_cmake_args': None, 'build_base': '/external/build/unitree_api', 'catkin_cmake_args': None, 'catkin_skip_building_tests': False, 'cmake_args': None, 'cmake_clean_cache': False, 'cmake_clean_first': False, 'cmake_force_configure': False, 'cmake_target': None, 'cmake_target_skip_unavailable': False, 'install_base': '/external/install/unitree_api', 'merge_install': False, 'path': '/external/src/unitree_ros2/cyclonedds_ws/src/unitree/unitree_api', 'symlink_install': True, 'test_result_base': None}
[0.635s] Level 5:colcon.colcon_core.verb:set package 'unitree_go' build argument 'cmake_args' from command line to 'None'
[0.635s] Level 5:colcon.colcon_core.verb:set package 'unitree_go' build argument 'cmake_target' from command line to 'None'
[0.635s] Level 5:colcon.colcon_core.verb:set package 'unitree_go' build argument 'cmake_target_skip_unavailable' from command line to 'False'
[0.636s] Level 5:colcon.colcon_core.verb:set package 'unitree_go' build argument 'cmake_clean_cache' from command line to 'False'
[0.636s] Level 5:colcon.colcon_core.verb:set package 'unitree_go' build argument 'cmake_clean_first' from command line to 'False'
[0.636s] Level 5:colcon.colcon_core.verb:set package 'unitree_go' build argument 'cmake_force_configure' from command line to 'False'
[0.636s] Level 5:colcon.colcon_core.verb:set package 'unitree_go' build argument 'ament_cmake_args' from command line to 'None'
[0.636s] Level 5:colcon.colcon_core.verb:set package 'unitree_go' build argument 'catkin_cmake_args' from command line to 'None'
[0.636s] Level 5:colcon.colcon_core.verb:set package 'unitree_go' build argument 'catkin_skip_building_tests' from command line to 'False'
[0.636s] DEBUG:colcon.colcon_core.verb:Building package 'unitree_go' with the following arguments: {'ament_cmake_args': None, 'build_base': '/external/build/unitree_go', 'catkin_cmake_args': None, 'catkin_skip_building_tests': False, 'cmake_args': None, 'cmake_clean_cache': False, 'cmake_clean_first': False, 'cmake_force_configure': False, 'cmake_target': None, 'cmake_target_skip_unavailable': False, 'install_base': '/external/install/unitree_go', 'merge_install': False, 'path': '/external/src/unitree_ros2/cyclonedds_ws/src/unitree/unitree_go', 'symlink_install': True, 'test_result_base': None}
[0.636s] Level 5:colcon.colcon_core.verb:set package 'unitree_hg' build argument 'cmake_args' from command line to 'None'
[0.636s] Level 5:colcon.colcon_core.verb:set package 'unitree_hg' build argument 'cmake_target' from command line to 'None'
[0.636s] Level 5:colcon.colcon_core.verb:set package 'unitree_hg' build argument 'cmake_target_skip_unavailable' from command line to 'False'
[0.636s] Level 5:colcon.colcon_core.verb:set package 'unitree_hg' build argument 'cmake_clean_cache' from command line to 'False'
[0.636s] Level 5:colcon.colcon_core.verb:set package 'unitree_hg' build argument 'cmake_clean_first' from command line to 'False'
[0.636s] Level 5:colcon.colcon_core.verb:set package 'unitree_hg' build argument 'cmake_force_configure' from command line to 'False'
[0.636s] Level 5:colcon.colcon_core.verb:set package 'unitree_hg' build argument 'ament_cmake_args' from command line to 'None'
[0.637s] Level 5:colcon.colcon_core.verb:set package 'unitree_hg' build argument 'catkin_cmake_args' from command line to 'None'
[0.637s] Level 5:colcon.colcon_core.verb:set package 'unitree_hg' build argument 'catkin_skip_building_tests' from command line to 'False'
[0.637s] DEBUG:colcon.colcon_core.verb:Building package 'unitree_hg' with the following arguments: {'ament_cmake_args': None, 'build_base': '/external/build/unitree_hg', 'catkin_cmake_args': None, 'catkin_skip_building_tests': False, 'cmake_args': None, 'cmake_clean_cache': False, 'cmake_clean_first': False, 'cmake_force_configure': False, 'cmake_target': None, 'cmake_target_skip_unavailable': False, 'install_base': '/external/install/unitree_hg', 'merge_install': False, 'path': '/external/src/unitree_ros2/cyclonedds_ws/src/unitree/unitree_hg', 'symlink_install': True, 'test_result_base': None}
[0.637s] Level 5:colcon.colcon_core.verb:set package 'go2_demo' build argument 'cmake_args' from command line to 'None'
[0.637s] Level 5:colcon.colcon_core.verb:set package 'go2_demo' build argument 'cmake_target' from command line to 'None'
[0.637s] Level 5:colcon.colcon_core.verb:set package 'go2_demo' build argument 'cmake_target_skip_unavailable' from command line to 'False'
[0.637s] Level 5:colcon.colcon_core.verb:set package 'go2_demo' build argument 'cmake_clean_cache' from command line to 'False'
[0.637s] Level 5:colcon.colcon_core.verb:set package 'go2_demo' build argument 'cmake_clean_first' from command line to 'False'
[0.637s] Level 5:colcon.colcon_core.verb:set package 'go2_demo' build argument 'cmake_force_configure' from command line to 'False'
[0.637s] Level 5:colcon.colcon_core.verb:set package 'go2_demo' build argument 'ament_cmake_args' from command line to 'None'
[0.637s] Level 5:colcon.colcon_core.verb:set package 'go2_demo' build argument 'catkin_cmake_args' from command line to 'None'
[0.637s] Level 5:colcon.colcon_core.verb:set package 'go2_demo' build argument 'catkin_skip_building_tests' from command line to 'False'
[0.637s] DEBUG:colcon.colcon_core.verb:Building package 'go2_demo' with the following arguments: {'ament_cmake_args': None, 'build_base': '/external/build/go2_demo', 'catkin_cmake_args': None, 'catkin_skip_building_tests': False, 'cmake_args': None, 'cmake_clean_cache': False, 'cmake_clean_first': False, 'cmake_force_configure': False, 'cmake_target': None, 'cmake_target_skip_unavailable': False, 'install_base': '/external/install/go2_demo', 'merge_install': False, 'path': '/external/src/go2_unitree_ros2', 'symlink_install': True, 'test_result_base': None}
[0.638s] Level 5:colcon.colcon_core.verb:set package 'unitree_ros2_example' build argument 'cmake_args' from command line to 'None'
[0.638s] Level 5:colcon.colcon_core.verb:set package 'unitree_ros2_example' build argument 'cmake_target' from command line to 'None'
[0.638s] Level 5:colcon.colcon_core.verb:set package 'unitree_ros2_example' build argument 'cmake_target_skip_unavailable' from command line to 'False'
[0.638s] Level 5:colcon.colcon_core.verb:set package 'unitree_ros2_example' build argument 'cmake_clean_cache' from command line to 'False'
[0.638s] Level 5:colcon.colcon_core.verb:set package 'unitree_ros2_example' build argument 'cmake_clean_first' from command line to 'False'
[0.638s] Level 5:colcon.colcon_core.verb:set package 'unitree_ros2_example' build argument 'cmake_force_configure' from command line to 'False'
[0.638s] Level 5:colcon.colcon_core.verb:set package 'unitree_ros2_example' build argument 'ament_cmake_args' from command line to 'None'
[0.638s] Level 5:colcon.colcon_core.verb:set package 'unitree_ros2_example' build argument 'catkin_cmake_args' from command line to 'None'
[0.638s] Level 5:colcon.colcon_core.verb:set package 'unitree_ros2_example' build argument 'catkin_skip_building_tests' from command line to 'False'
[0.638s] DEBUG:colcon.colcon_core.verb:Building package 'unitree_ros2_example' with the following arguments: {'ament_cmake_args': None, 'build_base': '/external/build/unitree_ros2_example', 'catkin_cmake_args': None, 'catkin_skip_building_tests': False, 'cmake_args': None, 'cmake_clean_cache': False, 'cmake_clean_first': False, 'cmake_force_configure': False, 'cmake_target': None, 'cmake_target_skip_unavailable': False, 'install_base': '/external/install/unitree_ros2_example', 'merge_install': False, 'path': '/external/src/unitree_ros2/example/src', 'symlink_install': True, 'test_result_base': None}
[0.639s] INFO:colcon.colcon_core.executor:Executing jobs using 'parallel' executor
[0.641s] DEBUG:colcon.colcon_parallel_executor.executor.parallel:run_until_complete
[0.641s] INFO:colcon.colcon_ros.task.ament_cmake.build:Building ROS package in '/external/src/unitree_ros2/cyclonedds_ws/src/unitree/unitree_api' with build type 'ament_cmake'
[0.642s] INFO:colcon.colcon_cmake.task.cmake.build:Building CMake package in '/external/src/unitree_ros2/cyclonedds_ws/src/unitree/unitree_api'
[0.646s] INFO:colcon.colcon_core.plugin_system:Skipping extension 'colcon_core.shell.bat': Not used on non-Windows systems
[0.646s] INFO:colcon.colcon_core.shell:Skip shell extension 'powershell' for command environment: Not usable outside of PowerShell
[0.646s] DEBUG:colcon.colcon_core.shell:Skip shell extension 'dsv' for command environment
[0.652s] INFO:colcon.colcon_ros.task.ament_cmake.build:Building ROS package in '/external/src/unitree_ros2/cyclonedds_ws/src/unitree/unitree_go' with build type 'ament_cmake'
[0.653s] INFO:colcon.colcon_cmake.task.cmake.build:Building CMake package in '/external/src/unitree_ros2/cyclonedds_ws/src/unitree/unitree_go'
[0.653s] INFO:colcon.colcon_core.shell:Skip shell extension 'powershell' for command environment: Not usable outside of PowerShell
[0.653s] DEBUG:colcon.colcon_core.shell:Skip shell extension 'dsv' for command environment
[0.659s] INFO:colcon.colcon_ros.task.ament_cmake.build:Building ROS package in '/external/src/unitree_ros2/cyclonedds_ws/src/unitree/unitree_hg' with build type 'ament_cmake'
[0.659s] INFO:colcon.colcon_cmake.task.cmake.build:Building CMake package in '/external/src/unitree_ros2/cyclonedds_ws/src/unitree/unitree_hg'
[0.659s] INFO:colcon.colcon_core.shell:Skip shell extension 'powershell' for command environment: Not usable outside of PowerShell
[0.660s] DEBUG:colcon.colcon_core.shell:Skip shell extension 'dsv' for command environment
[0.665s] INFO:colcon.colcon_ros.task.ament_cmake.build:Building ROS package in '/external/src/direct_lidar_inertial_odometry' with build type 'ament_cmake'
[0.665s] INFO:colcon.colcon_cmake.task.cmake.build:Building CMake package in '/external/src/direct_lidar_inertial_odometry'
[0.666s] INFO:colcon.colcon_core.shell:Skip shell extension 'powershell' for command environment: Not usable outside of PowerShell
[0.666s] DEBUG:colcon.colcon_core.shell:Skip shell extension 'dsv' for command environment
[0.671s] INFO:colcon.colcon_ros.task.ament_cmake.build:Building ROS package in '/external/src/HesaiLidar_ROS2_techshare' with build type 'ament_cmake'
[0.671s] INFO:colcon.colcon_cmake.task.cmake.build:Building CMake package in '/external/src/HesaiLidar_ROS2_techshare'
[0.671s] INFO:colcon.colcon_core.shell:Skip shell extension 'powershell' for command environment: Not usable outside of PowerShell
[0.672s] DEBUG:colcon.colcon_core.shell:Skip shell extension 'dsv' for command environment
[0.686s] DEBUG:colcon.colcon_core.event_handler.log_command:Invoking command in '/external/build/unitree_api': CMAKE_PREFIX_PATH=/opt/ros/humble /usr/bin/cmake --build /external/build/unitree_api -- -j8 -l8
[0.694s] DEBUG:colcon.colcon_core.event_handler.log_command:Invoking command in '/external/build/unitree_go': CMAKE_PREFIX_PATH=/opt/ros/humble /usr/bin/cmake --build /external/build/unitree_go -- -j8 -l8
[0.697s] DEBUG:colcon.colcon_core.event_handler.log_command:Invoking command in '/external/build/unitree_hg': CMAKE_PREFIX_PATH=/opt/ros/humble /usr/bin/cmake --build /external/build/unitree_hg -- -j8 -l8
[0.708s] DEBUG:colcon.colcon_core.event_handler.log_command:Invoking command in '/external/build/direct_lidar_inertial_odometry': CMAKE_PREFIX_PATH=/opt/ros/humble /usr/bin/cmake --build /external/build/direct_lidar_inertial_odometry -- -j8 -l8
[0.723s] DEBUG:colcon.colcon_core.event_handler.log_command:Invoking command in '/external/build/hesai_lidar': CMAKE_PREFIX_PATH=/opt/ros/humble /usr/bin/cmake --build /external/build/hesai_lidar -- -j8 -l8
[1.647s] DEBUG:colcon.colcon_core.event_handler.log_command:Invoked command in '/external/build/unitree_api' returned '0': CMAKE_PREFIX_PATH=/opt/ros/humble /usr/bin/cmake --build /external/build/unitree_api -- -j8 -l8
[1.665s] DEBUG:colcon.colcon_core.event_handler.log_command:Invoking command in '/external/build/unitree_api': CMAKE_PREFIX_PATH=/opt/ros/humble /usr/bin/cmake --install /external/build/unitree_api
[1.706s] DEBUG:colcon.colcon_core.event_handler.log_command:Invoked command in '/external/build/unitree_go' returned '0': CMAKE_PREFIX_PATH=/opt/ros/humble /usr/bin/cmake --build /external/build/unitree_go -- -j8 -l8
[1.708s] DEBUG:colcon.colcon_core.event_handler.log_command:Invoking command in '/external/build/unitree_go': CMAKE_PREFIX_PATH=/opt/ros/humble /usr/bin/cmake --install /external/build/unitree_go
[1.717s] DEBUG:colcon.colcon_core.event_handler.log_command:Invoked command in '/external/build/direct_lidar_inertial_odometry' returned '0': CMAKE_PREFIX_PATH=/opt/ros/humble /usr/bin/cmake --build /external/build/direct_lidar_inertial_odometry -- -j8 -l8
[1.723s] DEBUG:colcon.colcon_core.event_handler.log_command:Invoking command in '/external/build/direct_lidar_inertial_odometry': CMAKE_PREFIX_PATH=/opt/ros/humble /usr/bin/cmake --install /external/build/direct_lidar_inertial_odometry
[1.800s] DEBUG:colcon.colcon_core.event_handler.log_command:Invoked command in '/external/build/hesai_lidar' returned '0': CMAKE_PREFIX_PATH=/opt/ros/humble /usr/bin/cmake --build /external/build/hesai_lidar -- -j8 -l8
[1.804s] DEBUG:colcon.colcon_core.event_handler.log_command:Invoking command in '/external/build/hesai_lidar': CMAKE_PREFIX_PATH=/opt/ros/humble /usr/bin/cmake --install /external/build/hesai_lidar
[1.822s] Level 1:colcon.colcon_core.environment:create_environment_scripts_only(unitree_api)
[1.833s] Level 1:colcon.colcon_core.environment:checking '/external/install/unitree_api' for CMake module files
[1.836s] Level 1:colcon.colcon_core.environment:checking '/external/install/unitree_api' for CMake config files
[1.842s] Level 1:colcon.colcon_core.shell:create_environment_hook('unitree_api', 'cmake_prefix_path')
[1.843s] INFO:colcon.colcon_core.shell:Creating environment hook '/external/install/unitree_api/share/unitree_api/hook/cmake_prefix_path.ps1'
[1.845s] INFO:colcon.colcon_core.shell:Creating environment descriptor '/external/install/unitree_api/share/unitree_api/hook/cmake_prefix_path.dsv'
[1.847s] INFO:colcon.colcon_core.shell:Creating environment hook '/external/install/unitree_api/share/unitree_api/hook/cmake_prefix_path.sh'
[1.849s] Level 1:colcon.colcon_core.environment:checking '/external/install/unitree_api/lib'
[1.850s] Level 1:colcon.colcon_core.shell:create_environment_hook('unitree_api', 'ld_library_path_lib')
[1.850s] INFO:colcon.colcon_core.shell:Creating environment hook '/external/install/unitree_api/share/unitree_api/hook/ld_library_path_lib.ps1'
[1.852s] INFO:colcon.colcon_core.shell:Creating environment descriptor '/external/install/unitree_api/share/unitree_api/hook/ld_library_path_lib.dsv'
[1.853s] INFO:colcon.colcon_core.shell:Creating environment hook '/external/install/unitree_api/share/unitree_api/hook/ld_library_path_lib.sh'
[1.854s] Level 1:colcon.colcon_core.environment:checking '/external/install/unitree_api/bin'
[1.854s] Level 1:colcon.colcon_core.environment:checking '/external/install/unitree_api/lib/pkgconfig/unitree_api.pc'
[1.854s] Level 1:colcon.colcon_core.environment:checking '/external/install/unitree_api/lib/python3.10/site-packages'
[1.855s] Level 1:colcon.colcon_core.environment:checking '/external/install/unitree_api/bin'
[1.855s] INFO:colcon.colcon_core.shell:Creating package script '/external/install/unitree_api/share/unitree_api/package.ps1'
[1.857s] INFO:colcon.colcon_core.shell:Creating package descriptor '/external/install/unitree_api/share/unitree_api/package.dsv'
[1.859s] INFO:colcon.colcon_core.shell:Creating package script '/external/install/unitree_api/share/unitree_api/package.sh'
[1.861s] INFO:colcon.colcon_core.shell:Creating package script '/external/install/unitree_api/share/unitree_api/package.bash'
[1.862s] INFO:colcon.colcon_core.shell:Creating package script '/external/install/unitree_api/share/unitree_api/package.zsh'
[1.864s] Level 1:colcon.colcon_core.environment:create_file_with_runtime_dependencies(/external/install/unitree_api/share/colcon-core/packages/unitree_api)
[1.866s] Level 1:colcon.colcon_core.environment:create_environment_scripts_only(unitree_api)
[1.866s] Level 1:colcon.colcon_core.environment:checking '/external/install/unitree_api' for CMake module files
[1.869s] Level 1:colcon.colcon_core.environment:checking '/external/install/unitree_api' for CMake config files
[1.874s] Level 1:colcon.colcon_core.shell:create_environment_hook('unitree_api', 'cmake_prefix_path')
[1.875s] INFO:colcon.colcon_core.shell:Creating environment hook '/external/install/unitree_api/share/unitree_api/hook/cmake_prefix_path.ps1'
[1.876s] INFO:colcon.colcon_core.shell:Creating environment descriptor '/external/install/unitree_api/share/unitree_api/hook/cmake_prefix_path.dsv'
[1.877s] INFO:colcon.colcon_core.shell:Creating environment hook '/external/install/unitree_api/share/unitree_api/hook/cmake_prefix_path.sh'
[1.879s] Level 1:colcon.colcon_core.environment:checking '/external/install/unitree_api/lib'
[1.879s] Level 1:colcon.colcon_core.shell:create_environment_hook('unitree_api', 'ld_library_path_lib')
[1.879s] INFO:colcon.colcon_core.shell:Creating environment hook '/external/install/unitree_api/share/unitree_api/hook/ld_library_path_lib.ps1'
[1.881s] INFO:colcon.colcon_core.shell:Creating environment descriptor '/external/install/unitree_api/share/unitree_api/hook/ld_library_path_lib.dsv'
[1.883s] INFO:colcon.colcon_core.shell:Creating environment hook '/external/install/unitree_api/share/unitree_api/hook/ld_library_path_lib.sh'
[1.885s] DEBUG:colcon.colcon_core.event_handler.log_command:Invoked command in '/external/build/unitree_api' returned '0': CMAKE_PREFIX_PATH=/opt/ros/humble /usr/bin/cmake --install /external/build/unitree_api
[1.887s] Level 1:colcon.colcon_core.environment:checking '/external/install/unitree_api/bin'
[1.887s] Level 1:colcon.colcon_core.environment:checking '/external/install/unitree_api/lib/pkgconfig/unitree_api.pc'
[1.888s] Level 1:colcon.colcon_core.environment:checking '/external/install/unitree_api/lib/python3.10/site-packages'
[1.888s] Level 1:colcon.colcon_core.environment:checking '/external/install/unitree_api/bin'
[1.889s] INFO:colcon.colcon_core.shell:Creating package script '/external/install/unitree_api/share/unitree_api/package.ps1'
[1.890s] INFO:colcon.colcon_core.shell:Creating package descriptor '/external/install/unitree_api/share/unitree_api/package.dsv'
[1.892s] INFO:colcon.colcon_core.shell:Creating package script '/external/install/unitree_api/share/unitree_api/package.sh'
[1.893s] INFO:colcon.colcon_core.shell:Creating package script '/external/install/unitree_api/share/unitree_api/package.bash'
[1.894s] INFO:colcon.colcon_core.shell:Creating package script '/external/install/unitree_api/share/unitree_api/package.zsh'
[1.895s] Level 1:colcon.colcon_core.environment:create_file_with_runtime_dependencies(/external/install/unitree_api/share/colcon-core/packages/unitree_api)
[1.901s] Level 1:colcon.colcon_core.environment:create_environment_scripts_only(direct_lidar_inertial_odometry)
[1.902s] Level 1:colcon.colcon_core.environment:checking '/external/install/direct_lidar_inertial_odometry' for CMake module files
[1.905s] Level 1:colcon.colcon_core.environment:checking '/external/install/direct_lidar_inertial_odometry' for CMake config files
[1.909s] DEBUG:colcon.colcon_core.event_handler.log_command:Invoked command in '/external/build/unitree_hg' returned '0': CMAKE_PREFIX_PATH=/opt/ros/humble /usr/bin/cmake --build /external/build/unitree_hg -- -j8 -l8
[1.909s] DEBUG:colcon.colcon_core.event_handler.log_command:Invoking command in '/external/build/unitree_hg': CMAKE_PREFIX_PATH=/opt/ros/humble /usr/bin/cmake --install /external/build/unitree_hg
[1.910s] DEBUG:colcon.colcon_core.event_handler.log_command:Invoked command in '/external/build/direct_lidar_inertial_odometry' returned '0': CMAKE_PREFIX_PATH=/opt/ros/humble /usr/bin/cmake --install /external/build/direct_lidar_inertial_odometry
[1.911s] Level 1:colcon.colcon_core.shell:create_environment_hook('direct_lidar_inertial_odometry', 'cmake_prefix_path')
[1.911s] INFO:colcon.colcon_core.shell:Creating environment hook '/external/install/direct_lidar_inertial_odometry/share/direct_lidar_inertial_odometry/hook/cmake_prefix_path.ps1'
[1.912s] INFO:colcon.colcon_core.shell:Creating environment descriptor '/external/install/direct_lidar_inertial_odometry/share/direct_lidar_inertial_odometry/hook/cmake_prefix_path.dsv'
[1.913s] INFO:colcon.colcon_core.shell:Creating environment hook '/external/install/direct_lidar_inertial_odometry/share/direct_lidar_inertial_odometry/hook/cmake_prefix_path.sh'
[1.914s] Level 1:colcon.colcon_core.environment:checking '/external/install/direct_lidar_inertial_odometry/lib'
[1.914s] Level 1:colcon.colcon_core.shell:create_environment_hook('direct_lidar_inertial_odometry', 'ld_library_path_lib')
[1.914s] INFO:colcon.colcon_core.shell:Creating environment hook '/external/install/direct_lidar_inertial_odometry/share/direct_lidar_inertial_odometry/hook/ld_library_path_lib.ps1'
[1.915s] INFO:colcon.colcon_core.shell:Creating environment descriptor '/external/install/direct_lidar_inertial_odometry/share/direct_lidar_inertial_odometry/hook/ld_library_path_lib.dsv'
[1.916s] INFO:colcon.colcon_core.shell:Creating environment hook '/external/install/direct_lidar_inertial_odometry/share/direct_lidar_inertial_odometry/hook/ld_library_path_lib.sh'
[1.916s] Level 1:colcon.colcon_core.environment:checking '/external/install/direct_lidar_inertial_odometry/bin'
[1.916s] Level 1:colcon.colcon_core.environment:checking '/external/install/direct_lidar_inertial_odometry/lib/pkgconfig/direct_lidar_inertial_odometry.pc'
[1.917s] Level 1:colcon.colcon_core.environment:checking '/external/install/direct_lidar_inertial_odometry/lib/python3.10/site-packages'
[1.917s] Level 1:colcon.colcon_core.environment:checking '/external/install/direct_lidar_inertial_odometry/bin'
[1.918s] INFO:colcon.colcon_core.shell:Creating package script '/external/install/direct_lidar_inertial_odometry/share/direct_lidar_inertial_odometry/package.ps1'
[1.920s] INFO:colcon.colcon_core.shell:Creating package descriptor '/external/install/direct_lidar_inertial_odometry/share/direct_lidar_inertial_odometry/package.dsv'
[1.921s] INFO:colcon.colcon_core.shell:Creating package script '/external/install/direct_lidar_inertial_odometry/share/direct_lidar_inertial_odometry/package.sh'
[1.922s] INFO:colcon.colcon_core.shell:Creating package script '/external/install/direct_lidar_inertial_odometry/share/direct_lidar_inertial_odometry/package.bash'
[1.923s] INFO:colcon.colcon_core.shell:Creating package script '/external/install/direct_lidar_inertial_odometry/share/direct_lidar_inertial_odometry/package.zsh'
[1.924s] Level 1:colcon.colcon_core.environment:create_file_with_runtime_dependencies(/external/install/direct_lidar_inertial_odometry/share/colcon-core/packages/direct_lidar_inertial_odometry)
[1.925s] Level 1:colcon.colcon_core.environment:create_environment_scripts_only(direct_lidar_inertial_odometry)
[1.926s] Level 1:colcon.colcon_core.environment:checking '/external/install/direct_lidar_inertial_odometry' for CMake module files
[1.927s] Level 1:colcon.colcon_core.environment:checking '/external/install/direct_lidar_inertial_odometry' for CMake config files
[1.928s] Level 1:colcon.colcon_core.shell:create_environment_hook('direct_lidar_inertial_odometry', 'cmake_prefix_path')
[1.928s] INFO:colcon.colcon_core.shell:Creating environment hook '/external/install/direct_lidar_inertial_odometry/share/direct_lidar_inertial_odometry/hook/cmake_prefix_path.ps1'
[1.929s] INFO:colcon.colcon_core.shell:Creating environment descriptor '/external/install/direct_lidar_inertial_odometry/share/direct_lidar_inertial_odometry/hook/cmake_prefix_path.dsv'
[1.930s] INFO:colcon.colcon_core.shell:Creating environment hook '/external/install/direct_lidar_inertial_odometry/share/direct_lidar_inertial_odometry/hook/cmake_prefix_path.sh'
[1.931s] Level 1:colcon.colcon_core.environment:checking '/external/install/direct_lidar_inertial_odometry/lib'
[1.931s] Level 1:colcon.colcon_core.shell:create_environment_hook('direct_lidar_inertial_odometry', 'ld_library_path_lib')
[1.931s] INFO:colcon.colcon_core.shell:Creating environment hook '/external/install/direct_lidar_inertial_odometry/share/direct_lidar_inertial_odometry/hook/ld_library_path_lib.ps1'
[1.932s] INFO:colcon.colcon_core.shell:Creating environment descriptor '/external/install/direct_lidar_inertial_odometry/share/direct_lidar_inertial_odometry/hook/ld_library_path_lib.dsv'
[1.933s] INFO:colcon.colcon_core.shell:Creating environment hook '/external/install/direct_lidar_inertial_odometry/share/direct_lidar_inertial_odometry/hook/ld_library_path_lib.sh'
[1.933s] Level 1:colcon.colcon_core.environment:checking '/external/install/direct_lidar_inertial_odometry/bin'
[1.933s] Level 1:colcon.colcon_core.environment:checking '/external/install/direct_lidar_inertial_odometry/lib/pkgconfig/direct_lidar_inertial_odometry.pc'
[1.934s] Level 1:colcon.colcon_core.environment:checking '/external/install/direct_lidar_inertial_odometry/lib/python3.10/site-packages'
[1.934s] Level 1:colcon.colcon_core.environment:checking '/external/install/direct_lidar_inertial_odometry/bin'
[1.935s] INFO:colcon.colcon_core.shell:Creating package script '/external/install/direct_lidar_inertial_odometry/share/direct_lidar_inertial_odometry/package.ps1'
[1.936s] INFO:colcon.colcon_core.shell:Creating package descriptor '/external/install/direct_lidar_inertial_odometry/share/direct_lidar_inertial_odometry/package.dsv'
[1.936s] INFO:colcon.colcon_core.shell:Creating package script '/external/install/direct_lidar_inertial_odometry/share/direct_lidar_inertial_odometry/package.sh'
[1.937s] INFO:colcon.colcon_core.shell:Creating package script '/external/install/direct_lidar_inertial_odometry/share/direct_lidar_inertial_odometry/package.bash'
[1.938s] INFO:colcon.colcon_core.shell:Creating package script '/external/install/direct_lidar_inertial_odometry/share/direct_lidar_inertial_odometry/package.zsh'
[1.939s] Level 1:colcon.colcon_core.environment:create_file_with_runtime_dependencies(/external/install/direct_lidar_inertial_odometry/share/colcon-core/packages/direct_lidar_inertial_odometry)
[1.943s] Level 1:colcon.colcon_core.environment:create_environment_scripts_only(hesai_lidar)
[1.944s] Level 1:colcon.colcon_core.environment:checking '/external/install/hesai_lidar' for CMake module files
[1.949s] Level 1:colcon.colcon_core.environment:checking '/external/install/hesai_lidar' for CMake config files
[1.957s] Level 1:colcon.colcon_core.shell:create_environment_hook('hesai_lidar', 'cmake_prefix_path')
[1.958s] INFO:colcon.colcon_core.shell:Creating environment hook '/external/install/hesai_lidar/share/hesai_lidar/hook/cmake_prefix_path.ps1'
[1.963s] INFO:colcon.colcon_core.shell:Creating environment descriptor '/external/install/hesai_lidar/share/hesai_lidar/hook/cmake_prefix_path.dsv'
[1.973s] INFO:colcon.colcon_core.shell:Creating environment hook '/external/install/hesai_lidar/share/hesai_lidar/hook/cmake_prefix_path.sh'
[1.976s] Level 1:colcon.colcon_core.environment:checking '/external/install/hesai_lidar/lib'
[1.976s] Level 1:colcon.colcon_core.shell:create_environment_hook('hesai_lidar', 'ld_library_path_lib')
[1.977s] INFO:colcon.colcon_core.shell:Creating environment hook '/external/install/hesai_lidar/share/hesai_lidar/hook/ld_library_path_lib.ps1'
[1.981s] INFO:colcon.colcon_core.shell:Creating environment descriptor '/external/install/hesai_lidar/share/hesai_lidar/hook/ld_library_path_lib.dsv'
[1.982s] INFO:colcon.colcon_core.shell:Creating environment hook '/external/install/hesai_lidar/share/hesai_lidar/hook/ld_library_path_lib.sh'
[1.983s] Level 1:colcon.colcon_core.environment:checking '/external/install/hesai_lidar/bin'
[1.983s] Level 1:colcon.colcon_core.environment:checking '/external/install/hesai_lidar/lib/pkgconfig/hesai_lidar.pc'
[1.984s] Level 1:colcon.colcon_core.environment:checking '/external/install/hesai_lidar/lib/python3.10/site-packages'
[1.985s] Level 1:colcon.colcon_core.environment:checking '/external/install/hesai_lidar/bin'
[1.986s] INFO:colcon.colcon_core.shell:Creating package script '/external/install/hesai_lidar/share/hesai_lidar/package.ps1'
[1.988s] INFO:colcon.colcon_core.shell:Creating package descriptor '/external/install/hesai_lidar/share/hesai_lidar/package.dsv'
[1.989s] DEBUG:colcon.colcon_core.event_handler.log_command:Invoked command in '/external/build/hesai_lidar' returned '0': CMAKE_PREFIX_PATH=/opt/ros/humble /usr/bin/cmake --install /external/build/hesai_lidar
[1.989s] INFO:colcon.colcon_core.shell:Creating package script '/external/install/hesai_lidar/share/hesai_lidar/package.sh'
[1.990s] INFO:colcon.colcon_core.shell:Creating package script '/external/install/hesai_lidar/share/hesai_lidar/package.bash'
[1.991s] INFO:colcon.colcon_core.shell:Creating package script '/external/install/hesai_lidar/share/hesai_lidar/package.zsh'
[1.992s] Level 1:colcon.colcon_core.environment:create_file_with_runtime_dependencies(/external/install/hesai_lidar/share/colcon-core/packages/hesai_lidar)
[1.995s] Level 1:colcon.colcon_core.environment:create_environment_scripts_only(hesai_lidar)
[1.995s] Level 1:colcon.colcon_core.environment:checking '/external/install/hesai_lidar' for CMake module files
[1.997s] Level 1:colcon.colcon_core.environment:checking '/external/install/hesai_lidar' for CMake config files
[1.999s] Level 1:colcon.colcon_core.shell:create_environment_hook('hesai_lidar', 'cmake_prefix_path')
[1.999s] INFO:colcon.colcon_core.shell:Creating environment hook '/external/install/hesai_lidar/share/hesai_lidar/hook/cmake_prefix_path.ps1'
[2.001s] INFO:colcon.colcon_core.shell:Creating environment descriptor '/external/install/hesai_lidar/share/hesai_lidar/hook/cmake_prefix_path.dsv'
[2.001s] INFO:colcon.colcon_core.shell:Creating environment hook '/external/install/hesai_lidar/share/hesai_lidar/hook/cmake_prefix_path.sh'
[2.002s] Level 1:colcon.colcon_core.environment:checking '/external/install/hesai_lidar/lib'
[2.003s] Level 1:colcon.colcon_core.shell:create_environment_hook('hesai_lidar', 'ld_library_path_lib')
[2.003s] INFO:colcon.colcon_core.shell:Creating environment hook '/external/install/hesai_lidar/share/hesai_lidar/hook/ld_library_path_lib.ps1'
[2.004s] INFO:colcon.colcon_core.shell:Creating environment descriptor '/external/install/hesai_lidar/share/hesai_lidar/hook/ld_library_path_lib.dsv'
[2.004s] INFO:colcon.colcon_core.shell:Creating environment hook '/external/install/hesai_lidar/share/hesai_lidar/hook/ld_library_path_lib.sh'
[2.005s] Level 1:colcon.colcon_core.environment:checking '/external/install/hesai_lidar/bin'
[2.005s] Level 1:colcon.colcon_core.environment:checking '/external/install/hesai_lidar/lib/pkgconfig/hesai_lidar.pc'
[2.006s] Level 1:colcon.colcon_core.environment:checking '/external/install/hesai_lidar/lib/python3.10/site-packages'
[2.006s] Level 1:colcon.colcon_core.environment:checking '/external/install/hesai_lidar/bin'
[2.006s] INFO:colcon.colcon_core.shell:Creating package script '/external/install/hesai_lidar/share/hesai_lidar/package.ps1'
[2.008s] INFO:colcon.colcon_core.shell:Creating package descriptor '/external/install/hesai_lidar/share/hesai_lidar/package.dsv'
[2.008s] INFO:colcon.colcon_core.shell:Creating package script '/external/install/hesai_lidar/share/hesai_lidar/package.sh'
[2.009s] INFO:colcon.colcon_core.shell:Creating package script '/external/install/hesai_lidar/share/hesai_lidar/package.bash'
[2.010s] INFO:colcon.colcon_core.shell:Creating package script '/external/install/hesai_lidar/share/hesai_lidar/package.zsh'
[2.011s] Level 1:colcon.colcon_core.environment:create_file_with_runtime_dependencies(/external/install/hesai_lidar/share/colcon-core/packages/hesai_lidar)
[2.011s] Level 1:colcon.colcon_core.environment:create_environment_scripts_only(unitree_go)
[2.012s] Level 1:colcon.colcon_core.environment:checking '/external/install/unitree_go' for CMake module files
[2.013s] Level 1:colcon.colcon_core.environment:checking '/external/install/unitree_go' for CMake config files
[2.015s] Level 1:colcon.colcon_core.shell:create_environment_hook('unitree_go', 'cmake_prefix_path')
[2.015s] INFO:colcon.colcon_core.shell:Creating environment hook '/external/install/unitree_go/share/unitree_go/hook/cmake_prefix_path.ps1'
[2.016s] INFO:colcon.colcon_core.shell:Creating environment descriptor '/external/install/unitree_go/share/unitree_go/hook/cmake_prefix_path.dsv'
[2.017s] INFO:colcon.colcon_core.shell:Creating environment hook '/external/install/unitree_go/share/unitree_go/hook/cmake_prefix_path.sh'
[2.018s] Level 1:colcon.colcon_core.environment:checking '/external/install/unitree_go/lib'
[2.018s] Level 1:colcon.colcon_core.shell:create_environment_hook('unitree_go', 'ld_library_path_lib')
[2.019s] INFO:colcon.colcon_core.shell:Creating environment hook '/external/install/unitree_go/share/unitree_go/hook/ld_library_path_lib.ps1'
[2.021s] INFO:colcon.colcon_core.shell:Creating environment descriptor '/external/install/unitree_go/share/unitree_go/hook/ld_library_path_lib.dsv'
[2.022s] INFO:colcon.colcon_core.shell:Creating environment hook '/external/install/unitree_go/share/unitree_go/hook/ld_library_path_lib.sh'
[2.024s] Level 1:colcon.colcon_core.environment:checking '/external/install/unitree_go/bin'
[2.024s] Level 1:colcon.colcon_core.environment:checking '/external/install/unitree_go/lib/pkgconfig/unitree_go.pc'
[2.025s] Level 1:colcon.colcon_core.environment:checking '/external/install/unitree_go/lib/python3.10/site-packages'
[2.025s] Level 1:colcon.colcon_core.environment:checking '/external/install/unitree_go/bin'
[2.026s] INFO:colcon.colcon_core.shell:Creating package script '/external/install/unitree_go/share/unitree_go/package.ps1'
[2.027s] INFO:colcon.colcon_core.shell:Creating package descriptor '/external/install/unitree_go/share/unitree_go/package.dsv'
[2.028s] INFO:colcon.colcon_core.shell:Creating package script '/external/install/unitree_go/share/unitree_go/package.sh'
[2.029s] INFO:colcon.colcon_core.shell:Creating package script '/external/install/unitree_go/share/unitree_go/package.bash'
[2.031s] INFO:colcon.colcon_core.shell:Creating package script '/external/install/unitree_go/share/unitree_go/package.zsh'
[2.032s] Level 1:colcon.colcon_core.environment:create_file_with_runtime_dependencies(/external/install/unitree_go/share/colcon-core/packages/unitree_go)
[2.034s] Level 1:colcon.colcon_core.environment:create_environment_scripts_only(unitree_go)
[2.034s] Level 1:colcon.colcon_core.environment:checking '/external/install/unitree_go' for CMake module files
[2.037s] Level 1:colcon.colcon_core.environment:checking '/external/install/unitree_go' for CMake config files
[2.042s] Level 1:colcon.colcon_core.shell:create_environment_hook('unitree_go', 'cmake_prefix_path')
[2.042s] INFO:colcon.colcon_core.shell:Creating environment hook '/external/install/unitree_go/share/unitree_go/hook/cmake_prefix_path.ps1'
[2.044s] INFO:colcon.colcon_core.shell:Creating environment descriptor '/external/install/unitree_go/share/unitree_go/hook/cmake_prefix_path.dsv'
[2.047s] INFO:colcon.colcon_core.shell:Creating environment hook '/external/install/unitree_go/share/unitree_go/hook/cmake_prefix_path.sh'
[2.049s] Level 1:colcon.colcon_core.environment:checking '/external/install/unitree_go/lib'
[2.050s] Level 1:colcon.colcon_core.shell:create_environment_hook('unitree_go', 'ld_library_path_lib')
[2.050s] INFO:colcon.colcon_core.shell:Creating environment hook '/external/install/unitree_go/share/unitree_go/hook/ld_library_path_lib.ps1'
[2.052s] INFO:colcon.colcon_core.shell:Creating environment descriptor '/external/install/unitree_go/share/unitree_go/hook/ld_library_path_lib.dsv'
[2.053s] DEBUG:colcon.colcon_core.event_handler.log_command:Invoked command in '/external/build/unitree_go' returned '0': CMAKE_PREFIX_PATH=/opt/ros/humble /usr/bin/cmake --install /external/build/unitree_go
[2.053s] INFO:colcon.colcon_core.shell:Creating environment hook '/external/install/unitree_go/share/unitree_go/hook/ld_library_path_lib.sh'
[2.055s] Level 1:colcon.colcon_core.environment:checking '/external/install/unitree_go/bin'
[2.055s] Level 1:colcon.colcon_core.environment:checking '/external/install/unitree_go/lib/pkgconfig/unitree_go.pc'
[2.055s] Level 1:colcon.colcon_core.environment:checking '/external/install/unitree_go/lib/python3.10/site-packages'
[2.056s] Level 1:colcon.colcon_core.environment:checking '/external/install/unitree_go/bin'
[2.056s] INFO:colcon.colcon_core.shell:Creating package script '/external/install/unitree_go/share/unitree_go/package.ps1'
[2.058s] INFO:colcon.colcon_core.shell:Creating package descriptor '/external/install/unitree_go/share/unitree_go/package.dsv'
[2.060s] INFO:colcon.colcon_core.shell:Creating package script '/external/install/unitree_go/share/unitree_go/package.sh'
[2.061s] INFO:colcon.colcon_core.shell:Creating package script '/external/install/unitree_go/share/unitree_go/package.bash'
[2.061s] INFO:colcon.colcon_core.shell:Creating package script '/external/install/unitree_go/share/unitree_go/package.zsh'
[2.063s] Level 1:colcon.colcon_core.environment:create_file_with_runtime_dependencies(/external/install/unitree_go/share/colcon-core/packages/unitree_go)
[2.064s] INFO:colcon.colcon_ros.task.ament_cmake.build:Building ROS package in '/external/src/go2_unitree_ros2' with build type 'ament_cmake'
[2.064s] INFO:colcon.colcon_cmake.task.cmake.build:Building CMake package in '/external/src/go2_unitree_ros2'
[2.065s] INFO:colcon.colcon_core.shell:Skip shell extension 'powershell' for command environment: Not usable outside of PowerShell
[2.065s] DEBUG:colcon.colcon_core.shell:Skip shell extension 'dsv' for command environment
[2.071s] Level 1:colcon.colcon_core.environment:create_environment_scripts_only(unitree_hg)
[2.072s] Level 1:colcon.colcon_core.environment:checking '/external/install/unitree_hg' for CMake module files
[2.073s] DEBUG:colcon.colcon_core.event_handler.log_command:Invoked command in '/external/build/unitree_hg' returned '0': CMAKE_PREFIX_PATH=/opt/ros/humble /usr/bin/cmake --install /external/build/unitree_hg
[2.074s] Level 1:colcon.colcon_core.environment:checking '/external/install/unitree_hg' for CMake config files
[2.076s] Level 1:colcon.colcon_core.shell:create_environment_hook('unitree_hg', 'cmake_prefix_path')
[2.076s] INFO:colcon.colcon_core.shell:Creating environment hook '/external/install/unitree_hg/share/unitree_hg/hook/cmake_prefix_path.ps1'
[2.077s] INFO:colcon.colcon_core.shell:Creating environment descriptor '/external/install/unitree_hg/share/unitree_hg/hook/cmake_prefix_path.dsv'
[2.078s] INFO:colcon.colcon_core.shell:Creating environment hook '/external/install/unitree_hg/share/unitree_hg/hook/cmake_prefix_path.sh'
[2.079s] Level 1:colcon.colcon_core.environment:checking '/external/install/unitree_hg/lib'
[2.079s] Level 1:colcon.colcon_core.shell:create_environment_hook('unitree_hg', 'ld_library_path_lib')
[2.080s] INFO:colcon.colcon_core.shell:Creating environment hook '/external/install/unitree_hg/share/unitree_hg/hook/ld_library_path_lib.ps1'
[2.080s] INFO:colcon.colcon_core.shell:Creating environment descriptor '/external/install/unitree_hg/share/unitree_hg/hook/ld_library_path_lib.dsv'
[2.081s] INFO:colcon.colcon_core.shell:Creating environment hook '/external/install/unitree_hg/share/unitree_hg/hook/ld_library_path_lib.sh'
[2.081s] Level 1:colcon.colcon_core.environment:checking '/external/install/unitree_hg/bin'
[2.082s] Level 1:colcon.colcon_core.environment:checking '/external/install/unitree_hg/lib/pkgconfig/unitree_hg.pc'
[2.082s] Level 1:colcon.colcon_core.environment:checking '/external/install/unitree_hg/lib/python3.10/site-packages'
[2.082s] Level 1:colcon.colcon_core.environment:checking '/external/install/unitree_hg/bin'
[2.083s] INFO:colcon.colcon_core.shell:Creating package script '/external/install/unitree_hg/share/unitree_hg/package.ps1'
[2.084s] INFO:colcon.colcon_core.shell:Creating package descriptor '/external/install/unitree_hg/share/unitree_hg/package.dsv'
[2.085s] INFO:colcon.colcon_core.shell:Creating package script '/external/install/unitree_hg/share/unitree_hg/package.sh'
[2.085s] INFO:colcon.colcon_core.shell:Creating package script '/external/install/unitree_hg/share/unitree_hg/package.bash'
[2.086s] INFO:colcon.colcon_core.shell:Creating package script '/external/install/unitree_hg/share/unitree_hg/package.zsh'
[2.086s] Level 1:colcon.colcon_core.environment:create_file_with_runtime_dependencies(/external/install/unitree_hg/share/colcon-core/packages/unitree_hg)
[2.088s] Level 1:colcon.colcon_core.environment:create_environment_scripts_only(unitree_hg)
[2.088s] Level 1:colcon.colcon_core.environment:checking '/external/install/unitree_hg' for CMake module files
[2.089s] Level 1:colcon.colcon_core.environment:checking '/external/install/unitree_hg' for CMake config files
[2.091s] Level 1:colcon.colcon_core.shell:create_environment_hook('unitree_hg', 'cmake_prefix_path')
[2.092s] INFO:colcon.colcon_core.shell:Creating environment hook '/external/install/unitree_hg/share/unitree_hg/hook/cmake_prefix_path.ps1'
[2.093s] INFO:colcon.colcon_core.shell:Creating environment descriptor '/external/install/unitree_hg/share/unitree_hg/hook/cmake_prefix_path.dsv'
[2.093s] INFO:colcon.colcon_core.shell:Creating environment hook '/external/install/unitree_hg/share/unitree_hg/hook/cmake_prefix_path.sh'
[2.094s] Level 1:colcon.colcon_core.environment:checking '/external/install/unitree_hg/lib'
[2.094s] Level 1:colcon.colcon_core.shell:create_environment_hook('unitree_hg', 'ld_library_path_lib')
[2.095s] INFO:colcon.colcon_core.shell:Creating environment hook '/external/install/unitree_hg/share/unitree_hg/hook/ld_library_path_lib.ps1'
[2.095s] INFO:colcon.colcon_core.shell:Creating environment descriptor '/external/install/unitree_hg/share/unitree_hg/hook/ld_library_path_lib.dsv'
[2.096s] INFO:colcon.colcon_core.shell:Creating environment hook '/external/install/unitree_hg/share/unitree_hg/hook/ld_library_path_lib.sh'
[2.096s] Level 1:colcon.colcon_core.environment:checking '/external/install/unitree_hg/bin'
[2.097s] Level 1:colcon.colcon_core.environment:checking '/external/install/unitree_hg/lib/pkgconfig/unitree_hg.pc'
[2.097s] Level 1:colcon.colcon_core.environment:checking '/external/install/unitree_hg/lib/python3.10/site-packages'
[2.097s] Level 1:colcon.colcon_core.environment:checking '/external/install/unitree_hg/bin'
[2.098s] INFO:colcon.colcon_core.shell:Creating package script '/external/install/unitree_hg/share/unitree_hg/package.ps1'
[2.100s] INFO:colcon.colcon_core.shell:Creating package descriptor '/external/install/unitree_hg/share/unitree_hg/package.dsv'
[2.100s] INFO:colcon.colcon_core.shell:Creating package script '/external/install/unitree_hg/share/unitree_hg/package.sh'
[2.101s] INFO:colcon.colcon_core.shell:Creating package script '/external/install/unitree_hg/share/unitree_hg/package.bash'
[2.102s] INFO:colcon.colcon_core.shell:Creating package script '/external/install/unitree_hg/share/unitree_hg/package.zsh'
[2.103s] Level 1:colcon.colcon_core.environment:create_file_with_runtime_dependencies(/external/install/unitree_hg/share/colcon-core/packages/unitree_hg)
[2.105s] INFO:colcon.colcon_ros.task.ament_cmake.build:Building ROS package in '/external/src/unitree_ros2/example/src' with build type 'ament_cmake'
[2.105s] INFO:colcon.colcon_cmake.task.cmake.build:Building CMake package in '/external/src/unitree_ros2/example/src'
[2.105s] INFO:colcon.colcon_core.shell:Skip shell extension 'powershell' for command environment: Not usable outside of PowerShell
[2.106s] DEBUG:colcon.colcon_core.shell:Skip shell extension 'dsv' for command environment
[2.123s] DEBUG:colcon.colcon_core.event_handler.log_command:Invoking command in '/external/build/go2_demo': AMENT_PREFIX_PATH=/external/install/unitree_go:/external/install/unitree_api:${AMENT_PREFIX_PATH} CMAKE_PREFIX_PATH=/external/install/unitree_go:/external/install/unitree_api:/opt/ros/humble LD_LIBRARY_PATH=/external/install/unitree_go/lib:/external/install/unitree_api/lib:${LD_LIBRARY_PATH} PYTHONPATH=/external/install/unitree_go/local/lib/python3.10/dist-packages:/external/install/unitree_api/local/lib/python3.10/dist-packages:${PYTHONPATH} /usr/bin/cmake --build /external/build/go2_demo -- -j8 -l8
[2.136s] DEBUG:colcon.colcon_core.event_handler.log_command:Invoking command in '/external/build/unitree_ros2_example': AMENT_PREFIX_PATH=/external/install/unitree_hg:/external/install/unitree_go:/external/install/unitree_api:${AMENT_PREFIX_PATH} CMAKE_PREFIX_PATH=/external/install/unitree_hg:/external/install/unitree_go:/external/install/unitree_api:/opt/ros/humble LD_LIBRARY_PATH=/external/install/unitree_hg/lib:/external/install/unitree_go/lib:/external/install/unitree_api/lib:${LD_LIBRARY_PATH} PYTHONPATH=/external/install/unitree_hg/local/lib/python3.10/dist-packages:/external/install/unitree_go/local/lib/python3.10/dist-packages:/external/install/unitree_api/local/lib/python3.10/dist-packages:${PYTHONPATH} /usr/bin/cmake --build /external/build/unitree_ros2_example -- -j8 -l8
[2.259s] DEBUG:colcon.colcon_core.event_handler.log_command:Invoked command in '/external/build/go2_demo' returned '0': AMENT_PREFIX_PATH=/external/install/unitree_go:/external/install/unitree_api:${AMENT_PREFIX_PATH} CMAKE_PREFIX_PATH=/external/install/unitree_go:/external/install/unitree_api:/opt/ros/humble LD_LIBRARY_PATH=/external/install/unitree_go/lib:/external/install/unitree_api/lib:${LD_LIBRARY_PATH} PYTHONPATH=/external/install/unitree_go/local/lib/python3.10/dist-packages:/external/install/unitree_api/local/lib/python3.10/dist-packages:${PYTHONPATH} /usr/bin/cmake --build /external/build/go2_demo -- -j8 -l8
[2.260s] DEBUG:colcon.colcon_core.event_handler.log_command:Invoking command in '/external/build/go2_demo': AMENT_PREFIX_PATH=/external/install/unitree_go:/external/install/unitree_api:${AMENT_PREFIX_PATH} CMAKE_PREFIX_PATH=/external/install/unitree_go:/external/install/unitree_api:/opt/ros/humble LD_LIBRARY_PATH=/external/install/unitree_go/lib:/external/install/unitree_api/lib:${LD_LIBRARY_PATH} PYTHONPATH=/external/install/unitree_go/local/lib/python3.10/dist-packages:/external/install/unitree_api/local/lib/python3.10/dist-packages:${PYTHONPATH} /usr/bin/cmake --install /external/build/go2_demo
[2.294s] Level 1:colcon.colcon_core.environment:create_environment_scripts_only(go2_demo)
[2.295s] Level 1:colcon.colcon_core.environment:checking '/external/install/go2_demo' for CMake module files
[2.295s] DEBUG:colcon.colcon_core.event_handler.log_command:Invoked command in '/external/build/go2_demo' returned '0': AMENT_PREFIX_PATH=/external/install/unitree_go:/external/install/unitree_api:${AMENT_PREFIX_PATH} CMAKE_PREFIX_PATH=/external/install/unitree_go:/external/install/unitree_api:/opt/ros/humble LD_LIBRARY_PATH=/external/install/unitree_go/lib:/external/install/unitree_api/lib:${LD_LIBRARY_PATH} PYTHONPATH=/external/install/unitree_go/local/lib/python3.10/dist-packages:/external/install/unitree_api/local/lib/python3.10/dist-packages:${PYTHONPATH} /usr/bin/cmake --install /external/build/go2_demo
[2.296s] Level 1:colcon.colcon_core.environment:checking '/external/install/go2_demo' for CMake config files
[2.297s] Level 1:colcon.colcon_core.shell:create_environment_hook('go2_demo', 'cmake_prefix_path')
[2.297s] INFO:colcon.colcon_core.shell:Creating environment hook '/external/install/go2_demo/share/go2_demo/hook/cmake_prefix_path.ps1'
[2.298s] INFO:colcon.colcon_core.shell:Creating environment descriptor '/external/install/go2_demo/share/go2_demo/hook/cmake_prefix_path.dsv'
[2.299s] INFO:colcon.colcon_core.shell:Creating environment hook '/external/install/go2_demo/share/go2_demo/hook/cmake_prefix_path.sh'
[2.300s] Level 1:colcon.colcon_core.environment:checking '/external/install/go2_demo/lib'
[2.300s] Level 1:colcon.colcon_core.environment:checking '/external/install/go2_demo/bin'
[2.300s] Level 1:colcon.colcon_core.environment:checking '/external/install/go2_demo/lib/pkgconfig/go2_demo.pc'
[2.300s] Level 1:colcon.colcon_core.environment:checking '/external/install/go2_demo/lib/python3.10/site-packages'
[2.300s] Level 1:colcon.colcon_core.environment:checking '/external/install/go2_demo/bin'
[2.301s] INFO:colcon.colcon_core.shell:Creating package script '/external/install/go2_demo/share/go2_demo/package.ps1'
[2.302s] INFO:colcon.colcon_core.shell:Creating package descriptor '/external/install/go2_demo/share/go2_demo/package.dsv'
[2.302s] INFO:colcon.colcon_core.shell:Creating package script '/external/install/go2_demo/share/go2_demo/package.sh'
[2.303s] INFO:colcon.colcon_core.shell:Creating package script '/external/install/go2_demo/share/go2_demo/package.bash'
[2.304s] INFO:colcon.colcon_core.shell:Creating package script '/external/install/go2_demo/share/go2_demo/package.zsh'
[2.304s] Level 1:colcon.colcon_core.environment:create_file_with_runtime_dependencies(/external/install/go2_demo/share/colcon-core/packages/go2_demo)
[2.305s] Level 1:colcon.colcon_core.environment:create_environment_scripts_only(go2_demo)
[2.305s] Level 1:colcon.colcon_core.environment:checking '/external/install/go2_demo' for CMake module files
[2.306s] Level 1:colcon.colcon_core.environment:checking '/external/install/go2_demo' for CMake config files
[2.307s] Level 1:colcon.colcon_core.shell:create_environment_hook('go2_demo', 'cmake_prefix_path')
[2.307s] INFO:colcon.colcon_core.shell:Creating environment hook '/external/install/go2_demo/share/go2_demo/hook/cmake_prefix_path.ps1'
[2.308s] INFO:colcon.colcon_core.shell:Creating environment descriptor '/external/install/go2_demo/share/go2_demo/hook/cmake_prefix_path.dsv'
[2.308s] INFO:colcon.colcon_core.shell:Creating environment hook '/external/install/go2_demo/share/go2_demo/hook/cmake_prefix_path.sh'
[2.309s] Level 1:colcon.colcon_core.environment:checking '/external/install/go2_demo/lib'
[2.309s] Level 1:colcon.colcon_core.environment:checking '/external/install/go2_demo/bin'
[2.309s] Level 1:colcon.colcon_core.environment:checking '/external/install/go2_demo/lib/pkgconfig/go2_demo.pc'
[2.310s] Level 1:colcon.colcon_core.environment:checking '/external/install/go2_demo/lib/python3.10/site-packages'
[2.310s] Level 1:colcon.colcon_core.environment:checking '/external/install/go2_demo/bin'
[2.311s] INFO:colcon.colcon_core.shell:Creating package script '/external/install/go2_demo/share/go2_demo/package.ps1'
[2.312s] INFO:colcon.colcon_core.shell:Creating package descriptor '/external/install/go2_demo/share/go2_demo/package.dsv'
[2.313s] INFO:colcon.colcon_core.shell:Creating package script '/external/install/go2_demo/share/go2_demo/package.sh'
[2.314s] INFO:colcon.colcon_core.shell:Creating package script '/external/install/go2_demo/share/go2_demo/package.bash'
[2.315s] INFO:colcon.colcon_core.shell:Creating package script '/external/install/go2_demo/share/go2_demo/package.zsh'
[2.316s] Level 1:colcon.colcon_core.environment:create_file_with_runtime_dependencies(/external/install/go2_demo/share/colcon-core/packages/go2_demo)
[2.320s] DEBUG:colcon.colcon_core.event_handler.log_command:Invoked command in '/external/build/unitree_ros2_example' returned '0': AMENT_PREFIX_PATH=/external/install/unitree_hg:/external/install/unitree_go:/external/install/unitree_api:${AMENT_PREFIX_PATH} CMAKE_PREFIX_PATH=/external/install/unitree_hg:/external/install/unitree_go:/external/install/unitree_api:/opt/ros/humble LD_LIBRARY_PATH=/external/install/unitree_hg/lib:/external/install/unitree_go/lib:/external/install/unitree_api/lib:${LD_LIBRARY_PATH} PYTHONPATH=/external/install/unitree_hg/local/lib/python3.10/dist-packages:/external/install/unitree_go/local/lib/python3.10/dist-packages:/external/install/unitree_api/local/lib/python3.10/dist-packages:${PYTHONPATH} /usr/bin/cmake --build /external/build/unitree_ros2_example -- -j8 -l8
[2.323s] DEBUG:colcon.colcon_core.event_handler.log_command:Invoking command in '/external/build/unitree_ros2_example': AMENT_PREFIX_PATH=/external/install/unitree_hg:/external/install/unitree_go:/external/install/unitree_api:${AMENT_PREFIX_PATH} CMAKE_PREFIX_PATH=/external/install/unitree_hg:/external/install/unitree_go:/external/install/unitree_api:/opt/ros/humble LD_LIBRARY_PATH=/external/install/unitree_hg/lib:/external/install/unitree_go/lib:/external/install/unitree_api/lib:${LD_LIBRARY_PATH} PYTHONPATH=/external/install/unitree_hg/local/lib/python3.10/dist-packages:/external/install/unitree_go/local/lib/python3.10/dist-packages:/external/install/unitree_api/local/lib/python3.10/dist-packages:${PYTHONPATH} /usr/bin/cmake --install /external/build/unitree_ros2_example
[2.360s] Level 1:colcon.colcon_core.environment:create_environment_scripts_only(unitree_ros2_example)
[2.361s] Level 1:colcon.colcon_core.environment:checking '/external/install/unitree_ros2_example' for CMake module files
[2.362s] DEBUG:colcon.colcon_core.event_handler.log_command:Invoked command in '/external/build/unitree_ros2_example' returned '0': AMENT_PREFIX_PATH=/external/install/unitree_hg:/external/install/unitree_go:/external/install/unitree_api:${AMENT_PREFIX_PATH} CMAKE_PREFIX_PATH=/external/install/unitree_hg:/external/install/unitree_go:/external/install/unitree_api:/opt/ros/humble LD_LIBRARY_PATH=/external/install/unitree_hg/lib:/external/install/unitree_go/lib:/external/install/unitree_api/lib:${LD_LIBRARY_PATH} PYTHONPATH=/external/install/unitree_hg/local/lib/python3.10/dist-packages:/external/install/unitree_go/local/lib/python3.10/dist-packages:/external/install/unitree_api/local/lib/python3.10/dist-packages:${PYTHONPATH} /usr/bin/cmake --install /external/build/unitree_ros2_example
[2.362s] Level 1:colcon.colcon_core.environment:checking '/external/install/unitree_ros2_example' for CMake config files
[2.363s] Level 1:colcon.colcon_core.shell:create_environment_hook('unitree_ros2_example', 'cmake_prefix_path')
[2.363s] INFO:colcon.colcon_core.shell:Creating environment hook '/external/install/unitree_ros2_example/share/unitree_ros2_example/hook/cmake_prefix_path.ps1'
[2.365s] INFO:colcon.colcon_core.shell:Creating environment descriptor '/external/install/unitree_ros2_example/share/unitree_ros2_example/hook/cmake_prefix_path.dsv'
[2.365s] INFO:colcon.colcon_core.shell:Creating environment hook '/external/install/unitree_ros2_example/share/unitree_ros2_example/hook/cmake_prefix_path.sh'
[2.366s] Level 1:colcon.colcon_core.environment:checking '/external/install/unitree_ros2_example/bin'
[2.367s] Level 1:colcon.colcon_core.environment:checking '/external/install/unitree_ros2_example/lib/pkgconfig/unitree_ros2_example.pc'
[2.367s] Level 1:colcon.colcon_core.environment:checking '/external/install/unitree_ros2_example/lib/python3.10/site-packages'
[2.367s] Level 1:colcon.colcon_core.environment:checking '/external/install/unitree_ros2_example/bin'
[2.368s] INFO:colcon.colcon_core.shell:Creating package script '/external/install/unitree_ros2_example/share/unitree_ros2_example/package.ps1'
[2.369s] INFO:colcon.colcon_core.shell:Creating package descriptor '/external/install/unitree_ros2_example/share/unitree_ros2_example/package.dsv'
[2.369s] INFO:colcon.colcon_core.shell:Creating package script '/external/install/unitree_ros2_example/share/unitree_ros2_example/package.sh'
[2.370s] INFO:colcon.colcon_core.shell:Creating package script '/external/install/unitree_ros2_example/share/unitree_ros2_example/package.bash'
[2.371s] INFO:colcon.colcon_core.shell:Creating package script '/external/install/unitree_ros2_example/share/unitree_ros2_example/package.zsh'
[2.371s] Level 1:colcon.colcon_core.environment:create_file_with_runtime_dependencies(/external/install/unitree_ros2_example/share/colcon-core/packages/unitree_ros2_example)
[2.372s] Level 1:colcon.colcon_core.environment:create_environment_scripts_only(unitree_ros2_example)
[2.373s] Level 1:colcon.colcon_core.environment:checking '/external/install/unitree_ros2_example' for CMake module files
[2.373s] Level 1:colcon.colcon_core.environment:checking '/external/install/unitree_ros2_example' for CMake config files
[2.374s] Level 1:colcon.colcon_core.shell:create_environment_hook('unitree_ros2_example', 'cmake_prefix_path')
[2.374s] INFO:colcon.colcon_core.shell:Creating environment hook '/external/install/unitree_ros2_example/share/unitree_ros2_example/hook/cmake_prefix_path.ps1'
[2.375s] INFO:colcon.colcon_core.shell:Creating environment descriptor '/external/install/unitree_ros2_example/share/unitree_ros2_example/hook/cmake_prefix_path.dsv'
[2.376s] INFO:colcon.colcon_core.shell:Creating environment hook '/external/install/unitree_ros2_example/share/unitree_ros2_example/hook/cmake_prefix_path.sh'
[2.377s] Level 1:colcon.colcon_core.environment:checking '/external/install/unitree_ros2_example/bin'
[2.377s] Level 1:colcon.colcon_core.environment:checking '/external/install/unitree_ros2_example/lib/pkgconfig/unitree_ros2_example.pc'
[2.377s] Level 1:colcon.colcon_core.environment:checking '/external/install/unitree_ros2_example/lib/python3.10/site-packages'
[2.378s] Level 1:colcon.colcon_core.environment:checking '/external/install/unitree_ros2_example/bin'
[2.378s] INFO:colcon.colcon_core.shell:Creating package script '/external/install/unitree_ros2_example/share/unitree_ros2_example/package.ps1'
[2.379s] INFO:colcon.colcon_core.shell:Creating package descriptor '/external/install/unitree_ros2_example/share/unitree_ros2_example/package.dsv'
[2.380s] INFO:colcon.colcon_core.shell:Creating package script '/external/install/unitree_ros2_example/share/unitree_ros2_example/package.sh'
[2.381s] INFO:colcon.colcon_core.shell:Creating package script '/external/install/unitree_ros2_example/share/unitree_ros2_example/package.bash'
[2.381s] INFO:colcon.colcon_core.shell:Creating package script '/external/install/unitree_ros2_example/share/unitree_ros2_example/package.zsh'
[2.382s] Level 1:colcon.colcon_core.environment:create_file_with_runtime_dependencies(/external/install/unitree_ros2_example/share/colcon-core/packages/unitree_ros2_example)
[2.383s] DEBUG:colcon.colcon_parallel_executor.executor.parallel:closing loop
[2.383s] DEBUG:colcon.colcon_parallel_executor.executor.parallel:loop closed
[2.383s] DEBUG:colcon.colcon_parallel_executor.executor.parallel:run_until_complete finished with '0'
[2.384s] DEBUG:colcon.colcon_core.event_reactor:joining thread
[2.397s] INFO:colcon.colcon_core.plugin_system:Skipping extension 'colcon_notification.desktop_notification.notify_send': Could not find 'notify-send'
[2.398s] INFO:colcon.colcon_core.plugin_system:Skipping extension 'colcon_notification.desktop_notification.terminal_notifier': Not used on non-Darwin systems
[2.398s] INFO:colcon.colcon_core.plugin_system:Skipping extension 'colcon_notification.desktop_notification.win32': Not used on non-Windows systems
[2.398s] INFO:colcon.colcon_notification.desktop_notification:Sending desktop notification using 'notify2'
[2.403s] DEBUG:colcon.colcon_notification.desktop_notification.notify2:Failed to initialize notify2: org.freedesktop.DBus.Error.Spawn.ExecFailed: /usr/bin/dbus-launch terminated abnormally without any error message
[2.403s] DEBUG:colcon.colcon_core.event_reactor:joined thread
[2.404s] INFO:colcon.colcon_core.shell:Creating prefix script '/external/install/local_setup.ps1'
[2.407s] INFO:colcon.colcon_core.shell:Creating prefix util module '/external/install/_local_setup_util_ps1.py'
[2.409s] INFO:colcon.colcon_core.shell:Creating prefix chain script '/external/install/setup.ps1'
[2.411s] INFO:colcon.colcon_core.shell:Creating prefix script '/external/install/local_setup.sh'
[2.412s] INFO:colcon.colcon_core.shell:Creating prefix util module '/external/install/_local_setup_util_sh.py'
[2.413s] INFO:colcon.colcon_core.shell:Creating prefix chain script '/external/install/setup.sh'
[2.415s] INFO:colcon.colcon_core.shell:Creating prefix script '/external/install/local_setup.bash'
[2.416s] INFO:colcon.colcon_core.shell:Creating prefix chain script '/external/install/setup.bash'
[2.419s] INFO:colcon.colcon_core.shell:Creating prefix script '/external/install/local_setup.zsh'
[2.421s] INFO:colcon.colcon_core.shell:Creating prefix chain script '/external/install/setup.zsh'
