[0.065s] Invoking command in '/external/build/unitree_api': CMAKE_PREFIX_PATH=/opt/ros/humble /usr/bin/cmake --build /external/build/unitree_api -- -j8 -l8
[0.262s] [  1%] Built target unitree_api__dds_connext_idl
[0.285s] [  2%] Built target unitree_api__cpp
[0.298s] [  2%] Built target ament_cmake_python_symlink_unitree_api
[0.314s] [ 13%] Built target unitree_api__rosidl_generator_c
[0.445s] [ 25%] Built target unitree_api__rosidl_typesupport_cpp
[0.464s] [ 36%] Built target unitree_api__rosidl_typesupport_introspection_cpp
[0.483s] [ 47%] Built target unitree_api__rosidl_typesupport_fastrtps_cpp
[0.493s] [ 59%] Built target unitree_api__rosidl_typesupport_introspection_c
[0.506s] [ 70%] Built target unitree_api__rosidl_typesupport_fastrtps_c
[0.524s] [ 81%] Built target unitree_api__rosidl_typesupport_c
[0.709s] [ 81%] Built target unitree_api
[0.801s] [ 82%] Built target unitree_api__py
[0.908s] [ 93%] Built target unitree_api__rosidl_generator_py
[0.995s] [ 95%] Built target unitree_api__rosidl_typesupport_fastrtps_c__pyext
[1.021s] [ 97%] Built target unitree_api__rosidl_typesupport_introspection_c__pyext
[1.026s] [100%] Built target unitree_api__rosidl_typesupport_c__pyext
[1.171s] running egg_info
[1.172s] writing unitree_api.egg-info/PKG-INFO
[1.172s] writing dependency_links to unitree_api.egg-info/dependency_links.txt
[1.172s] writing top-level names to unitree_api.egg-info/top_level.txt
[1.174s] reading manifest file 'unitree_api.egg-info/SOURCES.txt'
[1.174s] writing manifest file 'unitree_api.egg-info/SOURCES.txt'
[1.245s] [100%] Built target ament_cmake_python_build_unitree_api_egg
[1.288s] Invoked command in '/external/build/unitree_api' returned '0': CMAKE_PREFIX_PATH=/opt/ros/humble /usr/bin/cmake --build /external/build/unitree_api -- -j8 -l8
[1.299s] Invoking command in '/external/build/unitree_api': CMAKE_PREFIX_PATH=/opt/ros/humble /usr/bin/cmake --install /external/build/unitree_api
[1.316s] -- Install configuration: ""
[1.317s] -- Execute custom install script
[1.319s] -- Up-to-date symlink: /external/install/unitree_api/share/ament_index/resource_index/rosidl_interfaces/unitree_api
[1.321s] -- Up-to-date symlink: /external/install/unitree_api/include/unitree_api/unitree_api/msg/detail/request__functions.h
[1.321s] -- Up-to-date symlink: /external/install/unitree_api/include/unitree_api/unitree_api/msg/detail/request__struct.h
[1.322s] -- Up-to-date symlink: /external/install/unitree_api/include/unitree_api/unitree_api/msg/detail/request__type_support.h
[1.322s] -- Up-to-date symlink: /external/install/unitree_api/include/unitree_api/unitree_api/msg/detail/request_header__functions.h
[1.322s] -- Up-to-date symlink: /external/install/unitree_api/include/unitree_api/unitree_api/msg/detail/request_header__struct.h
[1.322s] -- Up-to-date symlink: /external/install/unitree_api/include/unitree_api/unitree_api/msg/detail/request_header__type_support.h
[1.323s] -- Up-to-date symlink: /external/install/unitree_api/include/unitree_api/unitree_api/msg/detail/request_identity__functions.h
[1.323s] -- Up-to-date symlink: /external/install/unitree_api/include/unitree_api/unitree_api/msg/detail/request_identity__struct.h
[1.323s] -- Up-to-date symlink: /external/install/unitree_api/include/unitree_api/unitree_api/msg/detail/request_identity__type_support.h
[1.324s] -- Up-to-date symlink: /external/install/unitree_api/include/unitree_api/unitree_api/msg/detail/request_lease__functions.h
[1.327s] -- Up-to-date symlink: /external/install/unitree_api/include/unitree_api/unitree_api/msg/detail/request_lease__struct.h
[1.327s] -- Up-to-date symlink: /external/install/unitree_api/include/unitree_api/unitree_api/msg/detail/request_lease__type_support.h
[1.327s] -- Up-to-date symlink: /external/install/unitree_api/include/unitree_api/unitree_api/msg/detail/request_policy__functions.h
[1.327s] -- Up-to-date symlink: /external/install/unitree_api/include/unitree_api/unitree_api/msg/detail/request_policy__struct.h
[1.327s] -- Up-to-date symlink: /external/install/unitree_api/include/unitree_api/unitree_api/msg/detail/request_policy__type_support.h
[1.328s] -- Up-to-date symlink: /external/install/unitree_api/include/unitree_api/unitree_api/msg/detail/response__functions.h
[1.328s] -- Up-to-date symlink: /external/install/unitree_api/include/unitree_api/unitree_api/msg/detail/response__struct.h
[1.328s] -- Up-to-date symlink: /external/install/unitree_api/include/unitree_api/unitree_api/msg/detail/response__type_support.h
[1.329s] -- Up-to-date symlink: /external/install/unitree_api/include/unitree_api/unitree_api/msg/detail/response_header__functions.h
[1.330s] -- Up-to-date symlink: /external/install/unitree_api/include/unitree_api/unitree_api/msg/detail/response_header__struct.h
[1.331s] -- Up-to-date symlink: /external/install/unitree_api/include/unitree_api/unitree_api/msg/detail/response_header__type_support.h
[1.335s] -- Up-to-date symlink: /external/install/unitree_api/include/unitree_api/unitree_api/msg/detail/response_status__functions.h
[1.336s] -- Up-to-date symlink: /external/install/unitree_api/include/unitree_api/unitree_api/msg/detail/response_status__struct.h
[1.336s] -- Up-to-date symlink: /external/install/unitree_api/include/unitree_api/unitree_api/msg/detail/response_status__type_support.h
[1.336s] -- Up-to-date symlink: /external/install/unitree_api/include/unitree_api/unitree_api/msg/request.h
[1.337s] -- Up-to-date symlink: /external/install/unitree_api/include/unitree_api/unitree_api/msg/request_header.h
[1.339s] -- Up-to-date symlink: /external/install/unitree_api/include/unitree_api/unitree_api/msg/request_identity.h
[1.339s] -- Up-to-date symlink: /external/install/unitree_api/include/unitree_api/unitree_api/msg/request_lease.h
[1.339s] -- Up-to-date symlink: /external/install/unitree_api/include/unitree_api/unitree_api/msg/request_policy.h
[1.340s] -- Up-to-date symlink: /external/install/unitree_api/include/unitree_api/unitree_api/msg/response.h
[1.345s] -- Up-to-date symlink: /external/install/unitree_api/include/unitree_api/unitree_api/msg/response_header.h
[1.346s] -- Up-to-date symlink: /external/install/unitree_api/include/unitree_api/unitree_api/msg/response_status.h
[1.346s] -- Up-to-date symlink: /external/install/unitree_api/include/unitree_api/unitree_api/msg/rosidl_generator_c__visibility_control.h
[1.347s] -- Up-to-date symlink: /external/install/unitree_api/share/unitree_api/environment/library_path.sh
[1.347s] -- Up-to-date symlink: /external/install/unitree_api/share/unitree_api/environment/library_path.dsv
[1.349s] -- Up-to-date symlink: /external/install/unitree_api/include/unitree_api/unitree_api/msg/detail/request__rosidl_typesupport_fastrtps_c.h
[1.349s] -- Up-to-date symlink: /external/install/unitree_api/include/unitree_api/unitree_api/msg/detail/request_header__rosidl_typesupport_fastrtps_c.h
[1.350s] -- Up-to-date symlink: /external/install/unitree_api/include/unitree_api/unitree_api/msg/detail/request_identity__rosidl_typesupport_fastrtps_c.h
[1.351s] -- Up-to-date symlink: /external/install/unitree_api/include/unitree_api/unitree_api/msg/detail/request_lease__rosidl_typesupport_fastrtps_c.h
[1.352s] -- Up-to-date symlink: /external/install/unitree_api/include/unitree_api/unitree_api/msg/detail/request_policy__rosidl_typesupport_fastrtps_c.h
[1.352s] -- Up-to-date symlink: /external/install/unitree_api/include/unitree_api/unitree_api/msg/detail/response__rosidl_typesupport_fastrtps_c.h
[1.352s] -- Up-to-date symlink: /external/install/unitree_api/include/unitree_api/unitree_api/msg/detail/response_header__rosidl_typesupport_fastrtps_c.h
[1.353s] -- Up-to-date symlink: /external/install/unitree_api/include/unitree_api/unitree_api/msg/detail/response_status__rosidl_typesupport_fastrtps_c.h
[1.354s] -- Up-to-date symlink: /external/install/unitree_api/include/unitree_api/unitree_api/msg/rosidl_typesupport_fastrtps_c__visibility_control.h
[1.356s] -- Up-to-date symlink: /external/install/unitree_api/include/unitree_api/unitree_api/msg/detail/request__builder.hpp
[1.357s] -- Up-to-date symlink: /external/install/unitree_api/include/unitree_api/unitree_api/msg/detail/request__struct.hpp
[1.357s] -- Up-to-date symlink: /external/install/unitree_api/include/unitree_api/unitree_api/msg/detail/request__traits.hpp
[1.357s] -- Up-to-date symlink: /external/install/unitree_api/include/unitree_api/unitree_api/msg/detail/request__type_support.hpp
[1.358s] -- Up-to-date symlink: /external/install/unitree_api/include/unitree_api/unitree_api/msg/detail/request_header__builder.hpp
[1.358s] -- Up-to-date symlink: /external/install/unitree_api/include/unitree_api/unitree_api/msg/detail/request_header__struct.hpp
[1.359s] -- Up-to-date symlink: /external/install/unitree_api/include/unitree_api/unitree_api/msg/detail/request_header__traits.hpp
[1.359s] -- Up-to-date symlink: /external/install/unitree_api/include/unitree_api/unitree_api/msg/detail/request_header__type_support.hpp
[1.360s] -- Up-to-date symlink: /external/install/unitree_api/include/unitree_api/unitree_api/msg/detail/request_identity__builder.hpp
[1.361s] -- Up-to-date symlink: /external/install/unitree_api/include/unitree_api/unitree_api/msg/detail/request_identity__struct.hpp
[1.361s] -- Up-to-date symlink: /external/install/unitree_api/include/unitree_api/unitree_api/msg/detail/request_identity__traits.hpp
[1.361s] -- Up-to-date symlink: /external/install/unitree_api/include/unitree_api/unitree_api/msg/detail/request_identity__type_support.hpp
[1.361s] -- Up-to-date symlink: /external/install/unitree_api/include/unitree_api/unitree_api/msg/detail/request_lease__builder.hpp
[1.362s] -- Up-to-date symlink: /external/install/unitree_api/include/unitree_api/unitree_api/msg/detail/request_lease__struct.hpp
[1.362s] -- Up-to-date symlink: /external/install/unitree_api/include/unitree_api/unitree_api/msg/detail/request_lease__traits.hpp
[1.363s] -- Up-to-date symlink: /external/install/unitree_api/include/unitree_api/unitree_api/msg/detail/request_lease__type_support.hpp
[1.363s] -- Up-to-date symlink: /external/install/unitree_api/include/unitree_api/unitree_api/msg/detail/request_policy__builder.hpp
[1.363s] -- Up-to-date symlink: /external/install/unitree_api/include/unitree_api/unitree_api/msg/detail/request_policy__struct.hpp
[1.363s] -- Up-to-date symlink: /external/install/unitree_api/include/unitree_api/unitree_api/msg/detail/request_policy__traits.hpp
[1.364s] -- Up-to-date symlink: /external/install/unitree_api/include/unitree_api/unitree_api/msg/detail/request_policy__type_support.hpp
[1.364s] -- Up-to-date symlink: /external/install/unitree_api/include/unitree_api/unitree_api/msg/detail/response__builder.hpp
[1.364s] -- Up-to-date symlink: /external/install/unitree_api/include/unitree_api/unitree_api/msg/detail/response__struct.hpp
[1.374s] -- Up-to-date symlink: /external/install/unitree_api/include/unitree_api/unitree_api/msg/detail/response__traits.hpp
[1.374s] -- Up-to-date symlink: /external/install/unitree_api/include/unitree_api/unitree_api/msg/detail/response__type_support.hpp
[1.374s] -- Up-to-date symlink: /external/install/unitree_api/include/unitree_api/unitree_api/msg/detail/response_header__builder.hpp
[1.375s] -- Up-to-date symlink: /external/install/unitree_api/include/unitree_api/unitree_api/msg/detail/response_header__struct.hpp
[1.375s] -- Up-to-date symlink: /external/install/unitree_api/include/unitree_api/unitree_api/msg/detail/response_header__traits.hpp
[1.375s] -- Up-to-date symlink: /external/install/unitree_api/include/unitree_api/unitree_api/msg/detail/response_header__type_support.hpp
[1.376s] -- Up-to-date symlink: /external/install/unitree_api/include/unitree_api/unitree_api/msg/detail/response_status__builder.hpp
[1.376s] -- Up-to-date symlink: /external/install/unitree_api/include/unitree_api/unitree_api/msg/detail/response_status__struct.hpp
[1.376s] -- Up-to-date symlink: /external/install/unitree_api/include/unitree_api/unitree_api/msg/detail/response_status__traits.hpp
[1.376s] -- Up-to-date symlink: /external/install/unitree_api/include/unitree_api/unitree_api/msg/detail/response_status__type_support.hpp
[1.377s] -- Up-to-date symlink: /external/install/unitree_api/include/unitree_api/unitree_api/msg/request.hpp
[1.377s] -- Up-to-date symlink: /external/install/unitree_api/include/unitree_api/unitree_api/msg/request_header.hpp
[1.378s] -- Up-to-date symlink: /external/install/unitree_api/include/unitree_api/unitree_api/msg/request_identity.hpp
[1.379s] -- Up-to-date symlink: /external/install/unitree_api/include/unitree_api/unitree_api/msg/request_lease.hpp
[1.379s] -- Up-to-date symlink: /external/install/unitree_api/include/unitree_api/unitree_api/msg/request_policy.hpp
[1.379s] -- Up-to-date symlink: /external/install/unitree_api/include/unitree_api/unitree_api/msg/response.hpp
[1.379s] -- Up-to-date symlink: /external/install/unitree_api/include/unitree_api/unitree_api/msg/response_header.hpp
[1.380s] -- Up-to-date symlink: /external/install/unitree_api/include/unitree_api/unitree_api/msg/response_status.hpp
[1.380s] -- Up-to-date symlink: /external/install/unitree_api/include/unitree_api/unitree_api/msg/rosidl_generator_cpp__visibility_control.hpp
[1.381s] -- Up-to-date symlink: /external/install/unitree_api/include/unitree_api/unitree_api/msg/detail/request__rosidl_typesupport_fastrtps_cpp.hpp
[1.381s] -- Up-to-date symlink: /external/install/unitree_api/include/unitree_api/unitree_api/msg/detail/request_header__rosidl_typesupport_fastrtps_cpp.hpp
[1.381s] -- Up-to-date symlink: /external/install/unitree_api/include/unitree_api/unitree_api/msg/detail/request_identity__rosidl_typesupport_fastrtps_cpp.hpp
[1.385s] -- Up-to-date symlink: /external/install/unitree_api/include/unitree_api/unitree_api/msg/detail/request_lease__rosidl_typesupport_fastrtps_cpp.hpp
[1.386s] -- Up-to-date symlink: /external/install/unitree_api/include/unitree_api/unitree_api/msg/detail/request_policy__rosidl_typesupport_fastrtps_cpp.hpp
[1.386s] -- Up-to-date symlink: /external/install/unitree_api/include/unitree_api/unitree_api/msg/detail/response__rosidl_typesupport_fastrtps_cpp.hpp
[1.386s] -- Up-to-date symlink: /external/install/unitree_api/include/unitree_api/unitree_api/msg/detail/response_header__rosidl_typesupport_fastrtps_cpp.hpp
[1.387s] -- Up-to-date symlink: /external/install/unitree_api/include/unitree_api/unitree_api/msg/detail/response_status__rosidl_typesupport_fastrtps_cpp.hpp
[1.387s] -- Up-to-date symlink: /external/install/unitree_api/include/unitree_api/unitree_api/msg/rosidl_typesupport_fastrtps_cpp__visibility_control.h
[1.387s] -- Up-to-date symlink: /external/install/unitree_api/include/unitree_api/unitree_api/msg/detail/request__rosidl_typesupport_introspection_c.h
[1.387s] -- Up-to-date symlink: /external/install/unitree_api/include/unitree_api/unitree_api/msg/detail/request_header__rosidl_typesupport_introspection_c.h
[1.388s] -- Up-to-date symlink: /external/install/unitree_api/include/unitree_api/unitree_api/msg/detail/request_identity__rosidl_typesupport_introspection_c.h
[1.389s] -- Up-to-date symlink: /external/install/unitree_api/include/unitree_api/unitree_api/msg/detail/request_lease__rosidl_typesupport_introspection_c.h
[1.389s] -- Up-to-date symlink: /external/install/unitree_api/include/unitree_api/unitree_api/msg/detail/request_policy__rosidl_typesupport_introspection_c.h
[1.390s] -- Up-to-date symlink: /external/install/unitree_api/include/unitree_api/unitree_api/msg/detail/response__rosidl_typesupport_introspection_c.h
[1.390s] -- Up-to-date symlink: /external/install/unitree_api/include/unitree_api/unitree_api/msg/detail/response_header__rosidl_typesupport_introspection_c.h
[1.390s] -- Up-to-date symlink: /external/install/unitree_api/include/unitree_api/unitree_api/msg/detail/response_status__rosidl_typesupport_introspection_c.h
[1.391s] -- Up-to-date symlink: /external/install/unitree_api/include/unitree_api/unitree_api/msg/rosidl_typesupport_introspection_c__visibility_control.h
[1.391s] -- Up-to-date symlink: /external/install/unitree_api/include/unitree_api/unitree_api/msg/detail/request__rosidl_typesupport_introspection_cpp.hpp
[1.392s] -- Up-to-date symlink: /external/install/unitree_api/include/unitree_api/unitree_api/msg/detail/request_header__rosidl_typesupport_introspection_cpp.hpp
[1.392s] -- Up-to-date symlink: /external/install/unitree_api/include/unitree_api/unitree_api/msg/detail/request_identity__rosidl_typesupport_introspection_cpp.hpp
[1.393s] -- Up-to-date symlink: /external/install/unitree_api/include/unitree_api/unitree_api/msg/detail/request_lease__rosidl_typesupport_introspection_cpp.hpp
[1.395s] -- Up-to-date symlink: /external/install/unitree_api/include/unitree_api/unitree_api/msg/detail/request_policy__rosidl_typesupport_introspection_cpp.hpp
[1.405s] -- Up-to-date symlink: /external/install/unitree_api/include/unitree_api/unitree_api/msg/detail/response__rosidl_typesupport_introspection_cpp.hpp
[1.405s] -- Up-to-date symlink: /external/install/unitree_api/include/unitree_api/unitree_api/msg/detail/response_header__rosidl_typesupport_introspection_cpp.hpp
[1.405s] -- Up-to-date symlink: /external/install/unitree_api/include/unitree_api/unitree_api/msg/detail/response_status__rosidl_typesupport_introspection_cpp.hpp
[1.405s] -- Up-to-date symlink: /external/install/unitree_api/share/unitree_api/environment/pythonpath.sh
[1.405s] -- Up-to-date symlink: /external/install/unitree_api/share/unitree_api/environment/pythonpath.dsv
[1.412s] -- Up-to-date symlink: /external/install/unitree_api/local/lib/python3.10/dist-packages/unitree_api-0.0.0-py3.10.egg-info/PKG-INFO
[1.414s] -- Up-to-date symlink: /external/install/unitree_api/local/lib/python3.10/dist-packages/unitree_api-0.0.0-py3.10.egg-info/SOURCES.txt
[1.414s] -- Up-to-date symlink: /external/install/unitree_api/local/lib/python3.10/dist-packages/unitree_api-0.0.0-py3.10.egg-info/dependency_links.txt
[1.416s] -- Up-to-date symlink: /external/install/unitree_api/local/lib/python3.10/dist-packages/unitree_api-0.0.0-py3.10.egg-info/top_level.txt
[1.418s] -- Up-to-date symlink: /external/install/unitree_api/local/lib/python3.10/dist-packages/unitree_api/__init__.py
[1.419s] -- Up-to-date symlink: /external/install/unitree_api/local/lib/python3.10/dist-packages/unitree_api/_unitree_api_s.ep.rosidl_typesupport_c.c
[1.419s] -- Up-to-date symlink: /external/install/unitree_api/local/lib/python3.10/dist-packages/unitree_api/_unitree_api_s.ep.rosidl_typesupport_fastrtps_c.c
[1.419s] -- Up-to-date symlink: /external/install/unitree_api/local/lib/python3.10/dist-packages/unitree_api/_unitree_api_s.ep.rosidl_typesupport_introspection_c.c
[1.420s] -- Up-to-date symlink: /external/install/unitree_api/local/lib/python3.10/dist-packages/unitree_api/libunitree_api__rosidl_generator_py.so
[1.421s] -- Up-to-date symlink: /external/install/unitree_api/local/lib/python3.10/dist-packages/unitree_api/msg/__init__.py
[1.421s] -- Up-to-date symlink: /external/install/unitree_api/local/lib/python3.10/dist-packages/unitree_api/msg/_request.py
[1.422s] -- Up-to-date symlink: /external/install/unitree_api/local/lib/python3.10/dist-packages/unitree_api/msg/_request_header.py
[1.423s] -- Up-to-date symlink: /external/install/unitree_api/local/lib/python3.10/dist-packages/unitree_api/msg/_request_header_s.c
[1.423s] -- Up-to-date symlink: /external/install/unitree_api/local/lib/python3.10/dist-packages/unitree_api/msg/_request_identity.py
[1.423s] -- Up-to-date symlink: /external/install/unitree_api/local/lib/python3.10/dist-packages/unitree_api/msg/_request_identity_s.c
[1.427s] -- Up-to-date symlink: /external/install/unitree_api/local/lib/python3.10/dist-packages/unitree_api/msg/_request_lease.py
[1.432s] -- Up-to-date symlink: /external/install/unitree_api/local/lib/python3.10/dist-packages/unitree_api/msg/_request_lease_s.c
[1.433s] -- Up-to-date symlink: /external/install/unitree_api/local/lib/python3.10/dist-packages/unitree_api/msg/_request_policy.py
[1.434s] -- Up-to-date symlink: /external/install/unitree_api/local/lib/python3.10/dist-packages/unitree_api/msg/_request_policy_s.c
[1.435s] -- Up-to-date symlink: /external/install/unitree_api/local/lib/python3.10/dist-packages/unitree_api/msg/_request_s.c
[1.436s] -- Up-to-date symlink: /external/install/unitree_api/local/lib/python3.10/dist-packages/unitree_api/msg/_response.py
[1.437s] -- Up-to-date symlink: /external/install/unitree_api/local/lib/python3.10/dist-packages/unitree_api/msg/_response_header.py
[1.437s] -- Up-to-date symlink: /external/install/unitree_api/local/lib/python3.10/dist-packages/unitree_api/msg/_response_header_s.c
[1.438s] -- Up-to-date symlink: /external/install/unitree_api/local/lib/python3.10/dist-packages/unitree_api/msg/_response_s.c
[1.438s] -- Up-to-date symlink: /external/install/unitree_api/local/lib/python3.10/dist-packages/unitree_api/msg/_response_status.py
[1.440s] -- Up-to-date symlink: /external/install/unitree_api/local/lib/python3.10/dist-packages/unitree_api/msg/_response_status_s.c
[1.441s] -- Up-to-date symlink: /external/install/unitree_api/local/lib/python3.10/dist-packages/unitree_api/unitree_api_s__rosidl_typesupport_c.cpython-310-aarch64-linux-gnu.so
[1.443s] -- Up-to-date symlink: /external/install/unitree_api/local/lib/python3.10/dist-packages/unitree_api/unitree_api_s__rosidl_typesupport_fastrtps_c.cpython-310-aarch64-linux-gnu.so
[1.446s] -- Up-to-date symlink: /external/install/unitree_api/local/lib/python3.10/dist-packages/unitree_api/unitree_api_s__rosidl_typesupport_introspection_c.cpython-310-aarch64-linux-gnu.so
[1.450s] -- Up-to-date symlink: /external/install/unitree_api/local/lib/python3.10/dist-packages/unitree_api/unitree_api_s__rosidl_typesupport_fastrtps_c.cpython-310-aarch64-linux-gnu.so
[1.452s] -- Up-to-date symlink: /external/install/unitree_api/local/lib/python3.10/dist-packages/unitree_api/unitree_api_s__rosidl_typesupport_introspection_c.cpython-310-aarch64-linux-gnu.so
[1.453s] -- Up-to-date symlink: /external/install/unitree_api/local/lib/python3.10/dist-packages/unitree_api/unitree_api_s__rosidl_typesupport_c.cpython-310-aarch64-linux-gnu.so
[1.457s] -- Up-to-date symlink: /external/install/unitree_api/share/unitree_api/msg/Request.idl
[1.457s] -- Up-to-date symlink: /external/install/unitree_api/share/unitree_api/msg/RequestHeader.idl
[1.458s] -- Up-to-date symlink: /external/install/unitree_api/share/unitree_api/msg/RequestIdentity.idl
[1.462s] -- Up-to-date symlink: /external/install/unitree_api/share/unitree_api/msg/RequestLease.idl
[1.462s] -- Up-to-date symlink: /external/install/unitree_api/share/unitree_api/msg/RequestPolicy.idl
[1.463s] -- Up-to-date symlink: /external/install/unitree_api/share/unitree_api/msg/Response.idl
[1.464s] -- Up-to-date symlink: /external/install/unitree_api/share/unitree_api/msg/ResponseHeader.idl
[1.464s] -- Up-to-date symlink: /external/install/unitree_api/share/unitree_api/msg/ResponseStatus.idl
[1.467s] -- Up-to-date symlink: /external/install/unitree_api/share/unitree_api/msg/Request.msg
[1.467s] -- Up-to-date symlink: /external/install/unitree_api/share/unitree_api/msg/RequestHeader.msg
[1.468s] -- Up-to-date symlink: /external/install/unitree_api/share/unitree_api/msg/RequestIdentity.msg
[1.469s] -- Up-to-date symlink: /external/install/unitree_api/share/unitree_api/msg/RequestLease.msg
[1.469s] -- Up-to-date symlink: /external/install/unitree_api/share/unitree_api/msg/RequestPolicy.msg
[1.471s] -- Up-to-date symlink: /external/install/unitree_api/share/unitree_api/msg/Response.msg
[1.472s] -- Up-to-date symlink: /external/install/unitree_api/share/unitree_api/msg/ResponseHeader.msg
[1.473s] -- Up-to-date symlink: /external/install/unitree_api/share/unitree_api/msg/ResponseStatus.msg
[1.476s] -- Up-to-date symlink: /external/install/unitree_api/share/unitree_api/msg/dds_connext/RequestHeader_.idl
[1.477s] -- Up-to-date symlink: /external/install/unitree_api/share/unitree_api/msg/dds_connext/RequestIdentity_.idl
[1.477s] -- Up-to-date symlink: /external/install/unitree_api/share/unitree_api/msg/dds_connext/RequestLease_.idl
[1.478s] -- Up-to-date symlink: /external/install/unitree_api/share/unitree_api/msg/dds_connext/RequestPolicy_.idl
[1.480s] -- Up-to-date symlink: /external/install/unitree_api/share/unitree_api/msg/dds_connext/Request_.idl
[1.481s] -- Up-to-date symlink: /external/install/unitree_api/share/unitree_api/msg/dds_connext/ResponseHeader_.idl
[1.482s] -- Up-to-date symlink: /external/install/unitree_api/share/unitree_api/msg/dds_connext/ResponseStatus_.idl
[1.482s] -- Up-to-date symlink: /external/install/unitree_api/share/unitree_api/msg/dds_connext/Response_.idl
[1.483s] -- Up-to-date symlink: /external/install/unitree_api/share/ament_index/resource_index/package_run_dependencies/unitree_api
[1.487s] -- Up-to-date symlink: /external/install/unitree_api/share/ament_index/resource_index/parent_prefix_path/unitree_api
[1.488s] -- Up-to-date symlink: /external/install/unitree_api/share/unitree_api/environment/ament_prefix_path.sh
[1.489s] -- Up-to-date symlink: /external/install/unitree_api/share/unitree_api/environment/ament_prefix_path.dsv
[1.490s] -- Up-to-date symlink: /external/install/unitree_api/share/unitree_api/environment/path.sh
[1.491s] -- Up-to-date symlink: /external/install/unitree_api/share/unitree_api/environment/path.dsv
[1.492s] -- Up-to-date symlink: /external/install/unitree_api/share/unitree_api/local_setup.bash
[1.493s] -- Up-to-date symlink: /external/install/unitree_api/share/unitree_api/local_setup.sh
[1.493s] -- Up-to-date symlink: /external/install/unitree_api/share/unitree_api/local_setup.zsh
[1.494s] -- Up-to-date symlink: /external/install/unitree_api/share/unitree_api/local_setup.dsv
[1.494s] -- Symlinking: /external/install/unitree_api/share/unitree_api/package.dsv
[1.516s] -- Up-to-date symlink: /external/install/unitree_api/share/ament_index/resource_index/packages/unitree_api
[1.516s] -- Up-to-date symlink: /external/install/unitree_api/share/unitree_api/cmake/rosidl_cmake-extras.cmake
[1.516s] -- Up-to-date symlink: /external/install/unitree_api/share/unitree_api/cmake/ament_cmake_export_dependencies-extras.cmake
[1.517s] -- Up-to-date symlink: /external/install/unitree_api/share/unitree_api/cmake/ament_cmake_export_include_directories-extras.cmake
[1.517s] -- Up-to-date symlink: /external/install/unitree_api/share/unitree_api/cmake/ament_cmake_export_libraries-extras.cmake
[1.517s] -- Up-to-date symlink: /external/install/unitree_api/share/unitree_api/cmake/ament_cmake_export_targets-extras.cmake
[1.518s] -- Up-to-date symlink: /external/install/unitree_api/share/unitree_api/cmake/rosidl_cmake_export_typesupport_targets-extras.cmake
[1.518s] -- Up-to-date symlink: /external/install/unitree_api/share/unitree_api/cmake/rosidl_cmake_export_typesupport_libraries-extras.cmake
[1.519s] -- Up-to-date symlink: /external/install/unitree_api/share/unitree_api/cmake/unitree_apiConfig.cmake
[1.520s] -- Up-to-date symlink: /external/install/unitree_api/share/unitree_api/cmake/unitree_apiConfig-version.cmake
[1.520s] -- Up-to-date symlink: /external/install/unitree_api/share/unitree_api/package.xml
[1.522s] -- Up-to-date: /external/install/unitree_api/lib/libunitree_api__rosidl_generator_c.so
[1.522s] -- Up-to-date: /external/install/unitree_api/lib/libunitree_api__rosidl_typesupport_fastrtps_c.so
[1.523s] -- Up-to-date: /external/install/unitree_api/lib/libunitree_api__rosidl_typesupport_fastrtps_cpp.so
[1.524s] -- Up-to-date: /external/install/unitree_api/lib/libunitree_api__rosidl_typesupport_introspection_c.so
[1.525s] -- Up-to-date: /external/install/unitree_api/lib/libunitree_api__rosidl_typesupport_c.so
[1.525s] -- Up-to-date: /external/install/unitree_api/lib/libunitree_api__rosidl_typesupport_introspection_cpp.so
[1.526s] -- Up-to-date: /external/install/unitree_api/lib/libunitree_api__rosidl_typesupport_cpp.so
[1.588s] Listing '/external/install/unitree_api/local/lib/python3.10/dist-packages/unitree_api'...
[1.588s] Listing '/external/install/unitree_api/local/lib/python3.10/dist-packages/unitree_api/msg'...
[1.589s] -- Up-to-date: /external/install/unitree_api/lib/libunitree_api__rosidl_generator_py.so
[1.591s] -- Up-to-date: /external/install/unitree_api/share/unitree_api/cmake/export_unitree_api__rosidl_generator_cExport.cmake
[1.592s] -- Up-to-date: /external/install/unitree_api/share/unitree_api/cmake/export_unitree_api__rosidl_generator_cExport-noconfig.cmake
[1.592s] -- Up-to-date: /external/install/unitree_api/share/unitree_api/cmake/export_unitree_api__rosidl_typesupport_fastrtps_cExport.cmake
[1.592s] -- Up-to-date: /external/install/unitree_api/share/unitree_api/cmake/export_unitree_api__rosidl_typesupport_fastrtps_cExport-noconfig.cmake
[1.593s] -- Up-to-date: /external/install/unitree_api/share/unitree_api/cmake/export_unitree_api__rosidl_generator_cppExport.cmake
[1.593s] -- Up-to-date: /external/install/unitree_api/share/unitree_api/cmake/export_unitree_api__rosidl_typesupport_fastrtps_cppExport.cmake
[1.598s] -- Up-to-date: /external/install/unitree_api/share/unitree_api/cmake/export_unitree_api__rosidl_typesupport_fastrtps_cppExport-noconfig.cmake
[1.599s] -- Up-to-date: /external/install/unitree_api/share/unitree_api/cmake/unitree_api__rosidl_typesupport_introspection_cExport.cmake
[1.599s] -- Up-to-date: /external/install/unitree_api/share/unitree_api/cmake/unitree_api__rosidl_typesupport_introspection_cExport-noconfig.cmake
[1.599s] -- Up-to-date: /external/install/unitree_api/share/unitree_api/cmake/unitree_api__rosidl_typesupport_cExport.cmake
[1.599s] -- Up-to-date: /external/install/unitree_api/share/unitree_api/cmake/unitree_api__rosidl_typesupport_cExport-noconfig.cmake
[1.601s] -- Up-to-date: /external/install/unitree_api/share/unitree_api/cmake/unitree_api__rosidl_typesupport_introspection_cppExport.cmake
[1.602s] -- Up-to-date: /external/install/unitree_api/share/unitree_api/cmake/unitree_api__rosidl_typesupport_introspection_cppExport-noconfig.cmake
[1.603s] -- Up-to-date: /external/install/unitree_api/share/unitree_api/cmake/unitree_api__rosidl_typesupport_cppExport.cmake
[1.604s] -- Up-to-date: /external/install/unitree_api/share/unitree_api/cmake/unitree_api__rosidl_typesupport_cppExport-noconfig.cmake
[1.604s] -- Up-to-date: /external/install/unitree_api/share/unitree_api/cmake/export_unitree_api__rosidl_generator_pyExport.cmake
[1.606s] -- Up-to-date: /external/install/unitree_api/share/unitree_api/cmake/export_unitree_api__rosidl_generator_pyExport-noconfig.cmake
[1.619s] Invoked command in '/external/build/unitree_api' returned '0': CMAKE_PREFIX_PATH=/opt/ros/humble /usr/bin/cmake --install /external/build/unitree_api
