-- Found pcl_conversions: 2.4.5 (/opt/ros/humble/share/pcl_conversions/cmake)
-- Override CMake install command with custom implementation using symlinks instead of copying resources
-- Found rosidl_generator_c: 3.1.6 (/opt/ros/humble/share/rosidl_generator_c/cmake)
-- Found rosidl_adapter: 3.1.6 (/opt/ros/humble/share/rosidl_adapter/cmake)
-- Found rosidl_generator_cpp: 3.1.6 (/opt/ros/humble/share/rosidl_generator_cpp/cmake)
-- Using all available rosidl_typesupport_c: rosidl_typesupport_fastrtps_c;rosidl_typesupport_introspection_c
-- Using all available rosidl_typesupport_cpp: rosidl_typesupport_fastrtps_cpp;rosidl_typesupport_introspection_cpp
-- Found rmw_implementation_cmake: 6.1.2 (/opt/ros/humble/share/rmw_implementation_cmake/cmake)
-- Found rmw_fastrtps_cpp: 6.2.7 (/opt/ros/humble/share/rmw_fastrtps_cpp/cmake)
-- Using RMW implementation 'rmw_fastrtps_cpp' as default
-- Eigen found (include: /usr/include/eigen3, version: 3.4.0)
-- FLANN found (include: /usr/include, lib: /usr/lib/aarch64-linux-gnu/libflann_cpp.so)
-- OpenNI found (version: 1.5.4.0, include: /usr/include/ni, lib: /usr/lib/libOpenNI.so;libusb::libusb)
-- OpenNI2 found (version: 2.2.0.33, include: /usr/include/openni2, lib: /usr/lib/aarch64-linux-gnu/libOpenNI2.so;libusb::libusb)
-- Eigen found (include: /usr/include/eigen3, version: 3.4.0)
-- OpenNI found (version: 1.5.4.0, include: /usr/include/ni, lib: /usr/lib/libOpenNI.so;libusb::libusb)
-- OpenNI2 found (version: 2.2.0.33, include: /usr/include/openni2, lib: /usr/lib/aarch64-linux-gnu/libOpenNI2.so;libusb::libusb)
-- Found Qhull version 8.0.2
-- OpenNI found (version: 1.5.4.0, include: /usr/include/ni, lib: /usr/lib/libOpenNI.so;libusb::libusb)
-- Found rclcpp_action: 16.0.12 (/opt/ros/humble/share/rclcpp_action/cmake)
-- Found rclcpp_components: 16.0.12 (/opt/ros/humble/share/rclcpp_components/cmake)
-- Found rosidl_default_generators: 1.2.0 (/opt/ros/humble/share/rosidl_default_generators/cmake)
-- Found image_transport: 3.1.11 (/opt/ros/humble/share/image_transport/cmake)
-- Found tf2: 0.25.12 (/opt/ros/humble/share/tf2/cmake)
-- Found tf2_ros: 0.25.12 (/opt/ros/humble/share/tf2_ros/cmake)
-- Found tf2_geometry_msgs: 0.25.12 (/opt/ros/humble/share/tf2_geometry_msgs/cmake)
-- Found eigen3_cmake_module: 0.1.1 (/opt/ros/humble/share/eigen3_cmake_module/cmake)
-- Ensuring Eigen3 include directory is part of orocos-kdl CMake target
-- Found ament_cmake_ros: 0.10.0 (/opt/ros/humble/share/ament_cmake_ros/cmake)
-- Using all available rosidl_typesupport_c: rosidl_typesupport_fastrtps_c;rosidl_typesupport_introspection_c
-- Using all available rosidl_typesupport_cpp: rosidl_typesupport_fastrtps_cpp;rosidl_typesupport_introspection_cpp
-- Found python_cmake_module: 0.10.0 (/opt/ros/humble/share/python_cmake_module/cmake)
-- Using PYTHON_EXECUTABLE: /usr/bin/python3
-- Using PYTHON_INCLUDE_DIRS: /usr/include/python3.10
-- Using PYTHON_LIBRARIES: /usr/lib/aarch64-linux-gnu/libpython3.10.so
-- Configuring for ARM architecture
-- Configuring done
-- Generating done
-- Build files have been written to: /external/build/hesai_lidar
[35m[1mConsolidate compiler generated dependencies of target hesai_lidar__rosidl_generator_c[0m
[  2%] Built target hesai_lidar__cpp
[ 12%] Built target hesai_lidar__rosidl_generator_c
[ 12%] Built target ament_cmake_python_symlink_hesai_lidar
[35m[1mConsolidate compiler generated dependencies of target hesai_lidar__rosidl_typesupport_cpp[0m
[35m[1mConsolidate compiler generated dependencies of target hesai_lidar__rosidl_typesupport_introspection_cpp[0m
[35m[1mConsolidate compiler generated dependencies of target hesai_lidar__rosidl_typesupport_fastrtps_cpp[0m
[35m[1mConsolidate compiler generated dependencies of target hesai_lidar__rosidl_typesupport_introspection_c[0m
[35m[1mConsolidate compiler generated dependencies of target hesai_lidar__rosidl_typesupport_c[0m
[35m[1mConsolidate compiler generated dependencies of target hesai_lidar__rosidl_typesupport_fastrtps_c[0m
[ 21%] Built target hesai_lidar__rosidl_typesupport_cpp
[ 31%] Built target hesai_lidar__rosidl_typesupport_fastrtps_cpp
[ 41%] Built target hesai_lidar__rosidl_typesupport_introspection_c
[ 51%] Built target hesai_lidar__rosidl_typesupport_fastrtps_c
[ 60%] Built target hesai_lidar__rosidl_typesupport_introspection_cpp
[ 70%] Built target hesai_lidar__rosidl_typesupport_c
[35m[1mConsolidate compiler generated dependencies of target hesai_lidar_node[0m
[ 70%] Built target hesai_lidar
[ 73%] [32mBuilding CXX object CMakeFiles/hesai_lidar_node.dir/src/main_ros2.cc.o[0m
[ 75%] Built target hesai_lidar__py
[35m[1mConsolidate compiler generated dependencies of target hesai_lidar__rosidl_generator_py[0m
[ 82%] Built target hesai_lidar__rosidl_generator_py
[35m[1mConsolidate compiler generated dependencies of target hesai_lidar__rosidl_typesupport_introspection_c__pyext[0m
[35m[1mConsolidate compiler generated dependencies of target hesai_lidar__rosidl_typesupport_fastrtps_c__pyext[0m
[35m[1mConsolidate compiler generated dependencies of target hesai_lidar__rosidl_typesupport_c__pyext[0m
[ 87%] Built target hesai_lidar__rosidl_typesupport_introspection_c__pyext
[ 92%] Built target hesai_lidar__rosidl_typesupport_fastrtps_c__pyext
[ 97%] Built target hesai_lidar__rosidl_typesupport_c__pyext
running egg_info
writing hesai_lidar.egg-info/PKG-INFO
writing dependency_links to hesai_lidar.egg-info/dependency_links.txt
writing top-level names to hesai_lidar.egg-info/top_level.txt
reading manifest file 'hesai_lidar.egg-info/SOURCES.txt'
writing manifest file 'hesai_lidar.egg-info/SOURCES.txt'
[ 97%] Built target ament_cmake_python_build_hesai_lidar_egg
[100%] [32m[1mLinking CXX executable hesai_lidar_node[0m
[100%] Built target hesai_lidar_node
-- Install configuration: ""
-- Execute custom install script
-- Up-to-date symlink: /external/install/hesai_lidar/share/ament_index/resource_index/rosidl_interfaces/hesai_lidar
-- Up-to-date symlink: /external/install/hesai_lidar/include/hesai_lidar/hesai_lidar/msg/detail/pandar_packet__functions.h
-- Up-to-date symlink: /external/install/hesai_lidar/include/hesai_lidar/hesai_lidar/msg/detail/pandar_packet__struct.h
-- Up-to-date symlink: /external/install/hesai_lidar/include/hesai_lidar/hesai_lidar/msg/detail/pandar_packet__type_support.h
-- Up-to-date symlink: /external/install/hesai_lidar/include/hesai_lidar/hesai_lidar/msg/detail/pandar_scan__functions.h
-- Up-to-date symlink: /external/install/hesai_lidar/include/hesai_lidar/hesai_lidar/msg/detail/pandar_scan__struct.h
-- Up-to-date symlink: /external/install/hesai_lidar/include/hesai_lidar/hesai_lidar/msg/detail/pandar_scan__type_support.h
-- Up-to-date symlink: /external/install/hesai_lidar/include/hesai_lidar/hesai_lidar/msg/pandar_packet.h
-- Up-to-date symlink: /external/install/hesai_lidar/include/hesai_lidar/hesai_lidar/msg/pandar_scan.h
-- Up-to-date symlink: /external/install/hesai_lidar/include/hesai_lidar/hesai_lidar/msg/rosidl_generator_c__visibility_control.h
-- Up-to-date symlink: /external/install/hesai_lidar/share/hesai_lidar/environment/library_path.sh
-- Up-to-date symlink: /external/install/hesai_lidar/share/hesai_lidar/environment/library_path.dsv
-- Up-to-date symlink: /external/install/hesai_lidar/include/hesai_lidar/hesai_lidar/msg/detail/pandar_packet__rosidl_typesupport_fastrtps_c.h
-- Up-to-date symlink: /external/install/hesai_lidar/include/hesai_lidar/hesai_lidar/msg/detail/pandar_scan__rosidl_typesupport_fastrtps_c.h
-- Up-to-date symlink: /external/install/hesai_lidar/include/hesai_lidar/hesai_lidar/msg/rosidl_typesupport_fastrtps_c__visibility_control.h
-- Up-to-date symlink: /external/install/hesai_lidar/include/hesai_lidar/hesai_lidar/msg/detail/pandar_packet__builder.hpp
-- Up-to-date symlink: /external/install/hesai_lidar/include/hesai_lidar/hesai_lidar/msg/detail/pandar_packet__struct.hpp
-- Up-to-date symlink: /external/install/hesai_lidar/include/hesai_lidar/hesai_lidar/msg/detail/pandar_packet__traits.hpp
-- Up-to-date symlink: /external/install/hesai_lidar/include/hesai_lidar/hesai_lidar/msg/detail/pandar_packet__type_support.hpp
-- Up-to-date symlink: /external/install/hesai_lidar/include/hesai_lidar/hesai_lidar/msg/detail/pandar_scan__builder.hpp
-- Up-to-date symlink: /external/install/hesai_lidar/include/hesai_lidar/hesai_lidar/msg/detail/pandar_scan__struct.hpp
-- Up-to-date symlink: /external/install/hesai_lidar/include/hesai_lidar/hesai_lidar/msg/detail/pandar_scan__traits.hpp
-- Up-to-date symlink: /external/install/hesai_lidar/include/hesai_lidar/hesai_lidar/msg/detail/pandar_scan__type_support.hpp
-- Up-to-date symlink: /external/install/hesai_lidar/include/hesai_lidar/hesai_lidar/msg/pandar_packet.hpp
-- Up-to-date symlink: /external/install/hesai_lidar/include/hesai_lidar/hesai_lidar/msg/pandar_scan.hpp
-- Up-to-date symlink: /external/install/hesai_lidar/include/hesai_lidar/hesai_lidar/msg/rosidl_generator_cpp__visibility_control.hpp
-- Up-to-date symlink: /external/install/hesai_lidar/include/hesai_lidar/hesai_lidar/msg/detail/pandar_packet__rosidl_typesupport_fastrtps_cpp.hpp
-- Up-to-date symlink: /external/install/hesai_lidar/include/hesai_lidar/hesai_lidar/msg/detail/pandar_scan__rosidl_typesupport_fastrtps_cpp.hpp
-- Up-to-date symlink: /external/install/hesai_lidar/include/hesai_lidar/hesai_lidar/msg/rosidl_typesupport_fastrtps_cpp__visibility_control.h
-- Up-to-date symlink: /external/install/hesai_lidar/include/hesai_lidar/hesai_lidar/msg/detail/pandar_packet__rosidl_typesupport_introspection_c.h
-- Up-to-date symlink: /external/install/hesai_lidar/include/hesai_lidar/hesai_lidar/msg/detail/pandar_scan__rosidl_typesupport_introspection_c.h
-- Up-to-date symlink: /external/install/hesai_lidar/include/hesai_lidar/hesai_lidar/msg/rosidl_typesupport_introspection_c__visibility_control.h
-- Up-to-date symlink: /external/install/hesai_lidar/include/hesai_lidar/hesai_lidar/msg/detail/pandar_packet__rosidl_typesupport_introspection_cpp.hpp
-- Up-to-date symlink: /external/install/hesai_lidar/include/hesai_lidar/hesai_lidar/msg/detail/pandar_scan__rosidl_typesupport_introspection_cpp.hpp
-- Up-to-date symlink: /external/install/hesai_lidar/share/hesai_lidar/environment/pythonpath.sh
-- Up-to-date symlink: /external/install/hesai_lidar/share/hesai_lidar/environment/pythonpath.dsv
-- Up-to-date symlink: /external/install/hesai_lidar/local/lib/python3.10/dist-packages/hesai_lidar-0.9.2-py3.10.egg-info/PKG-INFO
-- Up-to-date symlink: /external/install/hesai_lidar/local/lib/python3.10/dist-packages/hesai_lidar-0.9.2-py3.10.egg-info/SOURCES.txt
-- Up-to-date symlink: /external/install/hesai_lidar/local/lib/python3.10/dist-packages/hesai_lidar-0.9.2-py3.10.egg-info/dependency_links.txt
-- Up-to-date symlink: /external/install/hesai_lidar/local/lib/python3.10/dist-packages/hesai_lidar-0.9.2-py3.10.egg-info/top_level.txt
-- Up-to-date symlink: /external/install/hesai_lidar/local/lib/python3.10/dist-packages/hesai_lidar/__init__.py
-- Up-to-date symlink: /external/install/hesai_lidar/local/lib/python3.10/dist-packages/hesai_lidar/_hesai_lidar_s.ep.rosidl_typesupport_c.c
-- Up-to-date symlink: /external/install/hesai_lidar/local/lib/python3.10/dist-packages/hesai_lidar/_hesai_lidar_s.ep.rosidl_typesupport_fastrtps_c.c
-- Up-to-date symlink: /external/install/hesai_lidar/local/lib/python3.10/dist-packages/hesai_lidar/_hesai_lidar_s.ep.rosidl_typesupport_introspection_c.c
-- Up-to-date symlink: /external/install/hesai_lidar/local/lib/python3.10/dist-packages/hesai_lidar/hesai_lidar_s__rosidl_typesupport_c.cpython-310-aarch64-linux-gnu.so
-- Up-to-date symlink: /external/install/hesai_lidar/local/lib/python3.10/dist-packages/hesai_lidar/hesai_lidar_s__rosidl_typesupport_fastrtps_c.cpython-310-aarch64-linux-gnu.so
-- Up-to-date symlink: /external/install/hesai_lidar/local/lib/python3.10/dist-packages/hesai_lidar/hesai_lidar_s__rosidl_typesupport_introspection_c.cpython-310-aarch64-linux-gnu.so
-- Up-to-date symlink: /external/install/hesai_lidar/local/lib/python3.10/dist-packages/hesai_lidar/libhesai_lidar__rosidl_generator_py.so
-- Up-to-date symlink: /external/install/hesai_lidar/local/lib/python3.10/dist-packages/hesai_lidar/msg/__init__.py
-- Up-to-date symlink: /external/install/hesai_lidar/local/lib/python3.10/dist-packages/hesai_lidar/msg/_pandar_packet.py
-- Up-to-date symlink: /external/install/hesai_lidar/local/lib/python3.10/dist-packages/hesai_lidar/msg/_pandar_packet_s.c
-- Up-to-date symlink: /external/install/hesai_lidar/local/lib/python3.10/dist-packages/hesai_lidar/msg/_pandar_scan.py
-- Up-to-date symlink: /external/install/hesai_lidar/local/lib/python3.10/dist-packages/hesai_lidar/msg/_pandar_scan_s.c
-- Up-to-date symlink: /external/install/hesai_lidar/local/lib/python3.10/dist-packages/hesai_lidar/hesai_lidar_s__rosidl_typesupport_fastrtps_c.cpython-310-aarch64-linux-gnu.so
-- Up-to-date symlink: /external/install/hesai_lidar/local/lib/python3.10/dist-packages/hesai_lidar/hesai_lidar_s__rosidl_typesupport_introspection_c.cpython-310-aarch64-linux-gnu.so
-- Up-to-date symlink: /external/install/hesai_lidar/local/lib/python3.10/dist-packages/hesai_lidar/hesai_lidar_s__rosidl_typesupport_c.cpython-310-aarch64-linux-gnu.so
-- Up-to-date symlink: /external/install/hesai_lidar/share/hesai_lidar/msg/PandarPacket.idl
-- Up-to-date symlink: /external/install/hesai_lidar/share/hesai_lidar/msg/PandarScan.idl
-- Up-to-date symlink: /external/install/hesai_lidar/share/hesai_lidar/msg/PandarPacket.msg
-- Up-to-date symlink: /external/install/hesai_lidar/share/hesai_lidar/msg/PandarScan.msg
-- Up-to-date symlink: /external/install/hesai_lidar/lib/hesai_lidar/hesai_lidar_node
-- Up-to-date symlink: /external/install/hesai_lidar/share/hesai_lidar/launch/hesai_lidar_launch.py
-- Up-to-date symlink: /external/install/hesai_lidar/lib/hesai_lidar/libPandarGeneral.so
-- Up-to-date symlink: /external/install/hesai_lidar/lib/hesai_lidar/libPandarGeneralSDK.so
-- Up-to-date symlink: /external/install/hesai_lidar/share/ament_index/resource_index/package_run_dependencies/hesai_lidar
-- Up-to-date symlink: /external/install/hesai_lidar/share/ament_index/resource_index/parent_prefix_path/hesai_lidar
-- Up-to-date symlink: /external/install/hesai_lidar/share/hesai_lidar/environment/ament_prefix_path.sh
-- Up-to-date symlink: /external/install/hesai_lidar/share/hesai_lidar/environment/ament_prefix_path.dsv
-- Up-to-date symlink: /external/install/hesai_lidar/share/hesai_lidar/environment/path.sh
-- Up-to-date symlink: /external/install/hesai_lidar/share/hesai_lidar/environment/path.dsv
-- Up-to-date symlink: /external/install/hesai_lidar/share/hesai_lidar/local_setup.bash
-- Up-to-date symlink: /external/install/hesai_lidar/share/hesai_lidar/local_setup.sh
-- Up-to-date symlink: /external/install/hesai_lidar/share/hesai_lidar/local_setup.zsh
-- Up-to-date symlink: /external/install/hesai_lidar/share/hesai_lidar/local_setup.dsv
-- Symlinking: /external/install/hesai_lidar/share/hesai_lidar/package.dsv
-- Up-to-date symlink: /external/install/hesai_lidar/share/ament_index/resource_index/packages/hesai_lidar
-- Up-to-date symlink: /external/install/hesai_lidar/share/hesai_lidar/cmake/ament_cmake_export_dependencies-extras.cmake
-- Up-to-date symlink: /external/install/hesai_lidar/share/hesai_lidar/cmake/rosidl_cmake-extras.cmake
-- Up-to-date symlink: /external/install/hesai_lidar/share/hesai_lidar/cmake/ament_cmake_export_include_directories-extras.cmake
-- Up-to-date symlink: /external/install/hesai_lidar/share/hesai_lidar/cmake/ament_cmake_export_libraries-extras.cmake
-- Up-to-date symlink: /external/install/hesai_lidar/share/hesai_lidar/cmake/ament_cmake_export_targets-extras.cmake
-- Up-to-date symlink: /external/install/hesai_lidar/share/hesai_lidar/cmake/rosidl_cmake_export_typesupport_targets-extras.cmake
-- Up-to-date symlink: /external/install/hesai_lidar/share/hesai_lidar/cmake/rosidl_cmake_export_typesupport_libraries-extras.cmake
-- Up-to-date symlink: /external/install/hesai_lidar/share/hesai_lidar/cmake/hesai_lidarConfig.cmake
-- Up-to-date symlink: /external/install/hesai_lidar/share/hesai_lidar/cmake/hesai_lidarConfig-version.cmake
-- Up-to-date symlink: /external/install/hesai_lidar/share/hesai_lidar/package.xml
-- Up-to-date: /external/install/hesai_lidar/lib/libhesai_lidar__rosidl_generator_c.so
-- Up-to-date: /external/install/hesai_lidar/lib/libhesai_lidar__rosidl_typesupport_fastrtps_c.so
-- Up-to-date: /external/install/hesai_lidar/lib/libhesai_lidar__rosidl_typesupport_fastrtps_cpp.so
-- Up-to-date: /external/install/hesai_lidar/lib/libhesai_lidar__rosidl_typesupport_introspection_c.so
-- Up-to-date: /external/install/hesai_lidar/lib/libhesai_lidar__rosidl_typesupport_c.so
-- Up-to-date: /external/install/hesai_lidar/lib/libhesai_lidar__rosidl_typesupport_introspection_cpp.so
-- Up-to-date: /external/install/hesai_lidar/lib/libhesai_lidar__rosidl_typesupport_cpp.so
Listing '/external/install/hesai_lidar/local/lib/python3.10/dist-packages/hesai_lidar'...
Compiling '/external/install/hesai_lidar/local/lib/python3.10/dist-packages/hesai_lidar/__init__.py'...
Listing '/external/install/hesai_lidar/local/lib/python3.10/dist-packages/hesai_lidar/msg'...
-- Up-to-date: /external/install/hesai_lidar/lib/libhesai_lidar__rosidl_generator_py.so
-- Up-to-date: /external/install/hesai_lidar/share/hesai_lidar/cmake/export_hesai_lidar__rosidl_generator_cExport.cmake
-- Up-to-date: /external/install/hesai_lidar/share/hesai_lidar/cmake/export_hesai_lidar__rosidl_generator_cExport-noconfig.cmake
-- Up-to-date: /external/install/hesai_lidar/share/hesai_lidar/cmake/export_hesai_lidar__rosidl_typesupport_fastrtps_cExport.cmake
-- Up-to-date: /external/install/hesai_lidar/share/hesai_lidar/cmake/export_hesai_lidar__rosidl_typesupport_fastrtps_cExport-noconfig.cmake
-- Up-to-date: /external/install/hesai_lidar/share/hesai_lidar/cmake/export_hesai_lidar__rosidl_generator_cppExport.cmake
-- Up-to-date: /external/install/hesai_lidar/share/hesai_lidar/cmake/export_hesai_lidar__rosidl_typesupport_fastrtps_cppExport.cmake
-- Up-to-date: /external/install/hesai_lidar/share/hesai_lidar/cmake/export_hesai_lidar__rosidl_typesupport_fastrtps_cppExport-noconfig.cmake
-- Up-to-date: /external/install/hesai_lidar/share/hesai_lidar/cmake/hesai_lidar__rosidl_typesupport_introspection_cExport.cmake
-- Up-to-date: /external/install/hesai_lidar/share/hesai_lidar/cmake/hesai_lidar__rosidl_typesupport_introspection_cExport-noconfig.cmake
-- Up-to-date: /external/install/hesai_lidar/share/hesai_lidar/cmake/hesai_lidar__rosidl_typesupport_cExport.cmake
-- Up-to-date: /external/install/hesai_lidar/share/hesai_lidar/cmake/hesai_lidar__rosidl_typesupport_cExport-noconfig.cmake
-- Up-to-date: /external/install/hesai_lidar/share/hesai_lidar/cmake/hesai_lidar__rosidl_typesupport_introspection_cppExport.cmake
-- Up-to-date: /external/install/hesai_lidar/share/hesai_lidar/cmake/hesai_lidar__rosidl_typesupport_introspection_cppExport-noconfig.cmake
-- Up-to-date: /external/install/hesai_lidar/share/hesai_lidar/cmake/hesai_lidar__rosidl_typesupport_cppExport.cmake
-- Up-to-date: /external/install/hesai_lidar/share/hesai_lidar/cmake/hesai_lidar__rosidl_typesupport_cppExport-noconfig.cmake
-- Up-to-date: /external/install/hesai_lidar/share/hesai_lidar/cmake/export_hesai_lidar__rosidl_generator_pyExport.cmake
-- Up-to-date: /external/install/hesai_lidar/share/hesai_lidar/cmake/export_hesai_lidar__rosidl_generator_pyExport-noconfig.cmake
