[0.045s] Invoking command in '/external/build/unitree_go': CMAKE_PREFIX_PATH=/opt/ros/humble /usr/bin/cmake --build /external/build/unitree_go -- -j8 -l8
[0.175s] [35m[1mConsolidate compiler generated dependencies of target unitree_go__rosidl_generator_c[0m
[0.236s] [ 11%] Built target unitree_go__cpp
[0.239s] [ 12%] Built target unitree_go__dds_connext_idl
[0.240s] [ 12%] Built target unitree_go__rosidl_generator_c
[0.262s] [ 12%] Built target ament_cmake_python_symlink_unitree_go
[0.280s] [35m[1mConsolidate compiler generated dependencies of target unitree_go__rosidl_typesupport_fastrtps_cpp[0m
[0.295s] [35m[1mConsolidate compiler generated dependencies of target unitree_go__rosidl_typesupport_cpp[0m
[0.312s] [35m[1mConsolidate compiler generated dependencies of target unitree_go__rosidl_typesupport_introspection_cpp[0m
[0.351s] [35m[1mConsolidate compiler generated dependencies of target unitree_go__rosidl_typesupport_c[0m
[0.352s] [35m[1mConsolidate compiler generated dependencies of target unitree_go__rosidl_typesupport_introspection_c[0m
[0.352s] [35m[1mConsolidate compiler generated dependencies of target unitree_go__rosidl_typesupport_fastrtps_c[0m
[0.511s] [ 25%] Built target unitree_go__rosidl_typesupport_fastrtps_cpp
[0.528s] [ 38%] Built target unitree_go__rosidl_typesupport_introspection_cpp
[0.530s] [ 58%] Built target unitree_go__rosidl_typesupport_fastrtps_c
[0.531s] [ 63%] Built target unitree_go__rosidl_typesupport_cpp
[0.558s] [ 84%] Built target unitree_go__rosidl_typesupport_introspection_c
[0.558s] [ 87%] Built target unitree_go__rosidl_typesupport_c
[0.688s] [ 87%] Built target unitree_go
[0.857s] [ 88%] Built target unitree_go__py
[0.931s] [35m[1mConsolidate compiler generated dependencies of target unitree_go__rosidl_generator_py[0m
[1.051s] [100%] Built target unitree_go__rosidl_generator_py
[1.126s] [35m[1mConsolidate compiler generated dependencies of target unitree_go__rosidl_typesupport_fastrtps_c__pyext[0m
[1.148s] [35m[1mConsolidate compiler generated dependencies of target unitree_go__rosidl_typesupport_c__pyext[0m
[1.160s] [35m[1mConsolidate compiler generated dependencies of target unitree_go__rosidl_typesupport_introspection_c__pyext[0m
[1.219s] [100%] Built target unitree_go__rosidl_typesupport_fastrtps_c__pyext
[1.264s] [100%] Built target unitree_go__rosidl_typesupport_introspection_c__pyext
[1.279s] [100%] Built target unitree_go__rosidl_typesupport_c__pyext
[1.517s] running egg_info
[1.527s] writing unitree_go.egg-info/PKG-INFO
[1.528s] writing dependency_links to unitree_go.egg-info/dependency_links.txt
[1.528s] writing top-level names to unitree_go.egg-info/top_level.txt
[1.539s] reading manifest file 'unitree_go.egg-info/SOURCES.txt'
[1.542s] writing manifest file 'unitree_go.egg-info/SOURCES.txt'
[1.680s] [100%] Built target ament_cmake_python_build_unitree_go_egg
[1.717s] Invoked command in '/external/build/unitree_go' returned '0': CMAKE_PREFIX_PATH=/opt/ros/humble /usr/bin/cmake --build /external/build/unitree_go -- -j8 -l8
[1.718s] Invoking command in '/external/build/unitree_go': CMAKE_PREFIX_PATH=/opt/ros/humble /usr/bin/cmake --install /external/build/unitree_go
[1.742s] -- Install configuration: ""
[1.742s] -- Execute custom install script
[1.742s] -- Up-to-date symlink: /external/install/unitree_go/share/ament_index/resource_index/rosidl_interfaces/unitree_go
[1.742s] -- Up-to-date symlink: /external/install/unitree_go/include/unitree_go/unitree_go/msg/audio_data.h
[1.743s] -- Up-to-date symlink: /external/install/unitree_go/include/unitree_go/unitree_go/msg/bms_cmd.h
[1.743s] -- Up-to-date symlink: /external/install/unitree_go/include/unitree_go/unitree_go/msg/bms_state.h
[1.743s] -- Up-to-date symlink: /external/install/unitree_go/include/unitree_go/unitree_go/msg/detail/audio_data__functions.h
[1.743s] -- Up-to-date symlink: /external/install/unitree_go/include/unitree_go/unitree_go/msg/detail/audio_data__struct.h
[1.743s] -- Up-to-date symlink: /external/install/unitree_go/include/unitree_go/unitree_go/msg/detail/audio_data__type_support.h
[1.743s] -- Up-to-date symlink: /external/install/unitree_go/include/unitree_go/unitree_go/msg/detail/bms_cmd__functions.h
[1.744s] -- Up-to-date symlink: /external/install/unitree_go/include/unitree_go/unitree_go/msg/detail/bms_cmd__struct.h
[1.744s] -- Up-to-date symlink: /external/install/unitree_go/include/unitree_go/unitree_go/msg/detail/bms_cmd__type_support.h
[1.744s] -- Up-to-date symlink: /external/install/unitree_go/include/unitree_go/unitree_go/msg/detail/bms_state__functions.h
[1.744s] -- Up-to-date symlink: /external/install/unitree_go/include/unitree_go/unitree_go/msg/detail/bms_state__struct.h
[1.744s] -- Up-to-date symlink: /external/install/unitree_go/include/unitree_go/unitree_go/msg/detail/bms_state__type_support.h
[1.744s] -- Up-to-date symlink: /external/install/unitree_go/include/unitree_go/unitree_go/msg/detail/error__functions.h
[1.744s] -- Up-to-date symlink: /external/install/unitree_go/include/unitree_go/unitree_go/msg/detail/error__struct.h
[1.744s] -- Up-to-date symlink: /external/install/unitree_go/include/unitree_go/unitree_go/msg/detail/error__type_support.h
[1.744s] -- Up-to-date symlink: /external/install/unitree_go/include/unitree_go/unitree_go/msg/detail/go2_front_video_data__functions.h
[1.744s] -- Up-to-date symlink: /external/install/unitree_go/include/unitree_go/unitree_go/msg/detail/go2_front_video_data__struct.h
[1.745s] -- Up-to-date symlink: /external/install/unitree_go/include/unitree_go/unitree_go/msg/detail/go2_front_video_data__type_support.h
[1.745s] -- Up-to-date symlink: /external/install/unitree_go/include/unitree_go/unitree_go/msg/detail/height_map__functions.h
[1.745s] -- Up-to-date symlink: /external/install/unitree_go/include/unitree_go/unitree_go/msg/detail/height_map__struct.h
[1.745s] -- Up-to-date symlink: /external/install/unitree_go/include/unitree_go/unitree_go/msg/detail/height_map__type_support.h
[1.748s] -- Up-to-date symlink: /external/install/unitree_go/include/unitree_go/unitree_go/msg/detail/imu_state__functions.h
[1.748s] -- Up-to-date symlink: /external/install/unitree_go/include/unitree_go/unitree_go/msg/detail/imu_state__struct.h
[1.748s] -- Up-to-date symlink: /external/install/unitree_go/include/unitree_go/unitree_go/msg/detail/imu_state__type_support.h
[1.748s] -- Up-to-date symlink: /external/install/unitree_go/include/unitree_go/unitree_go/msg/detail/interface_config__functions.h
[1.749s] -- Up-to-date symlink: /external/install/unitree_go/include/unitree_go/unitree_go/msg/detail/interface_config__struct.h
[1.749s] -- Up-to-date symlink: /external/install/unitree_go/include/unitree_go/unitree_go/msg/detail/interface_config__type_support.h
[1.749s] -- Up-to-date symlink: /external/install/unitree_go/include/unitree_go/unitree_go/msg/detail/lidar_state__functions.h
[1.749s] -- Up-to-date symlink: /external/install/unitree_go/include/unitree_go/unitree_go/msg/detail/lidar_state__struct.h
[1.749s] -- Up-to-date symlink: /external/install/unitree_go/include/unitree_go/unitree_go/msg/detail/lidar_state__type_support.h
[1.749s] -- Up-to-date symlink: /external/install/unitree_go/include/unitree_go/unitree_go/msg/detail/low_cmd__functions.h
[1.749s] -- Up-to-date symlink: /external/install/unitree_go/include/unitree_go/unitree_go/msg/detail/low_cmd__struct.h
[1.749s] -- Up-to-date symlink: /external/install/unitree_go/include/unitree_go/unitree_go/msg/detail/low_cmd__type_support.h
[1.750s] -- Up-to-date symlink: /external/install/unitree_go/include/unitree_go/unitree_go/msg/detail/low_state__functions.h
[1.750s] -- Up-to-date symlink: /external/install/unitree_go/include/unitree_go/unitree_go/msg/detail/low_state__struct.h
[1.750s] -- Up-to-date symlink: /external/install/unitree_go/include/unitree_go/unitree_go/msg/detail/low_state__type_support.h
[1.753s] -- Up-to-date symlink: /external/install/unitree_go/include/unitree_go/unitree_go/msg/detail/motor_cmd__functions.h
[1.753s] -- Up-to-date symlink: /external/install/unitree_go/include/unitree_go/unitree_go/msg/detail/motor_cmd__struct.h
[1.753s] -- Up-to-date symlink: /external/install/unitree_go/include/unitree_go/unitree_go/msg/detail/motor_cmd__type_support.h
[1.753s] -- Up-to-date symlink: /external/install/unitree_go/include/unitree_go/unitree_go/msg/detail/motor_cmds__functions.h
[1.753s] -- Up-to-date symlink: /external/install/unitree_go/include/unitree_go/unitree_go/msg/detail/motor_cmds__struct.h
[1.754s] -- Up-to-date symlink: /external/install/unitree_go/include/unitree_go/unitree_go/msg/detail/motor_cmds__type_support.h
[1.754s] -- Up-to-date symlink: /external/install/unitree_go/include/unitree_go/unitree_go/msg/detail/motor_state__functions.h
[1.754s] -- Up-to-date symlink: /external/install/unitree_go/include/unitree_go/unitree_go/msg/detail/motor_state__struct.h
[1.754s] -- Up-to-date symlink: /external/install/unitree_go/include/unitree_go/unitree_go/msg/detail/motor_state__type_support.h
[1.754s] -- Up-to-date symlink: /external/install/unitree_go/include/unitree_go/unitree_go/msg/detail/motor_states__functions.h
[1.754s] -- Up-to-date symlink: /external/install/unitree_go/include/unitree_go/unitree_go/msg/detail/motor_states__struct.h
[1.754s] -- Up-to-date symlink: /external/install/unitree_go/include/unitree_go/unitree_go/msg/detail/motor_states__type_support.h
[1.754s] -- Up-to-date symlink: /external/install/unitree_go/include/unitree_go/unitree_go/msg/detail/path_point__functions.h
[1.755s] -- Up-to-date symlink: /external/install/unitree_go/include/unitree_go/unitree_go/msg/detail/path_point__struct.h
[1.756s] -- Up-to-date symlink: /external/install/unitree_go/include/unitree_go/unitree_go/msg/detail/path_point__type_support.h
[1.756s] -- Up-to-date symlink: /external/install/unitree_go/include/unitree_go/unitree_go/msg/detail/req__functions.h
[1.757s] -- Up-to-date symlink: /external/install/unitree_go/include/unitree_go/unitree_go/msg/detail/req__struct.h
[1.757s] -- Up-to-date symlink: /external/install/unitree_go/include/unitree_go/unitree_go/msg/detail/req__type_support.h
[1.759s] -- Up-to-date symlink: /external/install/unitree_go/include/unitree_go/unitree_go/msg/detail/res__functions.h
[1.759s] -- Up-to-date symlink: /external/install/unitree_go/include/unitree_go/unitree_go/msg/detail/res__struct.h
[1.759s] -- Up-to-date symlink: /external/install/unitree_go/include/unitree_go/unitree_go/msg/detail/res__type_support.h
[1.760s] -- Up-to-date symlink: /external/install/unitree_go/include/unitree_go/unitree_go/msg/detail/sport_mode_cmd__functions.h
[1.760s] -- Up-to-date symlink: /external/install/unitree_go/include/unitree_go/unitree_go/msg/detail/sport_mode_cmd__struct.h
[1.760s] -- Up-to-date symlink: /external/install/unitree_go/include/unitree_go/unitree_go/msg/detail/sport_mode_cmd__type_support.h
[1.761s] -- Up-to-date symlink: /external/install/unitree_go/include/unitree_go/unitree_go/msg/detail/sport_mode_state__functions.h
[1.761s] -- Up-to-date symlink: /external/install/unitree_go/include/unitree_go/unitree_go/msg/detail/sport_mode_state__struct.h
[1.761s] -- Up-to-date symlink: /external/install/unitree_go/include/unitree_go/unitree_go/msg/detail/sport_mode_state__type_support.h
[1.761s] -- Up-to-date symlink: /external/install/unitree_go/include/unitree_go/unitree_go/msg/detail/time_spec__functions.h
[1.762s] -- Up-to-date symlink: /external/install/unitree_go/include/unitree_go/unitree_go/msg/detail/time_spec__struct.h
[1.762s] -- Up-to-date symlink: /external/install/unitree_go/include/unitree_go/unitree_go/msg/detail/time_spec__type_support.h
[1.762s] -- Up-to-date symlink: /external/install/unitree_go/include/unitree_go/unitree_go/msg/detail/uwb_state__functions.h
[1.762s] -- Up-to-date symlink: /external/install/unitree_go/include/unitree_go/unitree_go/msg/detail/uwb_state__struct.h
[1.764s] -- Up-to-date symlink: /external/install/unitree_go/include/unitree_go/unitree_go/msg/detail/uwb_state__type_support.h
[1.764s] -- Up-to-date symlink: /external/install/unitree_go/include/unitree_go/unitree_go/msg/detail/uwb_switch__functions.h
[1.764s] -- Up-to-date symlink: /external/install/unitree_go/include/unitree_go/unitree_go/msg/detail/uwb_switch__struct.h
[1.764s] -- Up-to-date symlink: /external/install/unitree_go/include/unitree_go/unitree_go/msg/detail/uwb_switch__type_support.h
[1.764s] -- Up-to-date symlink: /external/install/unitree_go/include/unitree_go/unitree_go/msg/detail/wireless_controller__functions.h
[1.764s] -- Up-to-date symlink: /external/install/unitree_go/include/unitree_go/unitree_go/msg/detail/wireless_controller__struct.h
[1.765s] -- Up-to-date symlink: /external/install/unitree_go/include/unitree_go/unitree_go/msg/detail/wireless_controller__type_support.h
[1.765s] -- Up-to-date symlink: /external/install/unitree_go/include/unitree_go/unitree_go/msg/error.h
[1.765s] -- Up-to-date symlink: /external/install/unitree_go/include/unitree_go/unitree_go/msg/go2_front_video_data.h
[1.766s] -- Up-to-date symlink: /external/install/unitree_go/include/unitree_go/unitree_go/msg/height_map.h
[1.766s] -- Up-to-date symlink: /external/install/unitree_go/include/unitree_go/unitree_go/msg/imu_state.h
[1.766s] -- Up-to-date symlink: /external/install/unitree_go/include/unitree_go/unitree_go/msg/interface_config.h
[1.767s] -- Up-to-date symlink: /external/install/unitree_go/include/unitree_go/unitree_go/msg/lidar_state.h
[1.767s] -- Up-to-date symlink: /external/install/unitree_go/include/unitree_go/unitree_go/msg/low_cmd.h
[1.768s] -- Up-to-date symlink: /external/install/unitree_go/include/unitree_go/unitree_go/msg/low_state.h
[1.769s] -- Up-to-date symlink: /external/install/unitree_go/include/unitree_go/unitree_go/msg/motor_cmd.h
[1.769s] -- Up-to-date symlink: /external/install/unitree_go/include/unitree_go/unitree_go/msg/motor_cmds.h
[1.769s] -- Up-to-date symlink: /external/install/unitree_go/include/unitree_go/unitree_go/msg/motor_state.h
[1.769s] -- Up-to-date symlink: /external/install/unitree_go/include/unitree_go/unitree_go/msg/motor_states.h
[1.770s] -- Up-to-date symlink: /external/install/unitree_go/include/unitree_go/unitree_go/msg/path_point.h
[1.779s] -- Up-to-date symlink: /external/install/unitree_go/include/unitree_go/unitree_go/msg/req.h
[1.779s] -- Up-to-date symlink: /external/install/unitree_go/include/unitree_go/unitree_go/msg/res.h
[1.780s] -- Up-to-date symlink: /external/install/unitree_go/include/unitree_go/unitree_go/msg/rosidl_generator_c__visibility_control.h
[1.780s] -- Up-to-date symlink: /external/install/unitree_go/include/unitree_go/unitree_go/msg/sport_mode_cmd.h
[1.780s] -- Up-to-date symlink: /external/install/unitree_go/include/unitree_go/unitree_go/msg/sport_mode_state.h
[1.780s] -- Up-to-date symlink: /external/install/unitree_go/include/unitree_go/unitree_go/msg/time_spec.h
[1.780s] -- Up-to-date symlink: /external/install/unitree_go/include/unitree_go/unitree_go/msg/uwb_state.h
[1.780s] -- Up-to-date symlink: /external/install/unitree_go/include/unitree_go/unitree_go/msg/uwb_switch.h
[1.781s] -- Up-to-date symlink: /external/install/unitree_go/include/unitree_go/unitree_go/msg/wireless_controller.h
[1.781s] -- Up-to-date symlink: /external/install/unitree_go/share/unitree_go/environment/library_path.sh
[1.781s] -- Up-to-date symlink: /external/install/unitree_go/share/unitree_go/environment/library_path.dsv
[1.781s] -- Up-to-date symlink: /external/install/unitree_go/include/unitree_go/unitree_go/msg/detail/audio_data__rosidl_typesupport_fastrtps_c.h
[1.781s] -- Up-to-date symlink: /external/install/unitree_go/include/unitree_go/unitree_go/msg/detail/bms_cmd__rosidl_typesupport_fastrtps_c.h
[1.781s] -- Up-to-date symlink: /external/install/unitree_go/include/unitree_go/unitree_go/msg/detail/bms_state__rosidl_typesupport_fastrtps_c.h
[1.781s] -- Up-to-date symlink: /external/install/unitree_go/include/unitree_go/unitree_go/msg/detail/error__rosidl_typesupport_fastrtps_c.h
[1.781s] -- Up-to-date symlink: /external/install/unitree_go/include/unitree_go/unitree_go/msg/detail/go2_front_video_data__rosidl_typesupport_fastrtps_c.h
[1.782s] -- Up-to-date symlink: /external/install/unitree_go/include/unitree_go/unitree_go/msg/detail/height_map__rosidl_typesupport_fastrtps_c.h
[1.782s] -- Up-to-date symlink: /external/install/unitree_go/include/unitree_go/unitree_go/msg/detail/imu_state__rosidl_typesupport_fastrtps_c.h
[1.782s] -- Up-to-date symlink: /external/install/unitree_go/include/unitree_go/unitree_go/msg/detail/interface_config__rosidl_typesupport_fastrtps_c.h
[1.782s] -- Up-to-date symlink: /external/install/unitree_go/include/unitree_go/unitree_go/msg/detail/lidar_state__rosidl_typesupport_fastrtps_c.h
[1.782s] -- Up-to-date symlink: /external/install/unitree_go/include/unitree_go/unitree_go/msg/detail/low_cmd__rosidl_typesupport_fastrtps_c.h
[1.782s] -- Up-to-date symlink: /external/install/unitree_go/include/unitree_go/unitree_go/msg/detail/low_state__rosidl_typesupport_fastrtps_c.h
[1.782s] -- Up-to-date symlink: /external/install/unitree_go/include/unitree_go/unitree_go/msg/detail/motor_cmd__rosidl_typesupport_fastrtps_c.h
[1.783s] -- Up-to-date symlink: /external/install/unitree_go/include/unitree_go/unitree_go/msg/detail/motor_cmds__rosidl_typesupport_fastrtps_c.h
[1.783s] -- Up-to-date symlink: /external/install/unitree_go/include/unitree_go/unitree_go/msg/detail/motor_state__rosidl_typesupport_fastrtps_c.h
[1.783s] -- Up-to-date symlink: /external/install/unitree_go/include/unitree_go/unitree_go/msg/detail/motor_states__rosidl_typesupport_fastrtps_c.h
[1.783s] -- Up-to-date symlink: /external/install/unitree_go/include/unitree_go/unitree_go/msg/detail/path_point__rosidl_typesupport_fastrtps_c.h
[1.783s] -- Up-to-date symlink: /external/install/unitree_go/include/unitree_go/unitree_go/msg/detail/req__rosidl_typesupport_fastrtps_c.h
[1.783s] -- Up-to-date symlink: /external/install/unitree_go/include/unitree_go/unitree_go/msg/detail/res__rosidl_typesupport_fastrtps_c.h
[1.783s] -- Up-to-date symlink: /external/install/unitree_go/include/unitree_go/unitree_go/msg/detail/sport_mode_cmd__rosidl_typesupport_fastrtps_c.h
[1.783s] -- Up-to-date symlink: /external/install/unitree_go/include/unitree_go/unitree_go/msg/detail/sport_mode_state__rosidl_typesupport_fastrtps_c.h
[1.785s] -- Up-to-date symlink: /external/install/unitree_go/include/unitree_go/unitree_go/msg/detail/time_spec__rosidl_typesupport_fastrtps_c.h
[1.786s] -- Up-to-date symlink: /external/install/unitree_go/include/unitree_go/unitree_go/msg/detail/uwb_state__rosidl_typesupport_fastrtps_c.h
[1.786s] -- Up-to-date symlink: /external/install/unitree_go/include/unitree_go/unitree_go/msg/detail/uwb_switch__rosidl_typesupport_fastrtps_c.h
[1.786s] -- Up-to-date symlink: /external/install/unitree_go/include/unitree_go/unitree_go/msg/detail/wireless_controller__rosidl_typesupport_fastrtps_c.h
[1.786s] -- Up-to-date symlink: /external/install/unitree_go/include/unitree_go/unitree_go/msg/rosidl_typesupport_fastrtps_c__visibility_control.h
[1.786s] -- Up-to-date symlink: /external/install/unitree_go/include/unitree_go/unitree_go/msg/audio_data.hpp
[1.787s] -- Up-to-date symlink: /external/install/unitree_go/include/unitree_go/unitree_go/msg/bms_cmd.hpp
[1.787s] -- Up-to-date symlink: /external/install/unitree_go/include/unitree_go/unitree_go/msg/bms_state.hpp
[1.787s] -- Up-to-date symlink: /external/install/unitree_go/include/unitree_go/unitree_go/msg/detail/audio_data__builder.hpp
[1.787s] -- Up-to-date symlink: /external/install/unitree_go/include/unitree_go/unitree_go/msg/detail/audio_data__struct.hpp
[1.787s] -- Up-to-date symlink: /external/install/unitree_go/include/unitree_go/unitree_go/msg/detail/audio_data__traits.hpp
[1.787s] -- Up-to-date symlink: /external/install/unitree_go/include/unitree_go/unitree_go/msg/detail/audio_data__type_support.hpp
[1.787s] -- Up-to-date symlink: /external/install/unitree_go/include/unitree_go/unitree_go/msg/detail/bms_cmd__builder.hpp
[1.787s] -- Up-to-date symlink: /external/install/unitree_go/include/unitree_go/unitree_go/msg/detail/bms_cmd__struct.hpp
[1.787s] -- Up-to-date symlink: /external/install/unitree_go/include/unitree_go/unitree_go/msg/detail/bms_cmd__traits.hpp
[1.789s] -- Up-to-date symlink: /external/install/unitree_go/include/unitree_go/unitree_go/msg/detail/bms_cmd__type_support.hpp
[1.790s] -- Up-to-date symlink: /external/install/unitree_go/include/unitree_go/unitree_go/msg/detail/bms_state__builder.hpp
[1.794s] -- Up-to-date symlink: /external/install/unitree_go/include/unitree_go/unitree_go/msg/detail/bms_state__struct.hpp
[1.802s] -- Up-to-date symlink: /external/install/unitree_go/include/unitree_go/unitree_go/msg/detail/bms_state__traits.hpp
[1.802s] -- Up-to-date symlink: /external/install/unitree_go/include/unitree_go/unitree_go/msg/detail/bms_state__type_support.hpp
[1.802s] -- Up-to-date symlink: /external/install/unitree_go/include/unitree_go/unitree_go/msg/detail/error__builder.hpp
[1.804s] -- Up-to-date symlink: /external/install/unitree_go/include/unitree_go/unitree_go/msg/detail/error__struct.hpp
[1.805s] -- Up-to-date symlink: /external/install/unitree_go/include/unitree_go/unitree_go/msg/detail/error__traits.hpp
[1.806s] -- Up-to-date symlink: /external/install/unitree_go/include/unitree_go/unitree_go/msg/detail/error__type_support.hpp
[1.806s] -- Up-to-date symlink: /external/install/unitree_go/include/unitree_go/unitree_go/msg/detail/go2_front_video_data__builder.hpp
[1.809s] -- Up-to-date symlink: /external/install/unitree_go/include/unitree_go/unitree_go/msg/detail/go2_front_video_data__struct.hpp
[1.809s] -- Up-to-date symlink: /external/install/unitree_go/include/unitree_go/unitree_go/msg/detail/go2_front_video_data__traits.hpp
[1.810s] -- Up-to-date symlink: /external/install/unitree_go/include/unitree_go/unitree_go/msg/detail/go2_front_video_data__type_support.hpp
[1.811s] -- Up-to-date symlink: /external/install/unitree_go/include/unitree_go/unitree_go/msg/detail/height_map__builder.hpp
[1.812s] -- Up-to-date symlink: /external/install/unitree_go/include/unitree_go/unitree_go/msg/detail/height_map__struct.hpp
[1.813s] -- Up-to-date symlink: /external/install/unitree_go/include/unitree_go/unitree_go/msg/detail/height_map__traits.hpp
[1.813s] -- Up-to-date symlink: /external/install/unitree_go/include/unitree_go/unitree_go/msg/detail/height_map__type_support.hpp
[1.813s] -- Up-to-date symlink: /external/install/unitree_go/include/unitree_go/unitree_go/msg/detail/imu_state__builder.hpp
[1.814s] -- Up-to-date symlink: /external/install/unitree_go/include/unitree_go/unitree_go/msg/detail/imu_state__struct.hpp
[1.814s] -- Up-to-date symlink: /external/install/unitree_go/include/unitree_go/unitree_go/msg/detail/imu_state__traits.hpp
[1.815s] -- Up-to-date symlink: /external/install/unitree_go/include/unitree_go/unitree_go/msg/detail/imu_state__type_support.hpp
[1.815s] -- Up-to-date symlink: /external/install/unitree_go/include/unitree_go/unitree_go/msg/detail/interface_config__builder.hpp
[1.815s] -- Up-to-date symlink: /external/install/unitree_go/include/unitree_go/unitree_go/msg/detail/interface_config__struct.hpp
[1.816s] -- Up-to-date symlink: /external/install/unitree_go/include/unitree_go/unitree_go/msg/detail/interface_config__traits.hpp
[1.816s] -- Up-to-date symlink: /external/install/unitree_go/include/unitree_go/unitree_go/msg/detail/interface_config__type_support.hpp
[1.816s] -- Up-to-date symlink: /external/install/unitree_go/include/unitree_go/unitree_go/msg/detail/lidar_state__builder.hpp
[1.816s] -- Up-to-date symlink: /external/install/unitree_go/include/unitree_go/unitree_go/msg/detail/lidar_state__struct.hpp
[1.817s] -- Up-to-date symlink: /external/install/unitree_go/include/unitree_go/unitree_go/msg/detail/lidar_state__traits.hpp
[1.818s] -- Up-to-date symlink: /external/install/unitree_go/include/unitree_go/unitree_go/msg/detail/lidar_state__type_support.hpp
[1.818s] -- Up-to-date symlink: /external/install/unitree_go/include/unitree_go/unitree_go/msg/detail/low_cmd__builder.hpp
[1.818s] -- Up-to-date symlink: /external/install/unitree_go/include/unitree_go/unitree_go/msg/detail/low_cmd__struct.hpp
[1.819s] -- Up-to-date symlink: /external/install/unitree_go/include/unitree_go/unitree_go/msg/detail/low_cmd__traits.hpp
[1.819s] -- Up-to-date symlink: /external/install/unitree_go/include/unitree_go/unitree_go/msg/detail/low_cmd__type_support.hpp
[1.819s] -- Up-to-date symlink: /external/install/unitree_go/include/unitree_go/unitree_go/msg/detail/low_state__builder.hpp
[1.820s] -- Up-to-date symlink: /external/install/unitree_go/include/unitree_go/unitree_go/msg/detail/low_state__struct.hpp
[1.820s] -- Up-to-date symlink: /external/install/unitree_go/include/unitree_go/unitree_go/msg/detail/low_state__traits.hpp
[1.820s] -- Up-to-date symlink: /external/install/unitree_go/include/unitree_go/unitree_go/msg/detail/low_state__type_support.hpp
[1.823s] -- Up-to-date symlink: /external/install/unitree_go/include/unitree_go/unitree_go/msg/detail/motor_cmd__builder.hpp
[1.824s] -- Up-to-date symlink: /external/install/unitree_go/include/unitree_go/unitree_go/msg/detail/motor_cmd__struct.hpp
[1.824s] -- Up-to-date symlink: /external/install/unitree_go/include/unitree_go/unitree_go/msg/detail/motor_cmd__traits.hpp
[1.825s] -- Up-to-date symlink: /external/install/unitree_go/include/unitree_go/unitree_go/msg/detail/motor_cmd__type_support.hpp
[1.825s] -- Up-to-date symlink: /external/install/unitree_go/include/unitree_go/unitree_go/msg/detail/motor_cmds__builder.hpp
[1.825s] -- Up-to-date symlink: /external/install/unitree_go/include/unitree_go/unitree_go/msg/detail/motor_cmds__struct.hpp
[1.826s] -- Up-to-date symlink: /external/install/unitree_go/include/unitree_go/unitree_go/msg/detail/motor_cmds__traits.hpp
[1.826s] -- Up-to-date symlink: /external/install/unitree_go/include/unitree_go/unitree_go/msg/detail/motor_cmds__type_support.hpp
[1.826s] -- Up-to-date symlink: /external/install/unitree_go/include/unitree_go/unitree_go/msg/detail/motor_state__builder.hpp
[1.827s] -- Up-to-date symlink: /external/install/unitree_go/include/unitree_go/unitree_go/msg/detail/motor_state__struct.hpp
[1.828s] -- Up-to-date symlink: /external/install/unitree_go/include/unitree_go/unitree_go/msg/detail/motor_state__traits.hpp
[1.828s] -- Up-to-date symlink: /external/install/unitree_go/include/unitree_go/unitree_go/msg/detail/motor_state__type_support.hpp
[1.828s] -- Up-to-date symlink: /external/install/unitree_go/include/unitree_go/unitree_go/msg/detail/motor_states__builder.hpp
[1.828s] -- Up-to-date symlink: /external/install/unitree_go/include/unitree_go/unitree_go/msg/detail/motor_states__struct.hpp
[1.828s] -- Up-to-date symlink: /external/install/unitree_go/include/unitree_go/unitree_go/msg/detail/motor_states__traits.hpp
[1.829s] -- Up-to-date symlink: /external/install/unitree_go/include/unitree_go/unitree_go/msg/detail/motor_states__type_support.hpp
[1.829s] -- Up-to-date symlink: /external/install/unitree_go/include/unitree_go/unitree_go/msg/detail/path_point__builder.hpp
[1.829s] -- Up-to-date symlink: /external/install/unitree_go/include/unitree_go/unitree_go/msg/detail/path_point__struct.hpp
[1.829s] -- Up-to-date symlink: /external/install/unitree_go/include/unitree_go/unitree_go/msg/detail/path_point__traits.hpp
[1.830s] -- Up-to-date symlink: /external/install/unitree_go/include/unitree_go/unitree_go/msg/detail/path_point__type_support.hpp
[1.830s] -- Up-to-date symlink: /external/install/unitree_go/include/unitree_go/unitree_go/msg/detail/req__builder.hpp
[1.830s] -- Up-to-date symlink: /external/install/unitree_go/include/unitree_go/unitree_go/msg/detail/req__struct.hpp
[1.831s] -- Up-to-date symlink: /external/install/unitree_go/include/unitree_go/unitree_go/msg/detail/req__traits.hpp
[1.831s] -- Up-to-date symlink: /external/install/unitree_go/include/unitree_go/unitree_go/msg/detail/req__type_support.hpp
[1.832s] -- Up-to-date symlink: /external/install/unitree_go/include/unitree_go/unitree_go/msg/detail/res__builder.hpp
[1.833s] -- Up-to-date symlink: /external/install/unitree_go/include/unitree_go/unitree_go/msg/detail/res__struct.hpp
[1.833s] -- Up-to-date symlink: /external/install/unitree_go/include/unitree_go/unitree_go/msg/detail/res__traits.hpp
[1.833s] -- Up-to-date symlink: /external/install/unitree_go/include/unitree_go/unitree_go/msg/detail/res__type_support.hpp
[1.833s] -- Up-to-date symlink: /external/install/unitree_go/include/unitree_go/unitree_go/msg/detail/sport_mode_cmd__builder.hpp
[1.833s] -- Up-to-date symlink: /external/install/unitree_go/include/unitree_go/unitree_go/msg/detail/sport_mode_cmd__struct.hpp
[1.834s] -- Up-to-date symlink: /external/install/unitree_go/include/unitree_go/unitree_go/msg/detail/sport_mode_cmd__traits.hpp
[1.834s] -- Up-to-date symlink: /external/install/unitree_go/include/unitree_go/unitree_go/msg/detail/sport_mode_cmd__type_support.hpp
[1.834s] -- Up-to-date symlink: /external/install/unitree_go/include/unitree_go/unitree_go/msg/detail/sport_mode_state__builder.hpp
[1.834s] -- Up-to-date symlink: /external/install/unitree_go/include/unitree_go/unitree_go/msg/detail/sport_mode_state__struct.hpp
[1.835s] -- Up-to-date symlink: /external/install/unitree_go/include/unitree_go/unitree_go/msg/detail/sport_mode_state__traits.hpp
[1.835s] -- Up-to-date symlink: /external/install/unitree_go/include/unitree_go/unitree_go/msg/detail/sport_mode_state__type_support.hpp
[1.835s] -- Up-to-date symlink: /external/install/unitree_go/include/unitree_go/unitree_go/msg/detail/time_spec__builder.hpp
[1.836s] -- Up-to-date symlink: /external/install/unitree_go/include/unitree_go/unitree_go/msg/detail/time_spec__struct.hpp
[1.836s] -- Up-to-date symlink: /external/install/unitree_go/include/unitree_go/unitree_go/msg/detail/time_spec__traits.hpp
[1.836s] -- Up-to-date symlink: /external/install/unitree_go/include/unitree_go/unitree_go/msg/detail/time_spec__type_support.hpp
[1.836s] -- Up-to-date symlink: /external/install/unitree_go/include/unitree_go/unitree_go/msg/detail/uwb_state__builder.hpp
[1.836s] -- Up-to-date symlink: /external/install/unitree_go/include/unitree_go/unitree_go/msg/detail/uwb_state__struct.hpp
[1.837s] -- Up-to-date symlink: /external/install/unitree_go/include/unitree_go/unitree_go/msg/detail/uwb_state__traits.hpp
[1.837s] -- Up-to-date symlink: /external/install/unitree_go/include/unitree_go/unitree_go/msg/detail/uwb_state__type_support.hpp
[1.837s] -- Up-to-date symlink: /external/install/unitree_go/include/unitree_go/unitree_go/msg/detail/uwb_switch__builder.hpp
[1.837s] -- Up-to-date symlink: /external/install/unitree_go/include/unitree_go/unitree_go/msg/detail/uwb_switch__struct.hpp
[1.837s] -- Up-to-date symlink: /external/install/unitree_go/include/unitree_go/unitree_go/msg/detail/uwb_switch__traits.hpp
[1.838s] -- Up-to-date symlink: /external/install/unitree_go/include/unitree_go/unitree_go/msg/detail/uwb_switch__type_support.hpp
[1.838s] -- Up-to-date symlink: /external/install/unitree_go/include/unitree_go/unitree_go/msg/detail/wireless_controller__builder.hpp
[1.838s] -- Up-to-date symlink: /external/install/unitree_go/include/unitree_go/unitree_go/msg/detail/wireless_controller__struct.hpp
[1.838s] -- Up-to-date symlink: /external/install/unitree_go/include/unitree_go/unitree_go/msg/detail/wireless_controller__traits.hpp
[1.839s] -- Up-to-date symlink: /external/install/unitree_go/include/unitree_go/unitree_go/msg/detail/wireless_controller__type_support.hpp
[1.839s] -- Up-to-date symlink: /external/install/unitree_go/include/unitree_go/unitree_go/msg/error.hpp
[1.839s] -- Up-to-date symlink: /external/install/unitree_go/include/unitree_go/unitree_go/msg/go2_front_video_data.hpp
[1.839s] -- Up-to-date symlink: /external/install/unitree_go/include/unitree_go/unitree_go/msg/height_map.hpp
[1.840s] -- Up-to-date symlink: /external/install/unitree_go/include/unitree_go/unitree_go/msg/imu_state.hpp
[1.840s] -- Up-to-date symlink: /external/install/unitree_go/include/unitree_go/unitree_go/msg/interface_config.hpp
[1.840s] -- Up-to-date symlink: /external/install/unitree_go/include/unitree_go/unitree_go/msg/lidar_state.hpp
[1.840s] -- Up-to-date symlink: /external/install/unitree_go/include/unitree_go/unitree_go/msg/low_cmd.hpp
[1.840s] -- Up-to-date symlink: /external/install/unitree_go/include/unitree_go/unitree_go/msg/low_state.hpp
[1.840s] -- Up-to-date symlink: /external/install/unitree_go/include/unitree_go/unitree_go/msg/motor_cmd.hpp
[1.841s] -- Up-to-date symlink: /external/install/unitree_go/include/unitree_go/unitree_go/msg/motor_cmds.hpp
[1.842s] -- Up-to-date symlink: /external/install/unitree_go/include/unitree_go/unitree_go/msg/motor_state.hpp
[1.854s] -- Up-to-date symlink: /external/install/unitree_go/include/unitree_go/unitree_go/msg/motor_states.hpp
[1.854s] -- Up-to-date symlink: /external/install/unitree_go/include/unitree_go/unitree_go/msg/path_point.hpp
[1.854s] -- Up-to-date symlink: /external/install/unitree_go/include/unitree_go/unitree_go/msg/req.hpp
[1.855s] -- Up-to-date symlink: /external/install/unitree_go/include/unitree_go/unitree_go/msg/res.hpp
[1.855s] -- Up-to-date symlink: /external/install/unitree_go/include/unitree_go/unitree_go/msg/rosidl_generator_cpp__visibility_control.hpp
[1.855s] -- Up-to-date symlink: /external/install/unitree_go/include/unitree_go/unitree_go/msg/sport_mode_cmd.hpp
[1.855s] -- Up-to-date symlink: /external/install/unitree_go/include/unitree_go/unitree_go/msg/sport_mode_state.hpp
[1.855s] -- Up-to-date symlink: /external/install/unitree_go/include/unitree_go/unitree_go/msg/time_spec.hpp
[1.855s] -- Up-to-date symlink: /external/install/unitree_go/include/unitree_go/unitree_go/msg/uwb_state.hpp
[1.855s] -- Up-to-date symlink: /external/install/unitree_go/include/unitree_go/unitree_go/msg/uwb_switch.hpp
[1.855s] -- Up-to-date symlink: /external/install/unitree_go/include/unitree_go/unitree_go/msg/wireless_controller.hpp
[1.855s] -- Up-to-date symlink: /external/install/unitree_go/include/unitree_go/unitree_go/msg/detail/audio_data__rosidl_typesupport_fastrtps_cpp.hpp
[1.855s] -- Up-to-date symlink: /external/install/unitree_go/include/unitree_go/unitree_go/msg/detail/bms_cmd__rosidl_typesupport_fastrtps_cpp.hpp
[1.855s] -- Up-to-date symlink: /external/install/unitree_go/include/unitree_go/unitree_go/msg/detail/bms_state__rosidl_typesupport_fastrtps_cpp.hpp
[1.858s] -- Up-to-date symlink: /external/install/unitree_go/include/unitree_go/unitree_go/msg/detail/error__rosidl_typesupport_fastrtps_cpp.hpp
[1.859s] -- Up-to-date symlink: /external/install/unitree_go/include/unitree_go/unitree_go/msg/detail/go2_front_video_data__rosidl_typesupport_fastrtps_cpp.hpp
[1.859s] -- Up-to-date symlink: /external/install/unitree_go/include/unitree_go/unitree_go/msg/detail/height_map__rosidl_typesupport_fastrtps_cpp.hpp
[1.859s] -- Up-to-date symlink: /external/install/unitree_go/include/unitree_go/unitree_go/msg/detail/imu_state__rosidl_typesupport_fastrtps_cpp.hpp
[1.859s] -- Up-to-date symlink: /external/install/unitree_go/include/unitree_go/unitree_go/msg/detail/interface_config__rosidl_typesupport_fastrtps_cpp.hpp
[1.859s] -- Up-to-date symlink: /external/install/unitree_go/include/unitree_go/unitree_go/msg/detail/lidar_state__rosidl_typesupport_fastrtps_cpp.hpp
[1.859s] -- Up-to-date symlink: /external/install/unitree_go/include/unitree_go/unitree_go/msg/detail/low_cmd__rosidl_typesupport_fastrtps_cpp.hpp
[1.859s] -- Up-to-date symlink: /external/install/unitree_go/include/unitree_go/unitree_go/msg/detail/low_state__rosidl_typesupport_fastrtps_cpp.hpp
[1.859s] -- Up-to-date symlink: /external/install/unitree_go/include/unitree_go/unitree_go/msg/detail/motor_cmd__rosidl_typesupport_fastrtps_cpp.hpp
[1.860s] -- Up-to-date symlink: /external/install/unitree_go/include/unitree_go/unitree_go/msg/detail/motor_cmds__rosidl_typesupport_fastrtps_cpp.hpp
[1.860s] -- Up-to-date symlink: /external/install/unitree_go/include/unitree_go/unitree_go/msg/detail/motor_state__rosidl_typesupport_fastrtps_cpp.hpp
[1.860s] -- Up-to-date symlink: /external/install/unitree_go/include/unitree_go/unitree_go/msg/detail/motor_states__rosidl_typesupport_fastrtps_cpp.hpp
[1.860s] -- Up-to-date symlink: /external/install/unitree_go/include/unitree_go/unitree_go/msg/detail/path_point__rosidl_typesupport_fastrtps_cpp.hpp
[1.860s] -- Up-to-date symlink: /external/install/unitree_go/include/unitree_go/unitree_go/msg/detail/req__rosidl_typesupport_fastrtps_cpp.hpp
[1.860s] -- Up-to-date symlink: /external/install/unitree_go/include/unitree_go/unitree_go/msg/detail/res__rosidl_typesupport_fastrtps_cpp.hpp
[1.860s] -- Up-to-date symlink: /external/install/unitree_go/include/unitree_go/unitree_go/msg/detail/sport_mode_cmd__rosidl_typesupport_fastrtps_cpp.hpp
[1.860s] -- Up-to-date symlink: /external/install/unitree_go/include/unitree_go/unitree_go/msg/detail/sport_mode_state__rosidl_typesupport_fastrtps_cpp.hpp
[1.860s] -- Up-to-date symlink: /external/install/unitree_go/include/unitree_go/unitree_go/msg/detail/time_spec__rosidl_typesupport_fastrtps_cpp.hpp
[1.861s] -- Up-to-date symlink: /external/install/unitree_go/include/unitree_go/unitree_go/msg/detail/uwb_state__rosidl_typesupport_fastrtps_cpp.hpp
[1.861s] -- Up-to-date symlink: /external/install/unitree_go/include/unitree_go/unitree_go/msg/detail/uwb_switch__rosidl_typesupport_fastrtps_cpp.hpp
[1.861s] -- Up-to-date symlink: /external/install/unitree_go/include/unitree_go/unitree_go/msg/detail/wireless_controller__rosidl_typesupport_fastrtps_cpp.hpp
[1.861s] -- Up-to-date symlink: /external/install/unitree_go/include/unitree_go/unitree_go/msg/rosidl_typesupport_fastrtps_cpp__visibility_control.h
[1.861s] -- Up-to-date symlink: /external/install/unitree_go/include/unitree_go/unitree_go/msg/detail/audio_data__rosidl_typesupport_introspection_c.h
[1.861s] -- Up-to-date symlink: /external/install/unitree_go/include/unitree_go/unitree_go/msg/detail/bms_cmd__rosidl_typesupport_introspection_c.h
[1.861s] -- Up-to-date symlink: /external/install/unitree_go/include/unitree_go/unitree_go/msg/detail/bms_state__rosidl_typesupport_introspection_c.h
[1.861s] -- Up-to-date symlink: /external/install/unitree_go/include/unitree_go/unitree_go/msg/detail/error__rosidl_typesupport_introspection_c.h
[1.861s] -- Up-to-date symlink: /external/install/unitree_go/include/unitree_go/unitree_go/msg/detail/go2_front_video_data__rosidl_typesupport_introspection_c.h
[1.861s] -- Up-to-date symlink: /external/install/unitree_go/include/unitree_go/unitree_go/msg/detail/height_map__rosidl_typesupport_introspection_c.h
[1.861s] -- Up-to-date symlink: /external/install/unitree_go/include/unitree_go/unitree_go/msg/detail/imu_state__rosidl_typesupport_introspection_c.h
[1.862s] -- Up-to-date symlink: /external/install/unitree_go/include/unitree_go/unitree_go/msg/detail/interface_config__rosidl_typesupport_introspection_c.h
[1.862s] -- Up-to-date symlink: /external/install/unitree_go/include/unitree_go/unitree_go/msg/detail/lidar_state__rosidl_typesupport_introspection_c.h
[1.862s] -- Up-to-date symlink: /external/install/unitree_go/include/unitree_go/unitree_go/msg/detail/low_cmd__rosidl_typesupport_introspection_c.h
[1.863s] -- Up-to-date symlink: /external/install/unitree_go/include/unitree_go/unitree_go/msg/detail/low_state__rosidl_typesupport_introspection_c.h
[1.865s] -- Up-to-date symlink: /external/install/unitree_go/include/unitree_go/unitree_go/msg/detail/motor_cmd__rosidl_typesupport_introspection_c.h
[1.867s] -- Up-to-date symlink: /external/install/unitree_go/include/unitree_go/unitree_go/msg/detail/motor_cmds__rosidl_typesupport_introspection_c.h
[1.868s] -- Up-to-date symlink: /external/install/unitree_go/include/unitree_go/unitree_go/msg/detail/motor_state__rosidl_typesupport_introspection_c.h
[1.868s] -- Up-to-date symlink: /external/install/unitree_go/include/unitree_go/unitree_go/msg/detail/motor_states__rosidl_typesupport_introspection_c.h
[1.869s] -- Up-to-date symlink: /external/install/unitree_go/include/unitree_go/unitree_go/msg/detail/path_point__rosidl_typesupport_introspection_c.h
[1.870s] -- Up-to-date symlink: /external/install/unitree_go/include/unitree_go/unitree_go/msg/detail/req__rosidl_typesupport_introspection_c.h
[1.871s] -- Up-to-date symlink: /external/install/unitree_go/include/unitree_go/unitree_go/msg/detail/res__rosidl_typesupport_introspection_c.h
[1.871s] -- Up-to-date symlink: /external/install/unitree_go/include/unitree_go/unitree_go/msg/detail/sport_mode_cmd__rosidl_typesupport_introspection_c.h
[1.872s] -- Up-to-date symlink: /external/install/unitree_go/include/unitree_go/unitree_go/msg/detail/sport_mode_state__rosidl_typesupport_introspection_c.h
[1.872s] -- Up-to-date symlink: /external/install/unitree_go/include/unitree_go/unitree_go/msg/detail/time_spec__rosidl_typesupport_introspection_c.h
[1.873s] -- Up-to-date symlink: /external/install/unitree_go/include/unitree_go/unitree_go/msg/detail/uwb_state__rosidl_typesupport_introspection_c.h
[1.875s] -- Up-to-date symlink: /external/install/unitree_go/include/unitree_go/unitree_go/msg/detail/uwb_switch__rosidl_typesupport_introspection_c.h
[1.875s] -- Up-to-date symlink: /external/install/unitree_go/include/unitree_go/unitree_go/msg/detail/wireless_controller__rosidl_typesupport_introspection_c.h
[1.875s] -- Up-to-date symlink: /external/install/unitree_go/include/unitree_go/unitree_go/msg/rosidl_typesupport_introspection_c__visibility_control.h
[1.876s] -- Up-to-date symlink: /external/install/unitree_go/include/unitree_go/unitree_go/msg/detail/audio_data__rosidl_typesupport_introspection_cpp.hpp
[1.877s] -- Up-to-date symlink: /external/install/unitree_go/include/unitree_go/unitree_go/msg/detail/bms_cmd__rosidl_typesupport_introspection_cpp.hpp
[1.878s] -- Up-to-date symlink: /external/install/unitree_go/include/unitree_go/unitree_go/msg/detail/bms_state__rosidl_typesupport_introspection_cpp.hpp
[1.879s] -- Up-to-date symlink: /external/install/unitree_go/include/unitree_go/unitree_go/msg/detail/error__rosidl_typesupport_introspection_cpp.hpp
[1.879s] -- Up-to-date symlink: /external/install/unitree_go/include/unitree_go/unitree_go/msg/detail/go2_front_video_data__rosidl_typesupport_introspection_cpp.hpp
[1.879s] -- Up-to-date symlink: /external/install/unitree_go/include/unitree_go/unitree_go/msg/detail/height_map__rosidl_typesupport_introspection_cpp.hpp
[1.880s] -- Up-to-date symlink: /external/install/unitree_go/include/unitree_go/unitree_go/msg/detail/imu_state__rosidl_typesupport_introspection_cpp.hpp
[1.881s] -- Up-to-date symlink: /external/install/unitree_go/include/unitree_go/unitree_go/msg/detail/interface_config__rosidl_typesupport_introspection_cpp.hpp
[1.883s] -- Up-to-date symlink: /external/install/unitree_go/include/unitree_go/unitree_go/msg/detail/lidar_state__rosidl_typesupport_introspection_cpp.hpp
[1.883s] -- Up-to-date symlink: /external/install/unitree_go/include/unitree_go/unitree_go/msg/detail/low_cmd__rosidl_typesupport_introspection_cpp.hpp
[1.884s] -- Up-to-date symlink: /external/install/unitree_go/include/unitree_go/unitree_go/msg/detail/low_state__rosidl_typesupport_introspection_cpp.hpp
[1.884s] -- Up-to-date symlink: /external/install/unitree_go/include/unitree_go/unitree_go/msg/detail/motor_cmd__rosidl_typesupport_introspection_cpp.hpp
[1.884s] -- Up-to-date symlink: /external/install/unitree_go/include/unitree_go/unitree_go/msg/detail/motor_cmds__rosidl_typesupport_introspection_cpp.hpp
[1.884s] -- Up-to-date symlink: /external/install/unitree_go/include/unitree_go/unitree_go/msg/detail/motor_state__rosidl_typesupport_introspection_cpp.hpp
[1.885s] -- Up-to-date symlink: /external/install/unitree_go/include/unitree_go/unitree_go/msg/detail/motor_states__rosidl_typesupport_introspection_cpp.hpp
[1.885s] -- Up-to-date symlink: /external/install/unitree_go/include/unitree_go/unitree_go/msg/detail/path_point__rosidl_typesupport_introspection_cpp.hpp
[1.885s] -- Up-to-date symlink: /external/install/unitree_go/include/unitree_go/unitree_go/msg/detail/req__rosidl_typesupport_introspection_cpp.hpp
[1.885s] -- Up-to-date symlink: /external/install/unitree_go/include/unitree_go/unitree_go/msg/detail/res__rosidl_typesupport_introspection_cpp.hpp
[1.886s] -- Up-to-date symlink: /external/install/unitree_go/include/unitree_go/unitree_go/msg/detail/sport_mode_cmd__rosidl_typesupport_introspection_cpp.hpp
[1.886s] -- Up-to-date symlink: /external/install/unitree_go/include/unitree_go/unitree_go/msg/detail/sport_mode_state__rosidl_typesupport_introspection_cpp.hpp
[1.886s] -- Up-to-date symlink: /external/install/unitree_go/include/unitree_go/unitree_go/msg/detail/time_spec__rosidl_typesupport_introspection_cpp.hpp
[1.886s] -- Up-to-date symlink: /external/install/unitree_go/include/unitree_go/unitree_go/msg/detail/uwb_state__rosidl_typesupport_introspection_cpp.hpp
[1.887s] -- Up-to-date symlink: /external/install/unitree_go/include/unitree_go/unitree_go/msg/detail/uwb_switch__rosidl_typesupport_introspection_cpp.hpp
[1.887s] -- Up-to-date symlink: /external/install/unitree_go/include/unitree_go/unitree_go/msg/detail/wireless_controller__rosidl_typesupport_introspection_cpp.hpp
[1.887s] -- Up-to-date symlink: /external/install/unitree_go/share/unitree_go/environment/pythonpath.sh
[1.888s] -- Up-to-date symlink: /external/install/unitree_go/share/unitree_go/environment/pythonpath.dsv
[1.888s] -- Up-to-date symlink: /external/install/unitree_go/local/lib/python3.10/dist-packages/unitree_go-0.0.0-py3.10.egg-info/PKG-INFO
[1.888s] -- Up-to-date symlink: /external/install/unitree_go/local/lib/python3.10/dist-packages/unitree_go-0.0.0-py3.10.egg-info/SOURCES.txt
[1.888s] -- Up-to-date symlink: /external/install/unitree_go/local/lib/python3.10/dist-packages/unitree_go-0.0.0-py3.10.egg-info/dependency_links.txt
[1.888s] -- Up-to-date symlink: /external/install/unitree_go/local/lib/python3.10/dist-packages/unitree_go-0.0.0-py3.10.egg-info/top_level.txt
[1.888s] -- Up-to-date symlink: /external/install/unitree_go/local/lib/python3.10/dist-packages/unitree_go/__init__.py
[1.889s] -- Up-to-date symlink: /external/install/unitree_go/local/lib/python3.10/dist-packages/unitree_go/_unitree_go_s.ep.rosidl_typesupport_c.c
[1.889s] -- Up-to-date symlink: /external/install/unitree_go/local/lib/python3.10/dist-packages/unitree_go/_unitree_go_s.ep.rosidl_typesupport_fastrtps_c.c
[1.889s] -- Up-to-date symlink: /external/install/unitree_go/local/lib/python3.10/dist-packages/unitree_go/_unitree_go_s.ep.rosidl_typesupport_introspection_c.c
[1.889s] -- Up-to-date symlink: /external/install/unitree_go/local/lib/python3.10/dist-packages/unitree_go/libunitree_go__rosidl_generator_py.so
[1.890s] -- Up-to-date symlink: /external/install/unitree_go/local/lib/python3.10/dist-packages/unitree_go/msg/__init__.py
[1.890s] -- Up-to-date symlink: /external/install/unitree_go/local/lib/python3.10/dist-packages/unitree_go/msg/_audio_data.py
[1.890s] -- Up-to-date symlink: /external/install/unitree_go/local/lib/python3.10/dist-packages/unitree_go/msg/_audio_data_s.c
[1.890s] -- Up-to-date symlink: /external/install/unitree_go/local/lib/python3.10/dist-packages/unitree_go/msg/_bms_cmd.py
[1.891s] -- Up-to-date symlink: /external/install/unitree_go/local/lib/python3.10/dist-packages/unitree_go/msg/_bms_cmd_s.c
[1.891s] -- Up-to-date symlink: /external/install/unitree_go/local/lib/python3.10/dist-packages/unitree_go/msg/_bms_state.py
[1.891s] -- Up-to-date symlink: /external/install/unitree_go/local/lib/python3.10/dist-packages/unitree_go/msg/_bms_state_s.c
[1.891s] -- Up-to-date symlink: /external/install/unitree_go/local/lib/python3.10/dist-packages/unitree_go/msg/_error.py
[1.891s] -- Up-to-date symlink: /external/install/unitree_go/local/lib/python3.10/dist-packages/unitree_go/msg/_error_s.c
[1.891s] -- Up-to-date symlink: /external/install/unitree_go/local/lib/python3.10/dist-packages/unitree_go/msg/_go2_front_video_data.py
[1.892s] -- Up-to-date symlink: /external/install/unitree_go/local/lib/python3.10/dist-packages/unitree_go/msg/_go2_front_video_data_s.c
[1.892s] -- Up-to-date symlink: /external/install/unitree_go/local/lib/python3.10/dist-packages/unitree_go/msg/_height_map.py
[1.892s] -- Up-to-date symlink: /external/install/unitree_go/local/lib/python3.10/dist-packages/unitree_go/msg/_height_map_s.c
[1.893s] -- Up-to-date symlink: /external/install/unitree_go/local/lib/python3.10/dist-packages/unitree_go/msg/_imu_state.py
[1.893s] -- Up-to-date symlink: /external/install/unitree_go/local/lib/python3.10/dist-packages/unitree_go/msg/_imu_state_s.c
[1.894s] -- Up-to-date symlink: /external/install/unitree_go/local/lib/python3.10/dist-packages/unitree_go/msg/_interface_config.py
[1.894s] -- Up-to-date symlink: /external/install/unitree_go/local/lib/python3.10/dist-packages/unitree_go/msg/_interface_config_s.c
[1.894s] -- Up-to-date symlink: /external/install/unitree_go/local/lib/python3.10/dist-packages/unitree_go/msg/_lidar_state.py
[1.896s] -- Up-to-date symlink: /external/install/unitree_go/local/lib/python3.10/dist-packages/unitree_go/msg/_lidar_state_s.c
[1.898s] -- Up-to-date symlink: /external/install/unitree_go/local/lib/python3.10/dist-packages/unitree_go/msg/_low_cmd.py
[1.898s] -- Up-to-date symlink: /external/install/unitree_go/local/lib/python3.10/dist-packages/unitree_go/msg/_low_cmd_s.c
[1.899s] -- Up-to-date symlink: /external/install/unitree_go/local/lib/python3.10/dist-packages/unitree_go/msg/_low_state.py
[1.899s] -- Up-to-date symlink: /external/install/unitree_go/local/lib/python3.10/dist-packages/unitree_go/msg/_low_state_s.c
[1.900s] -- Up-to-date symlink: /external/install/unitree_go/local/lib/python3.10/dist-packages/unitree_go/msg/_motor_cmd.py
[1.900s] -- Up-to-date symlink: /external/install/unitree_go/local/lib/python3.10/dist-packages/unitree_go/msg/_motor_cmd_s.c
[1.900s] -- Up-to-date symlink: /external/install/unitree_go/local/lib/python3.10/dist-packages/unitree_go/msg/_motor_cmds.py
[1.901s] -- Up-to-date symlink: /external/install/unitree_go/local/lib/python3.10/dist-packages/unitree_go/msg/_motor_cmds_s.c
[1.902s] -- Up-to-date symlink: /external/install/unitree_go/local/lib/python3.10/dist-packages/unitree_go/msg/_motor_state.py
[1.902s] -- Up-to-date symlink: /external/install/unitree_go/local/lib/python3.10/dist-packages/unitree_go/msg/_motor_state_s.c
[1.903s] -- Up-to-date symlink: /external/install/unitree_go/local/lib/python3.10/dist-packages/unitree_go/msg/_motor_states.py
[1.903s] -- Up-to-date symlink: /external/install/unitree_go/local/lib/python3.10/dist-packages/unitree_go/msg/_motor_states_s.c
[1.904s] -- Up-to-date symlink: /external/install/unitree_go/local/lib/python3.10/dist-packages/unitree_go/msg/_path_point.py
[1.904s] -- Up-to-date symlink: /external/install/unitree_go/local/lib/python3.10/dist-packages/unitree_go/msg/_path_point_s.c
[1.905s] -- Up-to-date symlink: /external/install/unitree_go/local/lib/python3.10/dist-packages/unitree_go/msg/_req.py
[1.906s] -- Up-to-date symlink: /external/install/unitree_go/local/lib/python3.10/dist-packages/unitree_go/msg/_req_s.c
[1.907s] -- Up-to-date symlink: /external/install/unitree_go/local/lib/python3.10/dist-packages/unitree_go/msg/_res.py
[1.907s] -- Up-to-date symlink: /external/install/unitree_go/local/lib/python3.10/dist-packages/unitree_go/msg/_res_s.c
[1.908s] -- Up-to-date symlink: /external/install/unitree_go/local/lib/python3.10/dist-packages/unitree_go/msg/_sport_mode_cmd.py
[1.908s] -- Up-to-date symlink: /external/install/unitree_go/local/lib/python3.10/dist-packages/unitree_go/msg/_sport_mode_cmd_s.c
[1.908s] -- Up-to-date symlink: /external/install/unitree_go/local/lib/python3.10/dist-packages/unitree_go/msg/_sport_mode_state.py
[1.908s] -- Up-to-date symlink: /external/install/unitree_go/local/lib/python3.10/dist-packages/unitree_go/msg/_sport_mode_state_s.c
[1.908s] -- Up-to-date symlink: /external/install/unitree_go/local/lib/python3.10/dist-packages/unitree_go/msg/_time_spec.py
[1.908s] -- Up-to-date symlink: /external/install/unitree_go/local/lib/python3.10/dist-packages/unitree_go/msg/_time_spec_s.c
[1.908s] -- Up-to-date symlink: /external/install/unitree_go/local/lib/python3.10/dist-packages/unitree_go/msg/_uwb_state.py
[1.908s] -- Up-to-date symlink: /external/install/unitree_go/local/lib/python3.10/dist-packages/unitree_go/msg/_uwb_state_s.c
[1.908s] -- Up-to-date symlink: /external/install/unitree_go/local/lib/python3.10/dist-packages/unitree_go/msg/_uwb_switch.py
[1.908s] -- Up-to-date symlink: /external/install/unitree_go/local/lib/python3.10/dist-packages/unitree_go/msg/_uwb_switch_s.c
[1.909s] -- Up-to-date symlink: /external/install/unitree_go/local/lib/python3.10/dist-packages/unitree_go/msg/_wireless_controller.py
[1.909s] -- Up-to-date symlink: /external/install/unitree_go/local/lib/python3.10/dist-packages/unitree_go/msg/_wireless_controller_s.c
[1.909s] -- Up-to-date symlink: /external/install/unitree_go/local/lib/python3.10/dist-packages/unitree_go/unitree_go_s__rosidl_typesupport_c.cpython-310-aarch64-linux-gnu.so
[1.910s] -- Up-to-date symlink: /external/install/unitree_go/local/lib/python3.10/dist-packages/unitree_go/unitree_go_s__rosidl_typesupport_fastrtps_c.cpython-310-aarch64-linux-gnu.so
[1.910s] -- Up-to-date symlink: /external/install/unitree_go/local/lib/python3.10/dist-packages/unitree_go/unitree_go_s__rosidl_typesupport_introspection_c.cpython-310-aarch64-linux-gnu.so
[1.911s] -- Up-to-date symlink: /external/install/unitree_go/local/lib/python3.10/dist-packages/unitree_go/unitree_go_s__rosidl_typesupport_fastrtps_c.cpython-310-aarch64-linux-gnu.so
[1.912s] -- Up-to-date symlink: /external/install/unitree_go/local/lib/python3.10/dist-packages/unitree_go/unitree_go_s__rosidl_typesupport_introspection_c.cpython-310-aarch64-linux-gnu.so
[1.912s] -- Up-to-date symlink: /external/install/unitree_go/local/lib/python3.10/dist-packages/unitree_go/unitree_go_s__rosidl_typesupport_c.cpython-310-aarch64-linux-gnu.so
[1.912s] -- Up-to-date symlink: /external/install/unitree_go/share/unitree_go/msg/AudioData.idl
[1.915s] -- Up-to-date symlink: /external/install/unitree_go/share/unitree_go/msg/BmsCmd.idl
[1.916s] -- Up-to-date symlink: /external/install/unitree_go/share/unitree_go/msg/BmsState.idl
[1.917s] -- Up-to-date symlink: /external/install/unitree_go/share/unitree_go/msg/Error.idl
[1.919s] -- Up-to-date symlink: /external/install/unitree_go/share/unitree_go/msg/Go2FrontVideoData.idl
[1.920s] -- Up-to-date symlink: /external/install/unitree_go/share/unitree_go/msg/HeightMap.idl
[1.921s] -- Up-to-date symlink: /external/install/unitree_go/share/unitree_go/msg/IMUState.idl
[1.922s] -- Up-to-date symlink: /external/install/unitree_go/share/unitree_go/msg/InterfaceConfig.idl
[1.923s] -- Up-to-date symlink: /external/install/unitree_go/share/unitree_go/msg/LidarState.idl
[1.923s] -- Up-to-date symlink: /external/install/unitree_go/share/unitree_go/msg/LowCmd.idl
[1.923s] -- Up-to-date symlink: /external/install/unitree_go/share/unitree_go/msg/LowState.idl
[1.923s] -- Up-to-date symlink: /external/install/unitree_go/share/unitree_go/msg/MotorCmd.idl
[1.924s] -- Up-to-date symlink: /external/install/unitree_go/share/unitree_go/msg/MotorCmds.idl
[1.924s] -- Up-to-date symlink: /external/install/unitree_go/share/unitree_go/msg/MotorState.idl
[1.924s] -- Up-to-date symlink: /external/install/unitree_go/share/unitree_go/msg/MotorStates.idl
[1.924s] -- Up-to-date symlink: /external/install/unitree_go/share/unitree_go/msg/PathPoint.idl
[1.924s] -- Up-to-date symlink: /external/install/unitree_go/share/unitree_go/msg/Req.idl
[1.924s] -- Up-to-date symlink: /external/install/unitree_go/share/unitree_go/msg/Res.idl
[1.924s] -- Up-to-date symlink: /external/install/unitree_go/share/unitree_go/msg/SportModeCmd.idl
[1.924s] -- Up-to-date symlink: /external/install/unitree_go/share/unitree_go/msg/SportModeState.idl
[1.924s] -- Up-to-date symlink: /external/install/unitree_go/share/unitree_go/msg/TimeSpec.idl
[1.925s] -- Up-to-date symlink: /external/install/unitree_go/share/unitree_go/msg/UwbState.idl
[1.925s] -- Up-to-date symlink: /external/install/unitree_go/share/unitree_go/msg/UwbSwitch.idl
[1.925s] -- Up-to-date symlink: /external/install/unitree_go/share/unitree_go/msg/WirelessController.idl
[1.925s] -- Up-to-date symlink: /external/install/unitree_go/share/unitree_go/msg/AudioData.msg
[1.925s] -- Up-to-date symlink: /external/install/unitree_go/share/unitree_go/msg/BmsCmd.msg
[1.926s] -- Up-to-date symlink: /external/install/unitree_go/share/unitree_go/msg/BmsState.msg
[1.926s] -- Up-to-date symlink: /external/install/unitree_go/share/unitree_go/msg/Error.msg
[1.926s] -- Up-to-date symlink: /external/install/unitree_go/share/unitree_go/msg/Go2FrontVideoData.msg
[1.928s] -- Up-to-date symlink: /external/install/unitree_go/share/unitree_go/msg/HeightMap.msg
[1.930s] -- Up-to-date symlink: /external/install/unitree_go/share/unitree_go/msg/IMUState.msg
[1.931s] -- Up-to-date symlink: /external/install/unitree_go/share/unitree_go/msg/InterfaceConfig.msg
[1.931s] -- Up-to-date symlink: /external/install/unitree_go/share/unitree_go/msg/LidarState.msg
[1.932s] -- Up-to-date symlink: /external/install/unitree_go/share/unitree_go/msg/LowCmd.msg
[1.932s] -- Up-to-date symlink: /external/install/unitree_go/share/unitree_go/msg/LowState.msg
[1.932s] -- Up-to-date symlink: /external/install/unitree_go/share/unitree_go/msg/MotorCmd.msg
[1.933s] -- Up-to-date symlink: /external/install/unitree_go/share/unitree_go/msg/MotorCmds.msg
[1.933s] -- Up-to-date symlink: /external/install/unitree_go/share/unitree_go/msg/MotorState.msg
[1.933s] -- Up-to-date symlink: /external/install/unitree_go/share/unitree_go/msg/MotorStates.msg
[1.934s] -- Up-to-date symlink: /external/install/unitree_go/share/unitree_go/msg/PathPoint.msg
[1.934s] -- Up-to-date symlink: /external/install/unitree_go/share/unitree_go/msg/Req.msg
[1.934s] -- Up-to-date symlink: /external/install/unitree_go/share/unitree_go/msg/Res.msg
[1.934s] -- Up-to-date symlink: /external/install/unitree_go/share/unitree_go/msg/SportModeCmd.msg
[1.935s] -- Up-to-date symlink: /external/install/unitree_go/share/unitree_go/msg/SportModeState.msg
[1.936s] -- Up-to-date symlink: /external/install/unitree_go/share/unitree_go/msg/TimeSpec.msg
[1.938s] -- Up-to-date symlink: /external/install/unitree_go/share/unitree_go/msg/UwbState.msg
[1.943s] -- Up-to-date symlink: /external/install/unitree_go/share/unitree_go/msg/UwbSwitch.msg
[1.944s] -- Up-to-date symlink: /external/install/unitree_go/share/unitree_go/msg/WirelessController.msg
[1.948s] -- Up-to-date symlink: /external/install/unitree_go/share/unitree_go/msg/dds_connext/AudioData_.idl
[1.948s] -- Up-to-date symlink: /external/install/unitree_go/share/unitree_go/msg/dds_connext/BmsCmd_.idl
[1.948s] -- Up-to-date symlink: /external/install/unitree_go/share/unitree_go/msg/dds_connext/BmsState_.idl
[1.948s] -- Up-to-date symlink: /external/install/unitree_go/share/unitree_go/msg/dds_connext/Error_.idl
[1.948s] -- Up-to-date symlink: /external/install/unitree_go/share/unitree_go/msg/dds_connext/Go2FrontVideoData_.idl
[1.948s] -- Up-to-date symlink: /external/install/unitree_go/share/unitree_go/msg/dds_connext/HeightMap_.idl
[1.949s] -- Up-to-date symlink: /external/install/unitree_go/share/unitree_go/msg/dds_connext/IMUState_.idl
[1.949s] -- Up-to-date symlink: /external/install/unitree_go/share/unitree_go/msg/dds_connext/InterfaceConfig_.idl
[1.949s] -- Up-to-date symlink: /external/install/unitree_go/share/unitree_go/msg/dds_connext/LidarState_.idl
[1.949s] -- Up-to-date symlink: /external/install/unitree_go/share/unitree_go/msg/dds_connext/LowCmd_.idl
[1.949s] -- Up-to-date symlink: /external/install/unitree_go/share/unitree_go/msg/dds_connext/LowState_.idl
[1.949s] -- Up-to-date symlink: /external/install/unitree_go/share/unitree_go/msg/dds_connext/MotorCmd_.idl
[1.949s] -- Up-to-date symlink: /external/install/unitree_go/share/unitree_go/msg/dds_connext/MotorCmds_.idl
[1.949s] -- Up-to-date symlink: /external/install/unitree_go/share/unitree_go/msg/dds_connext/MotorState_.idl
[1.949s] -- Up-to-date symlink: /external/install/unitree_go/share/unitree_go/msg/dds_connext/MotorStates_.idl
[1.949s] -- Up-to-date symlink: /external/install/unitree_go/share/unitree_go/msg/dds_connext/PathPoint_.idl
[1.949s] -- Up-to-date symlink: /external/install/unitree_go/share/unitree_go/msg/dds_connext/Req_.idl
[1.949s] -- Up-to-date symlink: /external/install/unitree_go/share/unitree_go/msg/dds_connext/Res_.idl
[1.950s] -- Up-to-date symlink: /external/install/unitree_go/share/unitree_go/msg/dds_connext/SportModeCmd_.idl
[1.950s] -- Up-to-date symlink: /external/install/unitree_go/share/unitree_go/msg/dds_connext/SportModeState_.idl
[1.950s] -- Up-to-date symlink: /external/install/unitree_go/share/unitree_go/msg/dds_connext/TimeSpec_.idl
[1.950s] -- Up-to-date symlink: /external/install/unitree_go/share/unitree_go/msg/dds_connext/UwbState_.idl
[1.950s] -- Up-to-date symlink: /external/install/unitree_go/share/unitree_go/msg/dds_connext/UwbSwitch_.idl
[1.950s] -- Up-to-date symlink: /external/install/unitree_go/share/unitree_go/msg/dds_connext/WirelessController_.idl
[1.950s] -- Up-to-date symlink: /external/install/unitree_go/share/ament_index/resource_index/package_run_dependencies/unitree_go
[1.950s] -- Up-to-date symlink: /external/install/unitree_go/share/ament_index/resource_index/parent_prefix_path/unitree_go
[1.950s] -- Up-to-date symlink: /external/install/unitree_go/share/unitree_go/environment/ament_prefix_path.sh
[1.950s] -- Up-to-date symlink: /external/install/unitree_go/share/unitree_go/environment/ament_prefix_path.dsv
[1.951s] -- Up-to-date symlink: /external/install/unitree_go/share/unitree_go/environment/path.sh
[1.951s] -- Up-to-date symlink: /external/install/unitree_go/share/unitree_go/environment/path.dsv
[1.952s] -- Up-to-date symlink: /external/install/unitree_go/share/unitree_go/local_setup.bash
[1.952s] -- Up-to-date symlink: /external/install/unitree_go/share/unitree_go/local_setup.sh
[1.952s] -- Up-to-date symlink: /external/install/unitree_go/share/unitree_go/local_setup.zsh
[1.953s] -- Up-to-date symlink: /external/install/unitree_go/share/unitree_go/local_setup.dsv
[1.953s] -- Symlinking: /external/install/unitree_go/share/unitree_go/package.dsv
[1.954s] -- Up-to-date symlink: /external/install/unitree_go/share/ament_index/resource_index/packages/unitree_go
[1.954s] -- Up-to-date symlink: /external/install/unitree_go/share/unitree_go/cmake/rosidl_cmake-extras.cmake
[1.954s] -- Up-to-date symlink: /external/install/unitree_go/share/unitree_go/cmake/ament_cmake_export_dependencies-extras.cmake
[1.954s] -- Up-to-date symlink: /external/install/unitree_go/share/unitree_go/cmake/ament_cmake_export_include_directories-extras.cmake
[1.955s] -- Up-to-date symlink: /external/install/unitree_go/share/unitree_go/cmake/ament_cmake_export_libraries-extras.cmake
[1.956s] -- Up-to-date symlink: /external/install/unitree_go/share/unitree_go/cmake/ament_cmake_export_targets-extras.cmake
[1.956s] -- Up-to-date symlink: /external/install/unitree_go/share/unitree_go/cmake/rosidl_cmake_export_typesupport_targets-extras.cmake
[1.956s] -- Up-to-date symlink: /external/install/unitree_go/share/unitree_go/cmake/rosidl_cmake_export_typesupport_libraries-extras.cmake
[1.956s] -- Up-to-date symlink: /external/install/unitree_go/share/unitree_go/cmake/unitree_goConfig.cmake
[1.957s] -- Up-to-date symlink: /external/install/unitree_go/share/unitree_go/cmake/unitree_goConfig-version.cmake
[1.957s] -- Up-to-date symlink: /external/install/unitree_go/share/unitree_go/package.xml
[1.957s] -- Up-to-date: /external/install/unitree_go/lib/libunitree_go__rosidl_generator_c.so
[1.957s] -- Up-to-date: /external/install/unitree_go/lib/libunitree_go__rosidl_typesupport_fastrtps_c.so
[1.957s] -- Up-to-date: /external/install/unitree_go/lib/libunitree_go__rosidl_typesupport_fastrtps_cpp.so
[1.958s] -- Up-to-date: /external/install/unitree_go/lib/libunitree_go__rosidl_typesupport_introspection_c.so
[1.958s] -- Up-to-date: /external/install/unitree_go/lib/libunitree_go__rosidl_typesupport_c.so
[1.959s] -- Up-to-date: /external/install/unitree_go/lib/libunitree_go__rosidl_typesupport_introspection_cpp.so
[1.959s] -- Up-to-date: /external/install/unitree_go/lib/libunitree_go__rosidl_typesupport_cpp.so
[1.964s] Listing '/external/install/unitree_go/local/lib/python3.10/dist-packages/unitree_go'...
[1.964s] Listing '/external/install/unitree_go/local/lib/python3.10/dist-packages/unitree_go/msg'...
[1.964s] -- Up-to-date: /external/install/unitree_go/lib/libunitree_go__rosidl_generator_py.so
[1.965s] -- Up-to-date: /external/install/unitree_go/share/unitree_go/cmake/export_unitree_go__rosidl_generator_cExport.cmake
[1.965s] -- Up-to-date: /external/install/unitree_go/share/unitree_go/cmake/export_unitree_go__rosidl_generator_cExport-noconfig.cmake
[1.965s] -- Up-to-date: /external/install/unitree_go/share/unitree_go/cmake/export_unitree_go__rosidl_typesupport_fastrtps_cExport.cmake
[1.965s] -- Up-to-date: /external/install/unitree_go/share/unitree_go/cmake/export_unitree_go__rosidl_typesupport_fastrtps_cExport-noconfig.cmake
[1.966s] -- Up-to-date: /external/install/unitree_go/share/unitree_go/cmake/export_unitree_go__rosidl_generator_cppExport.cmake
[1.966s] -- Up-to-date: /external/install/unitree_go/share/unitree_go/cmake/export_unitree_go__rosidl_typesupport_fastrtps_cppExport.cmake
[1.966s] -- Up-to-date: /external/install/unitree_go/share/unitree_go/cmake/export_unitree_go__rosidl_typesupport_fastrtps_cppExport-noconfig.cmake
[1.967s] -- Up-to-date: /external/install/unitree_go/share/unitree_go/cmake/unitree_go__rosidl_typesupport_introspection_cExport.cmake
[1.967s] -- Up-to-date: /external/install/unitree_go/share/unitree_go/cmake/unitree_go__rosidl_typesupport_introspection_cExport-noconfig.cmake
[1.967s] -- Up-to-date: /external/install/unitree_go/share/unitree_go/cmake/unitree_go__rosidl_typesupport_cExport.cmake
[1.967s] -- Up-to-date: /external/install/unitree_go/share/unitree_go/cmake/unitree_go__rosidl_typesupport_cExport-noconfig.cmake
[1.967s] -- Up-to-date: /external/install/unitree_go/share/unitree_go/cmake/unitree_go__rosidl_typesupport_introspection_cppExport.cmake
[1.968s] -- Up-to-date: /external/install/unitree_go/share/unitree_go/cmake/unitree_go__rosidl_typesupport_introspection_cppExport-noconfig.cmake
[1.968s] -- Up-to-date: /external/install/unitree_go/share/unitree_go/cmake/unitree_go__rosidl_typesupport_cppExport.cmake
[1.968s] -- Up-to-date: /external/install/unitree_go/share/unitree_go/cmake/unitree_go__rosidl_typesupport_cppExport-noconfig.cmake
[1.969s] -- Up-to-date: /external/install/unitree_go/share/unitree_go/cmake/export_unitree_go__rosidl_generator_pyExport.cmake
[1.969s] -- Up-to-date: /external/install/unitree_go/share/unitree_go/cmake/export_unitree_go__rosidl_generator_pyExport-noconfig.cmake
[1.973s] Invoked command in '/external/build/unitree_go' returned '0': CMAKE_PREFIX_PATH=/opt/ros/humble /usr/bin/cmake --install /external/build/unitree_go
